{"file": "files\\Windows\\System32\\winevt\\Logs\\System.evtx", "record_num": 99, "timestamp": "2025-09-12T18:53:14.482670", "event_id": null, "xml_snippet": "<Event xmlns=\"http://schemas.microsoft.com/win/2004/08/events/event\"><System><Provider Name=\"Microsoft-Windows-Kernel-General\" Guid=\"{a68ca8b7-004f-d7b6-a698-07e2de0f1f5d}\"></Provider>\n<EventID Qualifiers=\"\">16</EventID>\n<Version>0</Version>\n<Level>4</Level>\n<Task>0</Task>\n<Opcode>0</Opcode>\n<Keywords>0x8000000000000000</Keywords>\n<TimeCreated SystemTime=\"2025-09-12 18:53:14.482670\"></TimeCreated>\n<EventRecordID>99</EventRecordID>\n<Correlation ActivityID=\"\" RelatedActivityID=\"\"></Correlation>\n<Execution ProcessID=\"3056\" ThreadID=\"3564\"></Execution>\n<Channel>System</Channel>\n<Computer>WIN-DAOI7R3U9SA</Computer>\n<Security UserID=\"S-1-5-18\"></Security>\n</System>\n<EventData><Data Name=\"HiveNameLength\">149</Data>\n<Data Name=\"HiveName\">\\??\\C:\\ProgramData\\Microsoft\\Windows\\AppRepository\\Packages\\"}
{"file": "files\\Windows\\System32\\winevt\\Logs\\System.evtx", "record_num": 100, "timestamp": "2025-09-12T18:53:15.294411", "event_id": null, "xml_snippet": "<Event xmlns=\"http://schemas.microsoft.com/win/2004/08/events/event\"><System><Provider Name=\"Microsoft-Windows-Kernel-General\" Guid=\"{a68ca8b7-004f-d7b6-a698-07e2de0f1f5d}\"></Provider>\n<EventID Qualifiers=\"\">16</EventID>\n<Version>0</Version>\n<Level>4</Level>\n<Task>0</Task>\n<Opcode>0</Opcode>\n<Keywords>0x8000000000000000</Keywords>\n<TimeCreated SystemTime=\"2025-09-12 18:53:15.294411\"></TimeCreated>\n<EventRecordID>100</EventRecordID>\n<Correlation ActivityID=\"\" RelatedActivityID=\"\"></Correlation>\n<Execution ProcessID=\"3056\" ThreadID=\"3564\"></Execution>\n<Channel>System</Channel>\n<Computer>WIN-DAOI7R3U9SA</Computer>\n<Security UserID=\"S-1-5-18\"></Security>\n</System>\n<EventData><Data Name=\"HiveNameLength\">159</Data>\n<Data Name=\"HiveName\">\\??\\C:\\ProgramData\\Microsoft\\Windows\\AppRepository\\Packages"}
{"file": "files\\Windows\\System32\\winevt\\Logs\\System.evtx", "record_num": 101, "timestamp": "2025-09-12T18:53:17.654343", "event_id": null, "xml_snippet": "<Event xmlns=\"http://schemas.microsoft.com/win/2004/08/events/event\"><System><Provider Name=\"Microsoft-Windows-Kernel-General\" Guid=\"{a68ca8b7-004f-d7b6-a698-07e2de0f1f5d}\"></Provider>\n<EventID Qualifiers=\"\">16</EventID>\n<Version>0</Version>\n<Level>4</Level>\n<Task>0</Task>\n<Opcode>0</Opcode>\n<Keywords>0x8000000000000000</Keywords>\n<TimeCreated SystemTime=\"2025-09-12 18:53:17.654343\"></TimeCreated>\n<EventRecordID>101</EventRecordID>\n<Correlation ActivityID=\"\" RelatedActivityID=\"\"></Correlation>\n<Execution ProcessID=\"3056\" ThreadID=\"3564\"></Execution>\n<Channel>System</Channel>\n<Computer>WIN-DAOI7R3U9SA</Computer>\n<Security UserID=\"S-1-5-18\"></Security>\n</System>\n<EventData><Data Name=\"HiveNameLength\">141</Data>\n<Data Name=\"HiveName\">\\??\\C:\\ProgramData\\Microsoft\\Windows\\AppRepository\\Packages"}
{"file": "files\\Windows\\System32\\winevt\\Logs\\System.evtx", "record_num": 102, "timestamp": "2025-09-12T18:53:18.837809", "event_id": null, "xml_snippet": "<Event xmlns=\"http://schemas.microsoft.com/win/2004/08/events/event\"><System><Provider Name=\"Microsoft-Windows-Kernel-General\" Guid=\"{a68ca8b7-004f-d7b6-a698-07e2de0f1f5d}\"></Provider>\n<EventID Qualifiers=\"\">16</EventID>\n<Version>0</Version>\n<Level>4</Level>\n<Task>0</Task>\n<Opcode>0</Opcode>\n<Keywords>0x8000000000000000</Keywords>\n<TimeCreated SystemTime=\"2025-09-12 18:53:18.837809\"></TimeCreated>\n<EventRecordID>102</EventRecordID>\n<Correlation ActivityID=\"\" RelatedActivityID=\"\"></Correlation>\n<Execution ProcessID=\"3056\" ThreadID=\"3564\"></Execution>\n<Channel>System</Channel>\n<Computer>WIN-DAOI7R3U9SA</Computer>\n<Security UserID=\"S-1-5-18\"></Security>\n</System>\n<EventData><Data Name=\"HiveNameLength\">150</Data>\n<Data Name=\"HiveName\">\\??\\C:\\ProgramData\\Microsoft\\Windows\\AppRepository\\Packages"}
{"file": "files\\Windows\\System32\\winevt\\Logs\\System.evtx", "record_num": 103, "timestamp": "2025-09-12T18:53:19.558233", "event_id": null, "xml_snippet": "<Event xmlns=\"http://schemas.microsoft.com/win/2004/08/events/event\"><System><Provider Name=\"Microsoft-Windows-Kernel-General\" Guid=\"{a68ca8b7-004f-d7b6-a698-07e2de0f1f5d}\"></Provider>\n<EventID Qualifiers=\"\">16</EventID>\n<Version>0</Version>\n<Level>4</Level>\n<Task>0</Task>\n<Opcode>0</Opcode>\n<Keywords>0x8000000000000000</Keywords>\n<TimeCreated SystemTime=\"2025-09-12 18:53:19.558233\"></TimeCreated>\n<EventRecordID>103</EventRecordID>\n<Correlation ActivityID=\"\" RelatedActivityID=\"\"></Correlation>\n<Execution ProcessID=\"3056\" ThreadID=\"3564\"></Execution>\n<Channel>System</Channel>\n<Computer>WIN-DAOI7R3U9SA</Computer>\n<Security UserID=\"S-1-5-18\"></Security>\n</System>\n<EventData><Data Name=\"HiveNameLength\">160</Data>\n<Data Name=\"HiveName\">\\??\\C:\\ProgramData\\Microsoft\\Windows\\AppRepository\\Packages"}
{"file": "files\\Windows\\System32\\winevt\\Logs\\System.evtx", "record_num": 104, "timestamp": "2025-09-12T18:53:20.572117", "event_id": null, "xml_snippet": "<Event xmlns=\"http://schemas.microsoft.com/win/2004/08/events/event\"><System><Provider Name=\"Microsoft-Windows-Kernel-General\" Guid=\"{a68ca8b7-004f-d7b6-a698-07e2de0f1f5d}\"></Provider>\n<EventID Qualifiers=\"\">16</EventID>\n<Version>0</Version>\n<Level>4</Level>\n<Task>0</Task>\n<Opcode>0</Opcode>\n<Keywords>0x8000000000000000</Keywords>\n<TimeCreated SystemTime=\"2025-09-12 18:53:20.572117\"></TimeCreated>\n<EventRecordID>104</EventRecordID>\n<Correlation ActivityID=\"\" RelatedActivityID=\"\"></Correlation>\n<Execution ProcessID=\"3056\" ThreadID=\"3564\"></Execution>\n<Channel>System</Channel>\n<Computer>WIN-DAOI7R3U9SA</Computer>\n<Security UserID=\"S-1-5-18\"></Security>\n</System>\n<EventData><Data Name=\"HiveNameLength\">163</Data>\n<Data Name=\"HiveName\">\\??\\C:\\ProgramData\\Microsoft\\Windows\\AppRepository\\Packages"}
{"file": "files\\Windows\\System32\\winevt\\Logs\\System.evtx", "record_num": 105, "timestamp": "2025-09-12T18:53:21.326056", "event_id": null, "xml_snippet": "<Event xmlns=\"http://schemas.microsoft.com/win/2004/08/events/event\"><System><Provider Name=\"Microsoft-Windows-Kernel-General\" Guid=\"{a68ca8b7-004f-d7b6-a698-07e2de0f1f5d}\"></Provider>\n<EventID Qualifiers=\"\">16</EventID>\n<Version>0</Version>\n<Level>4</Level>\n<Task>0</Task>\n<Opcode>0</Opcode>\n<Keywords>0x8000000000000000</Keywords>\n<TimeCreated SystemTime=\"2025-09-12 18:53:21.326056\"></TimeCreated>\n<EventRecordID>105</EventRecordID>\n<Correlation ActivityID=\"\" RelatedActivityID=\"\"></Correlation>\n<Execution ProcessID=\"3056\" ThreadID=\"3564\"></Execution>\n<Channel>System</Channel>\n<Computer>WIN-DAOI7R3U9SA</Computer>\n<Security UserID=\"S-1-5-18\"></Security>\n</System>\n<EventData><Data Name=\"HiveNameLength\">159</Data>\n<Data Name=\"HiveName\">\\??\\C:\\ProgramData\\Microsoft\\Windows\\AppRepository\\Packages"}
{"file": "files\\Windows\\System32\\winevt\\Logs\\System.evtx", "record_num": 106, "timestamp": "2025-09-12T18:53:22.019064", "event_id": null, "xml_snippet": "<Event xmlns=\"http://schemas.microsoft.com/win/2004/08/events/event\"><System><Provider Name=\"Microsoft-Windows-Kernel-General\" Guid=\"{a68ca8b7-004f-d7b6-a698-07e2de0f1f5d}\"></Provider>\n<EventID Qualifiers=\"\">16</EventID>\n<Version>0</Version>\n<Level>4</Level>\n<Task>0</Task>\n<Opcode>0</Opcode>\n<Keywords>0x8000000000000000</Keywords>\n<TimeCreated SystemTime=\"2025-09-12 18:53:22.019064\"></TimeCreated>\n<EventRecordID>106</EventRecordID>\n<Correlation ActivityID=\"\" RelatedActivityID=\"\"></Correlation>\n<Execution ProcessID=\"3056\" ThreadID=\"3564\"></Execution>\n<Channel>System</Channel>\n<Computer>WIN-DAOI7R3U9SA</Computer>\n<Security UserID=\"S-1-5-18\"></Security>\n</System>\n<EventData><Data Name=\"HiveNameLength\">161</Data>\n<Data Name=\"HiveName\">\\??\\C:\\ProgramData\\Microsoft\\Windows\\AppRepository\\Packages"}
{"file": "files\\Windows\\System32\\winevt\\Logs\\System.evtx", "record_num": 107, "timestamp": "2025-09-12T18:53:22.843256", "event_id": null, "xml_snippet": "<Event xmlns=\"http://schemas.microsoft.com/win/2004/08/events/event\"><System><Provider Name=\"Microsoft-Windows-Kernel-General\" Guid=\"{a68ca8b7-004f-d7b6-a698-07e2de0f1f5d}\"></Provider>\n<EventID Qualifiers=\"\">16</EventID>\n<Version>0</Version>\n<Level>4</Level>\n<Task>0</Task>\n<Opcode>0</Opcode>\n<Keywords>0x8000000000000000</Keywords>\n<TimeCreated SystemTime=\"2025-09-12 18:53:22.843256\"></TimeCreated>\n<EventRecordID>107</EventRecordID>\n<Correlation ActivityID=\"\" RelatedActivityID=\"\"></Correlation>\n<Execution ProcessID=\"3056\" ThreadID=\"3564\"></Execution>\n<Channel>System</Channel>\n<Computer>WIN-DAOI7R3U9SA</Computer>\n<Security UserID=\"S-1-5-18\"></Security>\n</System>\n<EventData><Data Name=\"HiveNameLength\">162</Data>\n<Data Name=\"HiveName\">\\??\\C:\\ProgramData\\Microsoft\\Windows\\AppRepository\\Packages"}
{"file": "files\\Windows\\System32\\winevt\\Logs\\System.evtx", "record_num": 108, "timestamp": "2025-09-12T18:53:23.753523", "event_id": null, "xml_snippet": "<Event xmlns=\"http://schemas.microsoft.com/win/2004/08/events/event\"><System><Provider Name=\"Microsoft-Windows-Kernel-General\" Guid=\"{a68ca8b7-004f-d7b6-a698-07e2de0f1f5d}\"></Provider>\n<EventID Qualifiers=\"\">16</EventID>\n<Version>0</Version>\n<Level>4</Level>\n<Task>0</Task>\n<Opcode>0</Opcode>\n<Keywords>0x8000000000000000</Keywords>\n<TimeCreated SystemTime=\"2025-09-12 18:53:23.753523\"></TimeCreated>\n<EventRecordID>108</EventRecordID>\n<Correlation ActivityID=\"\" RelatedActivityID=\"\"></Correlation>\n<Execution ProcessID=\"3056\" ThreadID=\"3564\"></Execution>\n<Channel>System</Channel>\n<Computer>WIN-DAOI7R3U9SA</Computer>\n<Security UserID=\"S-1-5-18\"></Security>\n</System>\n<EventData><Data Name=\"HiveNameLength\">162</Data>\n<Data Name=\"HiveName\">\\??\\C:\\ProgramData\\Microsoft\\Windows\\AppRepository\\Packages"}
{"file": "files\\Windows\\System32\\winevt\\Logs\\System.evtx", "record_num": 109, "timestamp": "2025-09-12T18:53:24.809935", "event_id": null, "xml_snippet": "<Event xmlns=\"http://schemas.microsoft.com/win/2004/08/events/event\"><System><Provider Name=\"Microsoft-Windows-Kernel-General\" Guid=\"{a68ca8b7-004f-d7b6-a698-07e2de0f1f5d}\"></Provider>\n<EventID Qualifiers=\"\">16</EventID>\n<Version>0</Version>\n<Level>4</Level>\n<Task>0</Task>\n<Opcode>0</Opcode>\n<Keywords>0x8000000000000000</Keywords>\n<TimeCreated SystemTime=\"2025-09-12 18:53:24.809935\"></TimeCreated>\n<EventRecordID>109</EventRecordID>\n<Correlation ActivityID=\"\" RelatedActivityID=\"\"></Correlation>\n<Execution ProcessID=\"3056\" ThreadID=\"3564\"></Execution>\n<Channel>System</Channel>\n<Computer>WIN-DAOI7R3U9SA</Computer>\n<Security UserID=\"S-1-5-18\"></Security>\n</System>\n<EventData><Data Name=\"HiveNameLength\">161</Data>\n<Data Name=\"HiveName\">\\??\\C:\\ProgramData\\Microsoft\\Windows\\AppRepository\\Packages"}
{"file": "files\\Windows\\System32\\winevt\\Logs\\System.evtx", "record_num": 110, "timestamp": "2025-09-12T18:53:25.665821", "event_id": null, "xml_snippet": "<Event xmlns=\"http://schemas.microsoft.com/win/2004/08/events/event\"><System><Provider Name=\"Microsoft-Windows-Kernel-General\" Guid=\"{a68ca8b7-004f-d7b6-a698-07e2de0f1f5d}\"></Provider>\n<EventID Qualifiers=\"\">16</EventID>\n<Version>0</Version>\n<Level>4</Level>\n<Task>0</Task>\n<Opcode>0</Opcode>\n<Keywords>0x8000000000000000</Keywords>\n<TimeCreated SystemTime=\"2025-09-12 18:53:25.665821\"></TimeCreated>\n<EventRecordID>110</EventRecordID>\n<Correlation ActivityID=\"\" RelatedActivityID=\"\"></Correlation>\n<Execution ProcessID=\"3056\" ThreadID=\"3564\"></Execution>\n<Channel>System</Channel>\n<Computer>WIN-DAOI7R3U9SA</Computer>\n<Security UserID=\"S-1-5-18\"></Security>\n</System>\n<EventData><Data Name=\"HiveNameLength\">164</Data>\n<Data Name=\"HiveName\">\\??\\C:\\ProgramData\\Microsoft\\Windows\\AppRepository\\Packages"}
{"file": "files\\Windows\\System32\\winevt\\Logs\\System.evtx", "record_num": 111, "timestamp": "2025-09-12T18:53:26.665314", "event_id": null, "xml_snippet": "<Event xmlns=\"http://schemas.microsoft.com/win/2004/08/events/event\"><System><Provider Name=\"Microsoft-Windows-Kernel-General\" Guid=\"{a68ca8b7-004f-d7b6-a698-07e2de0f1f5d}\"></Provider>\n<EventID Qualifiers=\"\">16</EventID>\n<Version>0</Version>\n<Level>4</Level>\n<Task>0</Task>\n<Opcode>0</Opcode>\n<Keywords>0x8000000000000000</Keywords>\n<TimeCreated SystemTime=\"2025-09-12 18:53:26.665314\"></TimeCreated>\n<EventRecordID>111</EventRecordID>\n<Correlation ActivityID=\"\" RelatedActivityID=\"\"></Correlation>\n<Execution ProcessID=\"3056\" ThreadID=\"3564\"></Execution>\n<Channel>System</Channel>\n<Computer>WIN-DAOI7R3U9SA</Computer>\n<Security UserID=\"S-1-5-18\"></Security>\n</System>\n<EventData><Data Name=\"HiveNameLength\">158</Data>\n<Data Name=\"HiveName\">\\??\\C:\\ProgramData\\Microsoft\\Windows\\AppRepository\\Packages"}
{"file": "files\\Windows\\System32\\winevt\\Logs\\System.evtx", "record_num": 112, "timestamp": "2025-09-12T18:53:27.791401", "event_id": null, "xml_snippet": "<Event xmlns=\"http://schemas.microsoft.com/win/2004/08/events/event\"><System><Provider Name=\"Microsoft-Windows-Kernel-General\" Guid=\"{a68ca8b7-004f-d7b6-a698-07e2de0f1f5d}\"></Provider>\n<EventID Qualifiers=\"\">16</EventID>\n<Version>0</Version>\n<Level>4</Level>\n<Task>0</Task>\n<Opcode>0</Opcode>\n<Keywords>0x8000000000000000</Keywords>\n<TimeCreated SystemTime=\"2025-09-12 18:53:27.791401\"></TimeCreated>\n<EventRecordID>112</EventRecordID>\n<Correlation ActivityID=\"\" RelatedActivityID=\"\"></Correlation>\n<Execution ProcessID=\"3056\" ThreadID=\"3564\"></Execution>\n<Channel>System</Channel>\n<Computer>WIN-DAOI7R3U9SA</Computer>\n<Security UserID=\"S-1-5-18\"></Security>\n</System>\n<EventData><Data Name=\"HiveNameLength\">163</Data>\n<Data Name=\"HiveName\">\\??\\C:\\ProgramData\\Microsoft\\Windows\\AppRepository\\Packages"}
{"file": "files\\Windows\\System32\\winevt\\Logs\\System.evtx", "record_num": 113, "timestamp": "2025-09-12T18:53:28.870914", "event_id": null, "xml_snippet": "<Event xmlns=\"http://schemas.microsoft.com/win/2004/08/events/event\"><System><Provider Name=\"Microsoft-Windows-Kernel-General\" Guid=\"{a68ca8b7-004f-d7b6-a698-07e2de0f1f5d}\"></Provider>\n<EventID Qualifiers=\"\">16</EventID>\n<Version>0</Version>\n<Level>4</Level>\n<Task>0</Task>\n<Opcode>0</Opcode>\n<Keywords>0x8000000000000000</Keywords>\n<TimeCreated SystemTime=\"2025-09-12 18:53:28.870914\"></TimeCreated>\n<EventRecordID>113</EventRecordID>\n<Correlation ActivityID=\"\" RelatedActivityID=\"\"></Correlation>\n<Execution ProcessID=\"3056\" ThreadID=\"3564\"></Execution>\n<Channel>System</Channel>\n<Computer>WIN-DAOI7R3U9SA</Computer>\n<Security UserID=\"S-1-5-18\"></Security>\n</System>\n<EventData><Data Name=\"HiveNameLength\">167</Data>\n<Data Name=\"HiveName\">\\??\\C:\\ProgramData\\Microsoft\\Windows\\AppRepository\\Packages"}
{"file": "files\\Windows\\System32\\winevt\\Logs\\System.evtx", "record_num": 114, "timestamp": "2025-09-12T18:53:29.734228", "event_id": null, "xml_snippet": "<Event xmlns=\"http://schemas.microsoft.com/win/2004/08/events/event\"><System><Provider Name=\"Microsoft-Windows-Kernel-General\" Guid=\"{a68ca8b7-004f-d7b6-a698-07e2de0f1f5d}\"></Provider>\n<EventID Qualifiers=\"\">16</EventID>\n<Version>0</Version>\n<Level>4</Level>\n<Task>0</Task>\n<Opcode>0</Opcode>\n<Keywords>0x8000000000000000</Keywords>\n<TimeCreated SystemTime=\"2025-09-12 18:53:29.734228\"></TimeCreated>\n<EventRecordID>114</EventRecordID>\n<Correlation ActivityID=\"\" RelatedActivityID=\"\"></Correlation>\n<Execution ProcessID=\"3056\" ThreadID=\"3564\"></Execution>\n<Channel>System</Channel>\n<Computer>WIN-DAOI7R3U9SA</Computer>\n<Security UserID=\"S-1-5-18\"></Security>\n</System>\n<EventData><Data Name=\"HiveNameLength\">156</Data>\n<Data Name=\"HiveName\">\\??\\C:\\ProgramData\\Microsoft\\Windows\\AppRepository\\Packages"}
{"file": "files\\Windows\\System32\\winevt\\Logs\\System.evtx", "record_num": 115, "timestamp": "2025-09-12T18:53:30.527311", "event_id": null, "xml_snippet": "<Event xmlns=\"http://schemas.microsoft.com/win/2004/08/events/event\"><System><Provider Name=\"Microsoft-Windows-Kernel-General\" Guid=\"{a68ca8b7-004f-d7b6-a698-07e2de0f1f5d}\"></Provider>\n<EventID Qualifiers=\"\">16</EventID>\n<Version>0</Version>\n<Level>4</Level>\n<Task>0</Task>\n<Opcode>0</Opcode>\n<Keywords>0x8000000000000000</Keywords>\n<TimeCreated SystemTime=\"2025-09-12 18:53:30.527311\"></TimeCreated>\n<EventRecordID>115</EventRecordID>\n<Correlation ActivityID=\"\" RelatedActivityID=\"\"></Correlation>\n<Execution ProcessID=\"3056\" ThreadID=\"3564\"></Execution>\n<Channel>System</Channel>\n<Computer>WIN-DAOI7R3U9SA</Computer>\n<Security UserID=\"S-1-5-18\"></Security>\n</System>\n<EventData><Data Name=\"HiveNameLength\">146</Data>\n<Data Name=\"HiveName\">\\??\\C:\\ProgramData\\Microsoft\\Windows\\AppRepository\\Packages"}
{"file": "files\\Windows\\System32\\winevt\\Logs\\System.evtx", "record_num": 116, "timestamp": "2025-09-12T18:53:31.406919", "event_id": null, "xml_snippet": "<Event xmlns=\"http://schemas.microsoft.com/win/2004/08/events/event\"><System><Provider Name=\"Microsoft-Windows-Kernel-General\" Guid=\"{a68ca8b7-004f-d7b6-a698-07e2de0f1f5d}\"></Provider>\n<EventID Qualifiers=\"\">16</EventID>\n<Version>0</Version>\n<Level>4</Level>\n<Task>0</Task>\n<Opcode>0</Opcode>\n<Keywords>0x8000000000000000</Keywords>\n<TimeCreated SystemTime=\"2025-09-12 18:53:31.406919\"></TimeCreated>\n<EventRecordID>116</EventRecordID>\n<Correlation ActivityID=\"\" RelatedActivityID=\"\"></Correlation>\n<Execution ProcessID=\"3056\" ThreadID=\"3564\"></Execution>\n<Channel>System</Channel>\n<Computer>WIN-DAOI7R3U9SA</Computer>\n<Security UserID=\"S-1-5-18\"></Security>\n</System>\n<EventData><Data Name=\"HiveNameLength\">156</Data>\n<Data Name=\"HiveName\">\\??\\C:\\ProgramData\\Microsoft\\Windows\\AppRepository\\Packages"}
{"file": "files\\Windows\\System32\\winevt\\Logs\\System.evtx", "record_num": 117, "timestamp": "2025-09-12T18:53:32.147444", "event_id": null, "xml_snippet": "<Event xmlns=\"http://schemas.microsoft.com/win/2004/08/events/event\"><System><Provider Name=\"Microsoft-Windows-Kernel-General\" Guid=\"{a68ca8b7-004f-d7b6-a698-07e2de0f1f5d}\"></Provider>\n<EventID Qualifiers=\"\">16</EventID>\n<Version>0</Version>\n<Level>4</Level>\n<Task>0</Task>\n<Opcode>0</Opcode>\n<Keywords>0x8000000000000000</Keywords>\n<TimeCreated SystemTime=\"2025-09-12 18:53:32.147444\"></TimeCreated>\n<EventRecordID>117</EventRecordID>\n<Correlation ActivityID=\"\" RelatedActivityID=\"\"></Correlation>\n<Execution ProcessID=\"3056\" ThreadID=\"3564\"></Execution>\n<Channel>System</Channel>\n<Computer>WIN-DAOI7R3U9SA</Computer>\n<Security UserID=\"S-1-5-18\"></Security>\n</System>\n<EventData><Data Name=\"HiveNameLength\">142</Data>\n<Data Name=\"HiveName\">\\??\\C:\\ProgramData\\Microsoft\\Windows\\AppRepository\\Packages"}
{"file": "files\\Windows\\System32\\winevt\\Logs\\System.evtx", "record_num": 118, "timestamp": "2025-09-12T18:53:32.682297", "event_id": null, "xml_snippet": "<Event xmlns=\"http://schemas.microsoft.com/win/2004/08/events/event\"><System><Provider Name=\"Service Control Manager\" Guid=\"{555908d1-a6d7-4695-8e1e-26931d2012f4}\" EventSourceName=\"Service Control Manager\"></Provider>\n<EventID Qualifiers=\"16384\">7045</EventID>\n<Version>0</Version>\n<Level>4</Level>\n<Task>0</Task>\n<Opcode>0</Opcode>\n<Keywords>0x8080000000000000</Keywords>\n<TimeCreated SystemTime=\"2025-09-12 18:53:32.682297\"></TimeCreated>\n<EventRecordID>118</EventRecordID>\n<Correlation ActivityID=\"\" RelatedActivityID=\"\"></Correlation>\n<Execution ProcessID=\"784\" ThreadID=\"1940\"></Execution>\n<Channel>System</Channel>\n<Computer>WIN-DAOI7R3U9SA</Computer>\n<Security UserID=\"S-1-5-18\"></Security>\n</System>\n<EventData><Data Name=\"ServiceName\">Microsoft Edge Elevation Service (MicrosoftEdgeElevation"}
{"file": "files\\Windows\\System32\\winevt\\Logs\\System.evtx", "record_num": 119, "timestamp": "2025-09-12T18:53:33.954050", "event_id": null, "xml_snippet": "<Event xmlns=\"http://schemas.microsoft.com/win/2004/08/events/event\"><System><Provider Name=\"Microsoft-Windows-Kernel-General\" Guid=\"{a68ca8b7-004f-d7b6-a698-07e2de0f1f5d}\"></Provider>\n<EventID Qualifiers=\"\">16</EventID>\n<Version>0</Version>\n<Level>4</Level>\n<Task>0</Task>\n<Opcode>0</Opcode>\n<Keywords>0x8000000000000000</Keywords>\n<TimeCreated SystemTime=\"2025-09-12 18:53:33.954050\"></TimeCreated>\n<EventRecordID>119</EventRecordID>\n<Correlation ActivityID=\"\" RelatedActivityID=\"\"></Correlation>\n<Execution ProcessID=\"3056\" ThreadID=\"3564\"></Execution>\n<Channel>System</Channel>\n<Computer>WIN-DAOI7R3U9SA</Computer>\n<Security UserID=\"S-1-5-18\"></Security>\n</System>\n<EventData><Data Name=\"HiveNameLength\">142</Data>\n<Data Name=\"HiveName\">\\??\\C:\\ProgramData\\Microsoft\\Windows\\AppRepository\\Packages"}
{"file": "files\\Windows\\System32\\winevt\\Logs\\System.evtx", "record_num": 120, "timestamp": "2025-09-12T18:53:36.387178", "event_id": null, "xml_snippet": "<Event xmlns=\"http://schemas.microsoft.com/win/2004/08/events/event\"><System><Provider Name=\"Microsoft-Windows-Kernel-General\" Guid=\"{a68ca8b7-004f-d7b6-a698-07e2de0f1f5d}\"></Provider>\n<EventID Qualifiers=\"\">16</EventID>\n<Version>0</Version>\n<Level>4</Level>\n<Task>0</Task>\n<Opcode>0</Opcode>\n<Keywords>0x8000000000000000</Keywords>\n<TimeCreated SystemTime=\"2025-09-12 18:53:36.387178\"></TimeCreated>\n<EventRecordID>120</EventRecordID>\n<Correlation ActivityID=\"\" RelatedActivityID=\"\"></Correlation>\n<Execution ProcessID=\"3056\" ThreadID=\"3564\"></Execution>\n<Channel>System</Channel>\n<Computer>WIN-DAOI7R3U9SA</Computer>\n<Security UserID=\"S-1-5-18\"></Security>\n</System>\n<EventData><Data Name=\"HiveNameLength\">143</Data>\n<Data Name=\"HiveName\">\\??\\C:\\ProgramData\\Microsoft\\Windows\\AppRepository\\Packages"}
{"file": "files\\Windows\\System32\\winevt\\Logs\\System.evtx", "record_num": 121, "timestamp": "2025-09-12T18:53:38.626959", "event_id": null, "xml_snippet": "<Event xmlns=\"http://schemas.microsoft.com/win/2004/08/events/event\"><System><Provider Name=\"Microsoft-Windows-Kernel-General\" Guid=\"{a68ca8b7-004f-d7b6-a698-07e2de0f1f5d}\"></Provider>\n<EventID Qualifiers=\"\">16</EventID>\n<Version>0</Version>\n<Level>4</Level>\n<Task>0</Task>\n<Opcode>0</Opcode>\n<Keywords>0x8000000000000000</Keywords>\n<TimeCreated SystemTime=\"2025-09-12 18:53:38.626959\"></TimeCreated>\n<EventRecordID>121</EventRecordID>\n<Correlation ActivityID=\"\" RelatedActivityID=\"\"></Correlation>\n<Execution ProcessID=\"3056\" ThreadID=\"3564\"></Execution>\n<Channel>System</Channel>\n<Computer>WIN-DAOI7R3U9SA</Computer>\n<Security UserID=\"S-1-5-18\"></Security>\n</System>\n<EventData><Data Name=\"HiveNameLength\">145</Data>\n<Data Name=\"HiveName\">\\??\\C:\\ProgramData\\Microsoft\\Windows\\AppRepository\\Packages"}
{"file": "files\\Windows\\System32\\winevt\\Logs\\System.evtx", "record_num": 122, "timestamp": "2025-09-12T18:53:39.904839", "event_id": null, "xml_snippet": "<Event xmlns=\"http://schemas.microsoft.com/win/2004/08/events/event\"><System><Provider Name=\"Microsoft-Windows-Kernel-General\" Guid=\"{a68ca8b7-004f-d7b6-a698-07e2de0f1f5d}\"></Provider>\n<EventID Qualifiers=\"\">16</EventID>\n<Version>0</Version>\n<Level>4</Level>\n<Task>0</Task>\n<Opcode>0</Opcode>\n<Keywords>0x8000000000000000</Keywords>\n<TimeCreated SystemTime=\"2025-09-12 18:53:39.904839\"></TimeCreated>\n<EventRecordID>122</EventRecordID>\n<Correlation ActivityID=\"\" RelatedActivityID=\"\"></Correlation>\n<Execution ProcessID=\"3056\" ThreadID=\"3564\"></Execution>\n<Channel>System</Channel>\n<Computer>WIN-DAOI7R3U9SA</Computer>\n<Security UserID=\"S-1-5-18\"></Security>\n</System>\n<EventData><Data Name=\"HiveNameLength\">142</Data>\n<Data Name=\"HiveName\">\\??\\C:\\ProgramData\\Microsoft\\Windows\\AppRepository\\Packages"}
{"file": "files\\Windows\\System32\\winevt\\Logs\\System.evtx", "record_num": 123, "timestamp": "2025-09-12T18:53:40.256927", "event_id": null, "xml_snippet": "<Event xmlns=\"http://schemas.microsoft.com/win/2004/08/events/event\"><System><Provider Name=\"Microsoft-Windows-TPM-WMI\" Guid=\"{7d5387b0-cbe0-11da-a94d-0800200c9a66}\"></Provider>\n<EventID Qualifiers=\"\">1282</EventID>\n<Version>0</Version>\n<Level>4</Level>\n<Task>0</Task>\n<Opcode>0</Opcode>\n<Keywords>0x8000000000000000</Keywords>\n<TimeCreated SystemTime=\"2025-09-12 18:53:40.256927\"></TimeCreated>\n<EventRecordID>123</EventRecordID>\n<Correlation ActivityID=\"\" RelatedActivityID=\"\"></Correlation>\n<Execution ProcessID=\"3848\" ThreadID=\"3920\"></Execution>\n<Channel>System</Channel>\n<Computer>WIN-DAOI7R3U9SA</Computer>\n<Security UserID=\"S-1-5-18\"></Security>\n</System>\n<EventData></EventData>\n</Event>\n"}
{"file": "files\\Windows\\System32\\winevt\\Logs\\System.evtx", "record_num": 124, "timestamp": "2025-09-12T18:53:41.063770", "event_id": null, "xml_snippet": "<Event xmlns=\"http://schemas.microsoft.com/win/2004/08/events/event\"><System><Provider Name=\"Microsoft-Windows-Kernel-General\" Guid=\"{a68ca8b7-004f-d7b6-a698-07e2de0f1f5d}\"></Provider>\n<EventID Qualifiers=\"\">16</EventID>\n<Version>0</Version>\n<Level>4</Level>\n<Task>0</Task>\n<Opcode>0</Opcode>\n<Keywords>0x8000000000000000</Keywords>\n<TimeCreated SystemTime=\"2025-09-12 18:53:41.063770\"></TimeCreated>\n<EventRecordID>124</EventRecordID>\n<Correlation ActivityID=\"\" RelatedActivityID=\"\"></Correlation>\n<Execution ProcessID=\"3056\" ThreadID=\"3564\"></Execution>\n<Channel>System</Channel>\n<Computer>WIN-DAOI7R3U9SA</Computer>\n<Security UserID=\"S-1-5-18\"></Security>\n</System>\n<EventData><Data Name=\"HiveNameLength\">144</Data>\n<Data Name=\"HiveName\">\\??\\C:\\ProgramData\\Microsoft\\Windows\\AppRepository\\Packages"}
{"file": "files\\Windows\\System32\\winevt\\Logs\\System.evtx", "record_num": 125, "timestamp": "2025-09-12T18:53:42.160097", "event_id": null, "xml_snippet": "<Event xmlns=\"http://schemas.microsoft.com/win/2004/08/events/event\"><System><Provider Name=\"Microsoft-Windows-Kernel-General\" Guid=\"{a68ca8b7-004f-d7b6-a698-07e2de0f1f5d}\"></Provider>\n<EventID Qualifiers=\"\">16</EventID>\n<Version>0</Version>\n<Level>4</Level>\n<Task>0</Task>\n<Opcode>0</Opcode>\n<Keywords>0x8000000000000000</Keywords>\n<TimeCreated SystemTime=\"2025-09-12 18:53:42.160097\"></TimeCreated>\n<EventRecordID>125</EventRecordID>\n<Correlation ActivityID=\"\" RelatedActivityID=\"\"></Correlation>\n<Execution ProcessID=\"3056\" ThreadID=\"3564\"></Execution>\n<Channel>System</Channel>\n<Computer>WIN-DAOI7R3U9SA</Computer>\n<Security UserID=\"S-1-5-18\"></Security>\n</System>\n<EventData><Data Name=\"HiveNameLength\">153</Data>\n<Data Name=\"HiveName\">\\??\\C:\\ProgramData\\Microsoft\\Windows\\AppRepository\\Packages"}
{"file": "files\\Windows\\System32\\winevt\\Logs\\System.evtx", "record_num": 126, "timestamp": "2025-09-12T18:53:43.086763", "event_id": null, "xml_snippet": "<Event xmlns=\"http://schemas.microsoft.com/win/2004/08/events/event\"><System><Provider Name=\"Microsoft-Windows-Kernel-General\" Guid=\"{a68ca8b7-004f-d7b6-a698-07e2de0f1f5d}\"></Provider>\n<EventID Qualifiers=\"\">16</EventID>\n<Version>0</Version>\n<Level>4</Level>\n<Task>0</Task>\n<Opcode>0</Opcode>\n<Keywords>0x8000000000000000</Keywords>\n<TimeCreated SystemTime=\"2025-09-12 18:53:43.086763\"></TimeCreated>\n<EventRecordID>126</EventRecordID>\n<Correlation ActivityID=\"\" RelatedActivityID=\"\"></Correlation>\n<Execution ProcessID=\"3056\" ThreadID=\"3564\"></Execution>\n<Channel>System</Channel>\n<Computer>WIN-DAOI7R3U9SA</Computer>\n<Security UserID=\"S-1-5-18\"></Security>\n</System>\n<EventData><Data Name=\"HiveNameLength\">149</Data>\n<Data Name=\"HiveName\">\\??\\C:\\ProgramData\\Microsoft\\Windows\\AppRepository\\Packages"}
{"file": "files\\Windows\\System32\\winevt\\Logs\\System.evtx", "record_num": 127, "timestamp": "2025-09-12T18:53:44.147734", "event_id": null, "xml_snippet": "<Event xmlns=\"http://schemas.microsoft.com/win/2004/08/events/event\"><System><Provider Name=\"Microsoft-Windows-Kernel-General\" Guid=\"{a68ca8b7-004f-d7b6-a698-07e2de0f1f5d}\"></Provider>\n<EventID Qualifiers=\"\">16</EventID>\n<Version>0</Version>\n<Level>4</Level>\n<Task>0</Task>\n<Opcode>0</Opcode>\n<Keywords>0x8000000000000000</Keywords>\n<TimeCreated SystemTime=\"2025-09-12 18:53:44.147734\"></TimeCreated>\n<EventRecordID>127</EventRecordID>\n<Correlation ActivityID=\"\" RelatedActivityID=\"\"></Correlation>\n<Execution ProcessID=\"3056\" ThreadID=\"3564\"></Execution>\n<Channel>System</Channel>\n<Computer>WIN-DAOI7R3U9SA</Computer>\n<Security UserID=\"S-1-5-18\"></Security>\n</System>\n<EventData><Data Name=\"HiveNameLength\">144</Data>\n<Data Name=\"HiveName\">\\??\\C:\\ProgramData\\Microsoft\\Windows\\AppRepository\\Packages"}
{"file": "files\\Windows\\System32\\winevt\\Logs\\System.evtx", "record_num": 128, "timestamp": "2025-09-12T18:53:44.659237", "event_id": null, "xml_snippet": "<Event xmlns=\"http://schemas.microsoft.com/win/2004/08/events/event\"><System><Provider Name=\"Microsoft-Windows-TPM-WMI\" Guid=\"{7d5387b0-cbe0-11da-a94d-0800200c9a66}\"></Provider>\n<EventID Qualifiers=\"\">1025</EventID>\n<Version>0</Version>\n<Level>4</Level>\n<Task>0</Task>\n<Opcode>0</Opcode>\n<Keywords>0x8000000000000000</Keywords>\n<TimeCreated SystemTime=\"2025-09-12 18:53:44.659237\"></TimeCreated>\n<EventRecordID>128</EventRecordID>\n<Correlation ActivityID=\"\" RelatedActivityID=\"\"></Correlation>\n<Execution ProcessID=\"3848\" ThreadID=\"3920\"></Execution>\n<Channel>System</Channel>\n<Computer>WIN-DAOI7R3U9SA</Computer>\n<Security UserID=\"S-1-5-18\"></Security>\n</System>\n<EventData></EventData>\n</Event>\n"}
{"file": "files\\Windows\\System32\\winevt\\Logs\\System.evtx", "record_num": 129, "timestamp": "2025-09-12T18:53:45.725615", "event_id": null, "xml_snippet": "<Event xmlns=\"http://schemas.microsoft.com/win/2004/08/events/event\"><System><Provider Name=\"Microsoft-Windows-Kernel-General\" Guid=\"{a68ca8b7-004f-d7b6-a698-07e2de0f1f5d}\"></Provider>\n<EventID Qualifiers=\"\">16</EventID>\n<Version>0</Version>\n<Level>4</Level>\n<Task>0</Task>\n<Opcode>0</Opcode>\n<Keywords>0x8000000000000000</Keywords>\n<TimeCreated SystemTime=\"2025-09-12 18:53:45.725615\"></TimeCreated>\n<EventRecordID>129</EventRecordID>\n<Correlation ActivityID=\"\" RelatedActivityID=\"\"></Correlation>\n<Execution ProcessID=\"3056\" ThreadID=\"3564\"></Execution>\n<Channel>System</Channel>\n<Computer>WIN-DAOI7R3U9SA</Computer>\n<Security UserID=\"S-1-5-18\"></Security>\n</System>\n<EventData><Data Name=\"HiveNameLength\">138</Data>\n<Data Name=\"HiveName\">\\??\\C:\\ProgramData\\Microsoft\\Windows\\AppRepository\\Packages"}
{"file": "files\\Windows\\System32\\winevt\\Logs\\System.evtx", "record_num": 130, "timestamp": "2025-09-12T18:53:46.531847", "event_id": null, "xml_snippet": "<Event xmlns=\"http://schemas.microsoft.com/win/2004/08/events/event\"><System><Provider Name=\"Microsoft-Windows-Kernel-General\" Guid=\"{a68ca8b7-004f-d7b6-a698-07e2de0f1f5d}\"></Provider>\n<EventID Qualifiers=\"\">16</EventID>\n<Version>0</Version>\n<Level>4</Level>\n<Task>0</Task>\n<Opcode>0</Opcode>\n<Keywords>0x8000000000000000</Keywords>\n<TimeCreated SystemTime=\"2025-09-12 18:53:46.531847\"></TimeCreated>\n<EventRecordID>130</EventRecordID>\n<Correlation ActivityID=\"\" RelatedActivityID=\"\"></Correlation>\n<Execution ProcessID=\"3056\" ThreadID=\"3564\"></Execution>\n<Channel>System</Channel>\n<Computer>WIN-DAOI7R3U9SA</Computer>\n<Security UserID=\"S-1-5-18\"></Security>\n</System>\n<EventData><Data Name=\"HiveNameLength\">144</Data>\n<Data Name=\"HiveName\">\\??\\C:\\ProgramData\\Microsoft\\Windows\\AppRepository\\Packages"}
{"file": "files\\Windows\\System32\\winevt\\Logs\\System.evtx", "record_num": 131, "timestamp": "2025-09-12T18:53:47.388556", "event_id": null, "xml_snippet": "<Event xmlns=\"http://schemas.microsoft.com/win/2004/08/events/event\"><System><Provider Name=\"Microsoft-Windows-Kernel-General\" Guid=\"{a68ca8b7-004f-d7b6-a698-07e2de0f1f5d}\"></Provider>\n<EventID Qualifiers=\"\">16</EventID>\n<Version>0</Version>\n<Level>4</Level>\n<Task>0</Task>\n<Opcode>0</Opcode>\n<Keywords>0x8000000000000000</Keywords>\n<TimeCreated SystemTime=\"2025-09-12 18:53:47.388556\"></TimeCreated>\n<EventRecordID>131</EventRecordID>\n<Correlation ActivityID=\"\" RelatedActivityID=\"\"></Correlation>\n<Execution ProcessID=\"3056\" ThreadID=\"3564\"></Execution>\n<Channel>System</Channel>\n<Computer>WIN-DAOI7R3U9SA</Computer>\n<Security UserID=\"S-1-5-18\"></Security>\n</System>\n<EventData><Data Name=\"HiveNameLength\">151</Data>\n<Data Name=\"HiveName\">\\??\\C:\\ProgramData\\Microsoft\\Windows\\AppRepository\\Packages"}
{"file": "files\\Windows\\System32\\winevt\\Logs\\System.evtx", "record_num": 132, "timestamp": "2025-09-12T18:53:48.246374", "event_id": null, "xml_snippet": "<Event xmlns=\"http://schemas.microsoft.com/win/2004/08/events/event\"><System><Provider Name=\"Microsoft-Windows-Kernel-General\" Guid=\"{a68ca8b7-004f-d7b6-a698-07e2de0f1f5d}\"></Provider>\n<EventID Qualifiers=\"\">16</EventID>\n<Version>0</Version>\n<Level>4</Level>\n<Task>0</Task>\n<Opcode>0</Opcode>\n<Keywords>0x8000000000000000</Keywords>\n<TimeCreated SystemTime=\"2025-09-12 18:53:48.246374\"></TimeCreated>\n<EventRecordID>132</EventRecordID>\n<Correlation ActivityID=\"\" RelatedActivityID=\"\"></Correlation>\n<Execution ProcessID=\"3056\" ThreadID=\"3564\"></Execution>\n<Channel>System</Channel>\n<Computer>WIN-DAOI7R3U9SA</Computer>\n<Security UserID=\"S-1-5-18\"></Security>\n</System>\n<EventData><Data Name=\"HiveNameLength\">137</Data>\n<Data Name=\"HiveName\">\\??\\C:\\ProgramData\\Microsoft\\Windows\\AppRepository\\Packages"}
{"file": "files\\Windows\\System32\\winevt\\Logs\\System.evtx", "record_num": 133, "timestamp": "2025-09-12T18:54:08.057974", "event_id": null, "xml_snippet": "<Event xmlns=\"http://schemas.microsoft.com/win/2004/08/events/event\"><System><Provider Name=\"Microsoft-Windows-Kernel-General\" Guid=\"{a68ca8b7-004f-d7b6-a698-07e2de0f1f5d}\"></Provider>\n<EventID Qualifiers=\"\">16</EventID>\n<Version>0</Version>\n<Level>4</Level>\n<Task>0</Task>\n<Opcode>0</Opcode>\n<Keywords>0x8000000000000000</Keywords>\n<TimeCreated SystemTime=\"2025-09-12 18:54:08.057974\"></TimeCreated>\n<EventRecordID>133</EventRecordID>\n<Correlation ActivityID=\"\" RelatedActivityID=\"\"></Correlation>\n<Execution ProcessID=\"3056\" ThreadID=\"3564\"></Execution>\n<Channel>System</Channel>\n<Computer>WIN-DAOI7R3U9SA</Computer>\n<Security UserID=\"S-1-5-18\"></Security>\n</System>\n<EventData><Data Name=\"HiveNameLength\">146</Data>\n<Data Name=\"HiveName\">\\??\\C:\\ProgramData\\Microsoft\\Windows\\AppRepository\\Packages"}
{"file": "files\\Windows\\System32\\winevt\\Logs\\System.evtx", "record_num": 134, "timestamp": "2025-09-12T18:54:21.855375", "event_id": null, "xml_snippet": "<Event xmlns=\"http://schemas.microsoft.com/win/2004/08/events/event\"><System><Provider Name=\"Microsoft-Windows-Kernel-General\" Guid=\"{a68ca8b7-004f-d7b6-a698-07e2de0f1f5d}\"></Provider>\n<EventID Qualifiers=\"\">16</EventID>\n<Version>0</Version>\n<Level>4</Level>\n<Task>0</Task>\n<Opcode>0</Opcode>\n<Keywords>0x8000000000000000</Keywords>\n<TimeCreated SystemTime=\"2025-09-12 18:54:21.855375\"></TimeCreated>\n<EventRecordID>134</EventRecordID>\n<Correlation ActivityID=\"\" RelatedActivityID=\"\"></Correlation>\n<Execution ProcessID=\"3056\" ThreadID=\"3564\"></Execution>\n<Channel>System</Channel>\n<Computer>WIN-DAOI7R3U9SA</Computer>\n<Security UserID=\"S-1-5-18\"></Security>\n</System>\n<EventData><Data Name=\"HiveNameLength\">146</Data>\n<Data Name=\"HiveName\">\\??\\C:\\ProgramData\\Microsoft\\Windows\\AppRepository\\Packages"}
{"file": "files\\Windows\\System32\\winevt\\Logs\\System.evtx", "record_num": 135, "timestamp": "2025-09-12T18:54:26.334404", "event_id": null, "xml_snippet": "<Event xmlns=\"http://schemas.microsoft.com/win/2004/08/events/event\"><System><Provider Name=\"Microsoft-Windows-Kernel-General\" Guid=\"{a68ca8b7-004f-d7b6-a698-07e2de0f1f5d}\"></Provider>\n<EventID Qualifiers=\"\">16</EventID>\n<Version>0</Version>\n<Level>4</Level>\n<Task>0</Task>\n<Opcode>0</Opcode>\n<Keywords>0x8000000000000000</Keywords>\n<TimeCreated SystemTime=\"2025-09-12 18:54:26.334404\"></TimeCreated>\n<EventRecordID>135</EventRecordID>\n<Correlation ActivityID=\"\" RelatedActivityID=\"\"></Correlation>\n<Execution ProcessID=\"2740\" ThreadID=\"3340\"></Execution>\n<Channel>System</Channel>\n<Computer>WIN-DAOI7R3U9SA</Computer>\n<Security UserID=\"S-1-5-18\"></Security>\n</System>\n<EventData><Data Name=\"HiveNameLength\">35</Data>\n<Data Name=\"HiveName\">\\??\\C:\\WINDOWS\\system32\\Config\\Elam</Data>\n<Data Name=\"KeysU"}
{"file": "files\\Windows\\System32\\winevt\\Logs\\System.evtx", "record_num": 136, "timestamp": "2025-09-12T18:54:26.393663", "event_id": null, "xml_snippet": "<Event xmlns=\"http://schemas.microsoft.com/win/2004/08/events/event\"><System><Provider Name=\"Microsoft-Windows-Kernel-General\" Guid=\"{a68ca8b7-004f-d7b6-a698-07e2de0f1f5d}\"></Provider>\n<EventID Qualifiers=\"\">16</EventID>\n<Version>0</Version>\n<Level>4</Level>\n<Task>0</Task>\n<Opcode>0</Opcode>\n<Keywords>0x8000000000000000</Keywords>\n<TimeCreated SystemTime=\"2025-09-12 18:54:26.393663\"></TimeCreated>\n<EventRecordID>136</EventRecordID>\n<Correlation ActivityID=\"\" RelatedActivityID=\"\"></Correlation>\n<Execution ProcessID=\"3056\" ThreadID=\"3564\"></Execution>\n<Channel>System</Channel>\n<Computer>WIN-DAOI7R3U9SA</Computer>\n<Security UserID=\"S-1-5-18\"></Security>\n</System>\n<EventData><Data Name=\"HiveNameLength\">135</Data>\n<Data Name=\"HiveName\">\\??\\C:\\ProgramData\\Microsoft\\Windows\\AppRepository\\Packages"}
{"file": "files\\Windows\\System32\\winevt\\Logs\\System.evtx", "record_num": 137, "timestamp": "2025-09-12T18:54:29.101418", "event_id": null, "xml_snippet": "<Event xmlns=\"http://schemas.microsoft.com/win/2004/08/events/event\"><System><Provider Name=\"Microsoft-Windows-DistributedCOM\" Guid=\"{1B562E86-B7AA-4131-BADC-B6F3A001407E}\" EventSourceName=\"DCOM\"></Provider>\n<EventID Qualifiers=\"0\">10010</EventID>\n<Version>0</Version>\n<Level>2</Level>\n<Task>0</Task>\n<Opcode>0</Opcode>\n<Keywords>0x8080000000000000</Keywords>\n<TimeCreated SystemTime=\"2025-09-12 18:54:29.101418\"></TimeCreated>\n<EventRecordID>137</EventRecordID>\n<Correlation ActivityID=\"{3079a2ce-2416-0001-c210-7a301624dc01}\" RelatedActivityID=\"\"></Correlation>\n<Execution ProcessID=\"448\" ThreadID=\"540\"></Execution>\n<Channel>System</Channel>\n<Computer>WIN-DAOI7R3U9SA</Computer>\n<Security UserID=\"S-1-5-18\"></Security>\n</System>\n<EventData><Data Name=\"param1\">{A47979D2-C419-11D9-A5B4-001185AD2B89"}
{"file": "files\\Windows\\System32\\winevt\\Logs\\System.evtx", "record_num": 138, "timestamp": "2025-09-12T18:54:29.489883", "event_id": null, "xml_snippet": "<Event xmlns=\"http://schemas.microsoft.com/win/2004/08/events/event\"><System><Provider Name=\"Service Control Manager\" Guid=\"{555908d1-a6d7-4695-8e1e-26931d2012f4}\" EventSourceName=\"Service Control Manager\"></Provider>\n<EventID Qualifiers=\"49152\">7023</EventID>\n<Version>0</Version>\n<Level>2</Level>\n<Task>0</Task>\n<Opcode>0</Opcode>\n<Keywords>0x8080000000000000</Keywords>\n<TimeCreated SystemTime=\"2025-09-12 18:54:29.489883\"></TimeCreated>\n<EventRecordID>138</EventRecordID>\n<Correlation ActivityID=\"\" RelatedActivityID=\"\"></Correlation>\n<Execution ProcessID=\"784\" ThreadID=\"2444\"></Execution>\n<Channel>System</Channel>\n<Computer>WIN-DAOI7R3U9SA</Computer>\n<Security UserID=\"\"></Security>\n</System>\n<EventData><Data Name=\"param1\">Network List Service</Data>\n<Data Name=\"param2\">%%21</Data>\n<Binary>b"}
{"file": "files\\Windows\\System32\\winevt\\Logs\\System.evtx", "record_num": 139, "timestamp": "2025-09-12T18:54:30.252060", "event_id": null, "xml_snippet": "<Event xmlns=\"http://schemas.microsoft.com/win/2004/08/events/event\"><System><Provider Name=\"Microsoft-Windows-Kernel-General\" Guid=\"{a68ca8b7-004f-d7b6-a698-07e2de0f1f5d}\"></Provider>\n<EventID Qualifiers=\"\">16</EventID>\n<Version>0</Version>\n<Level>4</Level>\n<Task>0</Task>\n<Opcode>0</Opcode>\n<Keywords>0x8000000000000000</Keywords>\n<TimeCreated SystemTime=\"2025-09-12 18:54:30.252060\"></TimeCreated>\n<EventRecordID>139</EventRecordID>\n<Correlation ActivityID=\"\" RelatedActivityID=\"\"></Correlation>\n<Execution ProcessID=\"3056\" ThreadID=\"3564\"></Execution>\n<Channel>System</Channel>\n<Computer>WIN-DAOI7R3U9SA</Computer>\n<Security UserID=\"S-1-5-18\"></Security>\n</System>\n<EventData><Data Name=\"HiveNameLength\">134</Data>\n<Data Name=\"HiveName\">\\??\\C:\\ProgramData\\Microsoft\\Windows\\AppRepository\\Packages"}
{"file": "files\\Windows\\System32\\winevt\\Logs\\System.evtx", "record_num": 140, "timestamp": "2025-09-12T18:54:40.073969", "event_id": null, "xml_snippet": "<Event xmlns=\"http://schemas.microsoft.com/win/2004/08/events/event\"><System><Provider Name=\"Microsoft-Windows-Kernel-General\" Guid=\"{a68ca8b7-004f-d7b6-a698-07e2de0f1f5d}\"></Provider>\n<EventID Qualifiers=\"\">16</EventID>\n<Version>0</Version>\n<Level>4</Level>\n<Task>0</Task>\n<Opcode>0</Opcode>\n<Keywords>0x8000000000000000</Keywords>\n<TimeCreated SystemTime=\"2025-09-12 18:54:40.073969\"></TimeCreated>\n<EventRecordID>140</EventRecordID>\n<Correlation ActivityID=\"\" RelatedActivityID=\"\"></Correlation>\n<Execution ProcessID=\"3056\" ThreadID=\"3564\"></Execution>\n<Channel>System</Channel>\n<Computer>WIN-DAOI7R3U9SA</Computer>\n<Security UserID=\"S-1-5-18\"></Security>\n</System>\n<EventData><Data Name=\"HiveNameLength\">125</Data>\n<Data Name=\"HiveName\">\\??\\C:\\ProgramData\\Microsoft\\Windows\\AppRepository\\Packages"}
{"file": "files\\Windows\\System32\\winevt\\Logs\\System.evtx", "record_num": 141, "timestamp": "2025-09-12T18:54:42.146259", "event_id": null, "xml_snippet": "<Event xmlns=\"http://schemas.microsoft.com/win/2004/08/events/event\"><System><Provider Name=\"Microsoft-Windows-Kernel-General\" Guid=\"{a68ca8b7-004f-d7b6-a698-07e2de0f1f5d}\"></Provider>\n<EventID Qualifiers=\"\">16</EventID>\n<Version>0</Version>\n<Level>4</Level>\n<Task>0</Task>\n<Opcode>0</Opcode>\n<Keywords>0x8000000000000000</Keywords>\n<TimeCreated SystemTime=\"2025-09-12 18:54:42.146259\"></TimeCreated>\n<EventRecordID>141</EventRecordID>\n<Correlation ActivityID=\"\" RelatedActivityID=\"\"></Correlation>\n<Execution ProcessID=\"3056\" ThreadID=\"3564\"></Execution>\n<Channel>System</Channel>\n<Computer>WIN-DAOI7R3U9SA</Computer>\n<Security UserID=\"S-1-5-18\"></Security>\n</System>\n<EventData><Data Name=\"HiveNameLength\">128</Data>\n<Data Name=\"HiveName\">\\??\\C:\\ProgramData\\Microsoft\\Windows\\AppRepository\\Packages"}
{"file": "files\\Windows\\System32\\winevt\\Logs\\System.evtx", "record_num": 142, "timestamp": "2025-09-12T18:54:45.498587", "event_id": null, "xml_snippet": "<Event xmlns=\"http://schemas.microsoft.com/win/2004/08/events/event\"><System><Provider Name=\"Microsoft-Windows-Kernel-General\" Guid=\"{a68ca8b7-004f-d7b6-a698-07e2de0f1f5d}\"></Provider>\n<EventID Qualifiers=\"\">16</EventID>\n<Version>0</Version>\n<Level>4</Level>\n<Task>0</Task>\n<Opcode>0</Opcode>\n<Keywords>0x8000000000000000</Keywords>\n<TimeCreated SystemTime=\"2025-09-12 18:54:45.498587\"></TimeCreated>\n<EventRecordID>142</EventRecordID>\n<Correlation ActivityID=\"\" RelatedActivityID=\"\"></Correlation>\n<Execution ProcessID=\"3056\" ThreadID=\"3564\"></Execution>\n<Channel>System</Channel>\n<Computer>WIN-DAOI7R3U9SA</Computer>\n<Security UserID=\"S-1-5-18\"></Security>\n</System>\n<EventData><Data Name=\"HiveNameLength\">128</Data>\n<Data Name=\"HiveName\">\\??\\C:\\ProgramData\\Microsoft\\Windows\\AppRepository\\Packages"}
{"file": "files\\Windows\\System32\\winevt\\Logs\\System.evtx", "record_num": 143, "timestamp": "2025-09-12T18:54:45.524410", "event_id": null, "xml_snippet": "<Event xmlns=\"http://schemas.microsoft.com/win/2004/08/events/event\"><System><Provider Name=\"Service Control Manager\" Guid=\"{555908d1-a6d7-4695-8e1e-26931d2012f4}\" EventSourceName=\"Service Control Manager\"></Provider>\n<EventID Qualifiers=\"16384\">7045</EventID>\n<Version>0</Version>\n<Level>4</Level>\n<Task>0</Task>\n<Opcode>0</Opcode>\n<Keywords>0x8080000000000000</Keywords>\n<TimeCreated SystemTime=\"2025-09-12 18:54:45.524410\"></TimeCreated>\n<EventRecordID>143</EventRecordID>\n<Correlation ActivityID=\"\" RelatedActivityID=\"\"></Correlation>\n<Execution ProcessID=\"784\" ThreadID=\"3620\"></Execution>\n<Channel>System</Channel>\n<Computer>WIN-DAOI7R3U9SA</Computer>\n<Security UserID=\"S-1-5-18\"></Security>\n</System>\n<EventData><Data Name=\"ServiceName\">Printer Extensions and Notifications</Data>\n<Data Name=\""}
{"file": "files\\Windows\\System32\\winevt\\Logs\\System.evtx", "record_num": 144, "timestamp": "2025-09-12T18:54:45.525976", "event_id": null, "xml_snippet": "<Event xmlns=\"http://schemas.microsoft.com/win/2004/08/events/event\"><System><Provider Name=\"Service Control Manager\" Guid=\"{555908d1-a6d7-4695-8e1e-26931d2012f4}\" EventSourceName=\"Service Control Manager\"></Provider>\n<EventID Qualifiers=\"49152\">7030</EventID>\n<Version>0</Version>\n<Level>2</Level>\n<Task>0</Task>\n<Opcode>0</Opcode>\n<Keywords>0x8080000000000000</Keywords>\n<TimeCreated SystemTime=\"2025-09-12 18:54:45.525976\"></TimeCreated>\n<EventRecordID>144</EventRecordID>\n<Correlation ActivityID=\"\" RelatedActivityID=\"\"></Correlation>\n<Execution ProcessID=\"784\" ThreadID=\"3620\"></Execution>\n<Channel>System</Channel>\n<Computer>WIN-DAOI7R3U9SA</Computer>\n<Security UserID=\"\"></Security>\n</System>\n<EventData><Data Name=\"param1\">Printer Extensions and Notifications</Data>\n</EventData>\n</Event>\n"}
{"file": "files\\Windows\\System32\\winevt\\Logs\\System.evtx", "record_num": 145, "timestamp": "2025-09-12T18:54:48.087112", "event_id": null, "xml_snippet": "<Event xmlns=\"http://schemas.microsoft.com/win/2004/08/events/event\"><System><Provider Name=\"Microsoft-Windows-Kernel-General\" Guid=\"{a68ca8b7-004f-d7b6-a698-07e2de0f1f5d}\"></Provider>\n<EventID Qualifiers=\"\">16</EventID>\n<Version>0</Version>\n<Level>4</Level>\n<Task>0</Task>\n<Opcode>0</Opcode>\n<Keywords>0x8000000000000000</Keywords>\n<TimeCreated SystemTime=\"2025-09-12 18:54:48.087112\"></TimeCreated>\n<EventRecordID>145</EventRecordID>\n<Correlation ActivityID=\"\" RelatedActivityID=\"\"></Correlation>\n<Execution ProcessID=\"3056\" ThreadID=\"3564\"></Execution>\n<Channel>System</Channel>\n<Computer>WIN-DAOI7R3U9SA</Computer>\n<Security UserID=\"S-1-5-18\"></Security>\n</System>\n<EventData><Data Name=\"HiveNameLength\">141</Data>\n<Data Name=\"HiveName\">\\??\\C:\\ProgramData\\Microsoft\\Windows\\AppRepository\\Packages"}
{"file": "files\\Windows\\System32\\winevt\\Logs\\System.evtx", "record_num": 146, "timestamp": "2025-09-12T18:54:51.514235", "event_id": null, "xml_snippet": "<Event xmlns=\"http://schemas.microsoft.com/win/2004/08/events/event\"><System><Provider Name=\"Microsoft-Windows-Kernel-General\" Guid=\"{a68ca8b7-004f-d7b6-a698-07e2de0f1f5d}\"></Provider>\n<EventID Qualifiers=\"\">16</EventID>\n<Version>0</Version>\n<Level>4</Level>\n<Task>0</Task>\n<Opcode>0</Opcode>\n<Keywords>0x8000000000000000</Keywords>\n<TimeCreated SystemTime=\"2025-09-12 18:54:51.514235\"></TimeCreated>\n<EventRecordID>146</EventRecordID>\n<Correlation ActivityID=\"\" RelatedActivityID=\"\"></Correlation>\n<Execution ProcessID=\"3056\" ThreadID=\"3564\"></Execution>\n<Channel>System</Channel>\n<Computer>WIN-DAOI7R3U9SA</Computer>\n<Security UserID=\"S-1-5-18\"></Security>\n</System>\n<EventData><Data Name=\"HiveNameLength\">132</Data>\n<Data Name=\"HiveName\">\\??\\C:\\ProgramData\\Microsoft\\Windows\\AppRepository\\Packages"}
{"file": "files\\Windows\\System32\\winevt\\Logs\\System.evtx", "record_num": 147, "timestamp": "2025-09-12T18:54:55.630804", "event_id": null, "xml_snippet": "<Event xmlns=\"http://schemas.microsoft.com/win/2004/08/events/event\"><System><Provider Name=\"Microsoft-Windows-Kernel-General\" Guid=\"{a68ca8b7-004f-d7b6-a698-07e2de0f1f5d}\"></Provider>\n<EventID Qualifiers=\"\">16</EventID>\n<Version>0</Version>\n<Level>4</Level>\n<Task>0</Task>\n<Opcode>0</Opcode>\n<Keywords>0x8000000000000000</Keywords>\n<TimeCreated SystemTime=\"2025-09-12 18:54:55.630804\"></TimeCreated>\n<EventRecordID>147</EventRecordID>\n<Correlation ActivityID=\"\" RelatedActivityID=\"\"></Correlation>\n<Execution ProcessID=\"3056\" ThreadID=\"3564\"></Execution>\n<Channel>System</Channel>\n<Computer>WIN-DAOI7R3U9SA</Computer>\n<Security UserID=\"S-1-5-18\"></Security>\n</System>\n<EventData><Data Name=\"HiveNameLength\">132</Data>\n<Data Name=\"HiveName\">\\??\\C:\\ProgramData\\Microsoft\\Windows\\AppRepository\\Packages"}
