{"file": "files\\Windows\\System32\\winevt\\Logs\\Security.evtx", "record_num": 199, "timestamp": "2025-09-14T02:23:57.048197", "event_id": null, "xml_snippet": "<Event xmlns=\"http://schemas.microsoft.com/win/2004/08/events/event\"><System><Provider Name=\"Microsoft-Windows-Security-Auditing\" Guid=\"{54849625-5478-4994-a5ba-3e3b0328c30d}\"></Provider>\n<EventID Qualifiers=\"\">4907</EventID>\n<Version>0</Version>\n<Level>0</Level>\n<Task>13568</Task>\n<Opcode>0</Opcode>\n<Keywords>0x8020000000000000</Keywords>\n<TimeCreated SystemTime=\"2025-09-14 02:23:57.048197\"></TimeCreated>\n<EventRecordID>4273</EventRecordID>\n<Correlation ActivityID=\"\" RelatedActivityID=\"\"></Correlation>\n<Execution ProcessID=\"4\" ThreadID=\"96\"></Execution>\n<Channel>Security</Channel>\n<Computer>Ramadan</Computer>\n<Security UserID=\"\"></Security>\n</System>\n<EventData><Data Name=\"SubjectUserSid\">S-1-5-18</Data>\n<Data Name=\"SubjectUserName\">RAMADAN$</Data>\n<Data Name=\"SubjectDomainName\">WORKGROUP"}
{"file": "files\\Windows\\System32\\winevt\\Logs\\Security.evtx", "record_num": 200, "timestamp": "2025-09-14T02:23:57.054443", "event_id": null, "xml_snippet": "<Event xmlns=\"http://schemas.microsoft.com/win/2004/08/events/event\"><System><Provider Name=\"Microsoft-Windows-Security-Auditing\" Guid=\"{54849625-5478-4994-a5ba-3e3b0328c30d}\"></Provider>\n<EventID Qualifiers=\"\">4907</EventID>\n<Version>0</Version>\n<Level>0</Level>\n<Task>13568</Task>\n<Opcode>0</Opcode>\n<Keywords>0x8020000000000000</Keywords>\n<TimeCreated SystemTime=\"2025-09-14 02:23:57.054443\"></TimeCreated>\n<EventRecordID>4274</EventRecordID>\n<Correlation ActivityID=\"\" RelatedActivityID=\"\"></Correlation>\n<Execution ProcessID=\"4\" ThreadID=\"96\"></Execution>\n<Channel>Security</Channel>\n<Computer>Ramadan</Computer>\n<Security UserID=\"\"></Security>\n</System>\n<EventData><Data Name=\"SubjectUserSid\">S-1-5-18</Data>\n<Data Name=\"SubjectUserName\">RAMADAN$</Data>\n<Data Name=\"SubjectDomainName\">WORKGROUP"}
{"file": "files\\Windows\\System32\\winevt\\Logs\\System.evtx", "record_num": 1, "timestamp": "2025-09-12T18:52:30.057556", "event_id": null, "xml_snippet": "<Event xmlns=\"http://schemas.microsoft.com/win/2004/08/events/event\"><System><Provider Name=\"EventLog\"></Provider>\n<EventID Qualifiers=\"32768\">6011</EventID>\n<Version>0</Version>\n<Level>4</Level>\n<Task>0</Task>\n<Opcode>0</Opcode>\n<Keywords>0x0080000000000000</Keywords>\n<TimeCreated SystemTime=\"2025-09-12 18:52:30.057556\"></TimeCreated>\n<EventRecordID>1</EventRecordID>\n<Correlation ActivityID=\"\" RelatedActivityID=\"\"></Correlation>\n<Execution ProcessID=\"1384\" ThreadID=\"2072\"></Execution>\n<Channel>System</Channel>\n<Computer>WIN-DAOI7R3U9SA</Computer>\n<Security UserID=\"\"></Security>\n</System>\n<EventData><Data>&lt;string&gt;WIN-DAOI7R3U9SA&lt;/string&gt;\n&lt;string&gt;&lt;/string&gt;\n</Data>\n<Binary></Binary>\n</EventData>\n</Event>\n"}
{"file": "files\\Windows\\System32\\winevt\\Logs\\System.evtx", "record_num": 2, "timestamp": "2025-09-12T18:52:30.058828", "event_id": null, "xml_snippet": "<Event xmlns=\"http://schemas.microsoft.com/win/2004/08/events/event\"><System><Provider Name=\"EventLog\"></Provider>\n<EventID Qualifiers=\"32768\">6009</EventID>\n<Version>0</Version>\n<Level>4</Level>\n<Task>0</Task>\n<Opcode>0</Opcode>\n<Keywords>0x0080000000000000</Keywords>\n<TimeCreated SystemTime=\"2025-09-12 18:52:30.058828\"></TimeCreated>\n<EventRecordID>2</EventRecordID>\n<Correlation ActivityID=\"\" RelatedActivityID=\"\"></Correlation>\n<Execution ProcessID=\"1384\" ThreadID=\"2072\"></Execution>\n<Channel>System</Channel>\n<Computer>WIN-DAOI7R3U9SA</Computer>\n<Security UserID=\"\"></Security>\n</System>\n<EventData><Data>&lt;string&gt;10.00.&lt;/string&gt;\n&lt;string&gt;26100&lt;/string&gt;\n&lt;string&gt;&lt;/string&gt;\n&lt;string&gt;Multiprocessor Free&lt;/string&gt;\n&lt;string&gt;0&lt;/string&gt;\n</Data"}
{"file": "files\\Windows\\System32\\winevt\\Logs\\System.evtx", "record_num": 3, "timestamp": "2025-09-12T18:52:30.058960", "event_id": null, "xml_snippet": "<Event xmlns=\"http://schemas.microsoft.com/win/2004/08/events/event\"><System><Provider Name=\"EventLog\"></Provider>\n<EventID Qualifiers=\"32768\">6005</EventID>\n<Version>0</Version>\n<Level>4</Level>\n<Task>0</Task>\n<Opcode>0</Opcode>\n<Keywords>0x0080000000000000</Keywords>\n<TimeCreated SystemTime=\"2025-09-12 18:52:30.058960\"></TimeCreated>\n<EventRecordID>3</EventRecordID>\n<Correlation ActivityID=\"\" RelatedActivityID=\"\"></Correlation>\n<Execution ProcessID=\"1384\" ThreadID=\"2072\"></Execution>\n<Channel>System</Channel>\n<Computer>WIN-DAOI7R3U9SA</Computer>\n<Security UserID=\"\"></Security>\n</System>\n<EventData><Data></Data>\n<Binary>6QcJAAUADAASADQAHgA6AAAAAAAAAAAA</Binary>\n</EventData>\n</Event>\n"}
{"file": "files\\Windows\\System32\\winevt\\Logs\\System.evtx", "record_num": 4, "timestamp": "2025-09-12T18:51:03.623110", "event_id": null, "xml_snippet": "<Event xmlns=\"http://schemas.microsoft.com/win/2004/08/events/event\"><System><Provider Name=\"Microsoft-Windows-Kernel-General\" Guid=\"{a68ca8b7-004f-d7b6-a698-07e2de0f1f5d}\"></Provider>\n<EventID Qualifiers=\"\">12</EventID>\n<Version>0</Version>\n<Level>4</Level>\n<Task>1</Task>\n<Opcode>0</Opcode>\n<Keywords>0x8000000000000080</Keywords>\n<TimeCreated SystemTime=\"2025-09-12 18:51:03.623110\"></TimeCreated>\n<EventRecordID>4</EventRecordID>\n<Correlation ActivityID=\"\" RelatedActivityID=\"\"></Correlation>\n<Execution ProcessID=\"4\" ThreadID=\"8\"></Execution>\n<Channel>System</Channel>\n<Computer>WIN-DAOI7R3U9SA</Computer>\n<Security UserID=\"S-1-5-18\"></Security>\n</System>\n<EventData><Data Name=\"MajorVersion\">10</Data>\n<Data Name=\"MinorVersion\">0</Data>\n<Data Name=\"BuildVersion\">26100</Data>\n<Data Name=\"QfeVer"}
{"file": "files\\Windows\\System32\\winevt\\Logs\\System.evtx", "record_num": 5, "timestamp": "2025-09-12T18:51:03.623114", "event_id": null, "xml_snippet": "<Event xmlns=\"http://schemas.microsoft.com/win/2004/08/events/event\"><System><Provider Name=\"Microsoft-Windows-Kernel-General\" Guid=\"{a68ca8b7-004f-d7b6-a698-07e2de0f1f5d}\"></Provider>\n<EventID Qualifiers=\"\">25</EventID>\n<Version>0</Version>\n<Level>4</Level>\n<Task>12</Task>\n<Opcode>0</Opcode>\n<Keywords>0x8000000000000010</Keywords>\n<TimeCreated SystemTime=\"2025-09-12 18:51:03.623114\"></TimeCreated>\n<EventRecordID>5</EventRecordID>\n<Correlation ActivityID=\"\" RelatedActivityID=\"\"></Correlation>\n<Execution ProcessID=\"4\" ThreadID=\"8\"></Execution>\n<Channel>System</Channel>\n<Computer>WIN-DAOI7R3U9SA</Computer>\n<Security UserID=\"S-1-5-18\"></Security>\n</System>\n<EventData><Data Name=\"SystemTime\">2025-09-12 19:51:03.500000</Data>\n<Data Name=\"LoaderTime\">2025-09-12 19:50:56</Data>\n<Data Name=\"Intern"}
{"file": "files\\Windows\\System32\\winevt\\Logs\\System.evtx", "record_num": 6, "timestamp": "2025-09-12T18:51:03.623512", "event_id": null, "xml_snippet": "<Event xmlns=\"http://schemas.microsoft.com/win/2004/08/events/event\"><System><Provider Name=\"Microsoft-Windows-Kernel-Boot\" Guid=\"{15ca44ff-4d7a-4baa-bba5-0998955e531e}\"></Provider>\n<EventID Qualifiers=\"\">153</EventID>\n<Version>0</Version>\n<Level>4</Level>\n<Task>62</Task>\n<Opcode>0</Opcode>\n<Keywords>0x8000000000000000</Keywords>\n<TimeCreated SystemTime=\"2025-09-12 18:51:03.623512\"></TimeCreated>\n<EventRecordID>6</EventRecordID>\n<Correlation ActivityID=\"\" RelatedActivityID=\"\"></Correlation>\n<Execution ProcessID=\"4\" ThreadID=\"8\"></Execution>\n<Channel>System</Channel>\n<Computer>WIN-DAOI7R3U9SA</Computer>\n<Security UserID=\"S-1-5-18\"></Security>\n</System>\n<EventData><Data Name=\"Status\">0</Data>\n<Data Name=\"EnableDisableReason\">0</Data>\n<Data Name=\"VsmPolicy\">0</Data>\n</EventData>\n</Event>\n"}
{"file": "files\\Windows\\System32\\winevt\\Logs\\System.evtx", "record_num": 7, "timestamp": "2025-09-12T18:51:03.623709", "event_id": null, "xml_snippet": "<Event xmlns=\"http://schemas.microsoft.com/win/2004/08/events/event\"><System><Provider Name=\"Microsoft-Windows-Kernel-Boot\" Guid=\"{15ca44ff-4d7a-4baa-bba5-0998955e531e}\"></Provider>\n<EventID Qualifiers=\"\">20</EventID>\n<Version>1</Version>\n<Level>4</Level>\n<Task>31</Task>\n<Opcode>0</Opcode>\n<Keywords>0x8000000000000000</Keywords>\n<TimeCreated SystemTime=\"2025-09-12 18:51:03.623709\"></TimeCreated>\n<EventRecordID>7</EventRecordID>\n<Correlation ActivityID=\"\" RelatedActivityID=\"\"></Correlation>\n<Execution ProcessID=\"4\" ThreadID=\"8\"></Execution>\n<Channel>System</Channel>\n<Computer>WIN-DAOI7R3U9SA</Computer>\n<Security UserID=\"S-1-5-18\"></Security>\n</System>\n<EventData><Data Name=\"LastShutdownGood\">True</Data>\n<Data Name=\"LastBootGood\">True</Data>\n<Data Name=\"LastBootId\">0</Data>\n<Data Name=\"BootS"}
{"file": "files\\Windows\\System32\\winevt\\Logs\\System.evtx", "record_num": 8, "timestamp": "2025-09-12T18:51:03.623711", "event_id": null, "xml_snippet": "<Event xmlns=\"http://schemas.microsoft.com/win/2004/08/events/event\"><System><Provider Name=\"Microsoft-Windows-Kernel-Boot\" Guid=\"{15ca44ff-4d7a-4baa-bba5-0998955e531e}\"></Provider>\n<EventID Qualifiers=\"\">247</EventID>\n<Version>0</Version>\n<Level>4</Level>\n<Task>99</Task>\n<Opcode>12</Opcode>\n<Keywords>0x8000000000000000</Keywords>\n<TimeCreated SystemTime=\"2025-09-12 18:51:03.623711\"></TimeCreated>\n<EventRecordID>8</EventRecordID>\n<Correlation ActivityID=\"\" RelatedActivityID=\"\"></Correlation>\n<Execution ProcessID=\"4\" ThreadID=\"8\"></Execution>\n<Channel>System</Channel>\n<Computer>WIN-DAOI7R3U9SA</Computer>\n<Security UserID=\"S-1-5-18\"></Security>\n</System>\n<EventData><Data Name=\"Status\">0</Data>\n<Data Name=\"FailureReason\">4</Data>\n</EventData>\n</Event>\n"}
{"file": "files\\Windows\\System32\\winevt\\Logs\\System.evtx", "record_num": 9, "timestamp": "2025-09-12T18:51:03.623720", "event_id": null, "xml_snippet": "<Event xmlns=\"http://schemas.microsoft.com/win/2004/08/events/event\"><System><Provider Name=\"Microsoft-Windows-Kernel-Boot\" Guid=\"{15ca44ff-4d7a-4baa-bba5-0998955e531e}\"></Provider>\n<EventID Qualifiers=\"\">238</EventID>\n<Version>1</Version>\n<Level>4</Level>\n<Task>101</Task>\n<Opcode>0</Opcode>\n<Keywords>0x8000000000000000</Keywords>\n<TimeCreated SystemTime=\"2025-09-12 18:51:03.623720\"></TimeCreated>\n<EventRecordID>9</EventRecordID>\n<Correlation ActivityID=\"\" RelatedActivityID=\"\"></Correlation>\n<Execution ProcessID=\"4\" ThreadID=\"8\"></Execution>\n<Channel>System</Channel>\n<Computer>WIN-DAOI7R3U9SA</Computer>\n<Security UserID=\"S-1-5-18\"></Security>\n</System>\n<EventData><Data Name=\"EfiTimeZoneBias\">2047</Data>\n<Data Name=\"EfiDaylightFlags\">0</Data>\n<Data Name=\"EfiTime\">2025-09-12 11:50:56</Data>\n"}
{"file": "files\\Windows\\System32\\winevt\\Logs\\System.evtx", "record_num": 10, "timestamp": "2025-09-12T18:51:03.623720", "event_id": null, "xml_snippet": "<Event xmlns=\"http://schemas.microsoft.com/win/2004/08/events/event\"><System><Provider Name=\"Microsoft-Windows-Kernel-Boot\" Guid=\"{15ca44ff-4d7a-4baa-bba5-0998955e531e}\"></Provider>\n<EventID Qualifiers=\"\">25</EventID>\n<Version>0</Version>\n<Level>4</Level>\n<Task>32</Task>\n<Opcode>0</Opcode>\n<Keywords>0x8000000000000000</Keywords>\n<TimeCreated SystemTime=\"2025-09-12 18:51:03.623720\"></TimeCreated>\n<EventRecordID>10</EventRecordID>\n<Correlation ActivityID=\"\" RelatedActivityID=\"\"></Correlation>\n<Execution ProcessID=\"4\" ThreadID=\"8\"></Execution>\n<Channel>System</Channel>\n<Computer>WIN-DAOI7R3U9SA</Computer>\n<Security UserID=\"S-1-5-18\"></Security>\n</System>\n<EventData><Data Name=\"BootMenuPolicy\">1</Data>\n</EventData>\n</Event>\n"}
{"file": "files\\Windows\\System32\\winevt\\Logs\\System.evtx", "record_num": 11, "timestamp": "2025-09-12T18:51:03.623722", "event_id": null, "xml_snippet": "<Event xmlns=\"http://schemas.microsoft.com/win/2004/08/events/event\"><System><Provider Name=\"Microsoft-Windows-Kernel-Boot\" Guid=\"{15ca44ff-4d7a-4baa-bba5-0998955e531e}\"></Provider>\n<EventID Qualifiers=\"\">27</EventID>\n<Version>1</Version>\n<Level>4</Level>\n<Task>33</Task>\n<Opcode>0</Opcode>\n<Keywords>0x8000000000000000</Keywords>\n<TimeCreated SystemTime=\"2025-09-12 18:51:03.623722\"></TimeCreated>\n<EventRecordID>11</EventRecordID>\n<Correlation ActivityID=\"\" RelatedActivityID=\"\"></Correlation>\n<Execution ProcessID=\"4\" ThreadID=\"8\"></Execution>\n<Channel>System</Channel>\n<Computer>WIN-DAOI7R3U9SA</Computer>\n<Security UserID=\"S-1-5-18\"></Security>\n</System>\n<EventData><Data Name=\"BootType\">0</Data>\n<Data Name=\"LoadOptions\"> NOEXECUTE=OPTIN  FVEBOOT=2666496  NOVGA</Data>\n</EventData>\n</Event>\n"}
{"file": "files\\Windows\\System32\\winevt\\Logs\\System.evtx", "record_num": 12, "timestamp": "2025-09-12T18:51:03.623857", "event_id": null, "xml_snippet": "<Event xmlns=\"http://schemas.microsoft.com/win/2004/08/events/event\"><System><Provider Name=\"Microsoft-Windows-Kernel-Boot\" Guid=\"{15ca44ff-4d7a-4baa-bba5-0998955e531e}\"></Provider>\n<EventID Qualifiers=\"\">18</EventID>\n<Version>0</Version>\n<Level>4</Level>\n<Task>57</Task>\n<Opcode>0</Opcode>\n<Keywords>0x8000000000000000</Keywords>\n<TimeCreated SystemTime=\"2025-09-12 18:51:03.623857\"></TimeCreated>\n<EventRecordID>12</EventRecordID>\n<Correlation ActivityID=\"\" RelatedActivityID=\"\"></Correlation>\n<Execution ProcessID=\"4\" ThreadID=\"8\"></Execution>\n<Channel>System</Channel>\n<Computer>WIN-DAOI7R3U9SA</Computer>\n<Security UserID=\"S-1-5-18\"></Security>\n</System>\n<EventData><Data Name=\"EntryCount\">1</Data>\n</EventData>\n</Event>\n"}
{"file": "files\\Windows\\System32\\winevt\\Logs\\System.evtx", "record_num": 13, "timestamp": "2025-09-12T18:51:03.623896", "event_id": null, "xml_snippet": "<Event xmlns=\"http://schemas.microsoft.com/win/2004/08/events/event\"><System><Provider Name=\"Microsoft-Windows-Kernel-Boot\" Guid=\"{15ca44ff-4d7a-4baa-bba5-0998955e531e}\"></Provider>\n<EventID Qualifiers=\"\">32</EventID>\n<Version>0</Version>\n<Level>4</Level>\n<Task>58</Task>\n<Opcode>0</Opcode>\n<Keywords>0x8000000000000000</Keywords>\n<TimeCreated SystemTime=\"2025-09-12 18:51:03.623896\"></TimeCreated>\n<EventRecordID>13</EventRecordID>\n<Correlation ActivityID=\"\" RelatedActivityID=\"\"></Correlation>\n<Execution ProcessID=\"4\" ThreadID=\"8\"></Execution>\n<Channel>System</Channel>\n<Computer>WIN-DAOI7R3U9SA</Computer>\n<Security UserID=\"S-1-5-18\"></Security>\n</System>\n<EventData><Data Name=\"BitlockerUserInputTime\">0</Data>\n</EventData>\n</Event>\n"}
{"file": "files\\Windows\\System32\\winevt\\Logs\\System.evtx", "record_num": 14, "timestamp": "2025-09-12T18:51:03.638943", "event_id": null, "xml_snippet": "<Event xmlns=\"http://schemas.microsoft.com/win/2004/08/events/event\"><System><Provider Name=\"Microsoft-Windows-Kernel-General\" Guid=\"{a68ca8b7-004f-d7b6-a698-07e2de0f1f5d}\"></Provider>\n<EventID Qualifiers=\"\">20</EventID>\n<Version>0</Version>\n<Level>4</Level>\n<Task>6</Task>\n<Opcode>0</Opcode>\n<Keywords>0x8000000000000010</Keywords>\n<TimeCreated SystemTime=\"2025-09-12 18:51:03.638943\"></TimeCreated>\n<EventRecordID>14</EventRecordID>\n<Correlation ActivityID=\"\" RelatedActivityID=\"\"></Correlation>\n<Execution ProcessID=\"4\" ThreadID=\"8\"></Execution>\n<Channel>System</Channel>\n<Computer>WIN-DAOI7R3U9SA</Computer>\n<Security UserID=\"S-1-5-18\"></Security>\n</System>\n<EventData><Data Name=\"UpdateReason\">0</Data>\n<Data Name=\"EnabledNew\">True</Data>\n<Data Name=\"CountNew\">0</Data>\n<Data Name=\"CountOld\">0</"}
{"file": "files\\Windows\\System32\\winevt\\Logs\\System.evtx", "record_num": 15, "timestamp": "2025-09-12T18:51:03.701164", "event_id": null, "xml_snippet": "<Event xmlns=\"http://schemas.microsoft.com/win/2004/08/events/event\"><System><Provider Name=\"Microsoft-Windows-HAL\" Guid=\"{63d1e632-95cc-4443-9312-af927761d52a}\"></Provider>\n<EventID Qualifiers=\"\">16</EventID>\n<Version>0</Version>\n<Level>4</Level>\n<Task>0</Task>\n<Opcode>0</Opcode>\n<Keywords>0x8000000000000000</Keywords>\n<TimeCreated SystemTime=\"2025-09-12 18:51:03.701164\"></TimeCreated>\n<EventRecordID>15</EventRecordID>\n<Correlation ActivityID=\"\" RelatedActivityID=\"\"></Correlation>\n<Execution ProcessID=\"4\" ThreadID=\"8\"></Execution>\n<Channel>System</Channel>\n<Computer>WIN-DAOI7R3U9SA</Computer>\n<Security UserID=\"S-1-5-18\"></Security>\n</System>\n<EventData></EventData>\n</Event>\n"}
{"file": "files\\Windows\\System32\\winevt\\Logs\\System.evtx", "record_num": 16, "timestamp": "2025-09-12T18:51:04.640223", "event_id": null, "xml_snippet": "<Event xmlns=\"http://schemas.microsoft.com/win/2004/08/events/event\"><System><Provider Name=\"Microsoft-Windows-FilterManager\" Guid=\"{f3c5e28e-63f6-49c7-a204-e48a1bc4b09d}\"></Provider>\n<EventID Qualifiers=\"\">6</EventID>\n<Version>0</Version>\n<Level>4</Level>\n<Task>0</Task>\n<Opcode>0</Opcode>\n<Keywords>0x8000000000000000</Keywords>\n<TimeCreated SystemTime=\"2025-09-12 18:51:04.640223\"></TimeCreated>\n<EventRecordID>16</EventRecordID>\n<Correlation ActivityID=\"\" RelatedActivityID=\"\"></Correlation>\n<Execution ProcessID=\"4\" ThreadID=\"8\"></Execution>\n<Channel>System</Channel>\n<Computer>WIN-DAOI7R3U9SA</Computer>\n<Security UserID=\"S-1-5-18\"></Security>\n</System>\n<EventData><Data Name=\"FinalStatus\">0x00000000</Data>\n<Data Name=\"DeviceVersionMajor\">10</Data>\n<Data Name=\"DeviceVersionMinor\">0</Data>\n<Da"}
{"file": "files\\Windows\\System32\\winevt\\Logs\\System.evtx", "record_num": 17, "timestamp": "2025-09-12T18:51:04.641317", "event_id": null, "xml_snippet": "<Event xmlns=\"http://schemas.microsoft.com/win/2004/08/events/event\"><System><Provider Name=\"Microsoft-Windows-FilterManager\" Guid=\"{f3c5e28e-63f6-49c7-a204-e48a1bc4b09d}\"></Provider>\n<EventID Qualifiers=\"\">6</EventID>\n<Version>0</Version>\n<Level>4</Level>\n<Task>0</Task>\n<Opcode>0</Opcode>\n<Keywords>0x8000000000000000</Keywords>\n<TimeCreated SystemTime=\"2025-09-12 18:51:04.641317\"></TimeCreated>\n<EventRecordID>17</EventRecordID>\n<Correlation ActivityID=\"\" RelatedActivityID=\"\"></Correlation>\n<Execution ProcessID=\"4\" ThreadID=\"8\"></Execution>\n<Channel>System</Channel>\n<Computer>WIN-DAOI7R3U9SA</Computer>\n<Security UserID=\"S-1-5-18\"></Security>\n</System>\n<EventData><Data Name=\"FinalStatus\">0x00000000</Data>\n<Data Name=\"DeviceVersionMajor\">10</Data>\n<Data Name=\"DeviceVersionMinor\">0</Data>\n<Da"}
{"file": "files\\Windows\\System32\\winevt\\Logs\\System.evtx", "record_num": 18, "timestamp": "2025-09-12T18:51:04.643629", "event_id": null, "xml_snippet": "<Event xmlns=\"http://schemas.microsoft.com/win/2004/08/events/event\"><System><Provider Name=\"Microsoft-Windows-FilterManager\" Guid=\"{f3c5e28e-63f6-49c7-a204-e48a1bc4b09d}\"></Provider>\n<EventID Qualifiers=\"\">6</EventID>\n<Version>0</Version>\n<Level>4</Level>\n<Task>0</Task>\n<Opcode>0</Opcode>\n<Keywords>0x8000000000000000</Keywords>\n<TimeCreated SystemTime=\"2025-09-12 18:51:04.643629\"></TimeCreated>\n<EventRecordID>18</EventRecordID>\n<Correlation ActivityID=\"\" RelatedActivityID=\"\"></Correlation>\n<Execution ProcessID=\"4\" ThreadID=\"8\"></Execution>\n<Channel>System</Channel>\n<Computer>WIN-DAOI7R3U9SA</Computer>\n<Security UserID=\"S-1-5-18\"></Security>\n</System>\n<EventData><Data Name=\"FinalStatus\">0x00000000</Data>\n<Data Name=\"DeviceVersionMajor\">10</Data>\n<Data Name=\"DeviceVersionMinor\">0</Data>\n<Da"}
{"file": "files\\Windows\\System32\\winevt\\Logs\\System.evtx", "record_num": 19, "timestamp": "2025-09-12T18:51:05.422672", "event_id": null, "xml_snippet": "<Event xmlns=\"http://schemas.microsoft.com/win/2004/08/events/event\"><System><Provider Name=\"Microsoft-Windows-Ntfs\" Guid=\"{3ff37a1c-a68d-4d6e-8c9b-f79e8b16c482}\"></Provider>\n<EventID Qualifiers=\"\">98</EventID>\n<Version>0</Version>\n<Level>4</Level>\n<Task>0</Task>\n<Opcode>0</Opcode>\n<Keywords>0x8000000000000002</Keywords>\n<TimeCreated SystemTime=\"2025-09-12 18:51:05.422672\"></TimeCreated>\n<EventRecordID>19</EventRecordID>\n<Correlation ActivityID=\"\" RelatedActivityID=\"\"></Correlation>\n<Execution ProcessID=\"4\" ThreadID=\"332\"></Execution>\n<Channel>System</Channel>\n<Computer>WIN-DAOI7R3U9SA</Computer>\n<Security UserID=\"S-1-5-18\"></Security>\n</System>\n<EventData><Data Name=\"DriveName\">C:</Data>\n<Data Name=\"DeviceName\">\\Device\\HarddiskVolume3</Data>\n<Data Name=\"CorruptionActionState\">0</Data>\n</E"}
{"file": "files\\Windows\\System32\\winevt\\Logs\\System.evtx", "record_num": 20, "timestamp": "2025-09-12T18:51:05.865780", "event_id": null, "xml_snippet": "<Event xmlns=\"http://schemas.microsoft.com/win/2004/08/events/event\"><System><Provider Name=\"Microsoft-Windows-FilterManager\" Guid=\"{f3c5e28e-63f6-49c7-a204-e48a1bc4b09d}\"></Provider>\n<EventID Qualifiers=\"\">6</EventID>\n<Version>0</Version>\n<Level>4</Level>\n<Task>0</Task>\n<Opcode>0</Opcode>\n<Keywords>0x8000000000000000</Keywords>\n<TimeCreated SystemTime=\"2025-09-12 18:51:05.865780\"></TimeCreated>\n<EventRecordID>20</EventRecordID>\n<Correlation ActivityID=\"\" RelatedActivityID=\"\"></Correlation>\n<Execution ProcessID=\"4\" ThreadID=\"8\"></Execution>\n<Channel>System</Channel>\n<Computer>WIN-DAOI7R3U9SA</Computer>\n<Security UserID=\"S-1-5-18\"></Security>\n</System>\n<EventData><Data Name=\"FinalStatus\">0x00000000</Data>\n<Data Name=\"DeviceVersionMajor\">10</Data>\n<Data Name=\"DeviceVersionMinor\">0</Data>\n<Da"}
{"file": "files\\Windows\\System32\\winevt\\Logs\\System.evtx", "record_num": 21, "timestamp": "2025-09-12T18:51:06.711744", "event_id": null, "xml_snippet": "<Event xmlns=\"http://schemas.microsoft.com/win/2004/08/events/event\"><System><Provider Name=\"Microsoft-Windows-FilterManager\" Guid=\"{f3c5e28e-63f6-49c7-a204-e48a1bc4b09d}\"></Provider>\n<EventID Qualifiers=\"\">6</EventID>\n<Version>0</Version>\n<Level>4</Level>\n<Task>0</Task>\n<Opcode>0</Opcode>\n<Keywords>0x8000000000000000</Keywords>\n<TimeCreated SystemTime=\"2025-09-12 18:51:06.711744\"></TimeCreated>\n<EventRecordID>21</EventRecordID>\n<Correlation ActivityID=\"\" RelatedActivityID=\"\"></Correlation>\n<Execution ProcessID=\"4\" ThreadID=\"8\"></Execution>\n<Channel>System</Channel>\n<Computer>WIN-DAOI7R3U9SA</Computer>\n<Security UserID=\"S-1-5-18\"></Security>\n</System>\n<EventData><Data Name=\"FinalStatus\">0x00000000</Data>\n<Data Name=\"DeviceVersionMajor\">10</Data>\n<Data Name=\"DeviceVersionMinor\">0</Data>\n<Da"}
{"file": "files\\Windows\\System32\\winevt\\Logs\\System.evtx", "record_num": 22, "timestamp": "2025-09-12T18:51:06.897200", "event_id": null, "xml_snippet": "<Event xmlns=\"http://schemas.microsoft.com/win/2004/08/events/event\"><System><Provider Name=\"Microsoft-Windows-Kernel-Power\" Guid=\"{331c3b3a-2005-44c2-ac5e-77220c37d6b4}\"></Provider>\n<EventID Qualifiers=\"\">172</EventID>\n<Version>0</Version>\n<Level>4</Level>\n<Task>203</Task>\n<Opcode>0</Opcode>\n<Keywords>0x8000000000000404</Keywords>\n<TimeCreated SystemTime=\"2025-09-12 18:51:06.897200\"></TimeCreated>\n<EventRecordID>22</EventRecordID>\n<Correlation ActivityID=\"\" RelatedActivityID=\"\"></Correlation>\n<Execution ProcessID=\"4\" ThreadID=\"352\"></Execution>\n<Channel>System</Channel>\n<Computer>WIN-DAOI7R3U9SA</Computer>\n<Security UserID=\"S-1-5-18\"></Security>\n</System>\n<EventData><Data Name=\"State\">2</Data>\n<Data Name=\"Reason\">6</Data>\n</EventData>\n</Event>\n"}
{"file": "files\\Windows\\System32\\winevt\\Logs\\System.evtx", "record_num": 23, "timestamp": "2025-09-12T18:51:07.025721", "event_id": null, "xml_snippet": "<Event xmlns=\"http://schemas.microsoft.com/win/2004/08/events/event\"><System><Provider Name=\"Microsoft-Windows-Kernel-General\" Guid=\"{a68ca8b7-004f-d7b6-a698-07e2de0f1f5d}\"></Provider>\n<EventID Qualifiers=\"\">16</EventID>\n<Version>0</Version>\n<Level>4</Level>\n<Task>0</Task>\n<Opcode>0</Opcode>\n<Keywords>0x8000000000000000</Keywords>\n<TimeCreated SystemTime=\"2025-09-12 18:51:07.025721\"></TimeCreated>\n<EventRecordID>23</EventRecordID>\n<Correlation ActivityID=\"\" RelatedActivityID=\"\"></Correlation>\n<Execution ProcessID=\"108\" ThreadID=\"392\"></Execution>\n<Channel>System</Channel>\n<Computer>WIN-DAOI7R3U9SA</Computer>\n<Security UserID=\"S-1-5-18\"></Security>\n</System>\n<EventData><Data Name=\"HiveNameLength\">36</Data>\n<Data Name=\"HiveName\">\\SystemRoot\\System32\\Config\\SECURITY</Data>\n<Data Name=\"KeysUpd"}
{"file": "files\\Windows\\System32\\winevt\\Logs\\System.evtx", "record_num": 24, "timestamp": "2025-09-12T18:51:07.059961", "event_id": null, "xml_snippet": "<Event xmlns=\"http://schemas.microsoft.com/win/2004/08/events/event\"><System><Provider Name=\"Microsoft-Windows-Kernel-General\" Guid=\"{a68ca8b7-004f-d7b6-a698-07e2de0f1f5d}\"></Provider>\n<EventID Qualifiers=\"\">16</EventID>\n<Version>0</Version>\n<Level>4</Level>\n<Task>0</Task>\n<Opcode>0</Opcode>\n<Keywords>0x8000000000000000</Keywords>\n<TimeCreated SystemTime=\"2025-09-12 18:51:07.059961\"></TimeCreated>\n<EventRecordID>24</EventRecordID>\n<Correlation ActivityID=\"\" RelatedActivityID=\"\"></Correlation>\n<Execution ProcessID=\"108\" ThreadID=\"400\"></Execution>\n<Channel>System</Channel>\n<Computer>WIN-DAOI7R3U9SA</Computer>\n<Security UserID=\"S-1-5-18\"></Security>\n</System>\n<EventData><Data Name=\"HiveNameLength\">35</Data>\n<Data Name=\"HiveName\">\\SystemRoot\\System32\\Config\\DEFAULT</Data>\n<Data Name=\"KeysUpda"}
{"file": "files\\Windows\\System32\\winevt\\Logs\\System.evtx", "record_num": 25, "timestamp": "2025-09-12T18:51:07.060034", "event_id": null, "xml_snippet": "<Event xmlns=\"http://schemas.microsoft.com/win/2004/08/events/event\"><System><Provider Name=\"Microsoft-Windows-Kernel-General\" Guid=\"{a68ca8b7-004f-d7b6-a698-07e2de0f1f5d}\"></Provider>\n<EventID Qualifiers=\"\">16</EventID>\n<Version>0</Version>\n<Level>4</Level>\n<Task>0</Task>\n<Opcode>0</Opcode>\n<Keywords>0x8000000000000000</Keywords>\n<TimeCreated SystemTime=\"2025-09-12 18:51:07.060034\"></TimeCreated>\n<EventRecordID>25</EventRecordID>\n<Correlation ActivityID=\"\" RelatedActivityID=\"\"></Correlation>\n<Execution ProcessID=\"108\" ThreadID=\"404\"></Execution>\n<Channel>System</Channel>\n<Computer>WIN-DAOI7R3U9SA</Computer>\n<Security UserID=\"S-1-5-18\"></Security>\n</System>\n<EventData><Data Name=\"HiveNameLength\">31</Data>\n<Data Name=\"HiveName\">\\SystemRoot\\System32\\Config\\SAM</Data>\n<Data Name=\"KeysUpdated\""}
{"file": "files\\Windows\\System32\\winevt\\Logs\\System.evtx", "record_num": 26, "timestamp": "2025-09-12T18:51:07.180616", "event_id": null, "xml_snippet": "<Event xmlns=\"http://schemas.microsoft.com/win/2004/08/events/event\"><System><Provider Name=\"Microsoft-Windows-Kernel-Processor-Power\" Guid=\"{0f67e49f-fe51-4e9f-b490-6f2948cc6027}\"></Provider>\n<EventID Qualifiers=\"\">55</EventID>\n<Version>0</Version>\n<Level>4</Level>\n<Task>47</Task>\n<Opcode>0</Opcode>\n<Keywords>0x8000000000000000</Keywords>\n<TimeCreated SystemTime=\"2025-09-12 18:51:07.180616\"></TimeCreated>\n<EventRecordID>26</EventRecordID>\n<Correlation ActivityID=\"\" RelatedActivityID=\"\"></Correlation>\n<Execution ProcessID=\"4\" ThreadID=\"360\"></Execution>\n<Channel>System</Channel>\n<Computer>WIN-DAOI7R3U9SA</Computer>\n<Security UserID=\"S-1-5-18\"></Security>\n</System>\n<EventData><Data Name=\"Group\">0</Data>\n<Data Name=\"Number\">0</Data>\n<Data Name=\"IdleStateCount\">1</Data>\n<Data Name=\"IdleImplem"}
{"file": "files\\Windows\\System32\\winevt\\Logs\\System.evtx", "record_num": 27, "timestamp": "2025-09-12T18:51:07.185333", "event_id": null, "xml_snippet": "<Event xmlns=\"http://schemas.microsoft.com/win/2004/08/events/event\"><System><Provider Name=\"Microsoft-Windows-Kernel-Processor-Power\" Guid=\"{0f67e49f-fe51-4e9f-b490-6f2948cc6027}\"></Provider>\n<EventID Qualifiers=\"\">55</EventID>\n<Version>0</Version>\n<Level>4</Level>\n<Task>47</Task>\n<Opcode>0</Opcode>\n<Keywords>0x8000000000000000</Keywords>\n<TimeCreated SystemTime=\"2025-09-12 18:51:07.185333\"></TimeCreated>\n<EventRecordID>27</EventRecordID>\n<Correlation ActivityID=\"\" RelatedActivityID=\"\"></Correlation>\n<Execution ProcessID=\"4\" ThreadID=\"360\"></Execution>\n<Channel>System</Channel>\n<Computer>WIN-DAOI7R3U9SA</Computer>\n<Security UserID=\"S-1-5-18\"></Security>\n</System>\n<EventData><Data Name=\"Group\">0</Data>\n<Data Name=\"Number\">1</Data>\n<Data Name=\"IdleStateCount\">1</Data>\n<Data Name=\"IdleImplem"}
{"file": "files\\Windows\\System32\\winevt\\Logs\\System.evtx", "record_num": 28, "timestamp": "2025-09-12T18:51:07.313271", "event_id": null, "xml_snippet": "<Event xmlns=\"http://schemas.microsoft.com/win/2004/08/events/event\"><System><Provider Name=\"Microsoft-Windows-Kernel-Power\" Guid=\"{331c3b3a-2005-44c2-ac5e-77220c37d6b4}\"></Provider>\n<EventID Qualifiers=\"\">521</EventID>\n<Version>0</Version>\n<Level>4</Level>\n<Task>220</Task>\n<Opcode>0</Opcode>\n<Keywords>0x8000000000000404</Keywords>\n<TimeCreated SystemTime=\"2025-09-12 18:51:07.313271\"></TimeCreated>\n<EventRecordID>28</EventRecordID>\n<Correlation ActivityID=\"\" RelatedActivityID=\"\"></Correlation>\n<Execution ProcessID=\"4\" ThreadID=\"380\"></Execution>\n<Channel>System</Channel>\n<Computer>WIN-DAOI7R3U9SA</Computer>\n<Security UserID=\"S-1-5-18\"></Security>\n</System>\n<EventData><Data Name=\"ValidBatteryCount\">1</Data>\n<Data Name=\"ErrorBatteryCount\">0</Data>\n<Data Name=\"AbandonedBatteryCount\">0</Data>\n"}
{"file": "files\\Windows\\System32\\winevt\\Logs\\System.evtx", "record_num": 29, "timestamp": "2025-09-12T18:51:09.514414", "event_id": null, "xml_snippet": "<Event xmlns=\"http://schemas.microsoft.com/win/2004/08/events/event\"><System><Provider Name=\"Microsoft-Windows-Kernel-General\" Guid=\"{a68ca8b7-004f-d7b6-a698-07e2de0f1f5d}\"></Provider>\n<EventID Qualifiers=\"\">16</EventID>\n<Version>0</Version>\n<Level>4</Level>\n<Task>0</Task>\n<Opcode>0</Opcode>\n<Keywords>0x8000000000000000</Keywords>\n<TimeCreated SystemTime=\"2025-09-12 18:51:09.514414\"></TimeCreated>\n<EventRecordID>29</EventRecordID>\n<Correlation ActivityID=\"\" RelatedActivityID=\"\"></Correlation>\n<Execution ProcessID=\"108\" ThreadID=\"396\"></Execution>\n<Channel>System</Channel>\n<Computer>WIN-DAOI7R3U9SA</Computer>\n<Security UserID=\"S-1-5-18\"></Security>\n</System>\n<EventData><Data Name=\"HiveNameLength\">36</Data>\n<Data Name=\"HiveName\">\\SystemRoot\\System32\\Config\\SOFTWARE</Data>\n<Data Name=\"KeysUpd"}
{"file": "files\\Windows\\System32\\winevt\\Logs\\System.evtx", "record_num": 30, "timestamp": "2025-09-12T18:51:10.097935", "event_id": null, "xml_snippet": "<Event xmlns=\"http://schemas.microsoft.com/win/2004/08/events/event\"><System><Provider Name=\"Microsoft-Windows-Kernel-General\" Guid=\"{a68ca8b7-004f-d7b6-a698-07e2de0f1f5d}\"></Provider>\n<EventID Qualifiers=\"\">16</EventID>\n<Version>0</Version>\n<Level>4</Level>\n<Task>0</Task>\n<Opcode>0</Opcode>\n<Keywords>0x8000000000000000</Keywords>\n<TimeCreated SystemTime=\"2025-09-12 18:51:10.097935\"></TimeCreated>\n<EventRecordID>30</EventRecordID>\n<Correlation ActivityID=\"\" RelatedActivityID=\"\"></Correlation>\n<Execution ProcessID=\"448\" ThreadID=\"452\"></Execution>\n<Channel>System</Channel>\n<Computer>WIN-DAOI7R3U9SA</Computer>\n<Security UserID=\"S-1-5-18\"></Security>\n</System>\n<EventData><Data Name=\"HiveNameLength\">46</Data>\n<Data Name=\"HiveName\">\\Device\\HarddiskVolume1\\EFI\\Microsoft\\Boot\\BCD</Data>\n<Data Nam"}
{"file": "files\\Windows\\System32\\winevt\\Logs\\System.evtx", "record_num": 31, "timestamp": "2025-09-12T18:51:10.146280", "event_id": null, "xml_snippet": "<Event xmlns=\"http://schemas.microsoft.com/win/2004/08/events/event\"><System><Provider Name=\"Microsoft-Windows-Kernel-General\" Guid=\"{a68ca8b7-004f-d7b6-a698-07e2de0f1f5d}\"></Provider>\n<EventID Qualifiers=\"\">16</EventID>\n<Version>0</Version>\n<Level>4</Level>\n<Task>0</Task>\n<Opcode>0</Opcode>\n<Keywords>0x8000000000000000</Keywords>\n<TimeCreated SystemTime=\"2025-09-12 18:51:10.146280\"></TimeCreated>\n<EventRecordID>31</EventRecordID>\n<Correlation ActivityID=\"\" RelatedActivityID=\"\"></Correlation>\n<Execution ProcessID=\"448\" ThreadID=\"452\"></Execution>\n<Channel>System</Channel>\n<Computer>WIN-DAOI7R3U9SA</Computer>\n<Security UserID=\"S-1-5-18\"></Security>\n</System>\n<EventData><Data Name=\"HiveNameLength\">46</Data>\n<Data Name=\"HiveName\">\\Device\\HarddiskVolume1\\EFI\\Microsoft\\Boot\\BCD</Data>\n<Data Nam"}
{"file": "files\\Windows\\System32\\winevt\\Logs\\System.evtx", "record_num": 32, "timestamp": "2025-09-12T18:51:10.173418", "event_id": null, "xml_snippet": "<Event xmlns=\"http://schemas.microsoft.com/win/2004/08/events/event\"><System><Provider Name=\"Microsoft-Windows-Kernel-General\" Guid=\"{a68ca8b7-004f-d7b6-a698-07e2de0f1f5d}\"></Provider>\n<EventID Qualifiers=\"\">16</EventID>\n<Version>0</Version>\n<Level>4</Level>\n<Task>0</Task>\n<Opcode>0</Opcode>\n<Keywords>0x8000000000000000</Keywords>\n<TimeCreated SystemTime=\"2025-09-12 18:51:10.173418\"></TimeCreated>\n<EventRecordID>32</EventRecordID>\n<Correlation ActivityID=\"\" RelatedActivityID=\"\"></Correlation>\n<Execution ProcessID=\"448\" ThreadID=\"452\"></Execution>\n<Channel>System</Channel>\n<Computer>WIN-DAOI7R3U9SA</Computer>\n<Security UserID=\"S-1-5-18\"></Security>\n</System>\n<EventData><Data Name=\"HiveNameLength\">46</Data>\n<Data Name=\"HiveName\">\\Device\\HarddiskVolume1\\EFI\\Microsoft\\Boot\\BCD</Data>\n<Data Nam"}
{"file": "files\\Windows\\System32\\winevt\\Logs\\System.evtx", "record_num": 33, "timestamp": "2025-09-12T18:51:10.489370", "event_id": null, "xml_snippet": "<Event xmlns=\"http://schemas.microsoft.com/win/2004/08/events/event\"><System><Provider Name=\"Microsoft-Windows-Kernel-General\" Guid=\"{a68ca8b7-004f-d7b6-a698-07e2de0f1f5d}\"></Provider>\n<EventID Qualifiers=\"\">24</EventID>\n<Version>0</Version>\n<Level>4</Level>\n<Task>11</Task>\n<Opcode>0</Opcode>\n<Keywords>0x8000000000000010</Keywords>\n<TimeCreated SystemTime=\"2025-09-12 18:51:10.489370\"></TimeCreated>\n<EventRecordID>33</EventRecordID>\n<Correlation ActivityID=\"\" RelatedActivityID=\"\"></Correlation>\n<Execution ProcessID=\"108\" ThreadID=\"528\"></Execution>\n<Channel>System</Channel>\n<Computer>WIN-DAOI7R3U9SA</Computer>\n<Security UserID=\"S-1-5-18\"></Security>\n</System>\n<EventData><Data Name=\"ExitReason\">0</Data>\n<Data Name=\"CurrentBias\">420</Data>\n<Data Name=\"CurrentTimeZoneID\">2</Data>\n<Data Name=\"T"}
{"file": "files\\Windows\\System32\\winevt\\Logs\\System.evtx", "record_num": 34, "timestamp": "2025-09-12T18:51:11.002985", "event_id": null, "xml_snippet": "<Event xmlns=\"http://schemas.microsoft.com/win/2004/08/events/event\"><System><Provider Name=\"Microsoft-Windows-Kernel-General\" Guid=\"{a68ca8b7-004f-d7b6-a698-07e2de0f1f5d}\"></Provider>\n<EventID Qualifiers=\"\">16</EventID>\n<Version>0</Version>\n<Level>4</Level>\n<Task>0</Task>\n<Opcode>0</Opcode>\n<Keywords>0x8000000000000000</Keywords>\n<TimeCreated SystemTime=\"2025-09-12 18:51:11.002985\"></TimeCreated>\n<EventRecordID>34</EventRecordID>\n<Correlation ActivityID=\"\" RelatedActivityID=\"\"></Correlation>\n<Execution ProcessID=\"4\" ThreadID=\"352\"></Execution>\n<Channel>System</Channel>\n<Computer>WIN-DAOI7R3U9SA</Computer>\n<Security UserID=\"S-1-5-18\"></Security>\n</System>\n<EventData><Data Name=\"HiveNameLength\">35</Data>\n<Data Name=\"HiveName\">\\SystemRoot\\System32\\config\\DRIVERS</Data>\n<Data Name=\"KeysUpdate"}
{"file": "files\\Windows\\System32\\winevt\\Logs\\System.evtx", "record_num": 35, "timestamp": "2025-09-12T18:51:11.773684", "event_id": null, "xml_snippet": "<Event xmlns=\"http://schemas.microsoft.com/win/2004/08/events/event\"><System><Provider Name=\"Microsoft-Windows-Kernel-General\" Guid=\"{a68ca8b7-004f-d7b6-a698-07e2de0f1f5d}\"></Provider>\n<EventID Qualifiers=\"\">16</EventID>\n<Version>0</Version>\n<Level>4</Level>\n<Task>0</Task>\n<Opcode>0</Opcode>\n<Keywords>0x8000000000000000</Keywords>\n<TimeCreated SystemTime=\"2025-09-12 18:51:11.773684\"></TimeCreated>\n<EventRecordID>35</EventRecordID>\n<Correlation ActivityID=\"\" RelatedActivityID=\"\"></Correlation>\n<Execution ProcessID=\"420\" ThreadID=\"424\"></Execution>\n<Channel>System</Channel>\n<Computer>WIN-DAOI7R3U9SA</Computer>\n<Security UserID=\"S-1-5-18\"></Security>\n</System>\n<EventData><Data Name=\"HiveNameLength\">46</Data>\n<Data Name=\"HiveName\">\\Device\\HarddiskVolume1\\EFI\\Microsoft\\Boot\\BCD</Data>\n<Data Nam"}
{"file": "files\\Windows\\System32\\winevt\\Logs\\System.evtx", "record_num": 36, "timestamp": "2025-09-12T18:51:21.962772", "event_id": null, "xml_snippet": "<Event xmlns=\"http://schemas.microsoft.com/win/2004/08/events/event\"><System><Provider Name=\"Microsoft-Windows-Kernel-General\" Guid=\"{a68ca8b7-004f-d7b6-a698-07e2de0f1f5d}\"></Provider>\n<EventID Qualifiers=\"\">16</EventID>\n<Version>0</Version>\n<Level>4</Level>\n<Task>0</Task>\n<Opcode>0</Opcode>\n<Keywords>0x8000000000000000</Keywords>\n<TimeCreated SystemTime=\"2025-09-12 18:51:21.962772\"></TimeCreated>\n<EventRecordID>36</EventRecordID>\n<Correlation ActivityID=\"\" RelatedActivityID=\"\"></Correlation>\n<Execution ProcessID=\"536\" ThreadID=\"540\"></Execution>\n<Channel>System</Channel>\n<Computer>WIN-DAOI7R3U9SA</Computer>\n<Security UserID=\"S-1-5-18\"></Security>\n</System>\n<EventData><Data Name=\"HiveNameLength\">31</Data>\n<Data Name=\"HiveName\">\\??\\C:\\Users\\Default\\NTUSER.DAT</Data>\n<Data Name=\"KeysUpdated\""}
{"file": "files\\Windows\\System32\\winevt\\Logs\\System.evtx", "record_num": 37, "timestamp": "2025-09-12T18:51:23.906343", "event_id": null, "xml_snippet": "<Event xmlns=\"http://schemas.microsoft.com/win/2004/08/events/event\"><System><Provider Name=\"Microsoft-Windows-Wininit\" Guid=\"{206f6dea-d3c5-4d10-bc72-989f03c8b84b}\"></Provider>\n<EventID Qualifiers=\"\">14</EventID>\n<Version>0</Version>\n<Level>4</Level>\n<Task>0</Task>\n<Opcode>0</Opcode>\n<Keywords>0x4000000000000000</Keywords>\n<TimeCreated SystemTime=\"2025-09-12 18:51:23.906343\"></TimeCreated>\n<EventRecordID>37</EventRecordID>\n<Correlation ActivityID=\"\" RelatedActivityID=\"\"></Correlation>\n<Execution ProcessID=\"648\" ThreadID=\"652\"></Execution>\n<Channel>System</Channel>\n<Computer>WIN-DAOI7R3U9SA</Computer>\n<Security UserID=\"S-1-5-18\"></Security>\n</System>\n<EventData><Data Name=\"Config\">0</Data>\n<Data Name=\"IsTestConfig\">0</Data>\n<Data Name=\"IsAutoEnabled\">0</Data>\n</EventData>\n</Event>\n"}
{"file": "files\\Windows\\System32\\winevt\\Logs\\System.evtx", "record_num": 38, "timestamp": "2025-09-12T18:51:23.970400", "event_id": null, "xml_snippet": "<Event xmlns=\"http://schemas.microsoft.com/win/2004/08/events/event\"><System><Provider Name=\"Microsoft-Windows-Wininit\" Guid=\"{206f6dea-d3c5-4d10-bc72-989f03c8b84b}\"></Provider>\n<EventID Qualifiers=\"\">12</EventID>\n<Version>0</Version>\n<Level>4</Level>\n<Task>0</Task>\n<Opcode>0</Opcode>\n<Keywords>0x4000000000000000</Keywords>\n<TimeCreated SystemTime=\"2025-09-12 18:51:23.970400\"></TimeCreated>\n<EventRecordID>38</EventRecordID>\n<Correlation ActivityID=\"\" RelatedActivityID=\"\"></Correlation>\n<Execution ProcessID=\"648\" ThreadID=\"652\"></Execution>\n<Channel>System</Channel>\n<Computer>WIN-DAOI7R3U9SA</Computer>\n<Security UserID=\"S-1-5-18\"></Security>\n</System>\n<EventData><Data Name=\"Level\">4</Data>\n</EventData>\n</Event>\n"}
{"file": "files\\Windows\\System32\\winevt\\Logs\\System.evtx", "record_num": 39, "timestamp": "2025-09-12T18:51:24.231455", "event_id": null, "xml_snippet": "<Event xmlns=\"http://schemas.microsoft.com/win/2004/08/events/event\"><System><Provider Name=\"LsaSrv\" Guid=\"{199fe037-2b82-40a9-82ac-e1d46c792b99}\"></Provider>\n<EventID Qualifiers=\"\">6156</EventID>\n<Version>0</Version>\n<Level>4</Level>\n<Task>0</Task>\n<Opcode>0</Opcode>\n<Keywords>0x8000000000000000</Keywords>\n<TimeCreated SystemTime=\"2025-09-12 18:51:24.231455\"></TimeCreated>\n<EventRecordID>39</EventRecordID>\n<Correlation ActivityID=\"\" RelatedActivityID=\"\"></Correlation>\n<Execution ProcessID=\"808\" ThreadID=\"812\"></Execution>\n<Channel>System</Channel>\n<Computer>WIN-DAOI7R3U9SA</Computer>\n<Security UserID=\"S-1-5-18\"></Security>\n</System>\n<EventData><Data Name=\"HardwareChecks\">1</Data>\n<Data Name=\"ADDomainJoin\">0</Data>\n<Data Name=\"AADDomainJoin\">0</Data>\n<Data Name=\"IsLicensed\">0</Data>\n<Data "}
{"file": "files\\Windows\\System32\\winevt\\Logs\\System.evtx", "record_num": 40, "timestamp": "2025-09-12T18:51:25.318209", "event_id": null, "xml_snippet": "<Event xmlns=\"http://schemas.microsoft.com/win/2004/08/events/event\"><System><Provider Name=\"Microsoft-Windows-Directory-Services-SAM\" Guid=\"{0d4fdc09-8c27-494a-bda0-505e4fd8adae}\"></Provider>\n<EventID Qualifiers=\"\">16962</EventID>\n<Version>0</Version>\n<Level>4</Level>\n<Task>0</Task>\n<Opcode>0</Opcode>\n<Keywords>0x8000000000000000</Keywords>\n<TimeCreated SystemTime=\"2025-09-12 18:51:25.318209\"></TimeCreated>\n<EventRecordID>40</EventRecordID>\n<Correlation ActivityID=\"{3079a2ce-2416-0000-13a5-79301624dc01}\" RelatedActivityID=\"\"></Correlation>\n<Execution ProcessID=\"808\" ThreadID=\"812\"></Execution>\n<Channel>System</Channel>\n<Computer>WIN-DAOI7R3U9SA</Computer>\n<Security UserID=\"S-1-5-18\"></Security>\n</System>\n<EventData Name=\"SAMMSG_RESTRICT_REMOTE_SAM_DEFAULT_SD\"><Data Name=\"Default SD String"}
{"file": "files\\Windows\\System32\\winevt\\Logs\\System.evtx", "record_num": 41, "timestamp": "2025-09-12T18:51:25.388168", "event_id": null, "xml_snippet": "<Event xmlns=\"http://schemas.microsoft.com/win/2004/08/events/event\"><System><Provider Name=\"Microsoft-Windows-Directory-Services-SAM\" Guid=\"{0d4fdc09-8c27-494a-bda0-505e4fd8adae}\"></Provider>\n<EventID Qualifiers=\"\">16977</EventID>\n<Version>0</Version>\n<Level>4</Level>\n<Task>0</Task>\n<Opcode>0</Opcode>\n<Keywords>0x8000000000000000</Keywords>\n<TimeCreated SystemTime=\"2025-09-12 18:51:25.388168\"></TimeCreated>\n<EventRecordID>41</EventRecordID>\n<Correlation ActivityID=\"{3079a2ce-2416-0000-13a5-79301624dc01}\" RelatedActivityID=\"\"></Correlation>\n<Execution ProcessID=\"808\" ThreadID=\"812\"></Execution>\n<Channel>System</Channel>\n<Computer>WIN-DAOI7R3U9SA</Computer>\n<Security UserID=\"S-1-5-18\"></Security>\n</System>\n<EventData Name=\"SAMMSG_MINPWDLEN_SETTINGS_IN_EFFECT\"><Data Name=\"MinimumPasswordLeng"}
{"file": "files\\Windows\\System32\\winevt\\Logs\\System.evtx", "record_num": 42, "timestamp": "2025-09-12T18:51:25.388176", "event_id": null, "xml_snippet": "<Event xmlns=\"http://schemas.microsoft.com/win/2004/08/events/event\"><System><Provider Name=\"Microsoft-Windows-Directory-Services-SAM\" Guid=\"{0d4fdc09-8c27-494a-bda0-505e4fd8adae}\"></Provider>\n<EventID Qualifiers=\"\">16983</EventID>\n<Version>0</Version>\n<Level>4</Level>\n<Task>0</Task>\n<Opcode>0</Opcode>\n<Keywords>0x8000000000000000</Keywords>\n<TimeCreated SystemTime=\"2025-09-12 18:51:25.388176\"></TimeCreated>\n<EventRecordID>42</EventRecordID>\n<Correlation ActivityID=\"{3079a2ce-2416-0000-13a5-79301624dc01}\" RelatedActivityID=\"\"></Correlation>\n<Execution ProcessID=\"808\" ThreadID=\"812\"></Execution>\n<Channel>System</Channel>\n<Computer>WIN-DAOI7R3U9SA</Computer>\n<Security UserID=\"S-1-5-18\"></Security>\n</System>\n<EventData Name=\"SAMMSG_AUDIT_LEGACY_PWD_RPC_METHODS_OFF\"></EventData>\n</Event>\n"}
{"file": "files\\Windows\\System32\\winevt\\Logs\\System.evtx", "record_num": 43, "timestamp": "2025-09-12T18:52:18.321741", "event_id": null, "xml_snippet": "<Event xmlns=\"http://schemas.microsoft.com/win/2004/08/events/event\"><System><Provider Name=\"Microsoft-Windows-Ntfs\" Guid=\"{3ff37a1c-a68d-4d6e-8c9b-f79e8b16c482}\"></Provider>\n<EventID Qualifiers=\"\">98</EventID>\n<Version>0</Version>\n<Level>4</Level>\n<Task>0</Task>\n<Opcode>0</Opcode>\n<Keywords>0x8000000000000002</Keywords>\n<TimeCreated SystemTime=\"2025-09-12 18:52:18.321741\"></TimeCreated>\n<EventRecordID>43</EventRecordID>\n<Correlation ActivityID=\"\" RelatedActivityID=\"\"></Correlation>\n<Execution ProcessID=\"4\" ThreadID=\"132\"></Execution>\n<Channel>System</Channel>\n<Computer>WIN-DAOI7R3U9SA</Computer>\n<Security UserID=\"S-1-5-18\"></Security>\n</System>\n<EventData><Data Name=\"DriveName\">\\\\?\\Volume{a590faa0-e4c4-4d22-b346-4aa14ea22fc4}</Data>\n<Data Name=\"DeviceName\">\\Device\\HarddiskVolume4</Data>\n<"}
{"file": "files\\Windows\\System32\\winevt\\Logs\\System.evtx", "record_num": 44, "timestamp": "2025-09-12T18:52:24.066795", "event_id": null, "xml_snippet": "<Event xmlns=\"http://schemas.microsoft.com/win/2004/08/events/event\"><System><Provider Name=\"Microsoft-Windows-Kernel-General\" Guid=\"{a68ca8b7-004f-d7b6-a698-07e2de0f1f5d}\"></Provider>\n<EventID Qualifiers=\"\">16</EventID>\n<Version>0</Version>\n<Level>4</Level>\n<Task>0</Task>\n<Opcode>0</Opcode>\n<Keywords>0x8000000000000000</Keywords>\n<TimeCreated SystemTime=\"2025-09-12 18:52:24.066795\"></TimeCreated>\n<EventRecordID>44</EventRecordID>\n<Correlation ActivityID=\"\" RelatedActivityID=\"\"></Correlation>\n<Execution ProcessID=\"1380\" ThreadID=\"1384\"></Execution>\n<Channel>System</Channel>\n<Computer>WIN-DAOI7R3U9SA</Computer>\n<Security UserID=\"S-1-5-18\"></Security>\n</System>\n<EventData><Data Name=\"HiveNameLength\">50</Data>\n<Data Name=\"HiveName\">\\Device\\HarddiskVolume1\\EFI\\Microsoft\\Recovery\\BCD</Data>\n<Da"}
{"file": "files\\Windows\\System32\\winevt\\Logs\\System.evtx", "record_num": 45, "timestamp": "2025-09-12T18:52:24.444016", "event_id": null, "xml_snippet": "<Event xmlns=\"http://schemas.microsoft.com/win/2004/08/events/event\"><System><Provider Name=\"Microsoft-Windows-SetupPlatform\" Guid=\"{530fb9b9-c515-4472-9313-fb346f9255e3}\"></Provider>\n<EventID Qualifiers=\"\">2005</EventID>\n<Version>0</Version>\n<Level>4</Level>\n<Task>1003</Task>\n<Opcode>0</Opcode>\n<Keywords>0x2000000000000000</Keywords>\n<TimeCreated SystemTime=\"2025-09-12 18:52:24.444016\"></TimeCreated>\n<EventRecordID>45</EventRecordID>\n<Correlation ActivityID=\"\" RelatedActivityID=\"\"></Correlation>\n<Execution ProcessID=\"1380\" ThreadID=\"1384\"></Execution>\n<Channel>System</Channel>\n<Computer>WIN-DAOI7R3U9SA</Computer>\n<Security UserID=\"S-1-5-18\"></Security>\n</System>\n<EventData><Data Name=\"Installation choice\">1</Data>\n<Data Name=\"Host OS Major version\">10</Data>\n<Data Name=\"Host OS Minor vers"}
{"file": "files\\Windows\\System32\\winevt\\Logs\\System.evtx", "record_num": 46, "timestamp": "2025-09-12T18:52:26.351856", "event_id": null, "xml_snippet": "<Event xmlns=\"http://schemas.microsoft.com/win/2004/08/events/event\"><System><Provider Name=\"Microsoft-Windows-Kernel-General\" Guid=\"{a68ca8b7-004f-d7b6-a698-07e2de0f1f5d}\"></Provider>\n<EventID Qualifiers=\"\">16</EventID>\n<Version>0</Version>\n<Level>4</Level>\n<Task>0</Task>\n<Opcode>0</Opcode>\n<Keywords>0x8000000000000000</Keywords>\n<TimeCreated SystemTime=\"2025-09-12 18:52:26.351856\"></TimeCreated>\n<EventRecordID>46</EventRecordID>\n<Correlation ActivityID=\"\" RelatedActivityID=\"\"></Correlation>\n<Execution ProcessID=\"1796\" ThreadID=\"1840\"></Execution>\n<Channel>System</Channel>\n<Computer>WIN-DAOI7R3U9SA</Computer>\n<Security UserID=\"S-1-5-18\"></Security>\n</System>\n<EventData><Data Name=\"HiveNameLength\">41</Data>\n<Data Name=\"HiveName\">\\??\\C:\\WINDOWS\\System32\\config\\COMPONENTS</Data>\n<Data Name=\""}
{"file": "files\\Windows\\System32\\winevt\\Logs\\System.evtx", "record_num": 47, "timestamp": "2025-09-12T18:52:26.698864", "event_id": null, "xml_snippet": "<Event xmlns=\"http://schemas.microsoft.com/win/2004/08/events/event\"><System><Provider Name=\"Microsoft-Windows-Directory-Services-SAM\" Guid=\"{0d4fdc09-8c27-494a-bda0-505e4fd8adae}\"></Provider>\n<EventID Qualifiers=\"\">16977</EventID>\n<Version>0</Version>\n<Level>4</Level>\n<Task>0</Task>\n<Opcode>0</Opcode>\n<Keywords>0x8000000000000000</Keywords>\n<TimeCreated SystemTime=\"2025-09-12 18:52:26.698864\"></TimeCreated>\n<EventRecordID>47</EventRecordID>\n<Correlation ActivityID=\"{3079a2ce-2416-0000-13a5-79301624dc01}\" RelatedActivityID=\"\"></Correlation>\n<Execution ProcessID=\"808\" ThreadID=\"856\"></Execution>\n<Channel>System</Channel>\n<Computer>WIN-DAOI7R3U9SA</Computer>\n<Security UserID=\"S-1-5-18\"></Security>\n</System>\n<EventData Name=\"SAMMSG_MINPWDLEN_SETTINGS_IN_EFFECT\"><Data Name=\"MinimumPasswordLeng"}
{"file": "files\\Windows\\System32\\winevt\\Logs\\System.evtx", "record_num": 48, "timestamp": "2025-09-12T18:52:28.251839", "event_id": null, "xml_snippet": "<Event xmlns=\"http://schemas.microsoft.com/win/2004/08/events/event\"><System><Provider Name=\"Microsoft-Windows-Kernel-General\" Guid=\"{a68ca8b7-004f-d7b6-a698-07e2de0f1f5d}\"></Provider>\n<EventID Qualifiers=\"\">16</EventID>\n<Version>0</Version>\n<Level>4</Level>\n<Task>0</Task>\n<Opcode>0</Opcode>\n<Keywords>0x8000000000000000</Keywords>\n<TimeCreated SystemTime=\"2025-09-12 18:52:28.251839\"></TimeCreated>\n<EventRecordID>48</EventRecordID>\n<Correlation ActivityID=\"\" RelatedActivityID=\"\"></Correlation>\n<Execution ProcessID=\"916\" ThreadID=\"456\"></Execution>\n<Channel>System</Channel>\n<Computer>WIN-DAOI7R3U9SA</Computer>\n<Security UserID=\"S-1-5-18\"></Security>\n</System>\n<EventData><Data Name=\"HiveNameLength\">31</Data>\n<Data Name=\"HiveName\">\\SystemRoot\\System32\\Config\\BBI</Data>\n<Data Name=\"KeysUpdated\""}
