{"file": "files\\Windows\\System32\\winevt\\Logs\\System.evtx", "record_num": 148, "timestamp": "2025-09-12T18:55:01.612272", "event_id": null, "xml_snippet": "<Event xmlns=\"http://schemas.microsoft.com/win/2004/08/events/event\"><System><Provider Name=\"Microsoft-Windows-Kernel-General\" Guid=\"{a68ca8b7-004f-d7b6-a698-07e2de0f1f5d}\"></Provider>\n<EventID Qualifiers=\"\">16</EventID>\n<Version>0</Version>\n<Level>4</Level>\n<Task>0</Task>\n<Opcode>0</Opcode>\n<Keywords>0x8000000000000000</Keywords>\n<TimeCreated SystemTime=\"2025-09-12 18:55:01.612272\"></TimeCreated>\n<EventRecordID>148</EventRecordID>\n<Correlation ActivityID=\"\" RelatedActivityID=\"\"></Correlation>\n<Execution ProcessID=\"3056\" ThreadID=\"3564\"></Execution>\n<Channel>System</Channel>\n<Computer>WIN-DAOI7R3U9SA</Computer>\n<Security UserID=\"S-1-5-18\"></Security>\n</System>\n<EventData><Data Name=\"HiveNameLength\">142</Data>\n<Data Name=\"HiveName\">\\??\\C:\\ProgramData\\Microsoft\\Windows\\AppRepository\\Packages"}
{"file": "files\\Windows\\System32\\winevt\\Logs\\System.evtx", "record_num": 149, "timestamp": "2025-09-12T18:55:01.933096", "event_id": null, "xml_snippet": "<Event xmlns=\"http://schemas.microsoft.com/win/2004/08/events/event\"><System><Provider Name=\"Service Control Manager\" Guid=\"{555908d1-a6d7-4695-8e1e-26931d2012f4}\" EventSourceName=\"Service Control Manager\"></Provider>\n<EventID Qualifiers=\"16384\">7040</EventID>\n<Version>0</Version>\n<Level>4</Level>\n<Task>0</Task>\n<Opcode>0</Opcode>\n<Keywords>0x8080000000000000</Keywords>\n<TimeCreated SystemTime=\"2025-09-12 18:55:01.933096\"></TimeCreated>\n<EventRecordID>149</EventRecordID>\n<Correlation ActivityID=\"\" RelatedActivityID=\"\"></Correlation>\n<Execution ProcessID=\"784\" ThreadID=\"2444\"></Execution>\n<Channel>System</Channel>\n<Computer>WIN-DAOI7R3U9SA</Computer>\n<Security UserID=\"S-1-5-18\"></Security>\n</System>\n<EventData><Data Name=\"param1\">Background Intelligent Transfer Service</Data>\n<Data Name=\"pa"}
{"file": "files\\Windows\\System32\\winevt\\Logs\\System.evtx", "record_num": 150, "timestamp": "2025-09-12T18:55:06.926119", "event_id": null, "xml_snippet": "<Event xmlns=\"http://schemas.microsoft.com/win/2004/08/events/event\"><System><Provider Name=\"Microsoft-Windows-Kernel-General\" Guid=\"{a68ca8b7-004f-d7b6-a698-07e2de0f1f5d}\"></Provider>\n<EventID Qualifiers=\"\">16</EventID>\n<Version>0</Version>\n<Level>4</Level>\n<Task>0</Task>\n<Opcode>0</Opcode>\n<Keywords>0x8000000000000000</Keywords>\n<TimeCreated SystemTime=\"2025-09-12 18:55:06.926119\"></TimeCreated>\n<EventRecordID>150</EventRecordID>\n<Correlation ActivityID=\"\" RelatedActivityID=\"\"></Correlation>\n<Execution ProcessID=\"3056\" ThreadID=\"3564\"></Execution>\n<Channel>System</Channel>\n<Computer>WIN-DAOI7R3U9SA</Computer>\n<Security UserID=\"S-1-5-18\"></Security>\n</System>\n<EventData><Data Name=\"HiveNameLength\">149</Data>\n<Data Name=\"HiveName\">\\??\\C:\\ProgramData\\Microsoft\\Windows\\AppRepository\\Packages"}
{"file": "files\\Windows\\System32\\winevt\\Logs\\System.evtx", "record_num": 151, "timestamp": "2025-09-12T18:55:10.051090", "event_id": null, "xml_snippet": "<Event xmlns=\"http://schemas.microsoft.com/win/2004/08/events/event\"><System><Provider Name=\"Microsoft-Windows-Kernel-General\" Guid=\"{a68ca8b7-004f-d7b6-a698-07e2de0f1f5d}\"></Provider>\n<EventID Qualifiers=\"\">16</EventID>\n<Version>0</Version>\n<Level>4</Level>\n<Task>0</Task>\n<Opcode>0</Opcode>\n<Keywords>0x8000000000000000</Keywords>\n<TimeCreated SystemTime=\"2025-09-12 18:55:10.051090\"></TimeCreated>\n<EventRecordID>151</EventRecordID>\n<Correlation ActivityID=\"\" RelatedActivityID=\"\"></Correlation>\n<Execution ProcessID=\"3056\" ThreadID=\"3564\"></Execution>\n<Channel>System</Channel>\n<Computer>WIN-DAOI7R3U9SA</Computer>\n<Security UserID=\"S-1-5-18\"></Security>\n</System>\n<EventData><Data Name=\"HiveNameLength\">140</Data>\n<Data Name=\"HiveName\">\\??\\C:\\ProgramData\\Microsoft\\Windows\\AppRepository\\Packages"}
{"file": "files\\Windows\\System32\\winevt\\Logs\\System.evtx", "record_num": 152, "timestamp": "2025-09-12T18:55:18.793869", "event_id": null, "xml_snippet": "<Event xmlns=\"http://schemas.microsoft.com/win/2004/08/events/event\"><System><Provider Name=\"Microsoft-Windows-Kernel-General\" Guid=\"{a68ca8b7-004f-d7b6-a698-07e2de0f1f5d}\"></Provider>\n<EventID Qualifiers=\"\">16</EventID>\n<Version>0</Version>\n<Level>4</Level>\n<Task>0</Task>\n<Opcode>0</Opcode>\n<Keywords>0x8000000000000000</Keywords>\n<TimeCreated SystemTime=\"2025-09-12 18:55:18.793869\"></TimeCreated>\n<EventRecordID>152</EventRecordID>\n<Correlation ActivityID=\"\" RelatedActivityID=\"\"></Correlation>\n<Execution ProcessID=\"3056\" ThreadID=\"3564\"></Execution>\n<Channel>System</Channel>\n<Computer>WIN-DAOI7R3U9SA</Computer>\n<Security UserID=\"S-1-5-18\"></Security>\n</System>\n<EventData><Data Name=\"HiveNameLength\">127</Data>\n<Data Name=\"HiveName\">\\??\\C:\\ProgramData\\Microsoft\\Windows\\AppRepository\\Packages"}
{"file": "files\\Windows\\System32\\winevt\\Logs\\System.evtx", "record_num": 153, "timestamp": "2025-09-12T18:55:27.935703", "event_id": null, "xml_snippet": "<Event xmlns=\"http://schemas.microsoft.com/win/2004/08/events/event\"><System><Provider Name=\"Microsoft-Windows-Kernel-General\" Guid=\"{a68ca8b7-004f-d7b6-a698-07e2de0f1f5d}\"></Provider>\n<EventID Qualifiers=\"\">16</EventID>\n<Version>0</Version>\n<Level>4</Level>\n<Task>0</Task>\n<Opcode>0</Opcode>\n<Keywords>0x8000000000000000</Keywords>\n<TimeCreated SystemTime=\"2025-09-12 18:55:27.935703\"></TimeCreated>\n<EventRecordID>153</EventRecordID>\n<Correlation ActivityID=\"\" RelatedActivityID=\"\"></Correlation>\n<Execution ProcessID=\"3056\" ThreadID=\"3564\"></Execution>\n<Channel>System</Channel>\n<Computer>WIN-DAOI7R3U9SA</Computer>\n<Security UserID=\"S-1-5-18\"></Security>\n</System>\n<EventData><Data Name=\"HiveNameLength\">134</Data>\n<Data Name=\"HiveName\">\\??\\C:\\ProgramData\\Microsoft\\Windows\\AppRepository\\Packages"}
{"file": "files\\Windows\\System32\\winevt\\Logs\\System.evtx", "record_num": 154, "timestamp": "2025-09-12T18:55:31.084606", "event_id": null, "xml_snippet": "<Event xmlns=\"http://schemas.microsoft.com/win/2004/08/events/event\"><System><Provider Name=\"Microsoft-Windows-Kernel-General\" Guid=\"{a68ca8b7-004f-d7b6-a698-07e2de0f1f5d}\"></Provider>\n<EventID Qualifiers=\"\">16</EventID>\n<Version>0</Version>\n<Level>4</Level>\n<Task>0</Task>\n<Opcode>0</Opcode>\n<Keywords>0x8000000000000000</Keywords>\n<TimeCreated SystemTime=\"2025-09-12 18:55:31.084606\"></TimeCreated>\n<EventRecordID>154</EventRecordID>\n<Correlation ActivityID=\"\" RelatedActivityID=\"\"></Correlation>\n<Execution ProcessID=\"3056\" ThreadID=\"3564\"></Execution>\n<Channel>System</Channel>\n<Computer>WIN-DAOI7R3U9SA</Computer>\n<Security UserID=\"S-1-5-18\"></Security>\n</System>\n<EventData><Data Name=\"HiveNameLength\">135</Data>\n<Data Name=\"HiveName\">\\??\\C:\\ProgramData\\Microsoft\\Windows\\AppRepository\\Packages"}
{"file": "files\\Windows\\System32\\winevt\\Logs\\System.evtx", "record_num": 155, "timestamp": "2025-09-12T18:55:35.365189", "event_id": null, "xml_snippet": "<Event xmlns=\"http://schemas.microsoft.com/win/2004/08/events/event\"><System><Provider Name=\"Microsoft-Windows-Kernel-General\" Guid=\"{a68ca8b7-004f-d7b6-a698-07e2de0f1f5d}\"></Provider>\n<EventID Qualifiers=\"\">16</EventID>\n<Version>0</Version>\n<Level>4</Level>\n<Task>0</Task>\n<Opcode>0</Opcode>\n<Keywords>0x8000000000000000</Keywords>\n<TimeCreated SystemTime=\"2025-09-12 18:55:35.365189\"></TimeCreated>\n<EventRecordID>155</EventRecordID>\n<Correlation ActivityID=\"\" RelatedActivityID=\"\"></Correlation>\n<Execution ProcessID=\"3056\" ThreadID=\"3564\"></Execution>\n<Channel>System</Channel>\n<Computer>WIN-DAOI7R3U9SA</Computer>\n<Security UserID=\"S-1-5-18\"></Security>\n</System>\n<EventData><Data Name=\"HiveNameLength\">140</Data>\n<Data Name=\"HiveName\">\\??\\C:\\ProgramData\\Microsoft\\Windows\\AppRepository\\Packages"}
{"file": "files\\Windows\\System32\\winevt\\Logs\\System.evtx", "record_num": 156, "timestamp": "2025-09-12T18:55:38.556406", "event_id": null, "xml_snippet": "<Event xmlns=\"http://schemas.microsoft.com/win/2004/08/events/event\"><System><Provider Name=\"Microsoft-Windows-Kernel-General\" Guid=\"{a68ca8b7-004f-d7b6-a698-07e2de0f1f5d}\"></Provider>\n<EventID Qualifiers=\"\">16</EventID>\n<Version>0</Version>\n<Level>4</Level>\n<Task>0</Task>\n<Opcode>0</Opcode>\n<Keywords>0x8000000000000000</Keywords>\n<TimeCreated SystemTime=\"2025-09-12 18:55:38.556406\"></TimeCreated>\n<EventRecordID>156</EventRecordID>\n<Correlation ActivityID=\"\" RelatedActivityID=\"\"></Correlation>\n<Execution ProcessID=\"3056\" ThreadID=\"3564\"></Execution>\n<Channel>System</Channel>\n<Computer>WIN-DAOI7R3U9SA</Computer>\n<Security UserID=\"S-1-5-18\"></Security>\n</System>\n<EventData><Data Name=\"HiveNameLength\">128</Data>\n<Data Name=\"HiveName\">\\??\\C:\\ProgramData\\Microsoft\\Windows\\AppRepository\\Packages"}
{"file": "files\\Windows\\System32\\winevt\\Logs\\System.evtx", "record_num": 157, "timestamp": "2025-09-12T18:55:42.745066", "event_id": null, "xml_snippet": "<Event xmlns=\"http://schemas.microsoft.com/win/2004/08/events/event\"><System><Provider Name=\"Microsoft-Windows-Kernel-General\" Guid=\"{a68ca8b7-004f-d7b6-a698-07e2de0f1f5d}\"></Provider>\n<EventID Qualifiers=\"\">16</EventID>\n<Version>0</Version>\n<Level>4</Level>\n<Task>0</Task>\n<Opcode>0</Opcode>\n<Keywords>0x8000000000000000</Keywords>\n<TimeCreated SystemTime=\"2025-09-12 18:55:42.745066\"></TimeCreated>\n<EventRecordID>157</EventRecordID>\n<Correlation ActivityID=\"\" RelatedActivityID=\"\"></Correlation>\n<Execution ProcessID=\"3056\" ThreadID=\"3564\"></Execution>\n<Channel>System</Channel>\n<Computer>WIN-DAOI7R3U9SA</Computer>\n<Security UserID=\"S-1-5-18\"></Security>\n</System>\n<EventData><Data Name=\"HiveNameLength\">139</Data>\n<Data Name=\"HiveName\">\\??\\C:\\ProgramData\\Microsoft\\Windows\\AppRepository\\Packages"}
{"file": "files\\Windows\\System32\\winevt\\Logs\\System.evtx", "record_num": 158, "timestamp": "2025-09-12T18:55:50.365686", "event_id": null, "xml_snippet": "<Event xmlns=\"http://schemas.microsoft.com/win/2004/08/events/event\"><System><Provider Name=\"Microsoft-Windows-Kernel-General\" Guid=\"{a68ca8b7-004f-d7b6-a698-07e2de0f1f5d}\"></Provider>\n<EventID Qualifiers=\"\">16</EventID>\n<Version>0</Version>\n<Level>4</Level>\n<Task>0</Task>\n<Opcode>0</Opcode>\n<Keywords>0x8000000000000000</Keywords>\n<TimeCreated SystemTime=\"2025-09-12 18:55:50.365686\"></TimeCreated>\n<EventRecordID>158</EventRecordID>\n<Correlation ActivityID=\"\" RelatedActivityID=\"\"></Correlation>\n<Execution ProcessID=\"3056\" ThreadID=\"3564\"></Execution>\n<Channel>System</Channel>\n<Computer>WIN-DAOI7R3U9SA</Computer>\n<Security UserID=\"S-1-5-18\"></Security>\n</System>\n<EventData><Data Name=\"HiveNameLength\">140</Data>\n<Data Name=\"HiveName\">\\??\\C:\\ProgramData\\Microsoft\\Windows\\AppRepository\\Packages"}
{"file": "files\\Windows\\System32\\winevt\\Logs\\System.evtx", "record_num": 159, "timestamp": "2025-09-12T18:55:53.936653", "event_id": null, "xml_snippet": "<Event xmlns=\"http://schemas.microsoft.com/win/2004/08/events/event\"><System><Provider Name=\"Microsoft-Windows-Kernel-General\" Guid=\"{a68ca8b7-004f-d7b6-a698-07e2de0f1f5d}\"></Provider>\n<EventID Qualifiers=\"\">16</EventID>\n<Version>0</Version>\n<Level>4</Level>\n<Task>0</Task>\n<Opcode>0</Opcode>\n<Keywords>0x8000000000000000</Keywords>\n<TimeCreated SystemTime=\"2025-09-12 18:55:53.936653\"></TimeCreated>\n<EventRecordID>159</EventRecordID>\n<Correlation ActivityID=\"\" RelatedActivityID=\"\"></Correlation>\n<Execution ProcessID=\"3056\" ThreadID=\"3564\"></Execution>\n<Channel>System</Channel>\n<Computer>WIN-DAOI7R3U9SA</Computer>\n<Security UserID=\"S-1-5-18\"></Security>\n</System>\n<EventData><Data Name=\"HiveNameLength\">132</Data>\n<Data Name=\"HiveName\">\\??\\C:\\ProgramData\\Microsoft\\Windows\\AppRepository\\Packages"}
{"file": "files\\Windows\\System32\\winevt\\Logs\\System.evtx", "record_num": 160, "timestamp": "2025-09-12T18:55:57.892525", "event_id": null, "xml_snippet": "<Event xmlns=\"http://schemas.microsoft.com/win/2004/08/events/event\"><System><Provider Name=\"Microsoft-Windows-Kernel-General\" Guid=\"{a68ca8b7-004f-d7b6-a698-07e2de0f1f5d}\"></Provider>\n<EventID Qualifiers=\"\">16</EventID>\n<Version>0</Version>\n<Level>4</Level>\n<Task>0</Task>\n<Opcode>0</Opcode>\n<Keywords>0x8000000000000000</Keywords>\n<TimeCreated SystemTime=\"2025-09-12 18:55:57.892525\"></TimeCreated>\n<EventRecordID>160</EventRecordID>\n<Correlation ActivityID=\"\" RelatedActivityID=\"\"></Correlation>\n<Execution ProcessID=\"3056\" ThreadID=\"3564\"></Execution>\n<Channel>System</Channel>\n<Computer>WIN-DAOI7R3U9SA</Computer>\n<Security UserID=\"S-1-5-18\"></Security>\n</System>\n<EventData><Data Name=\"HiveNameLength\">138</Data>\n<Data Name=\"HiveName\">\\??\\C:\\ProgramData\\Microsoft\\Windows\\AppRepository\\Packages"}
{"file": "files\\Windows\\System32\\winevt\\Logs\\System.evtx", "record_num": 161, "timestamp": "2025-09-12T18:56:01.607496", "event_id": null, "xml_snippet": "<Event xmlns=\"http://schemas.microsoft.com/win/2004/08/events/event\"><System><Provider Name=\"Microsoft-Windows-Kernel-General\" Guid=\"{a68ca8b7-004f-d7b6-a698-07e2de0f1f5d}\"></Provider>\n<EventID Qualifiers=\"\">16</EventID>\n<Version>0</Version>\n<Level>4</Level>\n<Task>0</Task>\n<Opcode>0</Opcode>\n<Keywords>0x8000000000000000</Keywords>\n<TimeCreated SystemTime=\"2025-09-12 18:56:01.607496\"></TimeCreated>\n<EventRecordID>161</EventRecordID>\n<Correlation ActivityID=\"\" RelatedActivityID=\"\"></Correlation>\n<Execution ProcessID=\"3056\" ThreadID=\"3564\"></Execution>\n<Channel>System</Channel>\n<Computer>WIN-DAOI7R3U9SA</Computer>\n<Security UserID=\"S-1-5-18\"></Security>\n</System>\n<EventData><Data Name=\"HiveNameLength\">136</Data>\n<Data Name=\"HiveName\">\\??\\C:\\ProgramData\\Microsoft\\Windows\\AppRepository\\Packages"}
{"file": "files\\Windows\\System32\\winevt\\Logs\\System.evtx", "record_num": 162, "timestamp": "2025-09-12T18:56:05.959148", "event_id": null, "xml_snippet": "<Event xmlns=\"http://schemas.microsoft.com/win/2004/08/events/event\"><System><Provider Name=\"Microsoft-Windows-Kernel-General\" Guid=\"{a68ca8b7-004f-d7b6-a698-07e2de0f1f5d}\"></Provider>\n<EventID Qualifiers=\"\">16</EventID>\n<Version>0</Version>\n<Level>4</Level>\n<Task>0</Task>\n<Opcode>0</Opcode>\n<Keywords>0x8000000000000000</Keywords>\n<TimeCreated SystemTime=\"2025-09-12 18:56:05.959148\"></TimeCreated>\n<EventRecordID>162</EventRecordID>\n<Correlation ActivityID=\"\" RelatedActivityID=\"\"></Correlation>\n<Execution ProcessID=\"3056\" ThreadID=\"3564\"></Execution>\n<Channel>System</Channel>\n<Computer>WIN-DAOI7R3U9SA</Computer>\n<Security UserID=\"S-1-5-18\"></Security>\n</System>\n<EventData><Data Name=\"HiveNameLength\">142</Data>\n<Data Name=\"HiveName\">\\??\\C:\\ProgramData\\Microsoft\\Windows\\AppRepository\\Packages"}
{"file": "files\\Windows\\System32\\winevt\\Logs\\System.evtx", "record_num": 163, "timestamp": "2025-09-12T18:56:10.688856", "event_id": null, "xml_snippet": "<Event xmlns=\"http://schemas.microsoft.com/win/2004/08/events/event\"><System><Provider Name=\"Microsoft-Windows-Kernel-General\" Guid=\"{a68ca8b7-004f-d7b6-a698-07e2de0f1f5d}\"></Provider>\n<EventID Qualifiers=\"\">16</EventID>\n<Version>0</Version>\n<Level>4</Level>\n<Task>0</Task>\n<Opcode>0</Opcode>\n<Keywords>0x8000000000000000</Keywords>\n<TimeCreated SystemTime=\"2025-09-12 18:56:10.688856\"></TimeCreated>\n<EventRecordID>163</EventRecordID>\n<Correlation ActivityID=\"\" RelatedActivityID=\"\"></Correlation>\n<Execution ProcessID=\"3056\" ThreadID=\"3564\"></Execution>\n<Channel>System</Channel>\n<Computer>WIN-DAOI7R3U9SA</Computer>\n<Security UserID=\"S-1-5-18\"></Security>\n</System>\n<EventData><Data Name=\"HiveNameLength\">136</Data>\n<Data Name=\"HiveName\">\\??\\C:\\ProgramData\\Microsoft\\Windows\\AppRepository\\Packages"}
{"file": "files\\Windows\\System32\\winevt\\Logs\\System.evtx", "record_num": 164, "timestamp": "2025-09-12T18:56:14.309872", "event_id": null, "xml_snippet": "<Event xmlns=\"http://schemas.microsoft.com/win/2004/08/events/event\"><System><Provider Name=\"Microsoft-Windows-Kernel-General\" Guid=\"{a68ca8b7-004f-d7b6-a698-07e2de0f1f5d}\"></Provider>\n<EventID Qualifiers=\"\">16</EventID>\n<Version>0</Version>\n<Level>4</Level>\n<Task>0</Task>\n<Opcode>0</Opcode>\n<Keywords>0x8000000000000000</Keywords>\n<TimeCreated SystemTime=\"2025-09-12 18:56:14.309872\"></TimeCreated>\n<EventRecordID>164</EventRecordID>\n<Correlation ActivityID=\"\" RelatedActivityID=\"\"></Correlation>\n<Execution ProcessID=\"3056\" ThreadID=\"3564\"></Execution>\n<Channel>System</Channel>\n<Computer>WIN-DAOI7R3U9SA</Computer>\n<Security UserID=\"S-1-5-18\"></Security>\n</System>\n<EventData><Data Name=\"HiveNameLength\">138</Data>\n<Data Name=\"HiveName\">\\??\\C:\\ProgramData\\Microsoft\\Windows\\AppRepository\\Packages"}
{"file": "files\\Windows\\System32\\winevt\\Logs\\System.evtx", "record_num": 165, "timestamp": "2025-09-12T18:56:20.459078", "event_id": null, "xml_snippet": "<Event xmlns=\"http://schemas.microsoft.com/win/2004/08/events/event\"><System><Provider Name=\"Microsoft-Windows-Kernel-General\" Guid=\"{a68ca8b7-004f-d7b6-a698-07e2de0f1f5d}\"></Provider>\n<EventID Qualifiers=\"\">16</EventID>\n<Version>0</Version>\n<Level>4</Level>\n<Task>0</Task>\n<Opcode>0</Opcode>\n<Keywords>0x8000000000000000</Keywords>\n<TimeCreated SystemTime=\"2025-09-12 18:56:20.459078\"></TimeCreated>\n<EventRecordID>165</EventRecordID>\n<Correlation ActivityID=\"\" RelatedActivityID=\"\"></Correlation>\n<Execution ProcessID=\"3056\" ThreadID=\"3564\"></Execution>\n<Channel>System</Channel>\n<Computer>WIN-DAOI7R3U9SA</Computer>\n<Security UserID=\"S-1-5-18\"></Security>\n</System>\n<EventData><Data Name=\"HiveNameLength\">136</Data>\n<Data Name=\"HiveName\">\\??\\C:\\ProgramData\\Microsoft\\Windows\\AppRepository\\Packages"}
{"file": "files\\Windows\\System32\\winevt\\Logs\\System.evtx", "record_num": 166, "timestamp": "2025-09-12T18:56:24.266851", "event_id": null, "xml_snippet": "<Event xmlns=\"http://schemas.microsoft.com/win/2004/08/events/event\"><System><Provider Name=\"Microsoft-Windows-Kernel-General\" Guid=\"{a68ca8b7-004f-d7b6-a698-07e2de0f1f5d}\"></Provider>\n<EventID Qualifiers=\"\">16</EventID>\n<Version>0</Version>\n<Level>4</Level>\n<Task>0</Task>\n<Opcode>0</Opcode>\n<Keywords>0x8000000000000000</Keywords>\n<TimeCreated SystemTime=\"2025-09-12 18:56:24.266851\"></TimeCreated>\n<EventRecordID>166</EventRecordID>\n<Correlation ActivityID=\"\" RelatedActivityID=\"\"></Correlation>\n<Execution ProcessID=\"3056\" ThreadID=\"3564\"></Execution>\n<Channel>System</Channel>\n<Computer>WIN-DAOI7R3U9SA</Computer>\n<Security UserID=\"S-1-5-18\"></Security>\n</System>\n<EventData><Data Name=\"HiveNameLength\">137</Data>\n<Data Name=\"HiveName\">\\??\\C:\\ProgramData\\Microsoft\\Windows\\AppRepository\\Packages"}
{"file": "files\\Windows\\System32\\winevt\\Logs\\System.evtx", "record_num": 167, "timestamp": "2025-09-12T18:56:25.809397", "event_id": null, "xml_snippet": "<Event xmlns=\"http://schemas.microsoft.com/win/2004/08/events/event\"><System><Provider Name=\"Microsoft-Windows-Kernel-General\" Guid=\"{a68ca8b7-004f-d7b6-a698-07e2de0f1f5d}\"></Provider>\n<EventID Qualifiers=\"\">16</EventID>\n<Version>0</Version>\n<Level>4</Level>\n<Task>0</Task>\n<Opcode>0</Opcode>\n<Keywords>0x8000000000000000</Keywords>\n<TimeCreated SystemTime=\"2025-09-12 18:56:25.809397\"></TimeCreated>\n<EventRecordID>167</EventRecordID>\n<Correlation ActivityID=\"\" RelatedActivityID=\"\"></Correlation>\n<Execution ProcessID=\"3056\" ThreadID=\"3564\"></Execution>\n<Channel>System</Channel>\n<Computer>WIN-DAOI7R3U9SA</Computer>\n<Security UserID=\"S-1-5-18\"></Security>\n</System>\n<EventData><Data Name=\"HiveNameLength\">131</Data>\n<Data Name=\"HiveName\">\\??\\C:\\ProgramData\\Microsoft\\Windows\\AppRepository\\Packages"}
{"file": "files\\Windows\\System32\\winevt\\Logs\\System.evtx", "record_num": 168, "timestamp": "2025-09-12T18:56:27.739479", "event_id": null, "xml_snippet": "<Event xmlns=\"http://schemas.microsoft.com/win/2004/08/events/event\"><System><Provider Name=\"Microsoft-Windows-Kernel-General\" Guid=\"{a68ca8b7-004f-d7b6-a698-07e2de0f1f5d}\"></Provider>\n<EventID Qualifiers=\"\">16</EventID>\n<Version>0</Version>\n<Level>4</Level>\n<Task>0</Task>\n<Opcode>0</Opcode>\n<Keywords>0x8000000000000000</Keywords>\n<TimeCreated SystemTime=\"2025-09-12 18:56:27.739479\"></TimeCreated>\n<EventRecordID>168</EventRecordID>\n<Correlation ActivityID=\"\" RelatedActivityID=\"\"></Correlation>\n<Execution ProcessID=\"3056\" ThreadID=\"3564\"></Execution>\n<Channel>System</Channel>\n<Computer>WIN-DAOI7R3U9SA</Computer>\n<Security UserID=\"S-1-5-18\"></Security>\n</System>\n<EventData><Data Name=\"HiveNameLength\">139</Data>\n<Data Name=\"HiveName\">\\??\\C:\\ProgramData\\Microsoft\\Windows\\AppRepository\\Packages"}
{"file": "files\\Windows\\System32\\winevt\\Logs\\System.evtx", "record_num": 169, "timestamp": "2025-09-12T18:56:29.450836", "event_id": null, "xml_snippet": "<Event xmlns=\"http://schemas.microsoft.com/win/2004/08/events/event\"><System><Provider Name=\"Microsoft-Windows-DistributedCOM\" Guid=\"{1B562E86-B7AA-4131-BADC-B6F3A001407E}\" EventSourceName=\"DCOM\"></Provider>\n<EventID Qualifiers=\"0\">10010</EventID>\n<Version>0</Version>\n<Level>2</Level>\n<Task>0</Task>\n<Opcode>0</Opcode>\n<Keywords>0x8080000000000000</Keywords>\n<TimeCreated SystemTime=\"2025-09-12 18:56:29.450836\"></TimeCreated>\n<EventRecordID>169</EventRecordID>\n<Correlation ActivityID=\"{3079a2ce-2416-0000-60c3-79301624dc01}\" RelatedActivityID=\"\"></Correlation>\n<Execution ProcessID=\"448\" ThreadID=\"756\"></Execution>\n<Channel>System</Channel>\n<Computer>WIN-DAOI7R3U9SA</Computer>\n<Security UserID=\"S-1-5-18\"></Security>\n</System>\n<EventData><Data Name=\"param1\">{A47979D2-C419-11D9-A5B4-001185AD2B89"}
{"file": "files\\Windows\\System32\\winevt\\Logs\\System.evtx", "record_num": 170, "timestamp": "2025-09-12T18:56:29.631231", "event_id": null, "xml_snippet": "<Event xmlns=\"http://schemas.microsoft.com/win/2004/08/events/event\"><System><Provider Name=\"Service Control Manager\" Guid=\"{555908d1-a6d7-4695-8e1e-26931d2012f4}\" EventSourceName=\"Service Control Manager\"></Provider>\n<EventID Qualifiers=\"49152\">7023</EventID>\n<Version>0</Version>\n<Level>2</Level>\n<Task>0</Task>\n<Opcode>0</Opcode>\n<Keywords>0x8080000000000000</Keywords>\n<TimeCreated SystemTime=\"2025-09-12 18:56:29.631231\"></TimeCreated>\n<EventRecordID>170</EventRecordID>\n<Correlation ActivityID=\"\" RelatedActivityID=\"\"></Correlation>\n<Execution ProcessID=\"784\" ThreadID=\"3788\"></Execution>\n<Channel>System</Channel>\n<Computer>WIN-DAOI7R3U9SA</Computer>\n<Security UserID=\"\"></Security>\n</System>\n<EventData><Data Name=\"param1\">Network List Service</Data>\n<Data Name=\"param2\">%%21</Data>\n<Binary>b"}
{"file": "files\\Windows\\System32\\winevt\\Logs\\System.evtx", "record_num": 171, "timestamp": "2025-09-12T18:56:29.857077", "event_id": null, "xml_snippet": "<Event xmlns=\"http://schemas.microsoft.com/win/2004/08/events/event\"><System><Provider Name=\"Microsoft-Windows-Kernel-General\" Guid=\"{a68ca8b7-004f-d7b6-a698-07e2de0f1f5d}\"></Provider>\n<EventID Qualifiers=\"\">16</EventID>\n<Version>0</Version>\n<Level>4</Level>\n<Task>0</Task>\n<Opcode>0</Opcode>\n<Keywords>0x8000000000000000</Keywords>\n<TimeCreated SystemTime=\"2025-09-12 18:56:29.857077\"></TimeCreated>\n<EventRecordID>171</EventRecordID>\n<Correlation ActivityID=\"\" RelatedActivityID=\"\"></Correlation>\n<Execution ProcessID=\"3056\" ThreadID=\"3564\"></Execution>\n<Channel>System</Channel>\n<Computer>WIN-DAOI7R3U9SA</Computer>\n<Security UserID=\"S-1-5-18\"></Security>\n</System>\n<EventData><Data Name=\"HiveNameLength\">144</Data>\n<Data Name=\"HiveName\">\\??\\C:\\ProgramData\\Microsoft\\Windows\\AppRepository\\Packages"}
{"file": "files\\Windows\\System32\\winevt\\Logs\\System.evtx", "record_num": 172, "timestamp": "2025-09-12T18:56:31.755165", "event_id": null, "xml_snippet": "<Event xmlns=\"http://schemas.microsoft.com/win/2004/08/events/event\"><System><Provider Name=\"Microsoft-Windows-Kernel-General\" Guid=\"{a68ca8b7-004f-d7b6-a698-07e2de0f1f5d}\"></Provider>\n<EventID Qualifiers=\"\">16</EventID>\n<Version>0</Version>\n<Level>4</Level>\n<Task>0</Task>\n<Opcode>0</Opcode>\n<Keywords>0x8000000000000000</Keywords>\n<TimeCreated SystemTime=\"2025-09-12 18:56:31.755165\"></TimeCreated>\n<EventRecordID>172</EventRecordID>\n<Correlation ActivityID=\"\" RelatedActivityID=\"\"></Correlation>\n<Execution ProcessID=\"3056\" ThreadID=\"3564\"></Execution>\n<Channel>System</Channel>\n<Computer>WIN-DAOI7R3U9SA</Computer>\n<Security UserID=\"S-1-5-18\"></Security>\n</System>\n<EventData><Data Name=\"HiveNameLength\">145</Data>\n<Data Name=\"HiveName\">\\??\\C:\\ProgramData\\Microsoft\\Windows\\AppRepository\\Packages"}
{"file": "files\\Windows\\System32\\winevt\\Logs\\System.evtx", "record_num": 173, "timestamp": "2025-09-12T18:56:35.109236", "event_id": null, "xml_snippet": "<Event xmlns=\"http://schemas.microsoft.com/win/2004/08/events/event\"><System><Provider Name=\"Microsoft-Windows-Kernel-General\" Guid=\"{a68ca8b7-004f-d7b6-a698-07e2de0f1f5d}\"></Provider>\n<EventID Qualifiers=\"\">16</EventID>\n<Version>0</Version>\n<Level>4</Level>\n<Task>0</Task>\n<Opcode>0</Opcode>\n<Keywords>0x8000000000000000</Keywords>\n<TimeCreated SystemTime=\"2025-09-12 18:56:35.109236\"></TimeCreated>\n<EventRecordID>173</EventRecordID>\n<Correlation ActivityID=\"\" RelatedActivityID=\"\"></Correlation>\n<Execution ProcessID=\"3056\" ThreadID=\"3564\"></Execution>\n<Channel>System</Channel>\n<Computer>WIN-DAOI7R3U9SA</Computer>\n<Security UserID=\"S-1-5-18\"></Security>\n</System>\n<EventData><Data Name=\"HiveNameLength\">132</Data>\n<Data Name=\"HiveName\">\\??\\C:\\ProgramData\\Microsoft\\Windows\\AppRepository\\Packages"}
{"file": "files\\Windows\\System32\\winevt\\Logs\\System.evtx", "record_num": 174, "timestamp": "2025-09-12T18:56:39.540791", "event_id": null, "xml_snippet": "<Event xmlns=\"http://schemas.microsoft.com/win/2004/08/events/event\"><System><Provider Name=\"Microsoft-Windows-Kernel-General\" Guid=\"{a68ca8b7-004f-d7b6-a698-07e2de0f1f5d}\"></Provider>\n<EventID Qualifiers=\"\">16</EventID>\n<Version>0</Version>\n<Level>4</Level>\n<Task>0</Task>\n<Opcode>0</Opcode>\n<Keywords>0x8000000000000000</Keywords>\n<TimeCreated SystemTime=\"2025-09-12 18:56:39.540791\"></TimeCreated>\n<EventRecordID>174</EventRecordID>\n<Correlation ActivityID=\"\" RelatedActivityID=\"\"></Correlation>\n<Execution ProcessID=\"3056\" ThreadID=\"3564\"></Execution>\n<Channel>System</Channel>\n<Computer>WIN-DAOI7R3U9SA</Computer>\n<Security UserID=\"S-1-5-18\"></Security>\n</System>\n<EventData><Data Name=\"HiveNameLength\">130</Data>\n<Data Name=\"HiveName\">\\??\\C:\\ProgramData\\Microsoft\\Windows\\AppRepository\\Packages"}
{"file": "files\\Windows\\System32\\winevt\\Logs\\System.evtx", "record_num": 175, "timestamp": "2025-09-12T18:57:25.948160", "event_id": null, "xml_snippet": "<Event xmlns=\"http://schemas.microsoft.com/win/2004/08/events/event\"><System><Provider Name=\"Service Control Manager\" Guid=\"{555908d1-a6d7-4695-8e1e-26931d2012f4}\" EventSourceName=\"Service Control Manager\"></Provider>\n<EventID Qualifiers=\"49152\">7022</EventID>\n<Version>0</Version>\n<Level>2</Level>\n<Task>0</Task>\n<Opcode>0</Opcode>\n<Keywords>0x8080000000000000</Keywords>\n<TimeCreated SystemTime=\"2025-09-12 18:57:25.948160\"></TimeCreated>\n<EventRecordID>175</EventRecordID>\n<Correlation ActivityID=\"\" RelatedActivityID=\"\"></Correlation>\n<Execution ProcessID=\"784\" ThreadID=\"3620\"></Execution>\n<Channel>System</Channel>\n<Computer>WIN-DAOI7R3U9SA</Computer>\n<Security UserID=\"\"></Security>\n</System>\n<EventData><Data Name=\"param1\">Connected Devices Platform Service</Data>\n<Binary>QwBEAFAAUwB2AGMAAAA"}
{"file": "files\\Windows\\System32\\winevt\\Logs\\System.evtx", "record_num": 176, "timestamp": "2025-09-12T18:57:48.714882", "event_id": null, "xml_snippet": "<Event xmlns=\"http://schemas.microsoft.com/win/2004/08/events/event\"><System><Provider Name=\"Microsoft-Windows-Kernel-General\" Guid=\"{a68ca8b7-004f-d7b6-a698-07e2de0f1f5d}\"></Provider>\n<EventID Qualifiers=\"\">16</EventID>\n<Version>0</Version>\n<Level>4</Level>\n<Task>0</Task>\n<Opcode>0</Opcode>\n<Keywords>0x8000000000000000</Keywords>\n<TimeCreated SystemTime=\"2025-09-12 18:57:48.714882\"></TimeCreated>\n<EventRecordID>176</EventRecordID>\n<Correlation ActivityID=\"\" RelatedActivityID=\"\"></Correlation>\n<Execution ProcessID=\"3056\" ThreadID=\"3564\"></Execution>\n<Channel>System</Channel>\n<Computer>WIN-DAOI7R3U9SA</Computer>\n<Security UserID=\"S-1-5-18\"></Security>\n</System>\n<EventData><Data Name=\"HiveNameLength\">151</Data>\n<Data Name=\"HiveName\">\\??\\C:\\ProgramData\\Microsoft\\Windows\\AppRepository\\Packages"}
{"file": "files\\Windows\\System32\\winevt\\Logs\\System.evtx", "record_num": 177, "timestamp": "2025-09-12T18:57:52.107767", "event_id": null, "xml_snippet": "<Event xmlns=\"http://schemas.microsoft.com/win/2004/08/events/event\"><System><Provider Name=\"Microsoft-Windows-Kernel-General\" Guid=\"{a68ca8b7-004f-d7b6-a698-07e2de0f1f5d}\"></Provider>\n<EventID Qualifiers=\"\">16</EventID>\n<Version>0</Version>\n<Level>4</Level>\n<Task>0</Task>\n<Opcode>0</Opcode>\n<Keywords>0x8000000000000000</Keywords>\n<TimeCreated SystemTime=\"2025-09-12 18:57:52.107767\"></TimeCreated>\n<EventRecordID>177</EventRecordID>\n<Correlation ActivityID=\"\" RelatedActivityID=\"\"></Correlation>\n<Execution ProcessID=\"3056\" ThreadID=\"3564\"></Execution>\n<Channel>System</Channel>\n<Computer>WIN-DAOI7R3U9SA</Computer>\n<Security UserID=\"S-1-5-18\"></Security>\n</System>\n<EventData><Data Name=\"HiveNameLength\">140</Data>\n<Data Name=\"HiveName\">\\??\\C:\\ProgramData\\Microsoft\\Windows\\AppRepository\\Packages"}
{"file": "files\\Windows\\System32\\winevt\\Logs\\System.evtx", "record_num": 178, "timestamp": "2025-09-12T18:57:58.084084", "event_id": null, "xml_snippet": "<Event xmlns=\"http://schemas.microsoft.com/win/2004/08/events/event\"><System><Provider Name=\"Microsoft-Windows-Kernel-General\" Guid=\"{a68ca8b7-004f-d7b6-a698-07e2de0f1f5d}\"></Provider>\n<EventID Qualifiers=\"\">16</EventID>\n<Version>0</Version>\n<Level>4</Level>\n<Task>0</Task>\n<Opcode>0</Opcode>\n<Keywords>0x8000000000000000</Keywords>\n<TimeCreated SystemTime=\"2025-09-12 18:57:58.084084\"></TimeCreated>\n<EventRecordID>178</EventRecordID>\n<Correlation ActivityID=\"\" RelatedActivityID=\"\"></Correlation>\n<Execution ProcessID=\"3288\" ThreadID=\"3916\"></Execution>\n<Channel>System</Channel>\n<Computer>WIN-DAOI7R3U9SA</Computer>\n<Security UserID=\"S-1-5-18\"></Security>\n</System>\n<EventData><Data Name=\"HiveNameLength\">85</Data>\n<Data Name=\"HiveName\">\\??\\C:\\ProgramData\\Microsoft\\Provisioning\\Microsoft-Desktop-"}
{"file": "files\\Windows\\System32\\winevt\\Logs\\System.evtx", "record_num": 179, "timestamp": "2025-09-12T18:58:24.608358", "event_id": null, "xml_snippet": "<Event xmlns=\"http://schemas.microsoft.com/win/2004/08/events/event\"><System><Provider Name=\"Microsoft-Windows-UserModePowerService\" Guid=\"{ce8dee0b-d539-4000-b0f8-77bed049c590}\"></Provider>\n<EventID Qualifiers=\"\">22</EventID>\n<Version>0</Version>\n<Level>4</Level>\n<Task>18</Task>\n<Opcode>0</Opcode>\n<Keywords>0x4000000000000000</Keywords>\n<TimeCreated SystemTime=\"2025-09-12 18:58:24.608358\"></TimeCreated>\n<EventRecordID>179</EventRecordID>\n<Correlation ActivityID=\"\" RelatedActivityID=\"\"></Correlation>\n<Execution ProcessID=\"916\" ThreadID=\"356\"></Execution>\n<Channel>System</Channel>\n<Computer>WIN-DAOI7R3U9SA</Computer>\n<Security UserID=\"S-1-5-18\"></Security>\n</System>\n<EventData><Data Name=\"Turn\">1</Data>\n</EventData>\n</Event>\n"}
{"file": "files\\Windows\\System32\\winevt\\Logs\\System.evtx", "record_num": 180, "timestamp": "2025-09-12T18:58:29.641527", "event_id": null, "xml_snippet": "<Event xmlns=\"http://schemas.microsoft.com/win/2004/08/events/event\"><System><Provider Name=\"Microsoft-Windows-DistributedCOM\" Guid=\"{1B562E86-B7AA-4131-BADC-B6F3A001407E}\" EventSourceName=\"DCOM\"></Provider>\n<EventID Qualifiers=\"0\">10010</EventID>\n<Version>0</Version>\n<Level>2</Level>\n<Task>0</Task>\n<Opcode>0</Opcode>\n<Keywords>0x8080000000000000</Keywords>\n<TimeCreated SystemTime=\"2025-09-12 18:58:29.641527\"></TimeCreated>\n<EventRecordID>180</EventRecordID>\n<Correlation ActivityID=\"{3079a2ce-2416-0000-6ac3-79301624dc01}\" RelatedActivityID=\"\"></Correlation>\n<Execution ProcessID=\"448\" ThreadID=\"1072\"></Execution>\n<Channel>System</Channel>\n<Computer>WIN-DAOI7R3U9SA</Computer>\n<Security UserID=\"S-1-5-18\"></Security>\n</System>\n<EventData><Data Name=\"param1\">{A47979D2-C419-11D9-A5B4-001185AD2B8"}
{"file": "files\\Windows\\System32\\winevt\\Logs\\System.evtx", "record_num": 181, "timestamp": "2025-09-12T18:58:29.738184", "event_id": null, "xml_snippet": "<Event xmlns=\"http://schemas.microsoft.com/win/2004/08/events/event\"><System><Provider Name=\"Service Control Manager\" Guid=\"{555908d1-a6d7-4695-8e1e-26931d2012f4}\" EventSourceName=\"Service Control Manager\"></Provider>\n<EventID Qualifiers=\"49152\">7023</EventID>\n<Version>0</Version>\n<Level>2</Level>\n<Task>0</Task>\n<Opcode>0</Opcode>\n<Keywords>0x8080000000000000</Keywords>\n<TimeCreated SystemTime=\"2025-09-12 18:58:29.738184\"></TimeCreated>\n<EventRecordID>181</EventRecordID>\n<Correlation ActivityID=\"\" RelatedActivityID=\"\"></Correlation>\n<Execution ProcessID=\"784\" ThreadID=\"3504\"></Execution>\n<Channel>System</Channel>\n<Computer>WIN-DAOI7R3U9SA</Computer>\n<Security UserID=\"\"></Security>\n</System>\n<EventData><Data Name=\"param1\">Network List Service</Data>\n<Data Name=\"param2\">%%21</Data>\n<Binary>b"}
{"file": "files\\Windows\\System32\\winevt\\Logs\\System.evtx", "record_num": 182, "timestamp": "2025-09-12T18:58:42.271200", "event_id": null, "xml_snippet": "<Event xmlns=\"http://schemas.microsoft.com/win/2004/08/events/event\"><System><Provider Name=\"Microsoft-Windows-Setup\" Guid=\"{75ebc33e-997f-49cf-b49f-ecc50184b75d}\"></Provider>\n<EventID Qualifiers=\"\">2004</EventID>\n<Version>0</Version>\n<Level>4</Level>\n<Task>4000</Task>\n<Opcode>0</Opcode>\n<Keywords>0x2000400000000000</Keywords>\n<TimeCreated SystemTime=\"2025-09-12 18:58:42.271200\"></TimeCreated>\n<EventRecordID>182</EventRecordID>\n<Correlation ActivityID=\"{3079a2ce-2416-0000-1821-7a301624dc01}\" RelatedActivityID=\"\"></Correlation>\n<Execution ProcessID=\"1796\" ThreadID=\"1800\"></Execution>\n<Channel>System</Channel>\n<Computer>WIN-DAOI7R3U9SA</Computer>\n<Security UserID=\"S-1-5-18\"></Security>\n</System>\n<EventData><Data Name=\"OSName\">Windows 10 Home</Data>\n<Data Name=\"OSEditionID\">Core</Data>\n<Data "}
{"file": "files\\Windows\\System32\\winevt\\Logs\\System.evtx", "record_num": 183, "timestamp": "2025-09-12T18:58:46.160025", "event_id": null, "xml_snippet": "<Event xmlns=\"http://schemas.microsoft.com/win/2004/08/events/event\"><System><Provider Name=\"EventLog\"></Provider>\n<EventID Qualifiers=\"32768\">6006</EventID>\n<Version>0</Version>\n<Level>4</Level>\n<Task>0</Task>\n<Opcode>0</Opcode>\n<Keywords>0x0080000000000000</Keywords>\n<TimeCreated SystemTime=\"2025-09-12 18:58:46.160025\"></TimeCreated>\n<EventRecordID>183</EventRecordID>\n<Correlation ActivityID=\"\" RelatedActivityID=\"\"></Correlation>\n<Execution ProcessID=\"1384\" ThreadID=\"3352\"></Execution>\n<Channel>System</Channel>\n<Computer>WIN-DAOI7R3U9SA</Computer>\n<Security UserID=\"\"></Security>\n</System>\n<EventData><Data></Data>\n<Binary>AQAAAAAAAAA=</Binary>\n</EventData>\n</Event>\n"}
{"file": "files\\Windows\\System32\\winevt\\Logs\\System.evtx", "record_num": 184, "timestamp": "2025-09-12T18:58:45.361115", "event_id": null, "xml_snippet": "<Event xmlns=\"http://schemas.microsoft.com/win/2004/08/events/event\"><System><Provider Name=\"User32\" Guid=\"{b0aa8734-56f7-41cc-b2f4-de228e98b946}\" EventSourceName=\"User32\"></Provider>\n<EventID Qualifiers=\"32768\">1074</EventID>\n<Version>0</Version>\n<Level>4</Level>\n<Task>0</Task>\n<Opcode>0</Opcode>\n<Keywords>0x8080000000000000</Keywords>\n<TimeCreated SystemTime=\"2025-09-12 18:58:45.361115\"></TimeCreated>\n<EventRecordID>184</EventRecordID>\n<Correlation ActivityID=\"\" RelatedActivityID=\"\"></Correlation>\n<Execution ProcessID=\"580\" ThreadID=\"720\"></Execution>\n<Channel>System</Channel>\n<Computer>WIN-DAOI7R3U9SA</Computer>\n<Security UserID=\"S-1-5-18\"></Security>\n</System>\n<EventData><Data Name=\"param1\">C:\\WINDOWS\\system32\\winlogon.exe (MINWINPC)</Data>\n<Data Name=\"param2\">WIN-DAOI7R3U9SA</Data>\n<D"}
{"file": "files\\Windows\\System32\\winevt\\Logs\\System.evtx", "record_num": 185, "timestamp": "2025-09-12T18:58:45.969542", "event_id": null, "xml_snippet": "<Event xmlns=\"http://schemas.microsoft.com/win/2004/08/events/event\"><System><Provider Name=\"Microsoft-Windows-Dhcp-Client\" Guid=\"{15a7a4f8-0072-4eab-abad-f98a4d666aed}\"></Provider>\n<EventID Qualifiers=\"\">50104</EventID>\n<Version>0</Version>\n<Level>4</Level>\n<Task>4</Task>\n<Opcode>129</Opcode>\n<Keywords>0x2000000000000000</Keywords>\n<TimeCreated SystemTime=\"2025-09-12 18:58:45.969542\"></TimeCreated>\n<EventRecordID>185</EventRecordID>\n<Correlation ActivityID=\"\" RelatedActivityID=\"\"></Correlation>\n<Execution ProcessID=\"2552\" ThreadID=\"2556\"></Execution>\n<Channel>System</Channel>\n<Computer>WIN-DAOI7R3U9SA</Computer>\n<Security UserID=\"S-1-5-19\"></Security>\n</System>\n<EventData></EventData>\n</Event>\n"}
{"file": "files\\Windows\\System32\\winevt\\Logs\\System.evtx", "record_num": 186, "timestamp": "2025-09-12T18:58:45.981270", "event_id": null, "xml_snippet": "<Event xmlns=\"http://schemas.microsoft.com/win/2004/08/events/event\"><System><Provider Name=\"Microsoft-Windows-Dhcp-Client\" Guid=\"{15a7a4f8-0072-4eab-abad-f98a4d666aed}\"></Provider>\n<EventID Qualifiers=\"\">50105</EventID>\n<Version>0</Version>\n<Level>4</Level>\n<Task>4</Task>\n<Opcode>129</Opcode>\n<Keywords>0x2000000000000000</Keywords>\n<TimeCreated SystemTime=\"2025-09-12 18:58:45.981270\"></TimeCreated>\n<EventRecordID>186</EventRecordID>\n<Correlation ActivityID=\"\" RelatedActivityID=\"\"></Correlation>\n<Execution ProcessID=\"2552\" ThreadID=\"2624\"></Execution>\n<Channel>System</Channel>\n<Computer>WIN-DAOI7R3U9SA</Computer>\n<Security UserID=\"S-1-5-19\"></Security>\n</System>\n<EventData></EventData>\n</Event>\n"}
{"file": "files\\Windows\\System32\\winevt\\Logs\\System.evtx", "record_num": 187, "timestamp": "2025-09-12T18:58:46.003239", "event_id": null, "xml_snippet": "<Event xmlns=\"http://schemas.microsoft.com/win/2004/08/events/event\"><System><Provider Name=\"Microsoft-Windows-DHCPv6-Client\" Guid=\"{6a1f2b00-6a90-4c38-95a5-5cab3b056778}\"></Provider>\n<EventID Qualifiers=\"\">51047</EventID>\n<Version>0</Version>\n<Level>4</Level>\n<Task>4</Task>\n<Opcode>63</Opcode>\n<Keywords>0x2000000000000000</Keywords>\n<TimeCreated SystemTime=\"2025-09-12 18:58:46.003239\"></TimeCreated>\n<EventRecordID>187</EventRecordID>\n<Correlation ActivityID=\"\" RelatedActivityID=\"\"></Correlation>\n<Execution ProcessID=\"2552\" ThreadID=\"2648\"></Execution>\n<Channel>System</Channel>\n<Computer>WIN-DAOI7R3U9SA</Computer>\n<Security UserID=\"S-1-5-19\"></Security>\n</System>\n<EventData><Data Name=\"DwordVal\">1</Data>\n</EventData>\n</Event>\n"}
{"file": "files\\Windows\\System32\\winevt\\Logs\\System.evtx", "record_num": 188, "timestamp": "2025-09-12T18:58:46.017761", "event_id": null, "xml_snippet": "<Event xmlns=\"http://schemas.microsoft.com/win/2004/08/events/event\"><System><Provider Name=\"Microsoft-Windows-Dhcp-Client\" Guid=\"{15a7a4f8-0072-4eab-abad-f98a4d666aed}\"></Provider>\n<EventID Qualifiers=\"\">50106</EventID>\n<Version>0</Version>\n<Level>4</Level>\n<Task>4</Task>\n<Opcode>129</Opcode>\n<Keywords>0x2000000000000000</Keywords>\n<TimeCreated SystemTime=\"2025-09-12 18:58:46.017761\"></TimeCreated>\n<EventRecordID>188</EventRecordID>\n<Correlation ActivityID=\"\" RelatedActivityID=\"\"></Correlation>\n<Execution ProcessID=\"2552\" ThreadID=\"2624\"></Execution>\n<Channel>System</Channel>\n<Computer>WIN-DAOI7R3U9SA</Computer>\n<Security UserID=\"S-1-5-19\"></Security>\n</System>\n<EventData></EventData>\n</Event>\n"}
{"file": "files\\Windows\\System32\\winevt\\Logs\\System.evtx", "record_num": 189, "timestamp": "2025-09-12T18:58:46.140942", "event_id": null, "xml_snippet": "<Event xmlns=\"http://schemas.microsoft.com/win/2004/08/events/event\"><System><Provider Name=\"Microsoft-Windows-DHCPv6-Client\" Guid=\"{6a1f2b00-6a90-4c38-95a5-5cab3b056778}\"></Provider>\n<EventID Qualifiers=\"\">51057</EventID>\n<Version>0</Version>\n<Level>4</Level>\n<Task>4</Task>\n<Opcode>104</Opcode>\n<Keywords>0x2000000000000000</Keywords>\n<TimeCreated SystemTime=\"2025-09-12 18:58:46.140942\"></TimeCreated>\n<EventRecordID>189</EventRecordID>\n<Correlation ActivityID=\"\" RelatedActivityID=\"\"></Correlation>\n<Execution ProcessID=\"2552\" ThreadID=\"2648\"></Execution>\n<Channel>System</Channel>\n<Computer>WIN-DAOI7R3U9SA</Computer>\n<Security UserID=\"S-1-5-19\"></Security>\n</System>\n<EventData><Data Name=\"DwordVal\">1</Data>\n</EventData>\n</Event>\n"}
{"file": "files\\Windows\\System32\\winevt\\Logs\\System.evtx", "record_num": 190, "timestamp": "2025-09-12T18:58:46.267441", "event_id": null, "xml_snippet": "<Event xmlns=\"http://schemas.microsoft.com/win/2004/08/events/event\"><System><Provider Name=\"Microsoft-Windows-Dhcp-Client\" Guid=\"{15a7a4f8-0072-4eab-abad-f98a4d666aed}\"></Provider>\n<EventID Qualifiers=\"\">50037</EventID>\n<Version>0</Version>\n<Level>4</Level>\n<Task>4</Task>\n<Opcode>69</Opcode>\n<Keywords>0x2000000000000000</Keywords>\n<TimeCreated SystemTime=\"2025-09-12 18:58:46.267441\"></TimeCreated>\n<EventRecordID>190</EventRecordID>\n<Correlation ActivityID=\"\" RelatedActivityID=\"\"></Correlation>\n<Execution ProcessID=\"2552\" ThreadID=\"2624\"></Execution>\n<Channel>System</Channel>\n<Computer>WIN-DAOI7R3U9SA</Computer>\n<Security UserID=\"S-1-5-19\"></Security>\n</System>\n<EventData><Data Name=\"DwordVal\">1</Data>\n</EventData>\n</Event>\n"}
{"file": "files\\Windows\\System32\\winevt\\Logs\\System.evtx", "record_num": 191, "timestamp": "2025-09-12T18:59:43.459957", "event_id": null, "xml_snippet": "<Event xmlns=\"http://schemas.microsoft.com/win/2004/08/events/event\"><System><Provider Name=\"EventLog\"></Provider>\n<EventID Qualifiers=\"32768\">6011</EventID>\n<Version>0</Version>\n<Level>4</Level>\n<Task>0</Task>\n<Opcode>0</Opcode>\n<Keywords>0x0080000000000000</Keywords>\n<TimeCreated SystemTime=\"2025-09-12 18:59:43.459957\"></TimeCreated>\n<EventRecordID>191</EventRecordID>\n<Correlation ActivityID=\"\" RelatedActivityID=\"\"></Correlation>\n<Execution ProcessID=\"2620\" ThreadID=\"2644\"></Execution>\n<Channel>System</Channel>\n<Computer>DESKTOP-7AQ11N8</Computer>\n<Security UserID=\"\"></Security>\n</System>\n<EventData><Data>&lt;string&gt;WIN-DAOI7R3U9SA&lt;/string&gt;\n&lt;string&gt;DESKTOP-7AQ11N8&lt;/string&gt;\n</Data>\n<Binary></Binary>\n</EventData>\n</Event>\n"}
{"file": "files\\Windows\\System32\\winevt\\Logs\\System.evtx", "record_num": 192, "timestamp": "2025-09-12T18:59:43.462219", "event_id": null, "xml_snippet": "<Event xmlns=\"http://schemas.microsoft.com/win/2004/08/events/event\"><System><Provider Name=\"EventLog\"></Provider>\n<EventID Qualifiers=\"32768\">6009</EventID>\n<Version>0</Version>\n<Level>4</Level>\n<Task>0</Task>\n<Opcode>0</Opcode>\n<Keywords>0x0080000000000000</Keywords>\n<TimeCreated SystemTime=\"2025-09-12 18:59:43.462219\"></TimeCreated>\n<EventRecordID>192</EventRecordID>\n<Correlation ActivityID=\"\" RelatedActivityID=\"\"></Correlation>\n<Execution ProcessID=\"2620\" ThreadID=\"2644\"></Execution>\n<Channel>System</Channel>\n<Computer>DESKTOP-7AQ11N8</Computer>\n<Security UserID=\"\"></Security>\n</System>\n<EventData><Data>&lt;string&gt;10.00.&lt;/string&gt;\n&lt;string&gt;26100&lt;/string&gt;\n&lt;string&gt;&lt;/string&gt;\n&lt;string&gt;Multiprocessor Free&lt;/string&gt;\n&lt;string&gt;0&lt;/string&gt;\n</Da"}
{"file": "files\\Windows\\System32\\winevt\\Logs\\System.evtx", "record_num": 193, "timestamp": "2025-09-12T18:59:43.462547", "event_id": null, "xml_snippet": "<Event xmlns=\"http://schemas.microsoft.com/win/2004/08/events/event\"><System><Provider Name=\"EventLog\"></Provider>\n<EventID Qualifiers=\"32768\">6005</EventID>\n<Version>0</Version>\n<Level>4</Level>\n<Task>0</Task>\n<Opcode>0</Opcode>\n<Keywords>0x0080000000000000</Keywords>\n<TimeCreated SystemTime=\"2025-09-12 18:59:43.462547\"></TimeCreated>\n<EventRecordID>193</EventRecordID>\n<Correlation ActivityID=\"\" RelatedActivityID=\"\"></Correlation>\n<Execution ProcessID=\"2620\" ThreadID=\"2644\"></Execution>\n<Channel>System</Channel>\n<Computer>DESKTOP-7AQ11N8</Computer>\n<Security UserID=\"\"></Security>\n</System>\n<EventData><Data></Data>\n<Binary>6QcJAAUADAASADsAKwDOAQAAAAAAAAAA</Binary>\n</EventData>\n</Event>\n"}
{"file": "files\\Windows\\System32\\winevt\\Logs\\System.evtx", "record_num": 194, "timestamp": "2025-09-12T18:59:43.463917", "event_id": null, "xml_snippet": "<Event xmlns=\"http://schemas.microsoft.com/win/2004/08/events/event\"><System><Provider Name=\"EventLog\"></Provider>\n<EventID Qualifiers=\"32768\">6013</EventID>\n<Version>0</Version>\n<Level>4</Level>\n<Task>0</Task>\n<Opcode>0</Opcode>\n<Keywords>0x0080000000000000</Keywords>\n<TimeCreated SystemTime=\"2025-09-12 18:59:43.463917\"></TimeCreated>\n<EventRecordID>194</EventRecordID>\n<Correlation ActivityID=\"\" RelatedActivityID=\"\"></Correlation>\n<Execution ProcessID=\"2620\" ThreadID=\"2644\"></Execution>\n<Channel>System</Channel>\n<Computer>DESKTOP-7AQ11N8</Computer>\n<Security UserID=\"\"></Security>\n</System>\n<EventData><Data>&lt;string&gt;27&lt;/string&gt;\n&lt;string&gt;&lt;/string&gt;\n&lt;string&gt;27&lt;/string&gt;\n&lt;string&gt;60&lt;/string&gt;\n&lt;string&gt;480 Pacific Standard Time&lt;/string&gt;\n</Da"}
{"file": "files\\Windows\\System32\\winevt\\Logs\\System.evtx", "record_num": 195, "timestamp": "2025-09-12T18:58:50.877474", "event_id": null, "xml_snippet": "<Event xmlns=\"http://schemas.microsoft.com/win/2004/08/events/event\"><System><Provider Name=\"Microsoft-Windows-Kernel-Power\" Guid=\"{331c3b3a-2005-44c2-ac5e-77220c37d6b4}\"></Provider>\n<EventID Qualifiers=\"\">109</EventID>\n<Version>0</Version>\n<Level>4</Level>\n<Task>103</Task>\n<Opcode>0</Opcode>\n<Keywords>0x8000400000000404</Keywords>\n<TimeCreated SystemTime=\"2025-09-12 18:58:50.877474\"></TimeCreated>\n<EventRecordID>195</EventRecordID>\n<Correlation ActivityID=\"\" RelatedActivityID=\"\"></Correlation>\n<Execution ProcessID=\"648\" ThreadID=\"652\"></Execution>\n<Channel>System</Channel>\n<Computer>DESKTOP-7AQ11N8</Computer>\n<Security UserID=\"S-1-5-18\"></Security>\n</System>\n<EventData><Data Name=\"ShutdownActionType\">5</Data>\n<Data Name=\"ShutdownEventCode\">0</Data>\n<Data Name=\"ShutdownReason\">5</Data>\n</E"}
{"file": "files\\Windows\\System32\\winevt\\Logs\\System.evtx", "record_num": 196, "timestamp": "2025-09-12T18:58:51.419310", "event_id": null, "xml_snippet": "<Event xmlns=\"http://schemas.microsoft.com/win/2004/08/events/event\"><System><Provider Name=\"Microsoft-Windows-Kernel-Power\" Guid=\"{331c3b3a-2005-44c2-ac5e-77220c37d6b4}\"></Provider>\n<EventID Qualifiers=\"\">577</EventID>\n<Version>0</Version>\n<Level>4</Level>\n<Task>280</Task>\n<Opcode>0</Opcode>\n<Keywords>0x8000000000000004</Keywords>\n<TimeCreated SystemTime=\"2025-09-12 18:58:51.419310\"></TimeCreated>\n<EventRecordID>196</EventRecordID>\n<Correlation ActivityID=\"\" RelatedActivityID=\"\"></Correlation>\n<Execution ProcessID=\"4\" ThreadID=\"132\"></Execution>\n<Channel>System</Channel>\n<Computer>DESKTOP-7AQ11N8</Computer>\n<Security UserID=\"\"></Security>\n</System>\n<EventData><Data Name=\"AdaptiveTargetState\">0</Data>\n<Data Name=\"IsUnattended\">False</Data>\n<Data Name=\"Status\">279</Data>\n</EventData>\n</Even"}
{"file": "files\\Windows\\System32\\winevt\\Logs\\System.evtx", "record_num": 197, "timestamp": "2025-09-12T18:58:52.307386", "event_id": null, "xml_snippet": "<Event xmlns=\"http://schemas.microsoft.com/win/2004/08/events/event\"><System><Provider Name=\"Microsoft-Windows-Kernel-General\" Guid=\"{a68ca8b7-004f-d7b6-a698-07e2de0f1f5d}\"></Provider>\n<EventID Qualifiers=\"\">13</EventID>\n<Version>0</Version>\n<Level>4</Level>\n<Task>2</Task>\n<Opcode>0</Opcode>\n<Keywords>0x8000000000000080</Keywords>\n<TimeCreated SystemTime=\"2025-09-12 18:58:52.307386\"></TimeCreated>\n<EventRecordID>197</EventRecordID>\n<Correlation ActivityID=\"\" RelatedActivityID=\"\"></Correlation>\n<Execution ProcessID=\"4\" ThreadID=\"132\"></Execution>\n<Channel>System</Channel>\n<Computer>DESKTOP-7AQ11N8</Computer>\n<Security UserID=\"\"></Security>\n</System>\n<EventData><Data Name=\"StopTime\">2025-09-12 18:58:52.307383</Data>\n</EventData>\n</Event>\n"}
