{"file": "files\\Windows\\System32\\winevt\\Logs\\Microsoft-Windows-PowerShell.evtx", "record_num": 106, "timestamp": "2025-10-23T18:55:06.495640", "event_id": null, "xml_snippet": "<Event xmlns=\"http://schemas.microsoft.com/win/2004/08/events/event\"><System><Provider Name=\"Microsoft-Windows-PowerShell\" Guid=\"{a0c1853b-5c40-4b15-8766-3cf1c58f985a}\"></Provider>\n<EventID Qualifiers=\"\">4104</EventID>\n<Version>1</Version>\n<Level>3</Level>\n<Task>2</Task>\n<Opcode>15</Opcode>\n<Keywords>0x0000000000000000</Keywords>\n<TimeCreated SystemTime=\"2025-10-23 18:55:06.495640\"></TimeCreated>\n<EventRecordID>106</EventRecordID>\n<Correlation ActivityID=\"{1c50eb5a-444a-0001-ac20-531c4a44dc01}\" RelatedActivityID=\"\"></Correlation>\n<Execution ProcessID=\"4020\" ThreadID=\"1372\"></Execution>\n<Channel>Microsoft-Windows-PowerShell/Operational</Channel>\n<Computer>Ramadan</Computer>\n<Security UserID=\"S-1-5-21-145345821-4241028641-590995675-1001\"></Security>\n</System>\n<EventData><Data Name=\"MessageNu"}
{"file": "files\\Windows\\System32\\winevt\\Logs\\Microsoft-Windows-PowerShell.evtx", "record_num": 107, "timestamp": "2025-10-23T18:55:06.495687", "event_id": null, "xml_snippet": "<Event xmlns=\"http://schemas.microsoft.com/win/2004/08/events/event\"><System><Provider Name=\"Microsoft-Windows-PowerShell\" Guid=\"{a0c1853b-5c40-4b15-8766-3cf1c58f985a}\"></Provider>\n<EventID Qualifiers=\"\">4104</EventID>\n<Version>1</Version>\n<Level>3</Level>\n<Task>2</Task>\n<Opcode>15</Opcode>\n<Keywords>0x0000000000000000</Keywords>\n<TimeCreated SystemTime=\"2025-10-23 18:55:06.495687\"></TimeCreated>\n<EventRecordID>107</EventRecordID>\n<Correlation ActivityID=\"{1c50eb5a-444a-0001-ac20-531c4a44dc01}\" RelatedActivityID=\"\"></Correlation>\n<Execution ProcessID=\"4020\" ThreadID=\"1372\"></Execution>\n<Channel>Microsoft-Windows-PowerShell/Operational</Channel>\n<Computer>Ramadan</Computer>\n<Security UserID=\"S-1-5-21-145345821-4241028641-590995675-1001\"></Security>\n</System>\n<EventData><Data Name=\"MessageNu"}
{"file": "files\\Windows\\System32\\winevt\\Logs\\Microsoft-Windows-PowerShell.evtx", "record_num": 108, "timestamp": "2025-10-23T18:55:07.397219", "event_id": null, "xml_snippet": "<Event xmlns=\"http://schemas.microsoft.com/win/2004/08/events/event\"><System><Provider Name=\"Microsoft-Windows-PowerShell\" Guid=\"{a0c1853b-5c40-4b15-8766-3cf1c58f985a}\"></Provider>\n<EventID Qualifiers=\"\">4104</EventID>\n<Version>1</Version>\n<Level>3</Level>\n<Task>2</Task>\n<Opcode>15</Opcode>\n<Keywords>0x0000000000000000</Keywords>\n<TimeCreated SystemTime=\"2025-10-23 18:55:07.397219\"></TimeCreated>\n<EventRecordID>108</EventRecordID>\n<Correlation ActivityID=\"{1c50eb5a-444a-0001-ab26-531c4a44dc01}\" RelatedActivityID=\"\"></Correlation>\n<Execution ProcessID=\"4020\" ThreadID=\"1372\"></Execution>\n<Channel>Microsoft-Windows-PowerShell/Operational</Channel>\n<Computer>Ramadan</Computer>\n<Security UserID=\"S-1-5-21-145345821-4241028641-590995675-1001\"></Security>\n</System>\n<EventData><Data Name=\"MessageNu"}
{"file": "files\\Windows\\System32\\winevt\\Logs\\Microsoft-Windows-PowerShell.evtx", "record_num": 109, "timestamp": "2025-10-23T18:55:07.704462", "event_id": null, "xml_snippet": "<Event xmlns=\"http://schemas.microsoft.com/win/2004/08/events/event\"><System><Provider Name=\"Microsoft-Windows-PowerShell\" Guid=\"{a0c1853b-5c40-4b15-8766-3cf1c58f985a}\"></Provider>\n<EventID Qualifiers=\"\">4104</EventID>\n<Version>1</Version>\n<Level>3</Level>\n<Task>2</Task>\n<Opcode>15</Opcode>\n<Keywords>0x0000000000000000</Keywords>\n<TimeCreated SystemTime=\"2025-10-23 18:55:07.704462\"></TimeCreated>\n<EventRecordID>109</EventRecordID>\n<Correlation ActivityID=\"{1c50eb5a-444a-0000-24aa-531c4a44dc01}\" RelatedActivityID=\"\"></Correlation>\n<Execution ProcessID=\"4020\" ThreadID=\"1372\"></Execution>\n<Channel>Microsoft-Windows-PowerShell/Operational</Channel>\n<Computer>Ramadan</Computer>\n<Security UserID=\"S-1-5-21-145345821-4241028641-590995675-1001\"></Security>\n</System>\n<EventData><Data Name=\"MessageNu"}
{"file": "files\\Windows\\System32\\winevt\\Logs\\Microsoft-Windows-PowerShell.evtx", "record_num": 110, "timestamp": "2025-10-23T18:55:07.886936", "event_id": null, "xml_snippet": "<Event xmlns=\"http://schemas.microsoft.com/win/2004/08/events/event\"><System><Provider Name=\"Microsoft-Windows-PowerShell\" Guid=\"{a0c1853b-5c40-4b15-8766-3cf1c58f985a}\"></Provider>\n<EventID Qualifiers=\"\">4104</EventID>\n<Version>1</Version>\n<Level>3</Level>\n<Task>2</Task>\n<Opcode>15</Opcode>\n<Keywords>0x0000000000000000</Keywords>\n<TimeCreated SystemTime=\"2025-10-23 18:55:07.886936\"></TimeCreated>\n<EventRecordID>110</EventRecordID>\n<Correlation ActivityID=\"{1c50eb5a-444a-0000-03ae-531c4a44dc01}\" RelatedActivityID=\"\"></Correlation>\n<Execution ProcessID=\"4020\" ThreadID=\"1372\"></Execution>\n<Channel>Microsoft-Windows-PowerShell/Operational</Channel>\n<Computer>Ramadan</Computer>\n<Security UserID=\"S-1-5-21-145345821-4241028641-590995675-1001\"></Security>\n</System>\n<EventData><Data Name=\"MessageNu"}
{"file": "files\\Windows\\System32\\winevt\\Logs\\Microsoft-Windows-PowerShell.evtx", "record_num": 111, "timestamp": "2025-10-23T18:55:08.095928", "event_id": null, "xml_snippet": "<Event xmlns=\"http://schemas.microsoft.com/win/2004/08/events/event\"><System><Provider Name=\"Microsoft-Windows-PowerShell\" Guid=\"{a0c1853b-5c40-4b15-8766-3cf1c58f985a}\"></Provider>\n<EventID Qualifiers=\"\">4104</EventID>\n<Version>1</Version>\n<Level>3</Level>\n<Task>2</Task>\n<Opcode>15</Opcode>\n<Keywords>0x0000000000000000</Keywords>\n<TimeCreated SystemTime=\"2025-10-23 18:55:08.095928\"></TimeCreated>\n<EventRecordID>111</EventRecordID>\n<Correlation ActivityID=\"{1c50eb5a-444a-0000-37af-531c4a44dc01}\" RelatedActivityID=\"\"></Correlation>\n<Execution ProcessID=\"4020\" ThreadID=\"1372\"></Execution>\n<Channel>Microsoft-Windows-PowerShell/Operational</Channel>\n<Computer>Ramadan</Computer>\n<Security UserID=\"S-1-5-21-145345821-4241028641-590995675-1001\"></Security>\n</System>\n<EventData><Data Name=\"MessageNu"}
{"file": "files\\Windows\\System32\\winevt\\Logs\\Microsoft-Windows-PowerShell.evtx", "record_num": 112, "timestamp": "2025-10-23T18:55:08.095968", "event_id": null, "xml_snippet": "<Event xmlns=\"http://schemas.microsoft.com/win/2004/08/events/event\"><System><Provider Name=\"Microsoft-Windows-PowerShell\" Guid=\"{a0c1853b-5c40-4b15-8766-3cf1c58f985a}\"></Provider>\n<EventID Qualifiers=\"\">4104</EventID>\n<Version>1</Version>\n<Level>3</Level>\n<Task>2</Task>\n<Opcode>15</Opcode>\n<Keywords>0x0000000000000000</Keywords>\n<TimeCreated SystemTime=\"2025-10-23 18:55:08.095968\"></TimeCreated>\n<EventRecordID>112</EventRecordID>\n<Correlation ActivityID=\"{1c50eb5a-444a-0000-37af-531c4a44dc01}\" RelatedActivityID=\"\"></Correlation>\n<Execution ProcessID=\"4020\" ThreadID=\"1372\"></Execution>\n<Channel>Microsoft-Windows-PowerShell/Operational</Channel>\n<Computer>Ramadan</Computer>\n<Security UserID=\"S-1-5-21-145345821-4241028641-590995675-1001\"></Security>\n</System>\n<EventData><Data Name=\"MessageNu"}
{"file": "files\\Windows\\System32\\winevt\\Logs\\Microsoft-Windows-PowerShell.evtx", "record_num": 113, "timestamp": "2025-10-23T18:55:08.095980", "event_id": null, "xml_snippet": "<Event xmlns=\"http://schemas.microsoft.com/win/2004/08/events/event\"><System><Provider Name=\"Microsoft-Windows-PowerShell\" Guid=\"{a0c1853b-5c40-4b15-8766-3cf1c58f985a}\"></Provider>\n<EventID Qualifiers=\"\">4104</EventID>\n<Version>1</Version>\n<Level>3</Level>\n<Task>2</Task>\n<Opcode>15</Opcode>\n<Keywords>0x0000000000000000</Keywords>\n<TimeCreated SystemTime=\"2025-10-23 18:55:08.095980\"></TimeCreated>\n<EventRecordID>113</EventRecordID>\n<Correlation ActivityID=\"{1c50eb5a-444a-0000-37af-531c4a44dc01}\" RelatedActivityID=\"\"></Correlation>\n<Execution ProcessID=\"4020\" ThreadID=\"1372\"></Execution>\n<Channel>Microsoft-Windows-PowerShell/Operational</Channel>\n<Computer>Ramadan</Computer>\n<Security UserID=\"S-1-5-21-145345821-4241028641-590995675-1001\"></Security>\n</System>\n<EventData><Data Name=\"MessageNu"}
{"file": "files\\Windows\\System32\\winevt\\Logs\\Microsoft-Windows-PowerShell.evtx", "record_num": 114, "timestamp": "2025-10-23T18:55:08.272850", "event_id": null, "xml_snippet": "<Event xmlns=\"http://schemas.microsoft.com/win/2004/08/events/event\"><System><Provider Name=\"Microsoft-Windows-PowerShell\" Guid=\"{a0c1853b-5c40-4b15-8766-3cf1c58f985a}\"></Provider>\n<EventID Qualifiers=\"\">4104</EventID>\n<Version>1</Version>\n<Level>3</Level>\n<Task>2</Task>\n<Opcode>15</Opcode>\n<Keywords>0x0000000000000000</Keywords>\n<TimeCreated SystemTime=\"2025-10-23 18:55:08.272850\"></TimeCreated>\n<EventRecordID>114</EventRecordID>\n<Correlation ActivityID=\"{1c50eb5a-444a-0000-72af-531c4a44dc01}\" RelatedActivityID=\"\"></Correlation>\n<Execution ProcessID=\"4020\" ThreadID=\"1372\"></Execution>\n<Channel>Microsoft-Windows-PowerShell/Operational</Channel>\n<Computer>Ramadan</Computer>\n<Security UserID=\"S-1-5-21-145345821-4241028641-590995675-1001\"></Security>\n</System>\n<EventData><Data Name=\"MessageNu"}
{"file": "files\\Windows\\System32\\winevt\\Logs\\Microsoft-Windows-PowerShell.evtx", "record_num": 115, "timestamp": "2025-10-23T18:55:08.272882", "event_id": null, "xml_snippet": "<Event xmlns=\"http://schemas.microsoft.com/win/2004/08/events/event\"><System><Provider Name=\"Microsoft-Windows-PowerShell\" Guid=\"{a0c1853b-5c40-4b15-8766-3cf1c58f985a}\"></Provider>\n<EventID Qualifiers=\"\">4104</EventID>\n<Version>1</Version>\n<Level>3</Level>\n<Task>2</Task>\n<Opcode>15</Opcode>\n<Keywords>0x0000000000000000</Keywords>\n<TimeCreated SystemTime=\"2025-10-23 18:55:08.272882\"></TimeCreated>\n<EventRecordID>115</EventRecordID>\n<Correlation ActivityID=\"{1c50eb5a-444a-0000-72af-531c4a44dc01}\" RelatedActivityID=\"\"></Correlation>\n<Execution ProcessID=\"4020\" ThreadID=\"1372\"></Execution>\n<Channel>Microsoft-Windows-PowerShell/Operational</Channel>\n<Computer>Ramadan</Computer>\n<Security UserID=\"S-1-5-21-145345821-4241028641-590995675-1001\"></Security>\n</System>\n<EventData><Data Name=\"MessageNu"}
{"file": "files\\Windows\\System32\\winevt\\Logs\\Microsoft-Windows-PowerShell.evtx", "record_num": 116, "timestamp": "2025-10-23T18:55:08.463518", "event_id": null, "xml_snippet": "<Event xmlns=\"http://schemas.microsoft.com/win/2004/08/events/event\"><System><Provider Name=\"Microsoft-Windows-PowerShell\" Guid=\"{a0c1853b-5c40-4b15-8766-3cf1c58f985a}\"></Provider>\n<EventID Qualifiers=\"\">4104</EventID>\n<Version>1</Version>\n<Level>3</Level>\n<Task>2</Task>\n<Opcode>15</Opcode>\n<Keywords>0x0000000000000000</Keywords>\n<TimeCreated SystemTime=\"2025-10-23 18:55:08.463518\"></TimeCreated>\n<EventRecordID>116</EventRecordID>\n<Correlation ActivityID=\"{1c50eb5a-444a-0000-ddaf-531c4a44dc01}\" RelatedActivityID=\"\"></Correlation>\n<Execution ProcessID=\"4020\" ThreadID=\"1372\"></Execution>\n<Channel>Microsoft-Windows-PowerShell/Operational</Channel>\n<Computer>Ramadan</Computer>\n<Security UserID=\"S-1-5-21-145345821-4241028641-590995675-1001\"></Security>\n</System>\n<EventData><Data Name=\"MessageNu"}
{"file": "files\\Windows\\System32\\winevt\\Logs\\Microsoft-Windows-PowerShell.evtx", "record_num": 117, "timestamp": "2025-10-23T18:55:08.750776", "event_id": null, "xml_snippet": "<Event xmlns=\"http://schemas.microsoft.com/win/2004/08/events/event\"><System><Provider Name=\"Microsoft-Windows-PowerShell\" Guid=\"{a0c1853b-5c40-4b15-8766-3cf1c58f985a}\"></Provider>\n<EventID Qualifiers=\"\">4104</EventID>\n<Version>1</Version>\n<Level>3</Level>\n<Task>2</Task>\n<Opcode>15</Opcode>\n<Keywords>0x0000000000000000</Keywords>\n<TimeCreated SystemTime=\"2025-10-23 18:55:08.750776\"></TimeCreated>\n<EventRecordID>117</EventRecordID>\n<Correlation ActivityID=\"{1c50eb5a-444a-0000-56b0-531c4a44dc01}\" RelatedActivityID=\"\"></Correlation>\n<Execution ProcessID=\"4020\" ThreadID=\"1372\"></Execution>\n<Channel>Microsoft-Windows-PowerShell/Operational</Channel>\n<Computer>Ramadan</Computer>\n<Security UserID=\"S-1-5-21-145345821-4241028641-590995675-1001\"></Security>\n</System>\n<EventData><Data Name=\"MessageNu"}
{"file": "files\\Windows\\System32\\winevt\\Logs\\Microsoft-Windows-PowerShell.evtx", "record_num": 118, "timestamp": "2025-10-23T18:55:08.752567", "event_id": null, "xml_snippet": "<Event xmlns=\"http://schemas.microsoft.com/win/2004/08/events/event\"><System><Provider Name=\"Microsoft-Windows-PowerShell\" Guid=\"{a0c1853b-5c40-4b15-8766-3cf1c58f985a}\"></Provider>\n<EventID Qualifiers=\"\">4104</EventID>\n<Version>1</Version>\n<Level>3</Level>\n<Task>2</Task>\n<Opcode>15</Opcode>\n<Keywords>0x0000000000000000</Keywords>\n<TimeCreated SystemTime=\"2025-10-23 18:55:08.752567\"></TimeCreated>\n<EventRecordID>118</EventRecordID>\n<Correlation ActivityID=\"{1c50eb5a-444a-0000-56b0-531c4a44dc01}\" RelatedActivityID=\"\"></Correlation>\n<Execution ProcessID=\"4020\" ThreadID=\"1372\"></Execution>\n<Channel>Microsoft-Windows-PowerShell/Operational</Channel>\n<Computer>Ramadan</Computer>\n<Security UserID=\"S-1-5-21-145345821-4241028641-590995675-1001\"></Security>\n</System>\n<EventData><Data Name=\"MessageNu"}
{"file": "files\\Windows\\System32\\winevt\\Logs\\Microsoft-Windows-PowerShell.evtx", "record_num": 119, "timestamp": "2025-10-23T18:55:08.752623", "event_id": null, "xml_snippet": "<Event xmlns=\"http://schemas.microsoft.com/win/2004/08/events/event\"><System><Provider Name=\"Microsoft-Windows-PowerShell\" Guid=\"{a0c1853b-5c40-4b15-8766-3cf1c58f985a}\"></Provider>\n<EventID Qualifiers=\"\">4104</EventID>\n<Version>1</Version>\n<Level>3</Level>\n<Task>2</Task>\n<Opcode>15</Opcode>\n<Keywords>0x0000000000000000</Keywords>\n<TimeCreated SystemTime=\"2025-10-23 18:55:08.752623\"></TimeCreated>\n<EventRecordID>119</EventRecordID>\n<Correlation ActivityID=\"{1c50eb5a-444a-0000-56b0-531c4a44dc01}\" RelatedActivityID=\"\"></Correlation>\n<Execution ProcessID=\"4020\" ThreadID=\"1372\"></Execution>\n<Channel>Microsoft-Windows-PowerShell/Operational</Channel>\n<Computer>Ramadan</Computer>\n<Security UserID=\"S-1-5-21-145345821-4241028641-590995675-1001\"></Security>\n</System>\n<EventData><Data Name=\"MessageNu"}
{"file": "files\\Windows\\System32\\winevt\\Logs\\Microsoft-Windows-PowerShell.evtx", "record_num": 120, "timestamp": "2025-10-23T18:55:08.888880", "event_id": null, "xml_snippet": "<Event xmlns=\"http://schemas.microsoft.com/win/2004/08/events/event\"><System><Provider Name=\"Microsoft-Windows-PowerShell\" Guid=\"{a0c1853b-5c40-4b15-8766-3cf1c58f985a}\"></Provider>\n<EventID Qualifiers=\"\">4104</EventID>\n<Version>1</Version>\n<Level>3</Level>\n<Task>2</Task>\n<Opcode>15</Opcode>\n<Keywords>0x0000000000000000</Keywords>\n<TimeCreated SystemTime=\"2025-10-23 18:55:08.888880\"></TimeCreated>\n<EventRecordID>120</EventRecordID>\n<Correlation ActivityID=\"{1c50eb5a-444a-0000-b9b1-531c4a44dc01}\" RelatedActivityID=\"\"></Correlation>\n<Execution ProcessID=\"4020\" ThreadID=\"1372\"></Execution>\n<Channel>Microsoft-Windows-PowerShell/Operational</Channel>\n<Computer>Ramadan</Computer>\n<Security UserID=\"S-1-5-21-145345821-4241028641-590995675-1001\"></Security>\n</System>\n<EventData><Data Name=\"MessageNu"}
{"file": "files\\Windows\\System32\\winevt\\Logs\\Microsoft-Windows-PowerShell.evtx", "record_num": 121, "timestamp": "2025-10-23T18:55:09.145386", "event_id": null, "xml_snippet": "<Event xmlns=\"http://schemas.microsoft.com/win/2004/08/events/event\"><System><Provider Name=\"Microsoft-Windows-PowerShell\" Guid=\"{a0c1853b-5c40-4b15-8766-3cf1c58f985a}\"></Provider>\n<EventID Qualifiers=\"\">4104</EventID>\n<Version>1</Version>\n<Level>3</Level>\n<Task>2</Task>\n<Opcode>15</Opcode>\n<Keywords>0x0000000000000000</Keywords>\n<TimeCreated SystemTime=\"2025-10-23 18:55:09.145386\"></TimeCreated>\n<EventRecordID>121</EventRecordID>\n<Correlation ActivityID=\"{1c50eb5a-444a-0000-f4b1-531c4a44dc01}\" RelatedActivityID=\"\"></Correlation>\n<Execution ProcessID=\"4020\" ThreadID=\"1372\"></Execution>\n<Channel>Microsoft-Windows-PowerShell/Operational</Channel>\n<Computer>Ramadan</Computer>\n<Security UserID=\"S-1-5-21-145345821-4241028641-590995675-1001\"></Security>\n</System>\n<EventData><Data Name=\"MessageNu"}
{"file": "files\\Windows\\System32\\winevt\\Logs\\Microsoft-Windows-PowerShell.evtx", "record_num": 122, "timestamp": "2025-10-23T18:55:09.146198", "event_id": null, "xml_snippet": "<Event xmlns=\"http://schemas.microsoft.com/win/2004/08/events/event\"><System><Provider Name=\"Microsoft-Windows-PowerShell\" Guid=\"{a0c1853b-5c40-4b15-8766-3cf1c58f985a}\"></Provider>\n<EventID Qualifiers=\"\">4104</EventID>\n<Version>1</Version>\n<Level>3</Level>\n<Task>2</Task>\n<Opcode>15</Opcode>\n<Keywords>0x0000000000000000</Keywords>\n<TimeCreated SystemTime=\"2025-10-23 18:55:09.146198\"></TimeCreated>\n<EventRecordID>122</EventRecordID>\n<Correlation ActivityID=\"{1c50eb5a-444a-0000-f4b1-531c4a44dc01}\" RelatedActivityID=\"\"></Correlation>\n<Execution ProcessID=\"4020\" ThreadID=\"1372\"></Execution>\n<Channel>Microsoft-Windows-PowerShell/Operational</Channel>\n<Computer>Ramadan</Computer>\n<Security UserID=\"S-1-5-21-145345821-4241028641-590995675-1001\"></Security>\n</System>\n<EventData><Data Name=\"MessageNu"}
{"file": "files\\Windows\\System32\\winevt\\Logs\\Microsoft-Windows-PowerShell.evtx", "record_num": 123, "timestamp": "2025-10-23T18:55:09.146233", "event_id": null, "xml_snippet": "<Event xmlns=\"http://schemas.microsoft.com/win/2004/08/events/event\"><System><Provider Name=\"Microsoft-Windows-PowerShell\" Guid=\"{a0c1853b-5c40-4b15-8766-3cf1c58f985a}\"></Provider>\n<EventID Qualifiers=\"\">4104</EventID>\n<Version>1</Version>\n<Level>3</Level>\n<Task>2</Task>\n<Opcode>15</Opcode>\n<Keywords>0x0000000000000000</Keywords>\n<TimeCreated SystemTime=\"2025-10-23 18:55:09.146233\"></TimeCreated>\n<EventRecordID>123</EventRecordID>\n<Correlation ActivityID=\"{1c50eb5a-444a-0000-f4b1-531c4a44dc01}\" RelatedActivityID=\"\"></Correlation>\n<Execution ProcessID=\"4020\" ThreadID=\"1372\"></Execution>\n<Channel>Microsoft-Windows-PowerShell/Operational</Channel>\n<Computer>Ramadan</Computer>\n<Security UserID=\"S-1-5-21-145345821-4241028641-590995675-1001\"></Security>\n</System>\n<EventData><Data Name=\"MessageNu"}
{"file": "files\\Windows\\System32\\winevt\\Logs\\Microsoft-Windows-PowerShell.evtx", "record_num": 124, "timestamp": "2025-10-23T18:55:09.146269", "event_id": null, "xml_snippet": "<Event xmlns=\"http://schemas.microsoft.com/win/2004/08/events/event\"><System><Provider Name=\"Microsoft-Windows-PowerShell\" Guid=\"{a0c1853b-5c40-4b15-8766-3cf1c58f985a}\"></Provider>\n<EventID Qualifiers=\"\">4104</EventID>\n<Version>1</Version>\n<Level>3</Level>\n<Task>2</Task>\n<Opcode>15</Opcode>\n<Keywords>0x0000000000000000</Keywords>\n<TimeCreated SystemTime=\"2025-10-23 18:55:09.146269\"></TimeCreated>\n<EventRecordID>124</EventRecordID>\n<Correlation ActivityID=\"{1c50eb5a-444a-0000-f4b1-531c4a44dc01}\" RelatedActivityID=\"\"></Correlation>\n<Execution ProcessID=\"4020\" ThreadID=\"1372\"></Execution>\n<Channel>Microsoft-Windows-PowerShell/Operational</Channel>\n<Computer>Ramadan</Computer>\n<Security UserID=\"S-1-5-21-145345821-4241028641-590995675-1001\"></Security>\n</System>\n<EventData><Data Name=\"MessageNu"}
{"file": "files\\Windows\\System32\\winevt\\Logs\\Microsoft-Windows-PowerShell.evtx", "record_num": 125, "timestamp": "2025-10-23T18:55:09.293190", "event_id": null, "xml_snippet": "<Event xmlns=\"http://schemas.microsoft.com/win/2004/08/events/event\"><System><Provider Name=\"Microsoft-Windows-PowerShell\" Guid=\"{a0c1853b-5c40-4b15-8766-3cf1c58f985a}\"></Provider>\n<EventID Qualifiers=\"\">4104</EventID>\n<Version>1</Version>\n<Level>3</Level>\n<Task>2</Task>\n<Opcode>15</Opcode>\n<Keywords>0x0000000000000000</Keywords>\n<TimeCreated SystemTime=\"2025-10-23 18:55:09.293190\"></TimeCreated>\n<EventRecordID>125</EventRecordID>\n<Correlation ActivityID=\"{1c50eb5a-444a-0001-4f3c-531c4a44dc01}\" RelatedActivityID=\"\"></Correlation>\n<Execution ProcessID=\"4020\" ThreadID=\"1372\"></Execution>\n<Channel>Microsoft-Windows-PowerShell/Operational</Channel>\n<Computer>Ramadan</Computer>\n<Security UserID=\"S-1-5-21-145345821-4241028641-590995675-1001\"></Security>\n</System>\n<EventData><Data Name=\"MessageNu"}
{"file": "files\\Windows\\System32\\winevt\\Logs\\Microsoft-Windows-PowerShell.evtx", "record_num": 126, "timestamp": "2025-10-23T19:18:59.035301", "event_id": null, "xml_snippet": "<Event xmlns=\"http://schemas.microsoft.com/win/2004/08/events/event\"><System><Provider Name=\"Microsoft-Windows-PowerShell\" Guid=\"{a0c1853b-5c40-4b15-8766-3cf1c58f985a}\"></Provider>\n<EventID Qualifiers=\"\">40961</EventID>\n<Version>1</Version>\n<Level>4</Level>\n<Task>4</Task>\n<Opcode>1</Opcode>\n<Keywords>0x0000000000000000</Keywords>\n<TimeCreated SystemTime=\"2025-10-23 19:18:59.035301\"></TimeCreated>\n<EventRecordID>126</EventRecordID>\n<Correlation ActivityID=\"{935af687-4451-0000-d2ce-5b935144dc01}\" RelatedActivityID=\"\"></Correlation>\n<Execution ProcessID=\"7536\" ThreadID=\"7540\"></Execution>\n<Channel>Microsoft-Windows-PowerShell/Operational</Channel>\n<Computer>Ramadan</Computer>\n<Security UserID=\"S-1-5-21-145345821-4241028641-590995675-1001\"></Security>\n</System>\n<EventData></EventData>\n</Event>"}
{"file": "files\\Windows\\System32\\winevt\\Logs\\Microsoft-Windows-PowerShell.evtx", "record_num": 127, "timestamp": "2025-10-23T19:19:01.112600", "event_id": null, "xml_snippet": "<Event xmlns=\"http://schemas.microsoft.com/win/2004/08/events/event\"><System><Provider Name=\"Microsoft-Windows-PowerShell\" Guid=\"{a0c1853b-5c40-4b15-8766-3cf1c58f985a}\"></Provider>\n<EventID Qualifiers=\"\">53504</EventID>\n<Version>1</Version>\n<Level>4</Level>\n<Task>111</Task>\n<Opcode>10</Opcode>\n<Keywords>0x0000000000000000</Keywords>\n<TimeCreated SystemTime=\"2025-10-23 19:19:01.112600\"></TimeCreated>\n<EventRecordID>127</EventRecordID>\n<Correlation ActivityID=\"{935af687-4451-0000-d2ce-5b935144dc01}\" RelatedActivityID=\"\"></Correlation>\n<Execution ProcessID=\"7536\" ThreadID=\"7900\"></Execution>\n<Channel>Microsoft-Windows-PowerShell/Operational</Channel>\n<Computer>Ramadan</Computer>\n<Security UserID=\"S-1-5-21-145345821-4241028641-590995675-1001\"></Security>\n</System>\n<EventData><Data Name=\"param1"}
{"file": "files\\Windows\\System32\\winevt\\Logs\\Microsoft-Windows-PowerShell.evtx", "record_num": 128, "timestamp": "2025-10-23T19:19:06.430061", "event_id": null, "xml_snippet": "<Event xmlns=\"http://schemas.microsoft.com/win/2004/08/events/event\"><System><Provider Name=\"Microsoft-Windows-PowerShell\" Guid=\"{a0c1853b-5c40-4b15-8766-3cf1c58f985a}\"></Provider>\n<EventID Qualifiers=\"\">40962</EventID>\n<Version>1</Version>\n<Level>4</Level>\n<Task>4</Task>\n<Opcode>2</Opcode>\n<Keywords>0x0000000000000000</Keywords>\n<TimeCreated SystemTime=\"2025-10-23 19:19:06.430061\"></TimeCreated>\n<EventRecordID>128</EventRecordID>\n<Correlation ActivityID=\"{935af687-4451-0000-d2ce-5b935144dc01}\" RelatedActivityID=\"\"></Correlation>\n<Execution ProcessID=\"7536\" ThreadID=\"7540\"></Execution>\n<Channel>Microsoft-Windows-PowerShell/Operational</Channel>\n<Computer>Ramadan</Computer>\n<Security UserID=\"S-1-5-21-145345821-4241028641-590995675-1001\"></Security>\n</System>\n<EventData></EventData>\n</Event>"}
{"file": "files\\Windows\\System32\\winevt\\Logs\\Microsoft-Windows-PowerShell.evtx", "record_num": 129, "timestamp": "2025-10-23T19:19:53.388489", "event_id": null, "xml_snippet": "<Event xmlns=\"http://schemas.microsoft.com/win/2004/08/events/event\"><System><Provider Name=\"Microsoft-Windows-PowerShell\" Guid=\"{a0c1853b-5c40-4b15-8766-3cf1c58f985a}\"></Provider>\n<EventID Qualifiers=\"\">40961</EventID>\n<Version>1</Version>\n<Level>4</Level>\n<Task>4</Task>\n<Opcode>1</Opcode>\n<Keywords>0x0000000000000000</Keywords>\n<TimeCreated SystemTime=\"2025-10-23 19:19:53.388489\"></TimeCreated>\n<EventRecordID>129</EventRecordID>\n<Correlation ActivityID=\"{935af687-4451-0001-3be6-5b935144dc01}\" RelatedActivityID=\"\"></Correlation>\n<Execution ProcessID=\"6224\" ThreadID=\"6240\"></Execution>\n<Channel>Microsoft-Windows-PowerShell/Operational</Channel>\n<Computer>Ramadan</Computer>\n<Security UserID=\"S-1-5-21-145345821-4241028641-590995675-1001\"></Security>\n</System>\n<EventData></EventData>\n</Event>"}
{"file": "files\\Windows\\System32\\winevt\\Logs\\Microsoft-Windows-PowerShell.evtx", "record_num": 130, "timestamp": "2025-10-23T19:19:54.035522", "event_id": null, "xml_snippet": "<Event xmlns=\"http://schemas.microsoft.com/win/2004/08/events/event\"><System><Provider Name=\"Microsoft-Windows-PowerShell\" Guid=\"{a0c1853b-5c40-4b15-8766-3cf1c58f985a}\"></Provider>\n<EventID Qualifiers=\"\">53504</EventID>\n<Version>1</Version>\n<Level>4</Level>\n<Task>111</Task>\n<Opcode>10</Opcode>\n<Keywords>0x0000000000000000</Keywords>\n<TimeCreated SystemTime=\"2025-10-23 19:19:54.035522\"></TimeCreated>\n<EventRecordID>130</EventRecordID>\n<Correlation ActivityID=\"{935af687-4451-0001-3be6-5b935144dc01}\" RelatedActivityID=\"\"></Correlation>\n<Execution ProcessID=\"6224\" ThreadID=\"7744\"></Execution>\n<Channel>Microsoft-Windows-PowerShell/Operational</Channel>\n<Computer>Ramadan</Computer>\n<Security UserID=\"S-1-5-21-145345821-4241028641-590995675-1001\"></Security>\n</System>\n<EventData><Data Name=\"param1"}
{"file": "files\\Windows\\System32\\winevt\\Logs\\Microsoft-Windows-PowerShell.evtx", "record_num": 131, "timestamp": "2025-10-23T19:19:57.128283", "event_id": null, "xml_snippet": "<Event xmlns=\"http://schemas.microsoft.com/win/2004/08/events/event\"><System><Provider Name=\"Microsoft-Windows-PowerShell\" Guid=\"{a0c1853b-5c40-4b15-8766-3cf1c58f985a}\"></Provider>\n<EventID Qualifiers=\"\">40962</EventID>\n<Version>1</Version>\n<Level>4</Level>\n<Task>4</Task>\n<Opcode>2</Opcode>\n<Keywords>0x0000000000000000</Keywords>\n<TimeCreated SystemTime=\"2025-10-23 19:19:57.128283\"></TimeCreated>\n<EventRecordID>131</EventRecordID>\n<Correlation ActivityID=\"{935af687-4451-0001-3be6-5b935144dc01}\" RelatedActivityID=\"\"></Correlation>\n<Execution ProcessID=\"6224\" ThreadID=\"6240\"></Execution>\n<Channel>Microsoft-Windows-PowerShell/Operational</Channel>\n<Computer>Ramadan</Computer>\n<Security UserID=\"S-1-5-21-145345821-4241028641-590995675-1001\"></Security>\n</System>\n<EventData></EventData>\n</Event>"}
{"file": "files\\Windows\\System32\\winevt\\Logs\\Microsoft-Windows-PowerShell.evtx", "record_num": 132, "timestamp": "2025-10-23T19:29:04.618765", "event_id": null, "xml_snippet": "<Event xmlns=\"http://schemas.microsoft.com/win/2004/08/events/event\"><System><Provider Name=\"Microsoft-Windows-PowerShell\" Guid=\"{a0c1853b-5c40-4b15-8766-3cf1c58f985a}\"></Provider>\n<EventID Qualifiers=\"\">4104</EventID>\n<Version>1</Version>\n<Level>3</Level>\n<Task>2</Task>\n<Opcode>15</Opcode>\n<Keywords>0x0000000000000000</Keywords>\n<TimeCreated SystemTime=\"2025-10-23 19:29:04.618765\"></TimeCreated>\n<EventRecordID>132</EventRecordID>\n<Correlation ActivityID=\"{935af687-4451-0000-bd71-5c935144dc01}\" RelatedActivityID=\"\"></Correlation>\n<Execution ProcessID=\"6224\" ThreadID=\"6868\"></Execution>\n<Channel>Microsoft-Windows-PowerShell/Operational</Channel>\n<Computer>Ramadan</Computer>\n<Security UserID=\"S-1-5-21-145345821-4241028641-590995675-1001\"></Security>\n</System>\n<EventData><Data Name=\"MessageNu"}
{"file": "files\\Windows\\System32\\winevt\\Logs\\Microsoft-Windows-PowerShell.evtx", "record_num": 133, "timestamp": "2025-10-23T19:29:04.619110", "event_id": null, "xml_snippet": "<Event xmlns=\"http://schemas.microsoft.com/win/2004/08/events/event\"><System><Provider Name=\"Microsoft-Windows-PowerShell\" Guid=\"{a0c1853b-5c40-4b15-8766-3cf1c58f985a}\"></Provider>\n<EventID Qualifiers=\"\">4104</EventID>\n<Version>1</Version>\n<Level>3</Level>\n<Task>2</Task>\n<Opcode>15</Opcode>\n<Keywords>0x0000000000000000</Keywords>\n<TimeCreated SystemTime=\"2025-10-23 19:29:04.619110\"></TimeCreated>\n<EventRecordID>133</EventRecordID>\n<Correlation ActivityID=\"{935af687-4451-0000-bd71-5c935144dc01}\" RelatedActivityID=\"\"></Correlation>\n<Execution ProcessID=\"6224\" ThreadID=\"6868\"></Execution>\n<Channel>Microsoft-Windows-PowerShell/Operational</Channel>\n<Computer>Ramadan</Computer>\n<Security UserID=\"S-1-5-21-145345821-4241028641-590995675-1001\"></Security>\n</System>\n<EventData><Data Name=\"MessageNu"}
{"file": "files\\Windows\\System32\\winevt\\Logs\\Microsoft-Windows-PowerShell.evtx", "record_num": 134, "timestamp": "2025-10-23T19:29:04.619173", "event_id": null, "xml_snippet": "<Event xmlns=\"http://schemas.microsoft.com/win/2004/08/events/event\"><System><Provider Name=\"Microsoft-Windows-PowerShell\" Guid=\"{a0c1853b-5c40-4b15-8766-3cf1c58f985a}\"></Provider>\n<EventID Qualifiers=\"\">4104</EventID>\n<Version>1</Version>\n<Level>3</Level>\n<Task>2</Task>\n<Opcode>15</Opcode>\n<Keywords>0x0000000000000000</Keywords>\n<TimeCreated SystemTime=\"2025-10-23 19:29:04.619173\"></TimeCreated>\n<EventRecordID>134</EventRecordID>\n<Correlation ActivityID=\"{935af687-4451-0000-bd71-5c935144dc01}\" RelatedActivityID=\"\"></Correlation>\n<Execution ProcessID=\"6224\" ThreadID=\"6868\"></Execution>\n<Channel>Microsoft-Windows-PowerShell/Operational</Channel>\n<Computer>Ramadan</Computer>\n<Security UserID=\"S-1-5-21-145345821-4241028641-590995675-1001\"></Security>\n</System>\n<EventData><Data Name=\"MessageNu"}
{"file": "files\\Windows\\System32\\winevt\\Logs\\Microsoft-Windows-PowerShell.evtx", "record_num": 135, "timestamp": "2025-10-23T19:29:04.619225", "event_id": null, "xml_snippet": "<Event xmlns=\"http://schemas.microsoft.com/win/2004/08/events/event\"><System><Provider Name=\"Microsoft-Windows-PowerShell\" Guid=\"{a0c1853b-5c40-4b15-8766-3cf1c58f985a}\"></Provider>\n<EventID Qualifiers=\"\">4104</EventID>\n<Version>1</Version>\n<Level>3</Level>\n<Task>2</Task>\n<Opcode>15</Opcode>\n<Keywords>0x0000000000000000</Keywords>\n<TimeCreated SystemTime=\"2025-10-23 19:29:04.619225\"></TimeCreated>\n<EventRecordID>135</EventRecordID>\n<Correlation ActivityID=\"{935af687-4451-0000-bd71-5c935144dc01}\" RelatedActivityID=\"\"></Correlation>\n<Execution ProcessID=\"6224\" ThreadID=\"6868\"></Execution>\n<Channel>Microsoft-Windows-PowerShell/Operational</Channel>\n<Computer>Ramadan</Computer>\n<Security UserID=\"S-1-5-21-145345821-4241028641-590995675-1001\"></Security>\n</System>\n<EventData><Data Name=\"MessageNu"}
{"file": "files\\Windows\\System32\\winevt\\Logs\\Microsoft-Windows-PowerShell.evtx", "record_num": 136, "timestamp": "2025-10-23T19:29:04.619299", "event_id": null, "xml_snippet": "<Event xmlns=\"http://schemas.microsoft.com/win/2004/08/events/event\"><System><Provider Name=\"Microsoft-Windows-PowerShell\" Guid=\"{a0c1853b-5c40-4b15-8766-3cf1c58f985a}\"></Provider>\n<EventID Qualifiers=\"\">4104</EventID>\n<Version>1</Version>\n<Level>3</Level>\n<Task>2</Task>\n<Opcode>15</Opcode>\n<Keywords>0x0000000000000000</Keywords>\n<TimeCreated SystemTime=\"2025-10-23 19:29:04.619299\"></TimeCreated>\n<EventRecordID>136</EventRecordID>\n<Correlation ActivityID=\"{935af687-4451-0000-bd71-5c935144dc01}\" RelatedActivityID=\"\"></Correlation>\n<Execution ProcessID=\"6224\" ThreadID=\"6868\"></Execution>\n<Channel>Microsoft-Windows-PowerShell/Operational</Channel>\n<Computer>Ramadan</Computer>\n<Security UserID=\"S-1-5-21-145345821-4241028641-590995675-1001\"></Security>\n</System>\n<EventData><Data Name=\"MessageNu"}
{"file": "files\\Windows\\System32\\winevt\\Logs\\Microsoft-Windows-PowerShell.evtx", "record_num": 137, "timestamp": "2025-10-23T19:29:04.962963", "event_id": null, "xml_snippet": "<Event xmlns=\"http://schemas.microsoft.com/win/2004/08/events/event\"><System><Provider Name=\"Microsoft-Windows-PowerShell\" Guid=\"{a0c1853b-5c40-4b15-8766-3cf1c58f985a}\"></Provider>\n<EventID Qualifiers=\"\">4104</EventID>\n<Version>1</Version>\n<Level>3</Level>\n<Task>2</Task>\n<Opcode>15</Opcode>\n<Keywords>0x0000000000000000</Keywords>\n<TimeCreated SystemTime=\"2025-10-23 19:29:04.962963\"></TimeCreated>\n<EventRecordID>137</EventRecordID>\n<Correlation ActivityID=\"{935af687-4451-0001-103a-5c935144dc01}\" RelatedActivityID=\"\"></Correlation>\n<Execution ProcessID=\"6224\" ThreadID=\"6868\"></Execution>\n<Channel>Microsoft-Windows-PowerShell/Operational</Channel>\n<Computer>Ramadan</Computer>\n<Security UserID=\"S-1-5-21-145345821-4241028641-590995675-1001\"></Security>\n</System>\n<EventData><Data Name=\"MessageNu"}
{"file": "files\\Windows\\System32\\winevt\\Logs\\Microsoft-Windows-PowerShell.evtx", "record_num": 138, "timestamp": "2025-10-23T19:29:04.963339", "event_id": null, "xml_snippet": "<Event xmlns=\"http://schemas.microsoft.com/win/2004/08/events/event\"><System><Provider Name=\"Microsoft-Windows-PowerShell\" Guid=\"{a0c1853b-5c40-4b15-8766-3cf1c58f985a}\"></Provider>\n<EventID Qualifiers=\"\">4104</EventID>\n<Version>1</Version>\n<Level>3</Level>\n<Task>2</Task>\n<Opcode>15</Opcode>\n<Keywords>0x0000000000000000</Keywords>\n<TimeCreated SystemTime=\"2025-10-23 19:29:04.963339\"></TimeCreated>\n<EventRecordID>138</EventRecordID>\n<Correlation ActivityID=\"{935af687-4451-0001-103a-5c935144dc01}\" RelatedActivityID=\"\"></Correlation>\n<Execution ProcessID=\"6224\" ThreadID=\"6868\"></Execution>\n<Channel>Microsoft-Windows-PowerShell/Operational</Channel>\n<Computer>Ramadan</Computer>\n<Security UserID=\"S-1-5-21-145345821-4241028641-590995675-1001\"></Security>\n</System>\n<EventData><Data Name=\"MessageNu"}
{"file": "files\\Windows\\System32\\winevt\\Logs\\Microsoft-Windows-PowerShell.evtx", "record_num": 139, "timestamp": "2025-10-23T19:29:04.963545", "event_id": null, "xml_snippet": "<Event xmlns=\"http://schemas.microsoft.com/win/2004/08/events/event\"><System><Provider Name=\"Microsoft-Windows-PowerShell\" Guid=\"{a0c1853b-5c40-4b15-8766-3cf1c58f985a}\"></Provider>\n<EventID Qualifiers=\"\">4104</EventID>\n<Version>1</Version>\n<Level>3</Level>\n<Task>2</Task>\n<Opcode>15</Opcode>\n<Keywords>0x0000000000000000</Keywords>\n<TimeCreated SystemTime=\"2025-10-23 19:29:04.963545\"></TimeCreated>\n<EventRecordID>139</EventRecordID>\n<Correlation ActivityID=\"{935af687-4451-0001-103a-5c935144dc01}\" RelatedActivityID=\"\"></Correlation>\n<Execution ProcessID=\"6224\" ThreadID=\"6868\"></Execution>\n<Channel>Microsoft-Windows-PowerShell/Operational</Channel>\n<Computer>Ramadan</Computer>\n<Security UserID=\"S-1-5-21-145345821-4241028641-590995675-1001\"></Security>\n</System>\n<EventData><Data Name=\"MessageNu"}
{"file": "files\\Windows\\System32\\winevt\\Logs\\Microsoft-Windows-PowerShell.evtx", "record_num": 140, "timestamp": "2025-10-23T19:29:04.963987", "event_id": null, "xml_snippet": "<Event xmlns=\"http://schemas.microsoft.com/win/2004/08/events/event\"><System><Provider Name=\"Microsoft-Windows-PowerShell\" Guid=\"{a0c1853b-5c40-4b15-8766-3cf1c58f985a}\"></Provider>\n<EventID Qualifiers=\"\">4104</EventID>\n<Version>1</Version>\n<Level>3</Level>\n<Task>2</Task>\n<Opcode>15</Opcode>\n<Keywords>0x0000000000000000</Keywords>\n<TimeCreated SystemTime=\"2025-10-23 19:29:04.963987\"></TimeCreated>\n<EventRecordID>140</EventRecordID>\n<Correlation ActivityID=\"{935af687-4451-0001-103a-5c935144dc01}\" RelatedActivityID=\"\"></Correlation>\n<Execution ProcessID=\"6224\" ThreadID=\"6868\"></Execution>\n<Channel>Microsoft-Windows-PowerShell/Operational</Channel>\n<Computer>Ramadan</Computer>\n<Security UserID=\"S-1-5-21-145345821-4241028641-590995675-1001\"></Security>\n</System>\n<EventData><Data Name=\"MessageNu"}
{"file": "files\\Windows\\System32\\winevt\\Logs\\Microsoft-Windows-PowerShell.evtx", "record_num": 141, "timestamp": "2025-10-23T19:29:04.964256", "event_id": null, "xml_snippet": "<Event xmlns=\"http://schemas.microsoft.com/win/2004/08/events/event\"><System><Provider Name=\"Microsoft-Windows-PowerShell\" Guid=\"{a0c1853b-5c40-4b15-8766-3cf1c58f985a}\"></Provider>\n<EventID Qualifiers=\"\">4104</EventID>\n<Version>1</Version>\n<Level>3</Level>\n<Task>2</Task>\n<Opcode>15</Opcode>\n<Keywords>0x0000000000000000</Keywords>\n<TimeCreated SystemTime=\"2025-10-23 19:29:04.964256\"></TimeCreated>\n<EventRecordID>141</EventRecordID>\n<Correlation ActivityID=\"{935af687-4451-0001-103a-5c935144dc01}\" RelatedActivityID=\"\"></Correlation>\n<Execution ProcessID=\"6224\" ThreadID=\"6868\"></Execution>\n<Channel>Microsoft-Windows-PowerShell/Operational</Channel>\n<Computer>Ramadan</Computer>\n<Security UserID=\"S-1-5-21-145345821-4241028641-590995675-1001\"></Security>\n</System>\n<EventData><Data Name=\"MessageNu"}
{"file": "files\\Windows\\System32\\winevt\\Logs\\Microsoft-Windows-PowerShell.evtx", "record_num": 142, "timestamp": "2025-10-23T19:29:04.964500", "event_id": null, "xml_snippet": "<Event xmlns=\"http://schemas.microsoft.com/win/2004/08/events/event\"><System><Provider Name=\"Microsoft-Windows-PowerShell\" Guid=\"{a0c1853b-5c40-4b15-8766-3cf1c58f985a}\"></Provider>\n<EventID Qualifiers=\"\">4104</EventID>\n<Version>1</Version>\n<Level>3</Level>\n<Task>2</Task>\n<Opcode>15</Opcode>\n<Keywords>0x0000000000000000</Keywords>\n<TimeCreated SystemTime=\"2025-10-23 19:29:04.964500\"></TimeCreated>\n<EventRecordID>142</EventRecordID>\n<Correlation ActivityID=\"{935af687-4451-0001-103a-5c935144dc01}\" RelatedActivityID=\"\"></Correlation>\n<Execution ProcessID=\"6224\" ThreadID=\"6868\"></Execution>\n<Channel>Microsoft-Windows-PowerShell/Operational</Channel>\n<Computer>Ramadan</Computer>\n<Security UserID=\"S-1-5-21-145345821-4241028641-590995675-1001\"></Security>\n</System>\n<EventData><Data Name=\"MessageNu"}
{"file": "files\\Windows\\System32\\winevt\\Logs\\Microsoft-Windows-PowerShell.evtx", "record_num": 143, "timestamp": "2025-10-23T19:29:04.964575", "event_id": null, "xml_snippet": "<Event xmlns=\"http://schemas.microsoft.com/win/2004/08/events/event\"><System><Provider Name=\"Microsoft-Windows-PowerShell\" Guid=\"{a0c1853b-5c40-4b15-8766-3cf1c58f985a}\"></Provider>\n<EventID Qualifiers=\"\">4104</EventID>\n<Version>1</Version>\n<Level>3</Level>\n<Task>2</Task>\n<Opcode>15</Opcode>\n<Keywords>0x0000000000000000</Keywords>\n<TimeCreated SystemTime=\"2025-10-23 19:29:04.964575\"></TimeCreated>\n<EventRecordID>143</EventRecordID>\n<Correlation ActivityID=\"{935af687-4451-0001-103a-5c935144dc01}\" RelatedActivityID=\"\"></Correlation>\n<Execution ProcessID=\"6224\" ThreadID=\"6868\"></Execution>\n<Channel>Microsoft-Windows-PowerShell/Operational</Channel>\n<Computer>Ramadan</Computer>\n<Security UserID=\"S-1-5-21-145345821-4241028641-590995675-1001\"></Security>\n</System>\n<EventData><Data Name=\"MessageNu"}
{"file": "files\\Windows\\System32\\winevt\\Logs\\Microsoft-Windows-PowerShell.evtx", "record_num": 144, "timestamp": "2025-10-23T19:29:04.964630", "event_id": null, "xml_snippet": "<Event xmlns=\"http://schemas.microsoft.com/win/2004/08/events/event\"><System><Provider Name=\"Microsoft-Windows-PowerShell\" Guid=\"{a0c1853b-5c40-4b15-8766-3cf1c58f985a}\"></Provider>\n<EventID Qualifiers=\"\">4104</EventID>\n<Version>1</Version>\n<Level>3</Level>\n<Task>2</Task>\n<Opcode>15</Opcode>\n<Keywords>0x0000000000000000</Keywords>\n<TimeCreated SystemTime=\"2025-10-23 19:29:04.964630\"></TimeCreated>\n<EventRecordID>144</EventRecordID>\n<Correlation ActivityID=\"{935af687-4451-0001-103a-5c935144dc01}\" RelatedActivityID=\"\"></Correlation>\n<Execution ProcessID=\"6224\" ThreadID=\"6868\"></Execution>\n<Channel>Microsoft-Windows-PowerShell/Operational</Channel>\n<Computer>Ramadan</Computer>\n<Security UserID=\"S-1-5-21-145345821-4241028641-590995675-1001\"></Security>\n</System>\n<EventData><Data Name=\"MessageNu"}
{"file": "files\\Windows\\System32\\winevt\\Logs\\Microsoft-Windows-PowerShell.evtx", "record_num": 145, "timestamp": "2025-10-23T19:29:04.964674", "event_id": null, "xml_snippet": "<Event xmlns=\"http://schemas.microsoft.com/win/2004/08/events/event\"><System><Provider Name=\"Microsoft-Windows-PowerShell\" Guid=\"{a0c1853b-5c40-4b15-8766-3cf1c58f985a}\"></Provider>\n<EventID Qualifiers=\"\">4104</EventID>\n<Version>1</Version>\n<Level>3</Level>\n<Task>2</Task>\n<Opcode>15</Opcode>\n<Keywords>0x0000000000000000</Keywords>\n<TimeCreated SystemTime=\"2025-10-23 19:29:04.964674\"></TimeCreated>\n<EventRecordID>145</EventRecordID>\n<Correlation ActivityID=\"{935af687-4451-0001-103a-5c935144dc01}\" RelatedActivityID=\"\"></Correlation>\n<Execution ProcessID=\"6224\" ThreadID=\"6868\"></Execution>\n<Channel>Microsoft-Windows-PowerShell/Operational</Channel>\n<Computer>Ramadan</Computer>\n<Security UserID=\"S-1-5-21-145345821-4241028641-590995675-1001\"></Security>\n</System>\n<EventData><Data Name=\"MessageNu"}
{"file": "files\\Windows\\System32\\winevt\\Logs\\Microsoft-Windows-PowerShell.evtx", "record_num": 146, "timestamp": "2025-10-23T19:29:04.964725", "event_id": null, "xml_snippet": "<Event xmlns=\"http://schemas.microsoft.com/win/2004/08/events/event\"><System><Provider Name=\"Microsoft-Windows-PowerShell\" Guid=\"{a0c1853b-5c40-4b15-8766-3cf1c58f985a}\"></Provider>\n<EventID Qualifiers=\"\">4104</EventID>\n<Version>1</Version>\n<Level>3</Level>\n<Task>2</Task>\n<Opcode>15</Opcode>\n<Keywords>0x0000000000000000</Keywords>\n<TimeCreated SystemTime=\"2025-10-23 19:29:04.964725\"></TimeCreated>\n<EventRecordID>146</EventRecordID>\n<Correlation ActivityID=\"{935af687-4451-0001-103a-5c935144dc01}\" RelatedActivityID=\"\"></Correlation>\n<Execution ProcessID=\"6224\" ThreadID=\"6868\"></Execution>\n<Channel>Microsoft-Windows-PowerShell/Operational</Channel>\n<Computer>Ramadan</Computer>\n<Security UserID=\"S-1-5-21-145345821-4241028641-590995675-1001\"></Security>\n</System>\n<EventData><Data Name=\"MessageNu"}
{"file": "files\\Windows\\System32\\winevt\\Logs\\Microsoft-Windows-PowerShell.evtx", "record_num": 147, "timestamp": "2025-10-23T19:29:04.964777", "event_id": null, "xml_snippet": "<Event xmlns=\"http://schemas.microsoft.com/win/2004/08/events/event\"><System><Provider Name=\"Microsoft-Windows-PowerShell\" Guid=\"{a0c1853b-5c40-4b15-8766-3cf1c58f985a}\"></Provider>\n<EventID Qualifiers=\"\">4104</EventID>\n<Version>1</Version>\n<Level>3</Level>\n<Task>2</Task>\n<Opcode>15</Opcode>\n<Keywords>0x0000000000000000</Keywords>\n<TimeCreated SystemTime=\"2025-10-23 19:29:04.964777\"></TimeCreated>\n<EventRecordID>147</EventRecordID>\n<Correlation ActivityID=\"{935af687-4451-0001-103a-5c935144dc01}\" RelatedActivityID=\"\"></Correlation>\n<Execution ProcessID=\"6224\" ThreadID=\"6868\"></Execution>\n<Channel>Microsoft-Windows-PowerShell/Operational</Channel>\n<Computer>Ramadan</Computer>\n<Security UserID=\"S-1-5-21-145345821-4241028641-590995675-1001\"></Security>\n</System>\n<EventData><Data Name=\"MessageNu"}
{"file": "files\\Windows\\System32\\winevt\\Logs\\Microsoft-Windows-PowerShell.evtx", "record_num": 148, "timestamp": "2025-10-23T19:29:04.965420", "event_id": null, "xml_snippet": "<Event xmlns=\"http://schemas.microsoft.com/win/2004/08/events/event\"><System><Provider Name=\"Microsoft-Windows-PowerShell\" Guid=\"{a0c1853b-5c40-4b15-8766-3cf1c58f985a}\"></Provider>\n<EventID Qualifiers=\"\">4104</EventID>\n<Version>1</Version>\n<Level>3</Level>\n<Task>2</Task>\n<Opcode>15</Opcode>\n<Keywords>0x0000000000000000</Keywords>\n<TimeCreated SystemTime=\"2025-10-23 19:29:04.965420\"></TimeCreated>\n<EventRecordID>148</EventRecordID>\n<Correlation ActivityID=\"{935af687-4451-0001-103a-5c935144dc01}\" RelatedActivityID=\"\"></Correlation>\n<Execution ProcessID=\"6224\" ThreadID=\"6868\"></Execution>\n<Channel>Microsoft-Windows-PowerShell/Operational</Channel>\n<Computer>Ramadan</Computer>\n<Security UserID=\"S-1-5-21-145345821-4241028641-590995675-1001\"></Security>\n</System>\n<EventData><Data Name=\"MessageNu"}
{"file": "files\\Windows\\System32\\winevt\\Logs\\Microsoft-Windows-PowerShell.evtx", "record_num": 149, "timestamp": "2025-10-23T19:29:04.965500", "event_id": null, "xml_snippet": "<Event xmlns=\"http://schemas.microsoft.com/win/2004/08/events/event\"><System><Provider Name=\"Microsoft-Windows-PowerShell\" Guid=\"{a0c1853b-5c40-4b15-8766-3cf1c58f985a}\"></Provider>\n<EventID Qualifiers=\"\">4104</EventID>\n<Version>1</Version>\n<Level>3</Level>\n<Task>2</Task>\n<Opcode>15</Opcode>\n<Keywords>0x0000000000000000</Keywords>\n<TimeCreated SystemTime=\"2025-10-23 19:29:04.965500\"></TimeCreated>\n<EventRecordID>149</EventRecordID>\n<Correlation ActivityID=\"{935af687-4451-0001-103a-5c935144dc01}\" RelatedActivityID=\"\"></Correlation>\n<Execution ProcessID=\"6224\" ThreadID=\"6868\"></Execution>\n<Channel>Microsoft-Windows-PowerShell/Operational</Channel>\n<Computer>Ramadan</Computer>\n<Security UserID=\"S-1-5-21-145345821-4241028641-590995675-1001\"></Security>\n</System>\n<EventData><Data Name=\"MessageNu"}
{"file": "files\\Windows\\System32\\winevt\\Logs\\Microsoft-Windows-PowerShell.evtx", "record_num": 150, "timestamp": "2025-10-23T19:29:04.965618", "event_id": null, "xml_snippet": "<Event xmlns=\"http://schemas.microsoft.com/win/2004/08/events/event\"><System><Provider Name=\"Microsoft-Windows-PowerShell\" Guid=\"{a0c1853b-5c40-4b15-8766-3cf1c58f985a}\"></Provider>\n<EventID Qualifiers=\"\">4104</EventID>\n<Version>1</Version>\n<Level>3</Level>\n<Task>2</Task>\n<Opcode>15</Opcode>\n<Keywords>0x0000000000000000</Keywords>\n<TimeCreated SystemTime=\"2025-10-23 19:29:04.965618\"></TimeCreated>\n<EventRecordID>150</EventRecordID>\n<Correlation ActivityID=\"{935af687-4451-0001-103a-5c935144dc01}\" RelatedActivityID=\"\"></Correlation>\n<Execution ProcessID=\"6224\" ThreadID=\"6868\"></Execution>\n<Channel>Microsoft-Windows-PowerShell/Operational</Channel>\n<Computer>Ramadan</Computer>\n<Security UserID=\"S-1-5-21-145345821-4241028641-590995675-1001\"></Security>\n</System>\n<EventData><Data Name=\"MessageNu"}
{"file": "files\\Windows\\System32\\winevt\\Logs\\Microsoft-Windows-PowerShell.evtx", "record_num": 151, "timestamp": "2025-10-23T19:29:04.965681", "event_id": null, "xml_snippet": "<Event xmlns=\"http://schemas.microsoft.com/win/2004/08/events/event\"><System><Provider Name=\"Microsoft-Windows-PowerShell\" Guid=\"{a0c1853b-5c40-4b15-8766-3cf1c58f985a}\"></Provider>\n<EventID Qualifiers=\"\">4104</EventID>\n<Version>1</Version>\n<Level>3</Level>\n<Task>2</Task>\n<Opcode>15</Opcode>\n<Keywords>0x0000000000000000</Keywords>\n<TimeCreated SystemTime=\"2025-10-23 19:29:04.965681\"></TimeCreated>\n<EventRecordID>151</EventRecordID>\n<Correlation ActivityID=\"{935af687-4451-0001-103a-5c935144dc01}\" RelatedActivityID=\"\"></Correlation>\n<Execution ProcessID=\"6224\" ThreadID=\"6868\"></Execution>\n<Channel>Microsoft-Windows-PowerShell/Operational</Channel>\n<Computer>Ramadan</Computer>\n<Security UserID=\"S-1-5-21-145345821-4241028641-590995675-1001\"></Security>\n</System>\n<EventData><Data Name=\"MessageNu"}
{"file": "files\\Windows\\System32\\winevt\\Logs\\Microsoft-Windows-PowerShell.evtx", "record_num": 152, "timestamp": "2025-10-23T19:29:04.965717", "event_id": null, "xml_snippet": "<Event xmlns=\"http://schemas.microsoft.com/win/2004/08/events/event\"><System><Provider Name=\"Microsoft-Windows-PowerShell\" Guid=\"{a0c1853b-5c40-4b15-8766-3cf1c58f985a}\"></Provider>\n<EventID Qualifiers=\"\">4104</EventID>\n<Version>1</Version>\n<Level>3</Level>\n<Task>2</Task>\n<Opcode>15</Opcode>\n<Keywords>0x0000000000000000</Keywords>\n<TimeCreated SystemTime=\"2025-10-23 19:29:04.965717\"></TimeCreated>\n<EventRecordID>152</EventRecordID>\n<Correlation ActivityID=\"{935af687-4451-0001-103a-5c935144dc01}\" RelatedActivityID=\"\"></Correlation>\n<Execution ProcessID=\"6224\" ThreadID=\"6868\"></Execution>\n<Channel>Microsoft-Windows-PowerShell/Operational</Channel>\n<Computer>Ramadan</Computer>\n<Security UserID=\"S-1-5-21-145345821-4241028641-590995675-1001\"></Security>\n</System>\n<EventData><Data Name=\"MessageNu"}
{"file": "files\\Windows\\System32\\winevt\\Logs\\Microsoft-Windows-PowerShell.evtx", "record_num": 153, "timestamp": "2025-10-23T19:29:05.307451", "event_id": null, "xml_snippet": "<Event xmlns=\"http://schemas.microsoft.com/win/2004/08/events/event\"><System><Provider Name=\"Microsoft-Windows-PowerShell\" Guid=\"{a0c1853b-5c40-4b15-8766-3cf1c58f985a}\"></Provider>\n<EventID Qualifiers=\"\">4104</EventID>\n<Version>1</Version>\n<Level>3</Level>\n<Task>2</Task>\n<Opcode>15</Opcode>\n<Keywords>0x0000000000000000</Keywords>\n<TimeCreated SystemTime=\"2025-10-23 19:29:05.307451\"></TimeCreated>\n<EventRecordID>153</EventRecordID>\n<Correlation ActivityID=\"{935af687-4451-0000-f671-5c935144dc01}\" RelatedActivityID=\"\"></Correlation>\n<Execution ProcessID=\"6224\" ThreadID=\"6868\"></Execution>\n<Channel>Microsoft-Windows-PowerShell/Operational</Channel>\n<Computer>Ramadan</Computer>\n<Security UserID=\"S-1-5-21-145345821-4241028641-590995675-1001\"></Security>\n</System>\n<EventData><Data Name=\"MessageNu"}
