{"file": "files\\Windows\\System32\\winevt\\Logs\\Application.evtx", "record_num": 1, "timestamp": "2025-09-12T18:51:35.545614", "event_id": null, "xml_snippet": "<Event xmlns=\"http://schemas.microsoft.com/win/2004/08/events/event\"><System><Provider Name=\"Microsoft-Windows-User Profiles Service\" Guid=\"{89b1e9f0-5aff-44a6-9b44-0a07a7ce5845}\"></Provider>\n<EventID Qualifiers=\"\">1531</EventID>\n<Version>0</Version>\n<Level>4</Level>\n<Task>0</Task>\n<Opcode>0</Opcode>\n<Keywords>0x8000000000000000</Keywords>\n<TimeCreated SystemTime=\"2025-09-12 18:51:35.545614\"></TimeCreated>\n<EventRecordID>1</EventRecordID>\n<Correlation ActivityID=\"\" RelatedActivityID=\"\"></Correlation>\n<Execution ProcessID=\"1232\" ThreadID=\"1256\"></Execution>\n<Channel>Application</Channel>\n<Computer>WIN-DAOI7R3U9SA</Computer>\n<Security UserID=\"S-1-5-18\"></Security>\n</System>\n<EventData></EventData>\n</Event>\n"}
{"file": "files\\Windows\\System32\\winevt\\Logs\\Application.evtx", "record_num": 2, "timestamp": "2025-09-12T18:51:53.110464", "event_id": null, "xml_snippet": "<Event xmlns=\"http://schemas.microsoft.com/win/2004/08/events/event\"><System><Provider Name=\"Microsoft-Windows-WMI\" Guid=\"{1edeee53-0afe-4609-b846-d8c0b2075b1f}\"></Provider>\n<EventID Qualifiers=\"\">5615</EventID>\n<Version>2</Version>\n<Level>4</Level>\n<Task>0</Task>\n<Opcode>0</Opcode>\n<Keywords>0x8000000000000000</Keywords>\n<TimeCreated SystemTime=\"2025-09-12 18:51:53.110464\"></TimeCreated>\n<EventRecordID>2</EventRecordID>\n<Correlation ActivityID=\"\" RelatedActivityID=\"\"></Correlation>\n<Execution ProcessID=\"1544\" ThreadID=\"1564\"></Execution>\n<Channel>Application</Channel>\n<Computer>WIN-DAOI7R3U9SA</Computer>\n<Security UserID=\"S-1-5-18\"></Security>\n</System>\n<EventData></EventData>\n</Event>\n"}
{"file": "files\\Windows\\System32\\winevt\\Logs\\Application.evtx", "record_num": 3, "timestamp": "2025-09-12T18:51:54.447828", "event_id": null, "xml_snippet": "<Event xmlns=\"http://schemas.microsoft.com/win/2004/08/events/event\"><System><Provider Name=\"Microsoft-Windows-WMI\" Guid=\"{1edeee53-0afe-4609-b846-d8c0b2075b1f}\"></Provider>\n<EventID Qualifiers=\"\">5617</EventID>\n<Version>2</Version>\n<Level>4</Level>\n<Task>0</Task>\n<Opcode>0</Opcode>\n<Keywords>0x8000000000000000</Keywords>\n<TimeCreated SystemTime=\"2025-09-12 18:51:54.447828\"></TimeCreated>\n<EventRecordID>3</EventRecordID>\n<Correlation ActivityID=\"{3079a2ce-2416-0001-97a6-79301624dc01}\" RelatedActivityID=\"\"></Correlation>\n<Execution ProcessID=\"1544\" ThreadID=\"1580\"></Execution>\n<Channel>Application</Channel>\n<Computer>WIN-DAOI7R3U9SA</Computer>\n<Security UserID=\"S-1-5-18\"></Security>\n</System>\n<EventData></EventData>\n</Event>\n"}
{"file": "files\\Windows\\System32\\winevt\\Logs\\Application.evtx", "record_num": 4, "timestamp": "2025-09-12T18:52:53.026825", "event_id": null, "xml_snippet": "<Event xmlns=\"http://schemas.microsoft.com/win/2004/08/events/event\"><System><Provider Name=\"edgeupdate\"></Provider>\n<EventID Qualifiers=\"0\">0</EventID>\n<Version>0</Version>\n<Level>4</Level>\n<Task>0</Task>\n<Opcode>0</Opcode>\n<Keywords>0x0080000000000000</Keywords>\n<TimeCreated SystemTime=\"2025-09-12 18:52:53.026825\"></TimeCreated>\n<EventRecordID>4</EventRecordID>\n<Correlation ActivityID=\"\" RelatedActivityID=\"\"></Correlation>\n<Execution ProcessID=\"3360\" ThreadID=\"0\"></Execution>\n<Channel>Application</Channel>\n<Computer>WIN-DAOI7R3U9SA</Computer>\n<Security UserID=\"\"></Security>\n</System>\n<EventData><Data>&lt;string&gt;Service stopped&lt;/string&gt;\n</Data>\n<Binary></Binary>\n</EventData>\n</Event>\n"}
{"file": "files\\Windows\\System32\\winevt\\Logs\\Application.evtx", "record_num": 5, "timestamp": "2025-09-12T18:53:36.566181", "event_id": null, "xml_snippet": "<Event xmlns=\"http://schemas.microsoft.com/win/2004/08/events/event\"><System><Provider Name=\"Microsoft-Windows-CAPI2\" Guid=\"{5bbca4a8-b209-48dc-a8c7-b23d3e5216fb}\" EventSourceName=\"Microsoft-Windows-CAPI2\"></Provider>\n<EventID Qualifiers=\"0\">4112</EventID>\n<Version>0</Version>\n<Level>4</Level>\n<Task>0</Task>\n<Opcode>0</Opcode>\n<Keywords>0x8080000000000000</Keywords>\n<TimeCreated SystemTime=\"2025-09-12 18:53:36.566181\"></TimeCreated>\n<EventRecordID>5</EventRecordID>\n<Correlation ActivityID=\"\" RelatedActivityID=\"\"></Correlation>\n<Execution ProcessID=\"1964\" ThreadID=\"3556\"></Execution>\n<Channel>Application</Channel>\n<Computer>WIN-DAOI7R3U9SA</Computer>\n<Security UserID=\"\"></Security>\n</System>\n<EventData><Data>&lt;string&gt;&#8206;Thursday, &#8206;September &#8206;4, &#8206;2025 8:20:48 PM&lt"}
{"file": "files\\Windows\\System32\\winevt\\Logs\\Application.evtx", "record_num": 6, "timestamp": "2025-09-12T18:53:42.699024", "event_id": null, "xml_snippet": "<Event xmlns=\"http://schemas.microsoft.com/win/2004/08/events/event\"><System><Provider Name=\"Microsoft-Windows-CAPI2\" Guid=\"{5bbca4a8-b209-48dc-a8c7-b23d3e5216fb}\" EventSourceName=\"Microsoft-Windows-CAPI2\"></Provider>\n<EventID Qualifiers=\"0\">4097</EventID>\n<Version>0</Version>\n<Level>4</Level>\n<Task>0</Task>\n<Opcode>0</Opcode>\n<Keywords>0x8080000000000000</Keywords>\n<TimeCreated SystemTime=\"2025-09-12 18:53:42.699024\"></TimeCreated>\n<EventRecordID>6</EventRecordID>\n<Correlation ActivityID=\"\" RelatedActivityID=\"\"></Correlation>\n<Execution ProcessID=\"1964\" ThreadID=\"3556\"></Execution>\n<Channel>Application</Channel>\n<Computer>WIN-DAOI7R3U9SA</Computer>\n<Security UserID=\"\"></Security>\n</System>\n<EventData><Data>&lt;string&gt;CN=DigiCert Global Root G2, OU=www.digicert.com, O=DigiCert Inc, C=US"}
{"file": "files\\Windows\\System32\\winevt\\Logs\\Application.evtx", "record_num": 7, "timestamp": "2025-09-12T18:57:27.926498", "event_id": null, "xml_snippet": "<Event xmlns=\"http://schemas.microsoft.com/win/2004/08/events/event\"><System><Provider Name=\"SecurityCenter\"></Provider>\n<EventID Qualifiers=\"0\">1</EventID>\n<Version>0</Version>\n<Level>4</Level>\n<Task>0</Task>\n<Opcode>0</Opcode>\n<Keywords>0x0080000000000000</Keywords>\n<TimeCreated SystemTime=\"2025-09-12 18:57:27.926498\"></TimeCreated>\n<EventRecordID>7</EventRecordID>\n<Correlation ActivityID=\"\" RelatedActivityID=\"\"></Correlation>\n<Execution ProcessID=\"1724\" ThreadID=\"0\"></Execution>\n<Channel>Application</Channel>\n<Computer>WIN-DAOI7R3U9SA</Computer>\n<Security UserID=\"\"></Security>\n</System>\n<EventData><Data></Data>\n<Binary></Binary>\n</EventData>\n</Event>\n"}
{"file": "files\\Windows\\System32\\winevt\\Logs\\Application.evtx", "record_num": 8, "timestamp": "2025-09-12T18:57:29.984335", "event_id": null, "xml_snippet": "<Event xmlns=\"http://schemas.microsoft.com/win/2004/08/events/event\"><System><Provider Name=\"SecurityCenter\"></Provider>\n<EventID Qualifiers=\"49152\">16</EventID>\n<Version>0</Version>\n<Level>2</Level>\n<Task>0</Task>\n<Opcode>0</Opcode>\n<Keywords>0x0080000000000000</Keywords>\n<TimeCreated SystemTime=\"2025-09-12 18:57:29.984335\"></TimeCreated>\n<EventRecordID>8</EventRecordID>\n<Correlation ActivityID=\"\" RelatedActivityID=\"\"></Correlation>\n<Execution ProcessID=\"1724\" ThreadID=\"0\"></Execution>\n<Channel>Application</Channel>\n<Computer>WIN-DAOI7R3U9SA</Computer>\n<Security UserID=\"\"></Security>\n</System>\n<EventData><Data>&lt;string&gt;Windows Defender&lt;/string&gt;\n&lt;string&gt;SECURITY_PRODUCT_STATE_ON&lt;/string&gt;\n</Data>\n<Binary>AgAAAA==</Binary>\n</EventData>\n</Event>\n"}
{"file": "files\\Windows\\System32\\winevt\\Logs\\Application.evtx", "record_num": 9, "timestamp": "2025-09-12T18:57:30.005541", "event_id": null, "xml_snippet": "<Event xmlns=\"http://schemas.microsoft.com/win/2004/08/events/event\"><System><Provider Name=\"SecurityCenter\"></Provider>\n<EventID Qualifiers=\"0\">15</EventID>\n<Version>0</Version>\n<Level>4</Level>\n<Task>0</Task>\n<Opcode>0</Opcode>\n<Keywords>0x0080000000000000</Keywords>\n<TimeCreated SystemTime=\"2025-09-12 18:57:30.005541\"></TimeCreated>\n<EventRecordID>9</EventRecordID>\n<Correlation ActivityID=\"\" RelatedActivityID=\"\"></Correlation>\n<Execution ProcessID=\"1724\" ThreadID=\"0\"></Execution>\n<Channel>Application</Channel>\n<Computer>WIN-DAOI7R3U9SA</Computer>\n<Security UserID=\"\"></Security>\n</System>\n<EventData><Data>&lt;string&gt;Windows Defender&lt;/string&gt;\n&lt;string&gt;SECURITY_PRODUCT_STATE_ON&lt;/string&gt;\n</Data>\n<Binary></Binary>\n</EventData>\n</Event>\n"}
{"file": "files\\Windows\\System32\\winevt\\Logs\\Application.evtx", "record_num": 10, "timestamp": "2025-09-12T18:58:46.107279", "event_id": null, "xml_snippet": "<Event xmlns=\"http://schemas.microsoft.com/win/2004/08/events/event\"><System><Provider Name=\"Microsoft-Windows-User Profiles Service\" Guid=\"{89b1e9f0-5aff-44a6-9b44-0a07a7ce5845}\"></Provider>\n<EventID Qualifiers=\"\">1532</EventID>\n<Version>0</Version>\n<Level>4</Level>\n<Task>0</Task>\n<Opcode>0</Opcode>\n<Keywords>0x8000000000000000</Keywords>\n<TimeCreated SystemTime=\"2025-09-12 18:58:46.107279\"></TimeCreated>\n<EventRecordID>10</EventRecordID>\n<Correlation ActivityID=\"\" RelatedActivityID=\"\"></Correlation>\n<Execution ProcessID=\"1232\" ThreadID=\"1256\"></Execution>\n<Channel>Application</Channel>\n<Computer>WIN-DAOI7R3U9SA</Computer>\n<Security UserID=\"S-1-5-18\"></Security>\n</System>\n<EventData></EventData>\n</Event>\n"}
{"file": "files\\Windows\\System32\\winevt\\Logs\\Application.evtx", "record_num": 11, "timestamp": "2025-09-12T18:59:43.589931", "event_id": null, "xml_snippet": "<Event xmlns=\"http://schemas.microsoft.com/win/2004/08/events/event\"><System><Provider Name=\"Microsoft-Windows-EventSystem\" Guid=\"{899daace-4868-4295-afcd-9eb8fb497561}\" EventSourceName=\"EventSystem\"></Provider>\n<EventID Qualifiers=\"16384\">4625</EventID>\n<Version>0</Version>\n<Level>4</Level>\n<Task>0</Task>\n<Opcode>0</Opcode>\n<Keywords>0x0080000000000000</Keywords>\n<TimeCreated SystemTime=\"2025-09-12 18:59:43.589931\"></TimeCreated>\n<EventRecordID>11</EventRecordID>\n<Correlation ActivityID=\"\" RelatedActivityID=\"\"></Correlation>\n<Execution ProcessID=\"2664\" ThreadID=\"0\"></Execution>\n<Channel>Application</Channel>\n<Computer>DESKTOP-7AQ11N8</Computer>\n<Security UserID=\"\"></Security>\n</System>\n<EventData><Data Name=\"param1\">86400</Data>\n<Data Name=\"param2\">SuppressDuplicateDuration</Data>\n<Data N"}
{"file": "files\\Windows\\System32\\winevt\\Logs\\Application.evtx", "record_num": 12, "timestamp": "2025-09-12T18:59:44.086456", "event_id": null, "xml_snippet": "<Event xmlns=\"http://schemas.microsoft.com/win/2004/08/events/event\"><System><Provider Name=\"Microsoft-Windows-Search-ProfileNotify\" Guid=\"{FC6F77DD-769A-470E-BCF9-1B6555A118BE}\" EventSourceName=\"Windows Search Service Profile Notification\"></Provider>\n<EventID Qualifiers=\"16384\">5</EventID>\n<Version>0</Version>\n<Level>4</Level>\n<Task>0</Task>\n<Opcode>0</Opcode>\n<Keywords>0x0080000000000000</Keywords>\n<TimeCreated SystemTime=\"2025-09-12 18:59:44.086456\"></TimeCreated>\n<EventRecordID>12</EventRecordID>\n<Correlation ActivityID=\"\" RelatedActivityID=\"\"></Correlation>\n<Execution ProcessID=\"1200\" ThreadID=\"0\"></Execution>\n<Channel>Application</Channel>\n<Computer>DESKTOP-7AQ11N8</Computer>\n<Security UserID=\"\"></Security>\n</System>\n<EventData><Data Name=\"User\">DESKTOP-7AQ11N8\\defaultuser0</Data>\n<"}
{"file": "files\\Windows\\System32\\winevt\\Logs\\Application.evtx", "record_num": 13, "timestamp": "2025-09-12T18:59:27.770821", "event_id": null, "xml_snippet": "<Event xmlns=\"http://schemas.microsoft.com/win/2004/08/events/event\"><System><Provider Name=\"Microsoft-Windows-User Profiles Service\" Guid=\"{89b1e9f0-5aff-44a6-9b44-0a07a7ce5845}\"></Provider>\n<EventID Qualifiers=\"\">1531</EventID>\n<Version>0</Version>\n<Level>4</Level>\n<Task>0</Task>\n<Opcode>0</Opcode>\n<Keywords>0x8000000000000000</Keywords>\n<TimeCreated SystemTime=\"2025-09-12 18:59:27.770821\"></TimeCreated>\n<EventRecordID>13</EventRecordID>\n<Correlation ActivityID=\"\" RelatedActivityID=\"\"></Correlation>\n<Execution ProcessID=\"1200\" ThreadID=\"1260\"></Execution>\n<Channel>Application</Channel>\n<Computer>DESKTOP-7AQ11N8</Computer>\n<Security UserID=\"S-1-5-18\"></Security>\n</System>\n<EventData></EventData>\n</Event>\n"}
{"file": "files\\Windows\\System32\\winevt\\Logs\\Application.evtx", "record_num": 14, "timestamp": "2025-09-12T18:59:47.237112", "event_id": null, "xml_snippet": "<Event xmlns=\"http://schemas.microsoft.com/win/2004/08/events/event\"><System><Provider Name=\"Microsoft-Windows-WMI\" Guid=\"{1edeee53-0afe-4609-b846-d8c0b2075b1f}\"></Provider>\n<EventID Qualifiers=\"\">5615</EventID>\n<Version>2</Version>\n<Level>4</Level>\n<Task>0</Task>\n<Opcode>0</Opcode>\n<Keywords>0x8000000000000000</Keywords>\n<TimeCreated SystemTime=\"2025-09-12 18:59:47.237112\"></TimeCreated>\n<EventRecordID>14</EventRecordID>\n<Correlation ActivityID=\"\" RelatedActivityID=\"\"></Correlation>\n<Execution ProcessID=\"3352\" ThreadID=\"3488\"></Execution>\n<Channel>Application</Channel>\n<Computer>DESKTOP-7AQ11N8</Computer>\n<Security UserID=\"S-1-5-18\"></Security>\n</System>\n<EventData></EventData>\n</Event>\n"}
{"file": "files\\Windows\\System32\\winevt\\Logs\\Application.evtx", "record_num": 15, "timestamp": "2025-09-12T18:59:51.266371", "event_id": null, "xml_snippet": "<Event xmlns=\"http://schemas.microsoft.com/win/2004/08/events/event\"><System><Provider Name=\"Microsoft-Windows-Search\" Guid=\"{CA4E628D-8567-4896-AB6B-835B221F373F}\" EventSourceName=\"Windows Search Service\"></Provider>\n<EventID Qualifiers=\"32768\">1008</EventID>\n<Version>0</Version>\n<Level>3</Level>\n<Task>1</Task>\n<Opcode>0</Opcode>\n<Keywords>0x0080000000000000</Keywords>\n<TimeCreated SystemTime=\"2025-09-12 18:59:51.266371\"></TimeCreated>\n<EventRecordID>15</EventRecordID>\n<Correlation ActivityID=\"\" RelatedActivityID=\"\"></Correlation>\n<Execution ProcessID=\"3976\" ThreadID=\"0\"></Execution>\n<Channel>Application</Channel>\n<Computer>DESKTOP-7AQ11N8</Computer>\n<Security UserID=\"\"></Security>\n</System>\n<EventData><Data Name=\"ExtraInfo\">\n</Data>\n<Data Name=\"Reason\">Full Index Reset</Data>\n</EventData"}
{"file": "files\\Windows\\System32\\winevt\\Logs\\Application.evtx", "record_num": 16, "timestamp": "2025-09-12T18:59:51.296080", "event_id": null, "xml_snippet": "<Event xmlns=\"http://schemas.microsoft.com/win/2004/08/events/event\"><System><Provider Name=\"Microsoft-Windows-Search\" Guid=\"{CA4E628D-8567-4896-AB6B-835B221F373F}\" EventSourceName=\"Windows Search Service\"></Provider>\n<EventID Qualifiers=\"16384\">1010</EventID>\n<Version>0</Version>\n<Level>4</Level>\n<Task>1</Task>\n<Opcode>0</Opcode>\n<Keywords>0x0080000000000000</Keywords>\n<TimeCreated SystemTime=\"2025-09-12 18:59:51.296080\"></TimeCreated>\n<EventRecordID>16</EventRecordID>\n<Correlation ActivityID=\"\" RelatedActivityID=\"\"></Correlation>\n<Execution ProcessID=\"3976\" ThreadID=\"0\"></Execution>\n<Channel>Application</Channel>\n<Computer>DESKTOP-7AQ11N8</Computer>\n<Security UserID=\"\"></Security>\n</System>\n<EventData><Data Name=\"ExtraInfo\">\n</Data>\n</EventData>\n</Event>\n"}
{"file": "files\\Windows\\System32\\winevt\\Logs\\Application.evtx", "record_num": 17, "timestamp": "2025-09-12T16:00:15.210861", "event_id": null, "xml_snippet": "<Event xmlns=\"http://schemas.microsoft.com/win/2004/08/events/event\"><System><Provider Name=\"Microsoft-Windows-Search\" Guid=\"{CA4E628D-8567-4896-AB6B-835B221F373F}\" EventSourceName=\"Windows Search Service\"></Provider>\n<EventID Qualifiers=\"16384\">1004</EventID>\n<Version>0</Version>\n<Level>4</Level>\n<Task>1</Task>\n<Opcode>0</Opcode>\n<Keywords>0x0080000000000000</Keywords>\n<TimeCreated SystemTime=\"2025-09-12 16:00:15.210861\"></TimeCreated>\n<EventRecordID>17</EventRecordID>\n<Correlation ActivityID=\"\" RelatedActivityID=\"\"></Correlation>\n<Execution ProcessID=\"3976\" ThreadID=\"0\"></Execution>\n<Channel>Application</Channel>\n<Computer>DESKTOP-7AQ11N8</Computer>\n<Security UserID=\"\"></Security>\n</System>\n<EventData><Data Name=\"ExtraInfo\">\n</Data>\n<Data Name=\"Reason\">Full Index Reset</Data>\n</EventData"}
{"file": "files\\Windows\\System32\\winevt\\Logs\\Application.evtx", "record_num": 18, "timestamp": "2025-09-12T16:00:15.786840", "event_id": null, "xml_snippet": "<Event xmlns=\"http://schemas.microsoft.com/win/2004/08/events/event\"><System><Provider Name=\"Microsoft-Windows-Search\" Guid=\"{CA4E628D-8567-4896-AB6B-835B221F373F}\" EventSourceName=\"Windows Search Service\"></Provider>\n<EventID Qualifiers=\"16384\">1005</EventID>\n<Version>0</Version>\n<Level>4</Level>\n<Task>1</Task>\n<Opcode>0</Opcode>\n<Keywords>0x0080000000000000</Keywords>\n<TimeCreated SystemTime=\"2025-09-12 16:00:15.786840\"></TimeCreated>\n<EventRecordID>18</EventRecordID>\n<Correlation ActivityID=\"\" RelatedActivityID=\"\"></Correlation>\n<Execution ProcessID=\"3976\" ThreadID=\"0\"></Execution>\n<Channel>Application</Channel>\n<Computer>DESKTOP-7AQ11N8</Computer>\n<Security UserID=\"\"></Security>\n</System>\n<EventData><Data Name=\"ExtraInfo\">\n</Data>\n</EventData>\n</Event>\n"}
{"file": "files\\Windows\\System32\\winevt\\Logs\\Application.evtx", "record_num": 19, "timestamp": "2025-09-12T16:00:15.926941", "event_id": null, "xml_snippet": "<Event xmlns=\"http://schemas.microsoft.com/win/2004/08/events/event\"><System><Provider Name=\"Microsoft-Windows-Search\" Guid=\"{CA4E628D-8567-4896-AB6B-835B221F373F}\" EventSourceName=\"Windows Search Service\"></Provider>\n<EventID Qualifiers=\"16384\">1003</EventID>\n<Version>0</Version>\n<Level>4</Level>\n<Task>1</Task>\n<Opcode>0</Opcode>\n<Keywords>0x0080000000000000</Keywords>\n<TimeCreated SystemTime=\"2025-09-12 16:00:15.926941\"></TimeCreated>\n<EventRecordID>19</EventRecordID>\n<Correlation ActivityID=\"\" RelatedActivityID=\"\"></Correlation>\n<Execution ProcessID=\"3976\" ThreadID=\"0\"></Execution>\n<Channel>Application</Channel>\n<Computer>DESKTOP-7AQ11N8</Computer>\n<Security UserID=\"\"></Security>\n</System>\n<EventData><Data Name=\"ExtraInfo\">\n</Data>\n</EventData>\n</Event>\n"}
{"file": "files\\Windows\\System32\\winevt\\Logs\\Application.evtx", "record_num": 20, "timestamp": "2025-09-12T16:00:22.368795", "event_id": null, "xml_snippet": "<Event xmlns=\"http://schemas.microsoft.com/win/2004/08/events/event\"><System><Provider Name=\"Microsoft-Windows-WMI\" Guid=\"{1edeee53-0afe-4609-b846-d8c0b2075b1f}\"></Provider>\n<EventID Qualifiers=\"\">5617</EventID>\n<Version>2</Version>\n<Level>4</Level>\n<Task>0</Task>\n<Opcode>0</Opcode>\n<Keywords>0x8000000000000000</Keywords>\n<TimeCreated SystemTime=\"2025-09-12 16:00:22.368795\"></TimeCreated>\n<EventRecordID>20</EventRecordID>\n<Correlation ActivityID=\"\" RelatedActivityID=\"\"></Correlation>\n<Execution ProcessID=\"3352\" ThreadID=\"3096\"></Execution>\n<Channel>Application</Channel>\n<Computer>DESKTOP-7AQ11N8</Computer>\n<Security UserID=\"S-1-5-18\"></Security>\n</System>\n<EventData></EventData>\n</Event>\n"}
{"file": "files\\Windows\\System32\\winevt\\Logs\\Application.evtx", "record_num": 21, "timestamp": "2025-09-12T16:00:46.064993", "event_id": null, "xml_snippet": "<Event xmlns=\"http://schemas.microsoft.com/win/2004/08/events/event\"><System><Provider Name=\"Microsoft-Windows-Winlogon\" Guid=\"{DBE9B383-7CF3-4331-91CC-A3CB16A3B538}\" EventSourceName=\"Wlclntfy\"></Provider>\n<EventID Qualifiers=\"32768\">6003</EventID>\n<Version>0</Version>\n<Level>4</Level>\n<Task>0</Task>\n<Opcode>0</Opcode>\n<Keywords>0x0080000000000000</Keywords>\n<TimeCreated SystemTime=\"2025-09-12 16:00:46.064993\"></TimeCreated>\n<EventRecordID>21</EventRecordID>\n<Correlation ActivityID=\"\" RelatedActivityID=\"\"></Correlation>\n<Execution ProcessID=\"732\" ThreadID=\"0\"></Execution>\n<Channel>Application</Channel>\n<Computer>DESKTOP-7AQ11N8</Computer>\n<Security UserID=\"\"></Security>\n</System>\n<EventData><Data>&lt;string&gt;SessionEnv&lt;/string&gt;\n</Data>\n<Binary>2QYAAA==</Binary>\n</EventData>\n</Event"}
{"file": "files\\Windows\\System32\\winevt\\Logs\\Application.evtx", "record_num": 22, "timestamp": "2025-09-12T16:00:49.321243", "event_id": null, "xml_snippet": "<Event xmlns=\"http://schemas.microsoft.com/win/2004/08/events/event\"><System><Provider Name=\"Microsoft-Windows-Security-SPP\" Guid=\"{E23B33B0-C8C9-472C-A5F9-F2BDFEA0F156}\" EventSourceName=\"Software Protection Platform Service\"></Provider>\n<EventID Qualifiers=\"16384\">16384</EventID>\n<Version>0</Version>\n<Level>4</Level>\n<Task>0</Task>\n<Opcode>0</Opcode>\n<Keywords>0x0080000000000000</Keywords>\n<TimeCreated SystemTime=\"2025-09-12 16:00:49.321243\"></TimeCreated>\n<EventRecordID>22</EventRecordID>\n<Correlation ActivityID=\"\" RelatedActivityID=\"\"></Correlation>\n<Execution ProcessID=\"904\" ThreadID=\"0\"></Execution>\n<Channel>Application</Channel>\n<Computer>DESKTOP-7AQ11N8</Computer>\n<Security UserID=\"\"></Security>\n</System>\n<EventData><Data>&lt;string&gt;2025-09-12T19:00:48Z&lt;/string&gt;\n&lt;string&"}
{"file": "files\\Windows\\System32\\winevt\\Logs\\Application.evtx", "record_num": 23, "timestamp": "2025-09-12T16:00:49.353662", "event_id": null, "xml_snippet": "<Event xmlns=\"http://schemas.microsoft.com/win/2004/08/events/event\"><System><Provider Name=\"Microsoft-Windows-Security-SPP\" Guid=\"{E23B33B0-C8C9-472C-A5F9-F2BDFEA0F156}\" EventSourceName=\"Software Protection Platform Service\"></Provider>\n<EventID Qualifiers=\"16384\">903</EventID>\n<Version>0</Version>\n<Level>0</Level>\n<Task>0</Task>\n<Opcode>0</Opcode>\n<Keywords>0x0080000000000000</Keywords>\n<TimeCreated SystemTime=\"2025-09-12 16:00:49.353662\"></TimeCreated>\n<EventRecordID>23</EventRecordID>\n<Correlation ActivityID=\"\" RelatedActivityID=\"\"></Correlation>\n<Execution ProcessID=\"904\" ThreadID=\"0\"></Execution>\n<Channel>Application</Channel>\n<Computer>DESKTOP-7AQ11N8</Computer>\n<Security UserID=\"\"></Security>\n</System>\n<EventData><Data></Data>\n<Binary></Binary>\n</EventData>\n</Event>\n"}
{"file": "files\\Windows\\System32\\winevt\\Logs\\Application.evtx", "record_num": 24, "timestamp": "2025-09-12T16:00:51.007635", "event_id": null, "xml_snippet": "<Event xmlns=\"http://schemas.microsoft.com/win/2004/08/events/event\"><System><Provider Name=\"Microsoft-Windows-Winlogon\" Guid=\"{DBE9B383-7CF3-4331-91CC-A3CB16A3B538}\" EventSourceName=\"Wlclntfy\"></Provider>\n<EventID Qualifiers=\"32768\">6000</EventID>\n<Version>0</Version>\n<Level>4</Level>\n<Task>0</Task>\n<Opcode>0</Opcode>\n<Keywords>0x0080000000000000</Keywords>\n<TimeCreated SystemTime=\"2025-09-12 16:00:51.007635\"></TimeCreated>\n<EventRecordID>24</EventRecordID>\n<Correlation ActivityID=\"\" RelatedActivityID=\"\"></Correlation>\n<Execution ProcessID=\"732\" ThreadID=\"0\"></Execution>\n<Channel>Application</Channel>\n<Computer>DESKTOP-7AQ11N8</Computer>\n<Security UserID=\"\"></Security>\n</System>\n<EventData><Data>&lt;string&gt;SessionEnv&lt;/string&gt;\n</Data>\n<Binary>2QYAAA==</Binary>\n</EventData>\n</Event"}
{"file": "files\\Windows\\System32\\winevt\\Logs\\Application.evtx", "record_num": 25, "timestamp": "2025-09-12T16:00:58.507692", "event_id": null, "xml_snippet": "<Event xmlns=\"http://schemas.microsoft.com/win/2004/08/events/event\"><System><Provider Name=\"Microsoft-Windows-CAPI2\" Guid=\"{5bbca4a8-b209-48dc-a8c7-b23d3e5216fb}\" EventSourceName=\"Microsoft-Windows-CAPI2\"></Provider>\n<EventID Qualifiers=\"0\">4097</EventID>\n<Version>0</Version>\n<Level>4</Level>\n<Task>0</Task>\n<Opcode>0</Opcode>\n<Keywords>0x8080000000000000</Keywords>\n<TimeCreated SystemTime=\"2025-09-12 16:00:58.507692\"></TimeCreated>\n<EventRecordID>25</EventRecordID>\n<Correlation ActivityID=\"\" RelatedActivityID=\"\"></Correlation>\n<Execution ProcessID=\"1920\" ThreadID=\"2900\"></Execution>\n<Channel>Application</Channel>\n<Computer>DESKTOP-7AQ11N8</Computer>\n<Security UserID=\"\"></Security>\n</System>\n<EventData><Data>&lt;string&gt;CN=DigiCert Global Root CA, OU=www.digicert.com, O=DigiCert Inc, C=U"}
{"file": "files\\Windows\\System32\\winevt\\Logs\\Application.evtx", "record_num": 26, "timestamp": "2025-09-12T16:01:19.298761", "event_id": null, "xml_snippet": "<Event xmlns=\"http://schemas.microsoft.com/win/2004/08/events/event\"><System><Provider Name=\"Microsoft-Windows-AppModel-State\" Guid=\"{bff15e13-81bf-45ee-8b16-7cfead00da86}\"></Provider>\n<EventID Qualifiers=\"\">23</EventID>\n<Version>0</Version>\n<Level>3</Level>\n<Task>0</Task>\n<Opcode>0</Opcode>\n<Keywords>0x8000000000000000</Keywords>\n<TimeCreated SystemTime=\"2025-09-12 16:01:19.298761\"></TimeCreated>\n<EventRecordID>26</EventRecordID>\n<Correlation ActivityID=\"{55dc9e8c-2417-0000-a8b4-dc551724dc01}\" RelatedActivityID=\"\"></Correlation>\n<Execution ProcessID=\"5868\" ThreadID=\"5900\"></Execution>\n<Channel>Application</Channel>\n<Computer>DESKTOP-7AQ11N8</Computer>\n<Security UserID=\"S-1-5-21-145345821-4241028641-590995675-1000\"></Security>\n</System>\n<EventData><Data Name=\"Operation\">InitializeDataChang"}
{"file": "files\\Windows\\System32\\winevt\\Logs\\Application.evtx", "record_num": 27, "timestamp": "2025-09-12T16:01:19.737597", "event_id": null, "xml_snippet": "<Event xmlns=\"http://schemas.microsoft.com/win/2004/08/events/event\"><System><Provider Name=\"Microsoft-Windows-AppModel-State\" Guid=\"{bff15e13-81bf-45ee-8b16-7cfead00da86}\"></Provider>\n<EventID Qualifiers=\"\">24</EventID>\n<Version>0</Version>\n<Level>3</Level>\n<Task>0</Task>\n<Opcode>0</Opcode>\n<Keywords>0x8000000000000000</Keywords>\n<TimeCreated SystemTime=\"2025-09-12 16:01:19.737597\"></TimeCreated>\n<EventRecordID>27</EventRecordID>\n<Correlation ActivityID=\"{55dc9e8c-2417-0000-a8b4-dc551724dc01}\" RelatedActivityID=\"\"></Correlation>\n<Execution ProcessID=\"5868\" ThreadID=\"5900\"></Execution>\n<Channel>Application</Channel>\n<Computer>DESKTOP-7AQ11N8</Computer>\n<Security UserID=\"S-1-5-21-145345821-4241028641-590995675-1000\"></Security>\n</System>\n<EventData><Data Name=\"Operation\">InitializeDataChang"}
{"file": "files\\Windows\\System32\\winevt\\Logs\\Application.evtx", "record_num": 28, "timestamp": "2025-09-12T16:01:21.779881", "event_id": null, "xml_snippet": "<Event xmlns=\"http://schemas.microsoft.com/win/2004/08/events/event\"><System><Provider Name=\"edgeupdate\"></Provider>\n<EventID Qualifiers=\"0\">0</EventID>\n<Version>0</Version>\n<Level>4</Level>\n<Task>0</Task>\n<Opcode>0</Opcode>\n<Keywords>0x0080000000000000</Keywords>\n<TimeCreated SystemTime=\"2025-09-12 16:01:21.779881\"></TimeCreated>\n<EventRecordID>28</EventRecordID>\n<Correlation ActivityID=\"\" RelatedActivityID=\"\"></Correlation>\n<Execution ProcessID=\"5168\" ThreadID=\"0\"></Execution>\n<Channel>Application</Channel>\n<Computer>DESKTOP-7AQ11N8</Computer>\n<Security UserID=\"\"></Security>\n</System>\n<EventData><Data>&lt;string&gt;Service stopped&lt;/string&gt;\n</Data>\n<Binary></Binary>\n</EventData>\n</Event>\n"}
{"file": "files\\Windows\\System32\\winevt\\Logs\\Application.evtx", "record_num": 29, "timestamp": "2025-09-12T16:01:26.318096", "event_id": null, "xml_snippet": "<Event xmlns=\"http://schemas.microsoft.com/win/2004/08/events/event\"><System><Provider Name=\"Microsoft-Windows-Security-SPP\" Guid=\"{E23B33B0-C8C9-472C-A5F9-F2BDFEA0F156}\" EventSourceName=\"Software Protection Platform Service\"></Provider>\n<EventID Qualifiers=\"49152\">16394</EventID>\n<Version>0</Version>\n<Level>4</Level>\n<Task>0</Task>\n<Opcode>0</Opcode>\n<Keywords>0x0080000000000000</Keywords>\n<TimeCreated SystemTime=\"2025-09-12 16:01:26.318096\"></TimeCreated>\n<EventRecordID>29</EventRecordID>\n<Correlation ActivityID=\"\" RelatedActivityID=\"\"></Correlation>\n<Execution ProcessID=\"920\" ThreadID=\"0\"></Execution>\n<Channel>Application</Channel>\n<Computer>DESKTOP-7AQ11N8</Computer>\n<Security UserID=\"\"></Security>\n</System>\n<EventData><Data></Data>\n<Binary></Binary>\n</EventData>\n</Event>\n"}
{"file": "files\\Windows\\System32\\winevt\\Logs\\Application.evtx", "record_num": 30, "timestamp": "2025-09-12T16:01:28.070868", "event_id": null, "xml_snippet": "<Event xmlns=\"http://schemas.microsoft.com/win/2004/08/events/event\"><System><Provider Name=\"Windows Error Reporting\" Guid=\"{0ead09bd-2157-539a-8d6d-c87f95b64d70}\"></Provider>\n<EventID Qualifiers=\"\">1001</EventID>\n<Version>0</Version>\n<Level>4</Level>\n<Task>0</Task>\n<Opcode>0</Opcode>\n<Keywords>0x8000000000000000</Keywords>\n<TimeCreated SystemTime=\"2025-09-12 16:01:28.070868\"></TimeCreated>\n<EventRecordID>30</EventRecordID>\n<Correlation ActivityID=\"\" RelatedActivityID=\"\"></Correlation>\n<Execution ProcessID=\"6040\" ThreadID=\"6044\"></Execution>\n<Channel>Application</Channel>\n<Computer>DESKTOP-7AQ11N8</Computer>\n<Security UserID=\"S-1-5-18\"></Security>\n</System>\n<EventData><Data Name=\"Bucket\"></Data>\n<Data Name=\"BucketType\">0</Data>\n<Data Name=\"EventName\">crashpad_log</Data>\n<Data Name=\"Respons"}
{"file": "files\\Windows\\System32\\winevt\\Logs\\Application.evtx", "record_num": 31, "timestamp": "2025-09-12T16:01:28.132885", "event_id": null, "xml_snippet": "<Event xmlns=\"http://schemas.microsoft.com/win/2004/08/events/event\"><System><Provider Name=\"Windows Error Reporting\" Guid=\"{0ead09bd-2157-539a-8d6d-c87f95b64d70}\"></Provider>\n<EventID Qualifiers=\"\">1001</EventID>\n<Version>0</Version>\n<Level>4</Level>\n<Task>0</Task>\n<Opcode>0</Opcode>\n<Keywords>0x8000000000000000</Keywords>\n<TimeCreated SystemTime=\"2025-09-12 16:01:28.132885\"></TimeCreated>\n<EventRecordID>31</EventRecordID>\n<Correlation ActivityID=\"\" RelatedActivityID=\"\"></Correlation>\n<Execution ProcessID=\"4616\" ThreadID=\"1348\"></Execution>\n<Channel>Application</Channel>\n<Computer>DESKTOP-7AQ11N8</Computer>\n<Security UserID=\"S-1-5-18\"></Security>\n</System>\n<EventData><Data Name=\"Bucket\"></Data>\n<Data Name=\"BucketType\">0</Data>\n<Data Name=\"EventName\">crashpad_log</Data>\n<Data Name=\"Respons"}
{"file": "files\\Windows\\System32\\winevt\\Logs\\Application.evtx", "record_num": 32, "timestamp": "2025-09-12T16:01:36.516623", "event_id": null, "xml_snippet": "<Event xmlns=\"http://schemas.microsoft.com/win/2004/08/events/event\"><System><Provider Name=\"Microsoft-Windows-AppModel-State\" Guid=\"{bff15e13-81bf-45ee-8b16-7cfead00da86}\"></Provider>\n<EventID Qualifiers=\"\">23</EventID>\n<Version>0</Version>\n<Level>3</Level>\n<Task>0</Task>\n<Opcode>0</Opcode>\n<Keywords>0x8000000000000000</Keywords>\n<TimeCreated SystemTime=\"2025-09-12 16:01:36.516623\"></TimeCreated>\n<EventRecordID>32</EventRecordID>\n<Correlation ActivityID=\"\" RelatedActivityID=\"\"></Correlation>\n<Execution ProcessID=\"4628\" ThreadID=\"4576\"></Execution>\n<Channel>Application</Channel>\n<Computer>DESKTOP-7AQ11N8</Computer>\n<Security UserID=\"S-1-5-21-145345821-4241028641-590995675-1000\"></Security>\n</System>\n<EventData><Data Name=\"Operation\">InitializeDataChangedSignaler</Data>\n<Data Name=\"PackageF"}
{"file": "files\\Windows\\System32\\winevt\\Logs\\Application.evtx", "record_num": 33, "timestamp": "2025-09-12T16:01:36.964027", "event_id": null, "xml_snippet": "<Event xmlns=\"http://schemas.microsoft.com/win/2004/08/events/event\"><System><Provider Name=\"Microsoft-Windows-AppModel-State\" Guid=\"{bff15e13-81bf-45ee-8b16-7cfead00da86}\"></Provider>\n<EventID Qualifiers=\"\">24</EventID>\n<Version>0</Version>\n<Level>3</Level>\n<Task>0</Task>\n<Opcode>0</Opcode>\n<Keywords>0x8000000000000000</Keywords>\n<TimeCreated SystemTime=\"2025-09-12 16:01:36.964027\"></TimeCreated>\n<EventRecordID>33</EventRecordID>\n<Correlation ActivityID=\"\" RelatedActivityID=\"\"></Correlation>\n<Execution ProcessID=\"4628\" ThreadID=\"4576\"></Execution>\n<Channel>Application</Channel>\n<Computer>DESKTOP-7AQ11N8</Computer>\n<Security UserID=\"S-1-5-21-145345821-4241028641-590995675-1000\"></Security>\n</System>\n<EventData><Data Name=\"Operation\">InitializeDataChangedSignaler</Data>\n<Data Name=\"PackageF"}
{"file": "files\\Windows\\System32\\winevt\\Logs\\Application.evtx", "record_num": 34, "timestamp": "2025-09-12T16:01:41.954782", "event_id": null, "xml_snippet": "<Event xmlns=\"http://schemas.microsoft.com/win/2004/08/events/event\"><System><Provider Name=\"Microsoft-Windows-CAPI2\" Guid=\"{5bbca4a8-b209-48dc-a8c7-b23d3e5216fb}\" EventSourceName=\"Microsoft-Windows-CAPI2\"></Provider>\n<EventID Qualifiers=\"0\">4097</EventID>\n<Version>0</Version>\n<Level>4</Level>\n<Task>0</Task>\n<Opcode>0</Opcode>\n<Keywords>0x8080000000000000</Keywords>\n<TimeCreated SystemTime=\"2025-09-12 16:01:41.954782\"></TimeCreated>\n<EventRecordID>34</EventRecordID>\n<Correlation ActivityID=\"\" RelatedActivityID=\"\"></Correlation>\n<Execution ProcessID=\"1920\" ThreadID=\"2036\"></Execution>\n<Channel>Application</Channel>\n<Computer>DESKTOP-7AQ11N8</Computer>\n<Security UserID=\"\"></Security>\n</System>\n<EventData><Data>&lt;string&gt;CN=DigiCert Global Root G3, OU=www.digicert.com, O=DigiCert Inc, C=U"}
{"file": "files\\Windows\\System32\\winevt\\Logs\\Application.evtx", "record_num": 35, "timestamp": "2025-09-12T16:01:43.652502", "event_id": null, "xml_snippet": "<Event xmlns=\"http://schemas.microsoft.com/win/2004/08/events/event\"><System><Provider Name=\"Microsoft-Windows-AppModel-State\" Guid=\"{bff15e13-81bf-45ee-8b16-7cfead00da86}\"></Provider>\n<EventID Qualifiers=\"\">23</EventID>\n<Version>0</Version>\n<Level>3</Level>\n<Task>0</Task>\n<Opcode>0</Opcode>\n<Keywords>0x8000000000000000</Keywords>\n<TimeCreated SystemTime=\"2025-09-12 16:01:43.652502\"></TimeCreated>\n<EventRecordID>35</EventRecordID>\n<Correlation ActivityID=\"{55dc9e8c-2417-0000-12c2-dc551724dc01}\" RelatedActivityID=\"\"></Correlation>\n<Execution ProcessID=\"5980\" ThreadID=\"6420\"></Execution>\n<Channel>Application</Channel>\n<Computer>DESKTOP-7AQ11N8</Computer>\n<Security UserID=\"S-1-5-21-145345821-4241028641-590995675-1000\"></Security>\n</System>\n<EventData><Data Name=\"Operation\">InitializeDataChang"}
{"file": "files\\Windows\\System32\\winevt\\Logs\\Application.evtx", "record_num": 36, "timestamp": "2025-09-12T16:01:45.194323", "event_id": null, "xml_snippet": "<Event xmlns=\"http://schemas.microsoft.com/win/2004/08/events/event\"><System><Provider Name=\"edgeupdate\"></Provider>\n<EventID Qualifiers=\"0\">0</EventID>\n<Version>0</Version>\n<Level>4</Level>\n<Task>0</Task>\n<Opcode>0</Opcode>\n<Keywords>0x0080000000000000</Keywords>\n<TimeCreated SystemTime=\"2025-09-12 16:01:45.194323\"></TimeCreated>\n<EventRecordID>36</EventRecordID>\n<Correlation ActivityID=\"\" RelatedActivityID=\"\"></Correlation>\n<Execution ProcessID=\"6532\" ThreadID=\"0\"></Execution>\n<Channel>Application</Channel>\n<Computer>DESKTOP-7AQ11N8</Computer>\n<Security UserID=\"\"></Security>\n</System>\n<EventData><Data>&lt;string&gt;Service stopped&lt;/string&gt;\n</Data>\n<Binary></Binary>\n</EventData>\n</Event>\n"}
{"file": "files\\Windows\\System32\\winevt\\Logs\\Application.evtx", "record_num": 37, "timestamp": "2025-09-12T16:01:58.589603", "event_id": null, "xml_snippet": "<Event xmlns=\"http://schemas.microsoft.com/win/2004/08/events/event\"><System><Provider Name=\"Microsoft-Windows-Security-SPP\" Guid=\"{E23B33B0-C8C9-472C-A5F9-F2BDFEA0F156}\" EventSourceName=\"Software Protection Platform Service\"></Provider>\n<EventID Qualifiers=\"16384\">16384</EventID>\n<Version>0</Version>\n<Level>4</Level>\n<Task>0</Task>\n<Opcode>0</Opcode>\n<Keywords>0x0080000000000000</Keywords>\n<TimeCreated SystemTime=\"2025-09-12 16:01:58.589603\"></TimeCreated>\n<EventRecordID>37</EventRecordID>\n<Correlation ActivityID=\"\" RelatedActivityID=\"\"></Correlation>\n<Execution ProcessID=\"920\" ThreadID=\"0\"></Execution>\n<Channel>Application</Channel>\n<Computer>DESKTOP-7AQ11N8</Computer>\n<Security UserID=\"\"></Security>\n</System>\n<EventData><Data>&lt;string&gt;2025-09-12T19:00:57Z&lt;/string&gt;\n&lt;string&"}
{"file": "files\\Windows\\System32\\winevt\\Logs\\Application.evtx", "record_num": 38, "timestamp": "2025-09-12T16:03:17.356970", "event_id": null, "xml_snippet": "<Event xmlns=\"http://schemas.microsoft.com/win/2004/08/events/event\"><System><Provider Name=\"Microsoft-Windows-Security-SPP\" Guid=\"{E23B33B0-C8C9-472C-A5F9-F2BDFEA0F156}\" EventSourceName=\"Software Protection Platform Service\"></Provider>\n<EventID Qualifiers=\"16384\">900</EventID>\n<Version>0</Version>\n<Level>4</Level>\n<Task>0</Task>\n<Opcode>0</Opcode>\n<Keywords>0x0080000000000000</Keywords>\n<TimeCreated SystemTime=\"2025-09-12 16:03:17.356970\"></TimeCreated>\n<EventRecordID>38</EventRecordID>\n<Correlation ActivityID=\"\" RelatedActivityID=\"\"></Correlation>\n<Execution ProcessID=\"2528\" ThreadID=\"0\"></Execution>\n<Channel>Application</Channel>\n<Computer>DESKTOP-7AQ11N8</Computer>\n<Security UserID=\"\"></Security>\n</System>\n<EventData><Data>&lt;string&gt;&lt;explicit&gt;&lt;/string&gt;\n</Data>\n<Binary>"}
{"file": "files\\Windows\\System32\\winevt\\Logs\\Application.evtx", "record_num": 39, "timestamp": "2025-09-12T16:03:17.832067", "event_id": null, "xml_snippet": "<Event xmlns=\"http://schemas.microsoft.com/win/2004/08/events/event\"><System><Provider Name=\"Microsoft-Windows-Security-SPP\" Guid=\"{E23B33B0-C8C9-472C-A5F9-F2BDFEA0F156}\" EventSourceName=\"Software Protection Platform Service\"></Provider>\n<EventID Qualifiers=\"49152\">16394</EventID>\n<Version>0</Version>\n<Level>4</Level>\n<Task>0</Task>\n<Opcode>0</Opcode>\n<Keywords>0x0080000000000000</Keywords>\n<TimeCreated SystemTime=\"2025-09-12 16:03:17.832067\"></TimeCreated>\n<EventRecordID>39</EventRecordID>\n<Correlation ActivityID=\"\" RelatedActivityID=\"\"></Correlation>\n<Execution ProcessID=\"2528\" ThreadID=\"0\"></Execution>\n<Channel>Application</Channel>\n<Computer>DESKTOP-7AQ11N8</Computer>\n<Security UserID=\"\"></Security>\n</System>\n<EventData><Data></Data>\n<Binary></Binary>\n</EventData>\n</Event>\n"}
{"file": "files\\Windows\\System32\\winevt\\Logs\\Application.evtx", "record_num": 40, "timestamp": "2025-09-12T16:03:24.134825", "event_id": null, "xml_snippet": "<Event xmlns=\"http://schemas.microsoft.com/win/2004/08/events/event\"><System><Provider Name=\"SecurityCenter\"></Provider>\n<EventID Qualifiers=\"0\">1</EventID>\n<Version>0</Version>\n<Level>4</Level>\n<Task>0</Task>\n<Opcode>0</Opcode>\n<Keywords>0x0080000000000000</Keywords>\n<TimeCreated SystemTime=\"2025-09-12 16:03:24.134825\"></TimeCreated>\n<EventRecordID>40</EventRecordID>\n<Correlation ActivityID=\"\" RelatedActivityID=\"\"></Correlation>\n<Execution ProcessID=\"3816\" ThreadID=\"0\"></Execution>\n<Channel>Application</Channel>\n<Computer>DESKTOP-7AQ11N8</Computer>\n<Security UserID=\"\"></Security>\n</System>\n<EventData><Data></Data>\n<Binary></Binary>\n</EventData>\n</Event>\n"}
{"file": "files\\Windows\\System32\\winevt\\Logs\\Application.evtx", "record_num": 41, "timestamp": "2025-09-12T16:03:26.363274", "event_id": null, "xml_snippet": "<Event xmlns=\"http://schemas.microsoft.com/win/2004/08/events/event\"><System><Provider Name=\"SecurityCenter\"></Provider>\n<EventID Qualifiers=\"0\">15</EventID>\n<Version>0</Version>\n<Level>4</Level>\n<Task>0</Task>\n<Opcode>0</Opcode>\n<Keywords>0x0080000000000000</Keywords>\n<TimeCreated SystemTime=\"2025-09-12 16:03:26.363274\"></TimeCreated>\n<EventRecordID>41</EventRecordID>\n<Correlation ActivityID=\"\" RelatedActivityID=\"\"></Correlation>\n<Execution ProcessID=\"3816\" ThreadID=\"0\"></Execution>\n<Channel>Application</Channel>\n<Computer>DESKTOP-7AQ11N8</Computer>\n<Security UserID=\"\"></Security>\n</System>\n<EventData><Data>&lt;string&gt;Windows Defender&lt;/string&gt;\n&lt;string&gt;SECURITY_PRODUCT_STATE_ON&lt;/string&gt;\n</Data>\n<Binary></Binary>\n</EventData>\n</Event>\n"}
{"file": "files\\Windows\\System32\\winevt\\Logs\\Application.evtx", "record_num": 42, "timestamp": "2025-09-12T16:03:37.777027", "event_id": null, "xml_snippet": "<Event xmlns=\"http://schemas.microsoft.com/win/2004/08/events/event\"><System><Provider Name=\"Windows Error Reporting\" Guid=\"{0ead09bd-2157-539a-8d6d-c87f95b64d70}\"></Provider>\n<EventID Qualifiers=\"\">1001</EventID>\n<Version>0</Version>\n<Level>4</Level>\n<Task>0</Task>\n<Opcode>0</Opcode>\n<Keywords>0x8000000000000000</Keywords>\n<TimeCreated SystemTime=\"2025-09-12 16:03:37.777027\"></TimeCreated>\n<EventRecordID>42</EventRecordID>\n<Correlation ActivityID=\"\" RelatedActivityID=\"\"></Correlation>\n<Execution ProcessID=\"5996\" ThreadID=\"6008\"></Execution>\n<Channel>Application</Channel>\n<Computer>DESKTOP-7AQ11N8</Computer>\n<Security UserID=\"S-1-5-18\"></Security>\n</System>\n<EventData><Data Name=\"Bucket\"></Data>\n<Data Name=\"BucketType\">0</Data>\n<Data Name=\"EventName\">crashpad_log</Data>\n<Data Name=\"Respons"}
{"file": "files\\Windows\\System32\\winevt\\Logs\\Application.evtx", "record_num": 43, "timestamp": "2025-09-12T16:03:59.729008", "event_id": null, "xml_snippet": "<Event xmlns=\"http://schemas.microsoft.com/win/2004/08/events/event\"><System><Provider Name=\"Microsoft-Windows-CAPI2\" Guid=\"{5bbca4a8-b209-48dc-a8c7-b23d3e5216fb}\" EventSourceName=\"Microsoft-Windows-CAPI2\"></Provider>\n<EventID Qualifiers=\"0\">4113</EventID>\n<Version>0</Version>\n<Level>4</Level>\n<Task>0</Task>\n<Opcode>0</Opcode>\n<Keywords>0x8080000000000000</Keywords>\n<TimeCreated SystemTime=\"2025-09-12 16:03:59.729008\"></TimeCreated>\n<EventRecordID>43</EventRecordID>\n<Correlation ActivityID=\"\" RelatedActivityID=\"\"></Correlation>\n<Execution ProcessID=\"1920\" ThreadID=\"5308\"></Execution>\n<Channel>Application</Channel>\n<Computer>DESKTOP-7AQ11N8</Computer>\n<Security UserID=\"\"></Security>\n</System>\n<EventData><Data>&lt;string&gt;&#8206;Wednesday, &#8206;May &#8206;31, &#8206;2017 4:28:59 PM&lt;/s"}
{"file": "files\\Windows\\System32\\winevt\\Logs\\Application.evtx", "record_num": 44, "timestamp": "2025-09-12T16:04:26.154646", "event_id": null, "xml_snippet": "<Event xmlns=\"http://schemas.microsoft.com/win/2004/08/events/event\"><System><Provider Name=\"Microsoft-Windows-Security-SPP\" Guid=\"{E23B33B0-C8C9-472C-A5F9-F2BDFEA0F156}\" EventSourceName=\"Software Protection Platform Service\"></Provider>\n<EventID Qualifiers=\"16384\">16384</EventID>\n<Version>0</Version>\n<Level>4</Level>\n<Task>0</Task>\n<Opcode>0</Opcode>\n<Keywords>0x0080000000000000</Keywords>\n<TimeCreated SystemTime=\"2025-09-12 16:04:26.154646\"></TimeCreated>\n<EventRecordID>44</EventRecordID>\n<Correlation ActivityID=\"\" RelatedActivityID=\"\"></Correlation>\n<Execution ProcessID=\"2528\" ThreadID=\"0\"></Execution>\n<Channel>Application</Channel>\n<Computer>DESKTOP-7AQ11N8</Computer>\n<Security UserID=\"\"></Security>\n</System>\n<EventData><Data>&lt;string&gt;2025-09-12T19:01:25Z&lt;/string&gt;\n&lt;string"}
{"file": "files\\Windows\\System32\\winevt\\Logs\\Application.evtx", "record_num": 45, "timestamp": "2025-09-12T16:06:14.348726", "event_id": null, "xml_snippet": "<Event xmlns=\"http://schemas.microsoft.com/win/2004/08/events/event\"><System><Provider Name=\"Microsoft-Windows-CAPI2\" Guid=\"{5bbca4a8-b209-48dc-a8c7-b23d3e5216fb}\" EventSourceName=\"Microsoft-Windows-CAPI2\"></Provider>\n<EventID Qualifiers=\"0\">4109</EventID>\n<Version>0</Version>\n<Level>4</Level>\n<Task>0</Task>\n<Opcode>0</Opcode>\n<Keywords>0x8080000000000000</Keywords>\n<TimeCreated SystemTime=\"2025-09-12 16:06:14.348726\"></TimeCreated>\n<EventRecordID>45</EventRecordID>\n<Correlation ActivityID=\"\" RelatedActivityID=\"\"></Correlation>\n<Execution ProcessID=\"1920\" ThreadID=\"1488\"></Execution>\n<Channel>Application</Channel>\n<Computer>DESKTOP-7AQ11N8</Computer>\n<Security UserID=\"\"></Security>\n</System>\n<EventData><Data>&lt;string&gt;OU=Class 3 Public Primary Certification Authority, O=\"VeriSign, Inc."}
{"file": "files\\Windows\\System32\\winevt\\Logs\\Application.evtx", "record_num": 46, "timestamp": "2025-09-12T16:06:14.348726", "event_id": null, "xml_snippet": "<Event xmlns=\"http://schemas.microsoft.com/win/2004/08/events/event\"><System><Provider Name=\"Microsoft-Windows-CAPI2\" Guid=\"{5bbca4a8-b209-48dc-a8c7-b23d3e5216fb}\" EventSourceName=\"Microsoft-Windows-CAPI2\"></Provider>\n<EventID Qualifiers=\"0\">4108</EventID>\n<Version>0</Version>\n<Level>4</Level>\n<Task>0</Task>\n<Opcode>0</Opcode>\n<Keywords>0x8080000000000000</Keywords>\n<TimeCreated SystemTime=\"2025-09-12 16:06:14.348726\"></TimeCreated>\n<EventRecordID>46</EventRecordID>\n<Correlation ActivityID=\"\" RelatedActivityID=\"\"></Correlation>\n<Execution ProcessID=\"1920\" ThreadID=\"1488\"></Execution>\n<Channel>Application</Channel>\n<Computer>DESKTOP-7AQ11N8</Computer>\n<Security UserID=\"\"></Security>\n</System>\n<EventData><Data>&lt;string&gt;OU=Class 3 Public Primary Certification Authority, O=\"VeriSign, Inc."}
{"file": "files\\Windows\\System32\\winevt\\Logs\\Application.evtx", "record_num": 47, "timestamp": "2025-09-12T16:06:14.351688", "event_id": null, "xml_snippet": "<Event xmlns=\"http://schemas.microsoft.com/win/2004/08/events/event\"><System><Provider Name=\"Microsoft-Windows-CAPI2\" Guid=\"{5bbca4a8-b209-48dc-a8c7-b23d3e5216fb}\" EventSourceName=\"Microsoft-Windows-CAPI2\"></Provider>\n<EventID Qualifiers=\"0\">4111</EventID>\n<Version>0</Version>\n<Level>4</Level>\n<Task>0</Task>\n<Opcode>0</Opcode>\n<Keywords>0x8080000000000000</Keywords>\n<TimeCreated SystemTime=\"2025-09-12 16:06:14.351688\"></TimeCreated>\n<EventRecordID>47</EventRecordID>\n<Correlation ActivityID=\"\" RelatedActivityID=\"\"></Correlation>\n<Execution ProcessID=\"1920\" ThreadID=\"1488\"></Execution>\n<Channel>Application</Channel>\n<Computer>DESKTOP-7AQ11N8</Computer>\n<Security UserID=\"\"></Security>\n</System>\n<EventData><Data>&lt;string&gt;&#8206;Tuesday, &#8206;August &#8206;26, &#8206;2025 12:56:46 PM&lt;"}
{"file": "files\\Windows\\System32\\winevt\\Logs\\Application.evtx", "record_num": 48, "timestamp": "2025-09-12T16:06:14.388346", "event_id": null, "xml_snippet": "<Event xmlns=\"http://schemas.microsoft.com/win/2004/08/events/event\"><System><Provider Name=\"Microsoft-Windows-CAPI2\" Guid=\"{5bbca4a8-b209-48dc-a8c7-b23d3e5216fb}\" EventSourceName=\"Microsoft-Windows-CAPI2\"></Provider>\n<EventID Qualifiers=\"0\">4097</EventID>\n<Version>0</Version>\n<Level>4</Level>\n<Task>0</Task>\n<Opcode>0</Opcode>\n<Keywords>0x8080000000000000</Keywords>\n<TimeCreated SystemTime=\"2025-09-12 16:06:14.388346\"></TimeCreated>\n<EventRecordID>48</EventRecordID>\n<Correlation ActivityID=\"\" RelatedActivityID=\"\"></Correlation>\n<Execution ProcessID=\"1920\" ThreadID=\"1488\"></Execution>\n<Channel>Application</Channel>\n<Computer>DESKTOP-7AQ11N8</Computer>\n<Security UserID=\"\"></Security>\n</System>\n<EventData><Data>&lt;string&gt;CN=DigiCert Assured ID Root CA, OU=www.digicert.com, O=DigiCert Inc,"}
{"file": "files\\Windows\\System32\\winevt\\Logs\\Application.evtx", "record_num": 49, "timestamp": "2025-09-12T16:07:49.684683", "event_id": null, "xml_snippet": "<Event xmlns=\"http://schemas.microsoft.com/win/2004/08/events/event\"><System><Provider Name=\"Microsoft-Windows-Security-SPP\" Guid=\"{E23B33B0-C8C9-472C-A5F9-F2BDFEA0F156}\" EventSourceName=\"Software Protection Platform Service\"></Provider>\n<EventID Qualifiers=\"49152\">16394</EventID>\n<Version>0</Version>\n<Level>4</Level>\n<Task>0</Task>\n<Opcode>0</Opcode>\n<Keywords>0x0080000000000000</Keywords>\n<TimeCreated SystemTime=\"2025-09-12 16:07:49.684683\"></TimeCreated>\n<EventRecordID>49</EventRecordID>\n<Correlation ActivityID=\"\" RelatedActivityID=\"\"></Correlation>\n<Execution ProcessID=\"3820\" ThreadID=\"0\"></Execution>\n<Channel>Application</Channel>\n<Computer>DESKTOP-7AQ11N8</Computer>\n<Security UserID=\"\"></Security>\n</System>\n<EventData><Data></Data>\n<Binary></Binary>\n</EventData>\n</Event>\n"}
{"file": "files\\Windows\\System32\\winevt\\Logs\\Application.evtx", "record_num": 50, "timestamp": "2025-09-12T16:08:02.347824", "event_id": null, "xml_snippet": "<Event xmlns=\"http://schemas.microsoft.com/win/2004/08/events/event\"><System><Provider Name=\"edgeupdate\"></Provider>\n<EventID Qualifiers=\"0\">0</EventID>\n<Version>0</Version>\n<Level>4</Level>\n<Task>0</Task>\n<Opcode>0</Opcode>\n<Keywords>0x0080000000000000</Keywords>\n<TimeCreated SystemTime=\"2025-09-12 16:08:02.347824\"></TimeCreated>\n<EventRecordID>50</EventRecordID>\n<Correlation ActivityID=\"\" RelatedActivityID=\"\"></Correlation>\n<Execution ProcessID=\"6684\" ThreadID=\"0\"></Execution>\n<Channel>Application</Channel>\n<Computer>DESKTOP-7AQ11N8</Computer>\n<Security UserID=\"\"></Security>\n</System>\n<EventData><Data>&lt;string&gt;Service stopped&lt;/string&gt;\n</Data>\n<Binary></Binary>\n</EventData>\n</Event>\n"}
{"file": "files\\Windows\\System32\\winevt\\Logs\\Application.evtx", "record_num": 51, "timestamp": "2025-09-12T16:08:49.039204", "event_id": null, "xml_snippet": "<Event xmlns=\"http://schemas.microsoft.com/win/2004/08/events/event\"><System><Provider Name=\"edgeupdate\"></Provider>\n<EventID Qualifiers=\"0\">0</EventID>\n<Version>0</Version>\n<Level>4</Level>\n<Task>0</Task>\n<Opcode>0</Opcode>\n<Keywords>0x0080000000000000</Keywords>\n<TimeCreated SystemTime=\"2025-09-12 16:08:49.039204\"></TimeCreated>\n<EventRecordID>51</EventRecordID>\n<Correlation ActivityID=\"\" RelatedActivityID=\"\"></Correlation>\n<Execution ProcessID=\"5560\" ThreadID=\"0\"></Execution>\n<Channel>Application</Channel>\n<Computer>DESKTOP-7AQ11N8</Computer>\n<Security UserID=\"\"></Security>\n</System>\n<EventData><Data>&lt;string&gt;Service stopped&lt;/string&gt;\n</Data>\n<Binary></Binary>\n</EventData>\n</Event>\n"}
