{"file": "files\\Windows\\System32\\winevt\\Logs\\Application.evtx", "record_num": 104, "timestamp": "2025-09-14T00:19:44.774733", "event_id": null, "xml_snippet": "<Event xmlns=\"http://schemas.microsoft.com/win/2004/08/events/event\"><System><Provider Name=\"Microsoft-Windows-Security-SPP\" Guid=\"{E23B33B0-C8C9-472C-A5F9-F2BDFEA0F156}\" EventSourceName=\"Software Protection Platform Service\"></Provider>\n<EventID Qualifiers=\"16384\">1003</EventID>\n<Version>0</Version>\n<Level>4</Level>\n<Task>0</Task>\n<Opcode>0</Opcode>\n<Keywords>0x0080000000000000</Keywords>\n<TimeCreated SystemTime=\"2025-09-14 00:19:44.774733\"></TimeCreated>\n<EventRecordID>104</EventRecordID>\n<Correlation ActivityID=\"\" RelatedActivityID=\"\"></Correlation>\n<Execution ProcessID=\"5844\" ThreadID=\"0\"></Execution>\n<Channel>Application</Channel>\n<Computer>Rami</Computer>\n<Security UserID=\"\"></Security>\n</System>\n<EventData><Data>&lt;string&gt;55c92734-d682-4d71-983e-d6ec3f16059f&lt;/string&gt;\n&lt;s"}
{"file": "files\\Windows\\System32\\winevt\\Logs\\Application.evtx", "record_num": 105, "timestamp": "2025-09-14T00:19:45.060081", "event_id": null, "xml_snippet": "<Event xmlns=\"http://schemas.microsoft.com/win/2004/08/events/event\"><System><Provider Name=\"Microsoft-Windows-Security-SPP\" Guid=\"{E23B33B0-C8C9-472C-A5F9-F2BDFEA0F156}\" EventSourceName=\"Software Protection Platform Service\"></Provider>\n<EventID Qualifiers=\"49152\">8198</EventID>\n<Version>0</Version>\n<Level>2</Level>\n<Task>0</Task>\n<Opcode>0</Opcode>\n<Keywords>0x0080000000000000</Keywords>\n<TimeCreated SystemTime=\"2025-09-14 00:19:45.060081\"></TimeCreated>\n<EventRecordID>105</EventRecordID>\n<Correlation ActivityID=\"\" RelatedActivityID=\"\"></Correlation>\n<Execution ProcessID=\"2184\" ThreadID=\"0\"></Execution>\n<Channel>Application</Channel>\n<Computer>Rami</Computer>\n<Security UserID=\"\"></Security>\n</System>\n<EventData><Data>&lt;string&gt;hr=0x80004005&lt;/string&gt;\n&lt;string&gt;RuleId=31e71c4"}
{"file": "files\\Windows\\System32\\winevt\\Logs\\Application.evtx", "record_num": 106, "timestamp": "2025-09-14T00:19:53.356056", "event_id": null, "xml_snippet": "<Event xmlns=\"http://schemas.microsoft.com/win/2004/08/events/event\"><System><Provider Name=\"Windows Error Reporting\" Guid=\"{0ead09bd-2157-539a-8d6d-c87f95b64d70}\"></Provider>\n<EventID Qualifiers=\"\">1001</EventID>\n<Version>0</Version>\n<Level>4</Level>\n<Task>0</Task>\n<Opcode>0</Opcode>\n<Keywords>0x8000000000000000</Keywords>\n<TimeCreated SystemTime=\"2025-09-14 00:19:53.356056\"></TimeCreated>\n<EventRecordID>106</EventRecordID>\n<Correlation ActivityID=\"\" RelatedActivityID=\"\"></Correlation>\n<Execution ProcessID=\"6012\" ThreadID=\"4404\"></Execution>\n<Channel>Application</Channel>\n<Computer>Rami</Computer>\n<Security UserID=\"S-1-5-18\"></Security>\n</System>\n<EventData><Data Name=\"Bucket\"></Data>\n<Data Name=\"BucketType\">0</Data>\n<Data Name=\"EventName\">crashpad_log</Data>\n<Data Name=\"Response\">Not ava"}
{"file": "files\\Windows\\System32\\winevt\\Logs\\Application.evtx", "record_num": 107, "timestamp": "2025-09-14T00:20:04.599434", "event_id": null, "xml_snippet": "<Event xmlns=\"http://schemas.microsoft.com/win/2004/08/events/event\"><System><Provider Name=\"edgeupdate\"></Provider>\n<EventID Qualifiers=\"0\">0</EventID>\n<Version>0</Version>\n<Level>4</Level>\n<Task>0</Task>\n<Opcode>0</Opcode>\n<Keywords>0x0080000000000000</Keywords>\n<TimeCreated SystemTime=\"2025-09-14 00:20:04.599434\"></TimeCreated>\n<EventRecordID>107</EventRecordID>\n<Correlation ActivityID=\"\" RelatedActivityID=\"\"></Correlation>\n<Execution ProcessID=\"2656\" ThreadID=\"0\"></Execution>\n<Channel>Application</Channel>\n<Computer>Rami</Computer>\n<Security UserID=\"\"></Security>\n</System>\n<EventData><Data>&lt;string&gt;Service stopped&lt;/string&gt;\n</Data>\n<Binary></Binary>\n</EventData>\n</Event>\n"}
{"file": "files\\Windows\\System32\\winevt\\Logs\\Application.evtx", "record_num": 108, "timestamp": "2025-09-14T00:20:36.305944", "event_id": null, "xml_snippet": "<Event xmlns=\"http://schemas.microsoft.com/win/2004/08/events/event\"><System><Provider Name=\"Microsoft-Windows-Security-SPP\" Guid=\"{E23B33B0-C8C9-472C-A5F9-F2BDFEA0F156}\" EventSourceName=\"Software Protection Platform Service\"></Provider>\n<EventID Qualifiers=\"16384\">16384</EventID>\n<Version>0</Version>\n<Level>4</Level>\n<Task>0</Task>\n<Opcode>0</Opcode>\n<Keywords>0x0080000000000000</Keywords>\n<TimeCreated SystemTime=\"2025-09-14 00:20:36.305944\"></TimeCreated>\n<EventRecordID>108</EventRecordID>\n<Correlation ActivityID=\"\" RelatedActivityID=\"\"></Correlation>\n<Execution ProcessID=\"5844\" ThreadID=\"0\"></Execution>\n<Channel>Application</Channel>\n<Computer>Rami</Computer>\n<Security UserID=\"\"></Security>\n</System>\n<EventData><Data>&lt;string&gt;2025-09-15T00:18:35Z&lt;/string&gt;\n&lt;string&gt;RulesE"}
{"file": "files\\Windows\\System32\\winevt\\Logs\\Application.evtx", "record_num": 109, "timestamp": "2025-09-14T00:20:36.601730", "event_id": null, "xml_snippet": "<Event xmlns=\"http://schemas.microsoft.com/win/2004/08/events/event\"><System><Provider Name=\"Microsoft-Windows-Security-SPP\" Guid=\"{E23B33B0-C8C9-472C-A5F9-F2BDFEA0F156}\" EventSourceName=\"Software Protection Platform Service\"></Provider>\n<EventID Qualifiers=\"16384\">903</EventID>\n<Version>0</Version>\n<Level>0</Level>\n<Task>0</Task>\n<Opcode>0</Opcode>\n<Keywords>0x0080000000000000</Keywords>\n<TimeCreated SystemTime=\"2025-09-14 00:20:36.601730\"></TimeCreated>\n<EventRecordID>109</EventRecordID>\n<Correlation ActivityID=\"\" RelatedActivityID=\"\"></Correlation>\n<Execution ProcessID=\"5844\" ThreadID=\"0\"></Execution>\n<Channel>Application</Channel>\n<Computer>Rami</Computer>\n<Security UserID=\"\"></Security>\n</System>\n<EventData><Data></Data>\n<Binary></Binary>\n</EventData>\n</Event>\n"}
{"file": "files\\Windows\\System32\\winevt\\Logs\\Application.evtx", "record_num": 110, "timestamp": "2025-09-14T00:21:05.611736", "event_id": null, "xml_snippet": "<Event xmlns=\"http://schemas.microsoft.com/win/2004/08/events/event\"><System><Provider Name=\"edgeupdate\"></Provider>\n<EventID Qualifiers=\"0\">0</EventID>\n<Version>0</Version>\n<Level>4</Level>\n<Task>0</Task>\n<Opcode>0</Opcode>\n<Keywords>0x0080000000000000</Keywords>\n<TimeCreated SystemTime=\"2025-09-14 00:21:05.611736\"></TimeCreated>\n<EventRecordID>110</EventRecordID>\n<Correlation ActivityID=\"\" RelatedActivityID=\"\"></Correlation>\n<Execution ProcessID=\"452\" ThreadID=\"0\"></Execution>\n<Channel>Application</Channel>\n<Computer>Rami</Computer>\n<Security UserID=\"\"></Security>\n</System>\n<EventData><Data>&lt;string&gt;Service stopped&lt;/string&gt;\n</Data>\n<Binary></Binary>\n</EventData>\n</Event>\n"}
{"file": "files\\Windows\\System32\\winevt\\Logs\\Application.evtx", "record_num": 111, "timestamp": "2025-09-14T00:22:04.161551", "event_id": null, "xml_snippet": "<Event xmlns=\"http://schemas.microsoft.com/win/2004/08/events/event\"><System><Provider Name=\"edgeupdate\"></Provider>\n<EventID Qualifiers=\"0\">0</EventID>\n<Version>0</Version>\n<Level>4</Level>\n<Task>0</Task>\n<Opcode>0</Opcode>\n<Keywords>0x0080000000000000</Keywords>\n<TimeCreated SystemTime=\"2025-09-14 00:22:04.161551\"></TimeCreated>\n<EventRecordID>111</EventRecordID>\n<Correlation ActivityID=\"\" RelatedActivityID=\"\"></Correlation>\n<Execution ProcessID=\"2600\" ThreadID=\"0\"></Execution>\n<Channel>Application</Channel>\n<Computer>Rami</Computer>\n<Security UserID=\"\"></Security>\n</System>\n<EventData><Data>&lt;string&gt;Service stopped&lt;/string&gt;\n</Data>\n<Binary></Binary>\n</EventData>\n</Event>\n"}
{"file": "files\\Windows\\System32\\winevt\\Logs\\Application.evtx", "record_num": 112, "timestamp": "2025-09-14T00:23:21.052553", "event_id": null, "xml_snippet": "<Event xmlns=\"http://schemas.microsoft.com/win/2004/08/events/event\"><System><Provider Name=\"edgeupdate\"></Provider>\n<EventID Qualifiers=\"0\">0</EventID>\n<Version>0</Version>\n<Level>4</Level>\n<Task>0</Task>\n<Opcode>0</Opcode>\n<Keywords>0x0080000000000000</Keywords>\n<TimeCreated SystemTime=\"2025-09-14 00:23:21.052553\"></TimeCreated>\n<EventRecordID>112</EventRecordID>\n<Correlation ActivityID=\"\" RelatedActivityID=\"\"></Correlation>\n<Execution ProcessID=\"6228\" ThreadID=\"0\"></Execution>\n<Channel>Application</Channel>\n<Computer>Rami</Computer>\n<Security UserID=\"\"></Security>\n</System>\n<EventData><Data>&lt;string&gt;Service stopped&lt;/string&gt;\n</Data>\n<Binary></Binary>\n</EventData>\n</Event>\n"}
{"file": "files\\Windows\\System32\\winevt\\Logs\\Application.evtx", "record_num": 113, "timestamp": "2025-09-14T00:23:56.248453", "event_id": null, "xml_snippet": "<Event xmlns=\"http://schemas.microsoft.com/win/2004/08/events/event\"><System><Provider Name=\"Windows Error Reporting\" Guid=\"{0ead09bd-2157-539a-8d6d-c87f95b64d70}\"></Provider>\n<EventID Qualifiers=\"\">1001</EventID>\n<Version>0</Version>\n<Level>4</Level>\n<Task>0</Task>\n<Opcode>0</Opcode>\n<Keywords>0x8000000000000000</Keywords>\n<TimeCreated SystemTime=\"2025-09-14 00:23:56.248453\"></TimeCreated>\n<EventRecordID>113</EventRecordID>\n<Correlation ActivityID=\"\" RelatedActivityID=\"\"></Correlation>\n<Execution ProcessID=\"6684\" ThreadID=\"6688\"></Execution>\n<Channel>Application</Channel>\n<Computer>Rami</Computer>\n<Security UserID=\"S-1-5-18\"></Security>\n</System>\n<EventData><Data Name=\"Bucket\"></Data>\n<Data Name=\"BucketType\">0</Data>\n<Data Name=\"EventName\">crashpad_log</Data>\n<Data Name=\"Response\">Not ava"}
{"file": "files\\Windows\\System32\\winevt\\Logs\\Application.evtx", "record_num": 114, "timestamp": "2025-09-14T00:24:05.467203", "event_id": null, "xml_snippet": "<Event xmlns=\"http://schemas.microsoft.com/win/2004/08/events/event\"><System><Provider Name=\"edgeupdate\"></Provider>\n<EventID Qualifiers=\"0\">0</EventID>\n<Version>0</Version>\n<Level>4</Level>\n<Task>0</Task>\n<Opcode>0</Opcode>\n<Keywords>0x0080000000000000</Keywords>\n<TimeCreated SystemTime=\"2025-09-14 00:24:05.467203\"></TimeCreated>\n<EventRecordID>114</EventRecordID>\n<Correlation ActivityID=\"\" RelatedActivityID=\"\"></Correlation>\n<Execution ProcessID=\"5548\" ThreadID=\"0\"></Execution>\n<Channel>Application</Channel>\n<Computer>Rami</Computer>\n<Security UserID=\"\"></Security>\n</System>\n<EventData><Data>&lt;string&gt;Service stopped&lt;/string&gt;\n</Data>\n<Binary></Binary>\n</EventData>\n</Event>\n"}
{"file": "files\\Windows\\System32\\winevt\\Logs\\Application.evtx", "record_num": 115, "timestamp": "2025-09-14T00:24:10.502026", "event_id": null, "xml_snippet": "<Event xmlns=\"http://schemas.microsoft.com/win/2004/08/events/event\"><System><Provider Name=\"Microsoft-Windows-RestartManager\" Guid=\"{0888e5ef-9b98-4695-979d-e92ce4247224}\"></Provider>\n<EventID Qualifiers=\"\">10000</EventID>\n<Version>0</Version>\n<Level>4</Level>\n<Task>0</Task>\n<Opcode>0</Opcode>\n<Keywords>0x8000000000000000</Keywords>\n<TimeCreated SystemTime=\"2025-09-14 00:24:10.502026\"></TimeCreated>\n<EventRecordID>115</EventRecordID>\n<Correlation ActivityID=\"\" RelatedActivityID=\"\"></Correlation>\n<Execution ProcessID=\"5576\" ThreadID=\"3880\"></Execution>\n<Channel>Application</Channel>\n<Computer>Rami</Computer>\n<Security UserID=\"S-1-5-18\"></Security>\n</System>\n<UserData><RmSessionEvent xmlns=\"http://www.microsoft.com/2005/08/Windows/Reliability/RestartManager/\"><RmSessionId>0</RmSessionId>\n<U"}
{"file": "files\\Windows\\System32\\winevt\\Logs\\Application.evtx", "record_num": 116, "timestamp": "2025-09-14T00:24:10.594603", "event_id": null, "xml_snippet": "<Event xmlns=\"http://schemas.microsoft.com/win/2004/08/events/event\"><System><Provider Name=\"Microsoft-Windows-RestartManager\" Guid=\"{0888e5ef-9b98-4695-979d-e92ce4247224}\"></Provider>\n<EventID Qualifiers=\"\">10010</EventID>\n<Version>0</Version>\n<Level>3</Level>\n<Task>0</Task>\n<Opcode>0</Opcode>\n<Keywords>0x8000000000000000</Keywords>\n<TimeCreated SystemTime=\"2025-09-14 00:24:10.594603\"></TimeCreated>\n<EventRecordID>116</EventRecordID>\n<Correlation ActivityID=\"\" RelatedActivityID=\"\"></Correlation>\n<Execution ProcessID=\"5576\" ThreadID=\"3880\"></Execution>\n<Channel>Application</Channel>\n<Computer>Rami</Computer>\n<Security UserID=\"S-1-5-18\"></Security>\n</System>\n<UserData><RmUnsupportedRestartEvent xmlns=\"http://www.microsoft.com/2005/08/Windows/Reliability/RestartManager/\"><RmSessionId>0</RmSe"}
{"file": "files\\Windows\\System32\\winevt\\Logs\\Application.evtx", "record_num": 117, "timestamp": "2025-09-14T00:24:10.607973", "event_id": null, "xml_snippet": "<Event xmlns=\"http://schemas.microsoft.com/win/2004/08/events/event\"><System><Provider Name=\"Microsoft-Windows-RestartManager\" Guid=\"{0888e5ef-9b98-4695-979d-e92ce4247224}\"></Provider>\n<EventID Qualifiers=\"\">10010</EventID>\n<Version>0</Version>\n<Level>3</Level>\n<Task>0</Task>\n<Opcode>0</Opcode>\n<Keywords>0x8000000000000000</Keywords>\n<TimeCreated SystemTime=\"2025-09-14 00:24:10.607973\"></TimeCreated>\n<EventRecordID>117</EventRecordID>\n<Correlation ActivityID=\"\" RelatedActivityID=\"\"></Correlation>\n<Execution ProcessID=\"5576\" ThreadID=\"3880\"></Execution>\n<Channel>Application</Channel>\n<Computer>Rami</Computer>\n<Security UserID=\"S-1-5-18\"></Security>\n</System>\n<UserData><RmUnsupportedRestartEvent xmlns=\"http://www.microsoft.com/2005/08/Windows/Reliability/RestartManager/\"><RmSessionId>0</RmSe"}
{"file": "files\\Windows\\System32\\winevt\\Logs\\Application.evtx", "record_num": 118, "timestamp": "2025-09-14T00:24:10.747095", "event_id": null, "xml_snippet": "<Event xmlns=\"http://schemas.microsoft.com/win/2004/08/events/event\"><System><Provider Name=\"Microsoft-Windows-RestartManager\" Guid=\"{0888e5ef-9b98-4695-979d-e92ce4247224}\"></Provider>\n<EventID Qualifiers=\"\">10005</EventID>\n<Version>0</Version>\n<Level>4</Level>\n<Task>0</Task>\n<Opcode>0</Opcode>\n<Keywords>0x8000000000000000</Keywords>\n<TimeCreated SystemTime=\"2025-09-14 00:24:10.747095\"></TimeCreated>\n<EventRecordID>118</EventRecordID>\n<Correlation ActivityID=\"\" RelatedActivityID=\"\"></Correlation>\n<Execution ProcessID=\"5576\" ThreadID=\"3880\"></Execution>\n<Channel>Application</Channel>\n<Computer>Rami</Computer>\n<Security UserID=\"S-1-5-18\"></Security>\n</System>\n<UserData><RmRestartEvent xmlns=\"http://www.microsoft.com/2005/08/Windows/Reliability/RestartManager/\"><RmSessionId>0</RmSessionId>\n<n"}
{"file": "files\\Windows\\System32\\winevt\\Logs\\Application.evtx", "record_num": 119, "timestamp": "2025-09-14T00:24:10.768450", "event_id": null, "xml_snippet": "<Event xmlns=\"http://schemas.microsoft.com/win/2004/08/events/event\"><System><Provider Name=\"Microsoft-Windows-RestartManager\" Guid=\"{0888e5ef-9b98-4695-979d-e92ce4247224}\"></Provider>\n<EventID Qualifiers=\"\">10001</EventID>\n<Version>0</Version>\n<Level>4</Level>\n<Task>0</Task>\n<Opcode>0</Opcode>\n<Keywords>0x8000000000000000</Keywords>\n<TimeCreated SystemTime=\"2025-09-14 00:24:10.768450\"></TimeCreated>\n<EventRecordID>119</EventRecordID>\n<Correlation ActivityID=\"\" RelatedActivityID=\"\"></Correlation>\n<Execution ProcessID=\"5576\" ThreadID=\"3880\"></Execution>\n<Channel>Application</Channel>\n<Computer>Rami</Computer>\n<Security UserID=\"S-1-5-18\"></Security>\n</System>\n<UserData><RmSessionEvent xmlns=\"http://www.microsoft.com/2005/08/Windows/Reliability/RestartManager/\"><RmSessionId>0</RmSessionId>\n<U"}
{"file": "files\\Windows\\System32\\winevt\\Logs\\Application.evtx", "record_num": 120, "timestamp": "2025-09-14T00:24:29.142351", "event_id": null, "xml_snippet": "<Event xmlns=\"http://schemas.microsoft.com/win/2004/08/events/event\"><System><Provider Name=\"Microsoft-Windows-Security-SPP\" Guid=\"{E23B33B0-C8C9-472C-A5F9-F2BDFEA0F156}\" EventSourceName=\"Software Protection Platform Service\"></Provider>\n<EventID Qualifiers=\"49152\">16394</EventID>\n<Version>0</Version>\n<Level>4</Level>\n<Task>0</Task>\n<Opcode>0</Opcode>\n<Keywords>0x0080000000000000</Keywords>\n<TimeCreated SystemTime=\"2025-09-14 00:24:29.142351\"></TimeCreated>\n<EventRecordID>120</EventRecordID>\n<Correlation ActivityID=\"\" RelatedActivityID=\"\"></Correlation>\n<Execution ProcessID=\"1728\" ThreadID=\"0\"></Execution>\n<Channel>Application</Channel>\n<Computer>Rami</Computer>\n<Security UserID=\"\"></Security>\n</System>\n<EventData><Data></Data>\n<Binary></Binary>\n</EventData>\n</Event>\n"}
{"file": "files\\Windows\\System32\\winevt\\Logs\\Application.evtx", "record_num": 121, "timestamp": "2025-09-14T00:24:44.393085", "event_id": null, "xml_snippet": "<Event xmlns=\"http://schemas.microsoft.com/win/2004/08/events/event\"><System><Provider Name=\"Microsoft-Windows-Winlogon\" Guid=\"{DBE9B383-7CF3-4331-91CC-A3CB16A3B538}\" EventSourceName=\"Wlclntfy\"></Provider>\n<EventID Qualifiers=\"32768\">6000</EventID>\n<Version>0</Version>\n<Level>4</Level>\n<Task>0</Task>\n<Opcode>0</Opcode>\n<Keywords>0x0080000000000000</Keywords>\n<TimeCreated SystemTime=\"2025-09-14 00:24:44.393085\"></TimeCreated>\n<EventRecordID>121</EventRecordID>\n<Correlation ActivityID=\"\" RelatedActivityID=\"\"></Correlation>\n<Execution ProcessID=\"736\" ThreadID=\"0\"></Execution>\n<Channel>Application</Channel>\n<Computer>Rami</Computer>\n<Security UserID=\"\"></Security>\n</System>\n<EventData><Data>&lt;string&gt;WSearch&lt;/string&gt;\n</Data>\n<Binary>2QYAAA==</Binary>\n</EventData>\n</Event>\n"}
{"file": "files\\Windows\\System32\\winevt\\Logs\\Application.evtx", "record_num": 122, "timestamp": "2025-09-14T00:24:44.717220", "event_id": null, "xml_snippet": "<Event xmlns=\"http://schemas.microsoft.com/win/2004/08/events/event\"><System><Provider Name=\"Microsoft-Windows-Winlogon\" Guid=\"{DBE9B383-7CF3-4331-91CC-A3CB16A3B538}\" EventSourceName=\"Wlclntfy\"></Provider>\n<EventID Qualifiers=\"32768\">6000</EventID>\n<Version>0</Version>\n<Level>4</Level>\n<Task>0</Task>\n<Opcode>0</Opcode>\n<Keywords>0x0080000000000000</Keywords>\n<TimeCreated SystemTime=\"2025-09-14 00:24:44.717220\"></TimeCreated>\n<EventRecordID>122</EventRecordID>\n<Correlation ActivityID=\"\" RelatedActivityID=\"\"></Correlation>\n<Execution ProcessID=\"736\" ThreadID=\"0\"></Execution>\n<Channel>Application</Channel>\n<Computer>Rami</Computer>\n<Security UserID=\"\"></Security>\n</System>\n<EventData><Data>&lt;string&gt;SessionEnv&lt;/string&gt;\n</Data>\n<Binary>2QYAAA==</Binary>\n</EventData>\n</Event>\n"}
{"file": "files\\Windows\\System32\\winevt\\Logs\\Application.evtx", "record_num": 123, "timestamp": "2025-09-14T00:24:53.519243", "event_id": null, "xml_snippet": "<Event xmlns=\"http://schemas.microsoft.com/win/2004/08/events/event\"><System><Provider Name=\"Microsoft-Windows-RestartManager\" Guid=\"{0888e5ef-9b98-4695-979d-e92ce4247224}\"></Provider>\n<EventID Qualifiers=\"\">10000</EventID>\n<Version>0</Version>\n<Level>4</Level>\n<Task>0</Task>\n<Opcode>0</Opcode>\n<Keywords>0x8000000000000000</Keywords>\n<TimeCreated SystemTime=\"2025-09-14 00:24:53.519243\"></TimeCreated>\n<EventRecordID>123</EventRecordID>\n<Correlation ActivityID=\"\" RelatedActivityID=\"\"></Correlation>\n<Execution ProcessID=\"5576\" ThreadID=\"3624\"></Execution>\n<Channel>Application</Channel>\n<Computer>Rami</Computer>\n<Security UserID=\"S-1-5-18\"></Security>\n</System>\n<UserData><RmSessionEvent xmlns=\"http://www.microsoft.com/2005/08/Windows/Reliability/RestartManager/\"><RmSessionId>0</RmSessionId>\n<U"}
{"file": "files\\Windows\\System32\\winevt\\Logs\\Application.evtx", "record_num": 124, "timestamp": "2025-09-14T00:24:53.598740", "event_id": null, "xml_snippet": "<Event xmlns=\"http://schemas.microsoft.com/win/2004/08/events/event\"><System><Provider Name=\"Microsoft-Windows-RestartManager\" Guid=\"{0888e5ef-9b98-4695-979d-e92ce4247224}\"></Provider>\n<EventID Qualifiers=\"\">10001</EventID>\n<Version>0</Version>\n<Level>4</Level>\n<Task>0</Task>\n<Opcode>0</Opcode>\n<Keywords>0x8000000000000000</Keywords>\n<TimeCreated SystemTime=\"2025-09-14 00:24:53.598740\"></TimeCreated>\n<EventRecordID>124</EventRecordID>\n<Correlation ActivityID=\"\" RelatedActivityID=\"\"></Correlation>\n<Execution ProcessID=\"5576\" ThreadID=\"3624\"></Execution>\n<Channel>Application</Channel>\n<Computer>Rami</Computer>\n<Security UserID=\"S-1-5-18\"></Security>\n</System>\n<UserData><RmSessionEvent xmlns=\"http://www.microsoft.com/2005/08/Windows/Reliability/RestartManager/\"><RmSessionId>0</RmSessionId>\n<U"}
{"file": "files\\Windows\\System32\\winevt\\Logs\\Application.evtx", "record_num": 125, "timestamp": "2025-09-14T00:25:07.307522", "event_id": null, "xml_snippet": "<Event xmlns=\"http://schemas.microsoft.com/win/2004/08/events/event\"><System><Provider Name=\"Microsoft-Windows-User Profiles Service\" Guid=\"{89b1e9f0-5aff-44a6-9b44-0a07a7ce5845}\"></Provider>\n<EventID Qualifiers=\"\">1532</EventID>\n<Version>0</Version>\n<Level>4</Level>\n<Task>0</Task>\n<Opcode>0</Opcode>\n<Keywords>0x8000000000000000</Keywords>\n<TimeCreated SystemTime=\"2025-09-14 00:25:07.307522\"></TimeCreated>\n<EventRecordID>125</EventRecordID>\n<Correlation ActivityID=\"\" RelatedActivityID=\"\"></Correlation>\n<Execution ProcessID=\"1568\" ThreadID=\"1704\"></Execution>\n<Channel>Application</Channel>\n<Computer>Rami</Computer>\n<Security UserID=\"S-1-5-18\"></Security>\n</System>\n<EventData></EventData>\n</Event>\n"}
{"file": "files\\Windows\\System32\\winevt\\Logs\\Application.evtx", "record_num": 126, "timestamp": "2025-09-14T00:25:56.657070", "event_id": null, "xml_snippet": "<Event xmlns=\"http://schemas.microsoft.com/win/2004/08/events/event\"><System><Provider Name=\"Microsoft-Windows-User Profiles Service\" Guid=\"{89b1e9f0-5aff-44a6-9b44-0a07a7ce5845}\"></Provider>\n<EventID Qualifiers=\"\">1531</EventID>\n<Version>0</Version>\n<Level>4</Level>\n<Task>0</Task>\n<Opcode>0</Opcode>\n<Keywords>0x8000000000000000</Keywords>\n<TimeCreated SystemTime=\"2025-09-14 00:25:56.657070\"></TimeCreated>\n<EventRecordID>126</EventRecordID>\n<Correlation ActivityID=\"\" RelatedActivityID=\"\"></Correlation>\n<Execution ProcessID=\"1604\" ThreadID=\"1696\"></Execution>\n<Channel>Application</Channel>\n<Computer>Rami</Computer>\n<Security UserID=\"S-1-5-18\"></Security>\n</System>\n<EventData></EventData>\n</Event>\n"}
{"file": "files\\Windows\\System32\\winevt\\Logs\\Application.evtx", "record_num": 127, "timestamp": "2025-09-14T00:26:05.473431", "event_id": null, "xml_snippet": "<Event xmlns=\"http://schemas.microsoft.com/win/2004/08/events/event\"><System><Provider Name=\"Microsoft-Windows-WMI\" Guid=\"{1edeee53-0afe-4609-b846-d8c0b2075b1f}\"></Provider>\n<EventID Qualifiers=\"\">5615</EventID>\n<Version>2</Version>\n<Level>4</Level>\n<Task>0</Task>\n<Opcode>0</Opcode>\n<Keywords>0x8000000000000000</Keywords>\n<TimeCreated SystemTime=\"2025-09-14 00:26:05.473431\"></TimeCreated>\n<EventRecordID>127</EventRecordID>\n<Correlation ActivityID=\"\" RelatedActivityID=\"\"></Correlation>\n<Execution ProcessID=\"3124\" ThreadID=\"3268\"></Execution>\n<Channel>Application</Channel>\n<Computer>Rami</Computer>\n<Security UserID=\"S-1-5-18\"></Security>\n</System>\n<EventData></EventData>\n</Event>\n"}
{"file": "files\\Windows\\System32\\winevt\\Logs\\Application.evtx", "record_num": 128, "timestamp": "2025-09-14T00:26:20.085775", "event_id": null, "xml_snippet": "<Event xmlns=\"http://schemas.microsoft.com/win/2004/08/events/event\"><System><Provider Name=\"Microsoft-Windows-Winlogon\" Guid=\"{DBE9B383-7CF3-4331-91CC-A3CB16A3B538}\" EventSourceName=\"Wlclntfy\"></Provider>\n<EventID Qualifiers=\"32768\">6003</EventID>\n<Version>0</Version>\n<Level>4</Level>\n<Task>0</Task>\n<Opcode>0</Opcode>\n<Keywords>0x0080000000000000</Keywords>\n<TimeCreated SystemTime=\"2025-09-14 00:26:20.085775\"></TimeCreated>\n<EventRecordID>128</EventRecordID>\n<Correlation ActivityID=\"\" RelatedActivityID=\"\"></Correlation>\n<Execution ProcessID=\"724\" ThreadID=\"0\"></Execution>\n<Channel>Application</Channel>\n<Computer>Rami</Computer>\n<Security UserID=\"\"></Security>\n</System>\n<EventData><Data>&lt;string&gt;SessionEnv&lt;/string&gt;\n</Data>\n<Binary>2QYAAA==</Binary>\n</EventData>\n</Event>\n"}
{"file": "files\\Windows\\System32\\winevt\\Logs\\Application.evtx", "record_num": 129, "timestamp": "2025-09-14T00:26:19.279222", "event_id": null, "xml_snippet": "<Event xmlns=\"http://schemas.microsoft.com/win/2004/08/events/event\"><System><Provider Name=\"Windows Error Reporting\" Guid=\"{0ead09bd-2157-539a-8d6d-c87f95b64d70}\"></Provider>\n<EventID Qualifiers=\"\">1001</EventID>\n<Version>0</Version>\n<Level>4</Level>\n<Task>0</Task>\n<Opcode>0</Opcode>\n<Keywords>0x8000000000000000</Keywords>\n<TimeCreated SystemTime=\"2025-09-14 00:26:19.279222\"></TimeCreated>\n<EventRecordID>129</EventRecordID>\n<Correlation ActivityID=\"\" RelatedActivityID=\"\"></Correlation>\n<Execution ProcessID=\"3800\" ThreadID=\"3804\"></Execution>\n<Channel>Application</Channel>\n<Computer>Rami</Computer>\n<Security UserID=\"S-1-5-18\"></Security>\n</System>\n<EventData><Data Name=\"Bucket\"></Data>\n<Data Name=\"BucketType\">0</Data>\n<Data Name=\"EventName\">crashpad_log</Data>\n<Data Name=\"Response\">Not ava"}
{"file": "files\\Windows\\System32\\winevt\\Logs\\Application.evtx", "record_num": 130, "timestamp": "2025-09-14T00:26:20.710592", "event_id": null, "xml_snippet": "<Event xmlns=\"http://schemas.microsoft.com/win/2004/08/events/event\"><System><Provider Name=\"Microsoft-Windows-Winlogon\" Guid=\"{DBE9B383-7CF3-4331-91CC-A3CB16A3B538}\" EventSourceName=\"Wlclntfy\"></Provider>\n<EventID Qualifiers=\"32768\">6000</EventID>\n<Version>0</Version>\n<Level>4</Level>\n<Task>0</Task>\n<Opcode>0</Opcode>\n<Keywords>0x0080000000000000</Keywords>\n<TimeCreated SystemTime=\"2025-09-14 00:26:20.710592\"></TimeCreated>\n<EventRecordID>130</EventRecordID>\n<Correlation ActivityID=\"\" RelatedActivityID=\"\"></Correlation>\n<Execution ProcessID=\"724\" ThreadID=\"0\"></Execution>\n<Channel>Application</Channel>\n<Computer>Rami</Computer>\n<Security UserID=\"\"></Security>\n</System>\n<EventData><Data>&lt;string&gt;SessionEnv&lt;/string&gt;\n</Data>\n<Binary>2QYAAA==</Binary>\n</EventData>\n</Event>\n"}
{"file": "files\\Windows\\System32\\winevt\\Logs\\Application.evtx", "record_num": 131, "timestamp": "2025-09-14T00:26:30.813965", "event_id": null, "xml_snippet": "<Event xmlns=\"http://schemas.microsoft.com/win/2004/08/events/event\"><System><Provider Name=\"edgeupdate\"></Provider>\n<EventID Qualifiers=\"0\">0</EventID>\n<Version>0</Version>\n<Level>4</Level>\n<Task>0</Task>\n<Opcode>0</Opcode>\n<Keywords>0x0080000000000000</Keywords>\n<TimeCreated SystemTime=\"2025-09-14 00:26:30.813965\"></TimeCreated>\n<EventRecordID>131</EventRecordID>\n<Correlation ActivityID=\"\" RelatedActivityID=\"\"></Correlation>\n<Execution ProcessID=\"4324\" ThreadID=\"0\"></Execution>\n<Channel>Application</Channel>\n<Computer>Rami</Computer>\n<Security UserID=\"\"></Security>\n</System>\n<EventData><Data>&lt;string&gt;Service stopped&lt;/string&gt;\n</Data>\n<Binary></Binary>\n</EventData>\n</Event>\n"}
{"file": "files\\Windows\\System32\\winevt\\Logs\\Application.evtx", "record_num": 132, "timestamp": "2025-09-14T00:26:40.961466", "event_id": null, "xml_snippet": "<Event xmlns=\"http://schemas.microsoft.com/win/2004/08/events/event\"><System><Provider Name=\"Microsoft-Windows-Search\" Guid=\"{CA4E628D-8567-4896-AB6B-835B221F373F}\" EventSourceName=\"Windows Search Service\"></Provider>\n<EventID Qualifiers=\"16384\">1003</EventID>\n<Version>0</Version>\n<Level>4</Level>\n<Task>1</Task>\n<Opcode>0</Opcode>\n<Keywords>0x0080000000000000</Keywords>\n<TimeCreated SystemTime=\"2025-09-14 00:26:40.961466\"></TimeCreated>\n<EventRecordID>132</EventRecordID>\n<Correlation ActivityID=\"\" RelatedActivityID=\"\"></Correlation>\n<Execution ProcessID=\"5472\" ThreadID=\"0\"></Execution>\n<Channel>Application</Channel>\n<Computer>Rami</Computer>\n<Security UserID=\"\"></Security>\n</System>\n<EventData><Data Name=\"ExtraInfo\">\n</Data>\n</EventData>\n</Event>\n"}
{"file": "files\\Windows\\System32\\winevt\\Logs\\Application.evtx", "record_num": 133, "timestamp": "2025-09-14T00:27:06.918774", "event_id": null, "xml_snippet": "<Event xmlns=\"http://schemas.microsoft.com/win/2004/08/events/event\"><System><Provider Name=\"Microsoft-Windows-WMI\" Guid=\"{1edeee53-0afe-4609-b846-d8c0b2075b1f}\"></Provider>\n<EventID Qualifiers=\"\">5617</EventID>\n<Version>2</Version>\n<Level>4</Level>\n<Task>0</Task>\n<Opcode>0</Opcode>\n<Keywords>0x8000000000000000</Keywords>\n<TimeCreated SystemTime=\"2025-09-14 00:27:06.918774\"></TimeCreated>\n<EventRecordID>133</EventRecordID>\n<Correlation ActivityID=\"\" RelatedActivityID=\"\"></Correlation>\n<Execution ProcessID=\"3124\" ThreadID=\"3268\"></Execution>\n<Channel>Application</Channel>\n<Computer>Rami</Computer>\n<Security UserID=\"S-1-5-18\"></Security>\n</System>\n<EventData></EventData>\n</Event>\n"}
{"file": "files\\Windows\\System32\\winevt\\Logs\\Application.evtx", "record_num": 134, "timestamp": "2025-09-14T00:27:11.791014", "event_id": null, "xml_snippet": "<Event xmlns=\"http://schemas.microsoft.com/win/2004/08/events/event\"><System><Provider Name=\"Microsoft-Windows-Winlogon\" Guid=\"{DBE9B383-7CF3-4331-91CC-A3CB16A3B538}\" EventSourceName=\"Wlclntfy\"></Provider>\n<EventID Qualifiers=\"32768\">6000</EventID>\n<Version>0</Version>\n<Level>4</Level>\n<Task>0</Task>\n<Opcode>0</Opcode>\n<Keywords>0x0080000000000000</Keywords>\n<TimeCreated SystemTime=\"2025-09-14 00:27:11.791014\"></TimeCreated>\n<EventRecordID>134</EventRecordID>\n<Correlation ActivityID=\"\" RelatedActivityID=\"\"></Correlation>\n<Execution ProcessID=\"724\" ThreadID=\"0\"></Execution>\n<Channel>Application</Channel>\n<Computer>Rami</Computer>\n<Security UserID=\"\"></Security>\n</System>\n<EventData><Data>&lt;string&gt;WSearch&lt;/string&gt;\n</Data>\n<Binary>2QYAAA==</Binary>\n</EventData>\n</Event>\n"}
{"file": "files\\Windows\\System32\\winevt\\Logs\\Application.evtx", "record_num": 135, "timestamp": "2025-09-14T00:27:12.019156", "event_id": null, "xml_snippet": "<Event xmlns=\"http://schemas.microsoft.com/win/2004/08/events/event\"><System><Provider Name=\"Microsoft-Windows-Winlogon\" Guid=\"{DBE9B383-7CF3-4331-91CC-A3CB16A3B538}\" EventSourceName=\"Wlclntfy\"></Provider>\n<EventID Qualifiers=\"32768\">6000</EventID>\n<Version>0</Version>\n<Level>4</Level>\n<Task>0</Task>\n<Opcode>0</Opcode>\n<Keywords>0x0080000000000000</Keywords>\n<TimeCreated SystemTime=\"2025-09-14 00:27:12.019156\"></TimeCreated>\n<EventRecordID>135</EventRecordID>\n<Correlation ActivityID=\"\" RelatedActivityID=\"\"></Correlation>\n<Execution ProcessID=\"724\" ThreadID=\"0\"></Execution>\n<Channel>Application</Channel>\n<Computer>Rami</Computer>\n<Security UserID=\"\"></Security>\n</System>\n<EventData><Data>&lt;string&gt;SessionEnv&lt;/string&gt;\n</Data>\n<Binary>2QYAAA==</Binary>\n</EventData>\n</Event>\n"}
{"file": "files\\Windows\\System32\\winevt\\Logs\\Application.evtx", "record_num": 136, "timestamp": "2025-09-14T00:27:13.316811", "event_id": null, "xml_snippet": "<Event xmlns=\"http://schemas.microsoft.com/win/2004/08/events/event\"><System><Provider Name=\"Microsoft-Windows-User Profiles Service\" Guid=\"{89b1e9f0-5aff-44a6-9b44-0a07a7ce5845}\"></Provider>\n<EventID Qualifiers=\"\">1532</EventID>\n<Version>0</Version>\n<Level>4</Level>\n<Task>0</Task>\n<Opcode>0</Opcode>\n<Keywords>0x8000000000000000</Keywords>\n<TimeCreated SystemTime=\"2025-09-14 00:27:13.316811\"></TimeCreated>\n<EventRecordID>136</EventRecordID>\n<Correlation ActivityID=\"\" RelatedActivityID=\"\"></Correlation>\n<Execution ProcessID=\"1604\" ThreadID=\"1696\"></Execution>\n<Channel>Application</Channel>\n<Computer>Rami</Computer>\n<Security UserID=\"S-1-5-18\"></Security>\n</System>\n<EventData></EventData>\n</Event>\n"}
{"file": "files\\Windows\\System32\\winevt\\Logs\\Application.evtx", "record_num": 137, "timestamp": "2025-09-14T00:28:02.129261", "event_id": null, "xml_snippet": "<Event xmlns=\"http://schemas.microsoft.com/win/2004/08/events/event\"><System><Provider Name=\"Microsoft-Windows-User Profiles Service\" Guid=\"{89b1e9f0-5aff-44a6-9b44-0a07a7ce5845}\"></Provider>\n<EventID Qualifiers=\"\">1531</EventID>\n<Version>0</Version>\n<Level>4</Level>\n<Task>0</Task>\n<Opcode>0</Opcode>\n<Keywords>0x8000000000000000</Keywords>\n<TimeCreated SystemTime=\"2025-09-14 00:28:02.129261\"></TimeCreated>\n<EventRecordID>137</EventRecordID>\n<Correlation ActivityID=\"\" RelatedActivityID=\"\"></Correlation>\n<Execution ProcessID=\"1548\" ThreadID=\"1676\"></Execution>\n<Channel>Application</Channel>\n<Computer>Rami</Computer>\n<Security UserID=\"S-1-5-18\"></Security>\n</System>\n<EventData></EventData>\n</Event>\n"}
{"file": "files\\Windows\\System32\\winevt\\Logs\\Application.evtx", "record_num": 138, "timestamp": "2025-09-14T00:28:09.664188", "event_id": null, "xml_snippet": "<Event xmlns=\"http://schemas.microsoft.com/win/2004/08/events/event\"><System><Provider Name=\"Microsoft-Windows-Winlogon\" Guid=\"{DBE9B383-7CF3-4331-91CC-A3CB16A3B538}\" EventSourceName=\"Wlclntfy\"></Provider>\n<EventID Qualifiers=\"32768\">6003</EventID>\n<Version>0</Version>\n<Level>4</Level>\n<Task>0</Task>\n<Opcode>0</Opcode>\n<Keywords>0x0080000000000000</Keywords>\n<TimeCreated SystemTime=\"2025-09-14 00:28:09.664188\"></TimeCreated>\n<EventRecordID>138</EventRecordID>\n<Correlation ActivityID=\"\" RelatedActivityID=\"\"></Correlation>\n<Execution ProcessID=\"736\" ThreadID=\"0\"></Execution>\n<Channel>Application</Channel>\n<Computer>Rami</Computer>\n<Security UserID=\"\"></Security>\n</System>\n<EventData><Data>&lt;string&gt;SessionEnv&lt;/string&gt;\n</Data>\n<Binary>2QYAAA==</Binary>\n</EventData>\n</Event>\n"}
{"file": "files\\Windows\\System32\\winevt\\Logs\\Application.evtx", "record_num": 139, "timestamp": "2025-09-14T00:28:11.093834", "event_id": null, "xml_snippet": "<Event xmlns=\"http://schemas.microsoft.com/win/2004/08/events/event\"><System><Provider Name=\"Microsoft-Windows-Winlogon\" Guid=\"{DBE9B383-7CF3-4331-91CC-A3CB16A3B538}\" EventSourceName=\"Wlclntfy\"></Provider>\n<EventID Qualifiers=\"32768\">6000</EventID>\n<Version>0</Version>\n<Level>4</Level>\n<Task>0</Task>\n<Opcode>0</Opcode>\n<Keywords>0x0080000000000000</Keywords>\n<TimeCreated SystemTime=\"2025-09-14 00:28:11.093834\"></TimeCreated>\n<EventRecordID>139</EventRecordID>\n<Correlation ActivityID=\"\" RelatedActivityID=\"\"></Correlation>\n<Execution ProcessID=\"736\" ThreadID=\"0\"></Execution>\n<Channel>Application</Channel>\n<Computer>Rami</Computer>\n<Security UserID=\"\"></Security>\n</System>\n<EventData><Data>&lt;string&gt;SessionEnv&lt;/string&gt;\n</Data>\n<Binary>2QYAAA==</Binary>\n</EventData>\n</Event>\n"}
{"file": "files\\Windows\\System32\\winevt\\Logs\\Application.evtx", "record_num": 140, "timestamp": "2025-09-14T00:28:11.215717", "event_id": null, "xml_snippet": "<Event xmlns=\"http://schemas.microsoft.com/win/2004/08/events/event\"><System><Provider Name=\"Microsoft-Windows-WMI\" Guid=\"{1edeee53-0afe-4609-b846-d8c0b2075b1f}\"></Provider>\n<EventID Qualifiers=\"\">5615</EventID>\n<Version>2</Version>\n<Level>4</Level>\n<Task>0</Task>\n<Opcode>0</Opcode>\n<Keywords>0x8000000000000000</Keywords>\n<TimeCreated SystemTime=\"2025-09-14 00:28:11.215717\"></TimeCreated>\n<EventRecordID>140</EventRecordID>\n<Correlation ActivityID=\"\" RelatedActivityID=\"\"></Correlation>\n<Execution ProcessID=\"3108\" ThreadID=\"3284\"></Execution>\n<Channel>Application</Channel>\n<Computer>Rami</Computer>\n<Security UserID=\"S-1-5-18\"></Security>\n</System>\n<EventData></EventData>\n</Event>\n"}
{"file": "files\\Windows\\System32\\winevt\\Logs\\Application.evtx", "record_num": 141, "timestamp": "2025-09-14T00:28:20.281149", "event_id": null, "xml_snippet": "<Event xmlns=\"http://schemas.microsoft.com/win/2004/08/events/event\"><System><Provider Name=\"edgeupdate\"></Provider>\n<EventID Qualifiers=\"0\">0</EventID>\n<Version>0</Version>\n<Level>4</Level>\n<Task>0</Task>\n<Opcode>0</Opcode>\n<Keywords>0x0080000000000000</Keywords>\n<TimeCreated SystemTime=\"2025-09-14 00:28:20.281149\"></TimeCreated>\n<EventRecordID>141</EventRecordID>\n<Correlation ActivityID=\"\" RelatedActivityID=\"\"></Correlation>\n<Execution ProcessID=\"3232\" ThreadID=\"0\"></Execution>\n<Channel>Application</Channel>\n<Computer>Rami</Computer>\n<Security UserID=\"\"></Security>\n</System>\n<EventData><Data>&lt;string&gt;Service stopped&lt;/string&gt;\n</Data>\n<Binary></Binary>\n</EventData>\n</Event>\n"}
{"file": "files\\Windows\\System32\\winevt\\Logs\\Application.evtx", "record_num": 142, "timestamp": "2025-09-14T00:28:36.465780", "event_id": null, "xml_snippet": "<Event xmlns=\"http://schemas.microsoft.com/win/2004/08/events/event\"><System><Provider Name=\"Windows Error Reporting\" Guid=\"{0ead09bd-2157-539a-8d6d-c87f95b64d70}\"></Provider>\n<EventID Qualifiers=\"\">1001</EventID>\n<Version>0</Version>\n<Level>4</Level>\n<Task>0</Task>\n<Opcode>0</Opcode>\n<Keywords>0x8000000000000000</Keywords>\n<TimeCreated SystemTime=\"2025-09-14 00:28:36.465780\"></TimeCreated>\n<EventRecordID>142</EventRecordID>\n<Correlation ActivityID=\"\" RelatedActivityID=\"\"></Correlation>\n<Execution ProcessID=\"4452\" ThreadID=\"4456\"></Execution>\n<Channel>Application</Channel>\n<Computer>Rami</Computer>\n<Security UserID=\"S-1-5-18\"></Security>\n</System>\n<EventData><Data Name=\"Bucket\"></Data>\n<Data Name=\"BucketType\">0</Data>\n<Data Name=\"EventName\">crashpad_log</Data>\n<Data Name=\"Response\">Not ava"}
{"file": "files\\Windows\\System32\\winevt\\Logs\\Application.evtx", "record_num": 143, "timestamp": "2025-09-14T00:28:37.245632", "event_id": null, "xml_snippet": "<Event xmlns=\"http://schemas.microsoft.com/win/2004/08/events/event\"><System><Provider Name=\"Microsoft-Windows-Search\" Guid=\"{CA4E628D-8567-4896-AB6B-835B221F373F}\" EventSourceName=\"Windows Search Service\"></Provider>\n<EventID Qualifiers=\"16384\">1003</EventID>\n<Version>0</Version>\n<Level>4</Level>\n<Task>1</Task>\n<Opcode>0</Opcode>\n<Keywords>0x0080000000000000</Keywords>\n<TimeCreated SystemTime=\"2025-09-14 00:28:37.245632\"></TimeCreated>\n<EventRecordID>143</EventRecordID>\n<Correlation ActivityID=\"\" RelatedActivityID=\"\"></Correlation>\n<Execution ProcessID=\"5368\" ThreadID=\"0\"></Execution>\n<Channel>Application</Channel>\n<Computer>Rami</Computer>\n<Security UserID=\"\"></Security>\n</System>\n<EventData><Data Name=\"ExtraInfo\">\n</Data>\n</EventData>\n</Event>\n"}
{"file": "files\\Windows\\System32\\winevt\\Logs\\Application.evtx", "record_num": 144, "timestamp": "2025-09-14T00:28:50.194414", "event_id": null, "xml_snippet": "<Event xmlns=\"http://schemas.microsoft.com/win/2004/08/events/event\"><System><Provider Name=\"Microsoft-Windows-Security-SPP\" Guid=\"{E23B33B0-C8C9-472C-A5F9-F2BDFEA0F156}\" EventSourceName=\"Software Protection Platform Service\"></Provider>\n<EventID Qualifiers=\"16384\">900</EventID>\n<Version>0</Version>\n<Level>4</Level>\n<Task>0</Task>\n<Opcode>0</Opcode>\n<Keywords>0x0080000000000000</Keywords>\n<TimeCreated SystemTime=\"2025-09-14 00:28:50.194414\"></TimeCreated>\n<EventRecordID>144</EventRecordID>\n<Correlation ActivityID=\"\" RelatedActivityID=\"\"></Correlation>\n<Execution ProcessID=\"6128\" ThreadID=\"0\"></Execution>\n<Channel>Application</Channel>\n<Computer>Rami</Computer>\n<Security UserID=\"\"></Security>\n</System>\n<EventData><Data>&lt;string&gt;TriggerStarted:6&lt;/string&gt;\n</Data>\n<Binary></Binary>\n"}
{"file": "files\\Windows\\System32\\winevt\\Logs\\Application.evtx", "record_num": 145, "timestamp": "2025-09-14T00:28:50.484974", "event_id": null, "xml_snippet": "<Event xmlns=\"http://schemas.microsoft.com/win/2004/08/events/event\"><System><Provider Name=\"Microsoft-Windows-Security-SPP\" Guid=\"{E23B33B0-C8C9-472C-A5F9-F2BDFEA0F156}\" EventSourceName=\"Software Protection Platform Service\"></Provider>\n<EventID Qualifiers=\"49152\">16394</EventID>\n<Version>0</Version>\n<Level>4</Level>\n<Task>0</Task>\n<Opcode>0</Opcode>\n<Keywords>0x0080000000000000</Keywords>\n<TimeCreated SystemTime=\"2025-09-14 00:28:50.484974\"></TimeCreated>\n<EventRecordID>145</EventRecordID>\n<Correlation ActivityID=\"\" RelatedActivityID=\"\"></Correlation>\n<Execution ProcessID=\"6128\" ThreadID=\"0\"></Execution>\n<Channel>Application</Channel>\n<Computer>Rami</Computer>\n<Security UserID=\"\"></Security>\n</System>\n<EventData><Data></Data>\n<Binary></Binary>\n</EventData>\n</Event>\n"}
{"file": "files\\Windows\\System32\\winevt\\Logs\\Application.evtx", "record_num": 146, "timestamp": "2025-09-14T00:28:50.801682", "event_id": null, "xml_snippet": "<Event xmlns=\"http://schemas.microsoft.com/win/2004/08/events/event\"><System><Provider Name=\"Microsoft-Windows-Security-SPP\" Guid=\"{E23B33B0-C8C9-472C-A5F9-F2BDFEA0F156}\" EventSourceName=\"Software Protection Platform Service\"></Provider>\n<EventID Qualifiers=\"16384\">1066</EventID>\n<Version>0</Version>\n<Level>4</Level>\n<Task>0</Task>\n<Opcode>0</Opcode>\n<Keywords>0x0080000000000000</Keywords>\n<TimeCreated SystemTime=\"2025-09-14 00:28:50.801682\"></TimeCreated>\n<EventRecordID>146</EventRecordID>\n<Correlation ActivityID=\"\" RelatedActivityID=\"\"></Correlation>\n<Execution ProcessID=\"6128\" ThreadID=\"0\"></Execution>\n<Channel>Application</Channel>\n<Computer>Rami</Computer>\n<Security UserID=\"\"></Security>\n</System>\n<EventData><Data>&lt;string&gt;C:\\WINDOWS\\system32\\sppwinob.dll, msft:spp/windowsfunctio"}
{"file": "files\\Windows\\System32\\winevt\\Logs\\Application.evtx", "record_num": 147, "timestamp": "2025-09-14T00:28:51.809080", "event_id": null, "xml_snippet": "<Event xmlns=\"http://schemas.microsoft.com/win/2004/08/events/event\"><System><Provider Name=\"Microsoft-Windows-Security-SPP\" Guid=\"{E23B33B0-C8C9-472C-A5F9-F2BDFEA0F156}\" EventSourceName=\"Software Protection Platform Service\"></Provider>\n<EventID Qualifiers=\"16384\">1034</EventID>\n<Version>0</Version>\n<Level>4</Level>\n<Task>0</Task>\n<Opcode>0</Opcode>\n<Keywords>0x0080000000000000</Keywords>\n<TimeCreated SystemTime=\"2025-09-14 00:28:51.809080\"></TimeCreated>\n<EventRecordID>147</EventRecordID>\n<Correlation ActivityID=\"\" RelatedActivityID=\"\"></Correlation>\n<Execution ProcessID=\"6128\" ThreadID=\"0\"></Execution>\n<Channel>Application</Channel>\n<Computer>Rami</Computer>\n<Security UserID=\"\"></Security>\n</System>\n<EventData><Data>&lt;string&gt;AAD-AddDeviceJoinUserToAdminGroup-Policy&lt;/string&gt;\n&"}
{"file": "files\\Windows\\System32\\winevt\\Logs\\Application.evtx", "record_num": 148, "timestamp": "2025-09-14T00:28:51.828316", "event_id": null, "xml_snippet": "<Event xmlns=\"http://schemas.microsoft.com/win/2004/08/events/event\"><System><Provider Name=\"Microsoft-Windows-Security-SPP\" Guid=\"{E23B33B0-C8C9-472C-A5F9-F2BDFEA0F156}\" EventSourceName=\"Software Protection Platform Service\"></Provider>\n<EventID Qualifiers=\"16384\">1034</EventID>\n<Version>0</Version>\n<Level>4</Level>\n<Task>0</Task>\n<Opcode>0</Opcode>\n<Keywords>0x0080000000000000</Keywords>\n<TimeCreated SystemTime=\"2025-09-14 00:28:51.828316\"></TimeCreated>\n<EventRecordID>148</EventRecordID>\n<Correlation ActivityID=\"\" RelatedActivityID=\"\"></Correlation>\n<Execution ProcessID=\"6128\" ThreadID=\"0\"></Execution>\n<Channel>Application</Channel>\n<Computer>Rami</Computer>\n<Security UserID=\"\"></Security>\n</System>\n<EventData><Data>&lt;string&gt;Security-SPP-WriteWauMarker&lt;/string&gt;\n&lt;string&gt;"}
{"file": "files\\Windows\\System32\\winevt\\Logs\\Application.evtx", "record_num": 149, "timestamp": "2025-09-14T00:28:51.900696", "event_id": null, "xml_snippet": "<Event xmlns=\"http://schemas.microsoft.com/win/2004/08/events/event\"><System><Provider Name=\"Microsoft-Windows-Security-SPP\" Guid=\"{E23B33B0-C8C9-472C-A5F9-F2BDFEA0F156}\" EventSourceName=\"Software Protection Platform Service\"></Provider>\n<EventID Qualifiers=\"16384\">1003</EventID>\n<Version>0</Version>\n<Level>4</Level>\n<Task>0</Task>\n<Opcode>0</Opcode>\n<Keywords>0x0080000000000000</Keywords>\n<TimeCreated SystemTime=\"2025-09-14 00:28:51.900696\"></TimeCreated>\n<EventRecordID>149</EventRecordID>\n<Correlation ActivityID=\"\" RelatedActivityID=\"\"></Correlation>\n<Execution ProcessID=\"6128\" ThreadID=\"0\"></Execution>\n<Channel>Application</Channel>\n<Computer>Rami</Computer>\n<Security UserID=\"\"></Security>\n</System>\n<EventData><Data>&lt;string&gt;55c92734-d682-4d71-983e-d6ec3f16059f&lt;/string&gt;\n&lt;s"}
{"file": "files\\Windows\\System32\\winevt\\Logs\\Application.evtx", "record_num": 150, "timestamp": "2025-09-14T00:28:52.190804", "event_id": null, "xml_snippet": "<Event xmlns=\"http://schemas.microsoft.com/win/2004/08/events/event\"><System><Provider Name=\"Microsoft-Windows-Security-SPP\" Guid=\"{E23B33B0-C8C9-472C-A5F9-F2BDFEA0F156}\" EventSourceName=\"Software Protection Platform Service\"></Provider>\n<EventID Qualifiers=\"16384\">902</EventID>\n<Version>0</Version>\n<Level>0</Level>\n<Task>0</Task>\n<Opcode>0</Opcode>\n<Keywords>0x0080000000000000</Keywords>\n<TimeCreated SystemTime=\"2025-09-14 00:28:52.190804\"></TimeCreated>\n<EventRecordID>150</EventRecordID>\n<Correlation ActivityID=\"\" RelatedActivityID=\"\"></Correlation>\n<Execution ProcessID=\"6128\" ThreadID=\"0\"></Execution>\n<Channel>Application</Channel>\n<Computer>Rami</Computer>\n<Security UserID=\"\"></Security>\n</System>\n<EventData><Data>&lt;string&gt;10.0.26100.1742&lt;/string&gt;\n</Data>\n<Binary></Binary>\n<"}
{"file": "files\\Windows\\System32\\winevt\\Logs\\Application.evtx", "record_num": 151, "timestamp": "2025-09-14T00:28:53.127449", "event_id": null, "xml_snippet": "<Event xmlns=\"http://schemas.microsoft.com/win/2004/08/events/event\"><System><Provider Name=\"Microsoft-Windows-WMI\" Guid=\"{1edeee53-0afe-4609-b846-d8c0b2075b1f}\"></Provider>\n<EventID Qualifiers=\"\">5617</EventID>\n<Version>2</Version>\n<Level>4</Level>\n<Task>0</Task>\n<Opcode>0</Opcode>\n<Keywords>0x8000000000000000</Keywords>\n<TimeCreated SystemTime=\"2025-09-14 00:28:53.127449\"></TimeCreated>\n<EventRecordID>151</EventRecordID>\n<Correlation ActivityID=\"\" RelatedActivityID=\"\"></Correlation>\n<Execution ProcessID=\"3108\" ThreadID=\"3484\"></Execution>\n<Channel>Application</Channel>\n<Computer>Rami</Computer>\n<Security UserID=\"S-1-5-18\"></Security>\n</System>\n<EventData></EventData>\n</Event>\n"}
{"file": "files\\Windows\\System32\\winevt\\Logs\\Application.evtx", "record_num": 152, "timestamp": "2025-09-14T00:29:24.794529", "event_id": null, "xml_snippet": "<Event xmlns=\"http://schemas.microsoft.com/win/2004/08/events/event\"><System><Provider Name=\"Microsoft-Windows-Security-SPP\" Guid=\"{E23B33B0-C8C9-472C-A5F9-F2BDFEA0F156}\" EventSourceName=\"Software Protection Platform Service\"></Provider>\n<EventID Qualifiers=\"16384\">16384</EventID>\n<Version>0</Version>\n<Level>4</Level>\n<Task>0</Task>\n<Opcode>0</Opcode>\n<Keywords>0x0080000000000000</Keywords>\n<TimeCreated SystemTime=\"2025-09-14 00:29:24.794529\"></TimeCreated>\n<EventRecordID>152</EventRecordID>\n<Correlation ActivityID=\"\" RelatedActivityID=\"\"></Correlation>\n<Execution ProcessID=\"6128\" ThreadID=\"0\"></Execution>\n<Channel>Application</Channel>\n<Computer>Rami</Computer>\n<Security UserID=\"\"></Security>\n</System>\n<EventData><Data>&lt;string&gt;2025-09-15T00:18:23Z&lt;/string&gt;\n&lt;string&gt;RulesE"}
{"file": "files\\Windows\\System32\\winevt\\Logs\\Application.evtx", "record_num": 153, "timestamp": "2025-09-14T00:29:24.978947", "event_id": null, "xml_snippet": "<Event xmlns=\"http://schemas.microsoft.com/win/2004/08/events/event\"><System><Provider Name=\"Microsoft-Windows-Security-SPP\" Guid=\"{E23B33B0-C8C9-472C-A5F9-F2BDFEA0F156}\" EventSourceName=\"Software Protection Platform Service\"></Provider>\n<EventID Qualifiers=\"16384\">903</EventID>\n<Version>0</Version>\n<Level>0</Level>\n<Task>0</Task>\n<Opcode>0</Opcode>\n<Keywords>0x0080000000000000</Keywords>\n<TimeCreated SystemTime=\"2025-09-14 00:29:24.978947\"></TimeCreated>\n<EventRecordID>153</EventRecordID>\n<Correlation ActivityID=\"\" RelatedActivityID=\"\"></Correlation>\n<Execution ProcessID=\"6128\" ThreadID=\"0\"></Execution>\n<Channel>Application</Channel>\n<Computer>Rami</Computer>\n<Security UserID=\"\"></Security>\n</System>\n<EventData><Data></Data>\n<Binary></Binary>\n</EventData>\n</Event>\n"}
{"file": "files\\Windows\\System32\\winevt\\Logs\\Application.evtx", "record_num": 154, "timestamp": "2025-09-14T00:29:27.163546", "event_id": null, "xml_snippet": "<Event xmlns=\"http://schemas.microsoft.com/win/2004/08/events/event\"><System><Provider Name=\"edgeupdate\"></Provider>\n<EventID Qualifiers=\"0\">0</EventID>\n<Version>0</Version>\n<Level>4</Level>\n<Task>0</Task>\n<Opcode>0</Opcode>\n<Keywords>0x0080000000000000</Keywords>\n<TimeCreated SystemTime=\"2025-09-14 00:29:27.163546\"></TimeCreated>\n<EventRecordID>154</EventRecordID>\n<Correlation ActivityID=\"\" RelatedActivityID=\"\"></Correlation>\n<Execution ProcessID=\"3328\" ThreadID=\"0\"></Execution>\n<Channel>Application</Channel>\n<Computer>Rami</Computer>\n<Security UserID=\"\"></Security>\n</System>\n<EventData><Data>&lt;string&gt;Service stopped&lt;/string&gt;\n</Data>\n<Binary></Binary>\n</EventData>\n</Event>\n"}
