{"file": "files\\Windows\\System32\\winevt\\Logs\\Application.evtx", "record_num": 52, "timestamp": "2025-09-12T16:08:51.619938", "event_id": null, "xml_snippet": "<Event xmlns=\"http://schemas.microsoft.com/win/2004/08/events/event\"><System><Provider Name=\"Microsoft-Windows-AppModel-State\" Guid=\"{bff15e13-81bf-45ee-8b16-7cfead00da86}\"></Provider>\n<EventID Qualifiers=\"\">24</EventID>\n<Version>0</Version>\n<Level>3</Level>\n<Task>0</Task>\n<Opcode>0</Opcode>\n<Keywords>0x8000000000000000</Keywords>\n<TimeCreated SystemTime=\"2025-09-12 16:08:51.619938\"></TimeCreated>\n<EventRecordID>52</EventRecordID>\n<Correlation ActivityID=\"{55dc9e8c-2417-0000-12c2-dc551724dc01}\" RelatedActivityID=\"\"></Correlation>\n<Execution ProcessID=\"5980\" ThreadID=\"6420\"></Execution>\n<Channel>Application</Channel>\n<Computer>DESKTOP-7AQ11N8</Computer>\n<Security UserID=\"S-1-5-21-145345821-4241028641-590995675-1000\"></Security>\n</System>\n<EventData><Data Name=\"Operation\">InitializeDataChang"}
{"file": "files\\Windows\\System32\\winevt\\Logs\\Application.evtx", "record_num": 53, "timestamp": "2025-09-12T16:09:48.672462", "event_id": null, "xml_snippet": "<Event xmlns=\"http://schemas.microsoft.com/win/2004/08/events/event\"><System><Provider Name=\"edgeupdate\"></Provider>\n<EventID Qualifiers=\"0\">0</EventID>\n<Version>0</Version>\n<Level>4</Level>\n<Task>0</Task>\n<Opcode>0</Opcode>\n<Keywords>0x0080000000000000</Keywords>\n<TimeCreated SystemTime=\"2025-09-12 16:09:48.672462\"></TimeCreated>\n<EventRecordID>53</EventRecordID>\n<Correlation ActivityID=\"\" RelatedActivityID=\"\"></Correlation>\n<Execution ProcessID=\"2528\" ThreadID=\"0\"></Execution>\n<Channel>Application</Channel>\n<Computer>DESKTOP-7AQ11N8</Computer>\n<Security UserID=\"\"></Security>\n</System>\n<EventData><Data>&lt;string&gt;Service stopped&lt;/string&gt;\n</Data>\n<Binary></Binary>\n</EventData>\n</Event>\n"}
{"file": "files\\Windows\\System32\\winevt\\Logs\\Application.evtx", "record_num": 54, "timestamp": "2025-09-12T16:09:57.011864", "event_id": null, "xml_snippet": "<Event xmlns=\"http://schemas.microsoft.com/win/2004/08/events/event\"><System><Provider Name=\"Microsoft-Windows-Security-SPP\" Guid=\"{E23B33B0-C8C9-472C-A5F9-F2BDFEA0F156}\" EventSourceName=\"Software Protection Platform Service\"></Provider>\n<EventID Qualifiers=\"16384\">16384</EventID>\n<Version>0</Version>\n<Level>4</Level>\n<Task>0</Task>\n<Opcode>0</Opcode>\n<Keywords>0x0080000000000000</Keywords>\n<TimeCreated SystemTime=\"2025-09-12 16:09:57.011864\"></TimeCreated>\n<EventRecordID>54</EventRecordID>\n<Correlation ActivityID=\"\" RelatedActivityID=\"\"></Correlation>\n<Execution ProcessID=\"3820\" ThreadID=\"0\"></Execution>\n<Channel>Application</Channel>\n<Computer>DESKTOP-7AQ11N8</Computer>\n<Security UserID=\"\"></Security>\n</System>\n<EventData><Data>&lt;string&gt;2025-09-12T19:00:56Z&lt;/string&gt;\n&lt;string"}
{"file": "files\\Windows\\System32\\winevt\\Logs\\Application.evtx", "record_num": 55, "timestamp": "2025-09-12T16:09:57.658653", "event_id": null, "xml_snippet": "<Event xmlns=\"http://schemas.microsoft.com/win/2004/08/events/event\"><System><Provider Name=\"Microsoft-Windows-Security-SPP\" Guid=\"{E23B33B0-C8C9-472C-A5F9-F2BDFEA0F156}\" EventSourceName=\"Software Protection Platform Service\"></Provider>\n<EventID Qualifiers=\"49152\">16394</EventID>\n<Version>0</Version>\n<Level>4</Level>\n<Task>0</Task>\n<Opcode>0</Opcode>\n<Keywords>0x0080000000000000</Keywords>\n<TimeCreated SystemTime=\"2025-09-12 16:09:57.658653\"></TimeCreated>\n<EventRecordID>55</EventRecordID>\n<Correlation ActivityID=\"\" RelatedActivityID=\"\"></Correlation>\n<Execution ProcessID=\"6076\" ThreadID=\"0\"></Execution>\n<Channel>Application</Channel>\n<Computer>DESKTOP-7AQ11N8</Computer>\n<Security UserID=\"\"></Security>\n</System>\n<EventData><Data></Data>\n<Binary></Binary>\n</EventData>\n</Event>\n"}
{"file": "files\\Windows\\System32\\winevt\\Logs\\Application.evtx", "record_num": 56, "timestamp": "2025-09-12T16:10:22.110813", "event_id": null, "xml_snippet": "<Event xmlns=\"http://schemas.microsoft.com/win/2004/08/events/event\"><System><Provider Name=\"Microsoft-Windows-Winlogon\" Guid=\"{DBE9B383-7CF3-4331-91CC-A3CB16A3B538}\" EventSourceName=\"Wlclntfy\"></Provider>\n<EventID Qualifiers=\"32768\">6000</EventID>\n<Version>0</Version>\n<Level>4</Level>\n<Task>0</Task>\n<Opcode>0</Opcode>\n<Keywords>0x0080000000000000</Keywords>\n<TimeCreated SystemTime=\"2025-09-12 16:10:22.110813\"></TimeCreated>\n<EventRecordID>56</EventRecordID>\n<Correlation ActivityID=\"\" RelatedActivityID=\"\"></Correlation>\n<Execution ProcessID=\"732\" ThreadID=\"0\"></Execution>\n<Channel>Application</Channel>\n<Computer>DESKTOP-7AQ11N8</Computer>\n<Security UserID=\"\"></Security>\n</System>\n<EventData><Data>&lt;string&gt;WSearch&lt;/string&gt;\n</Data>\n<Binary>2QYAAA==</Binary>\n</EventData>\n</Event>\n"}
{"file": "files\\Windows\\System32\\winevt\\Logs\\Application.evtx", "record_num": 57, "timestamp": "2025-09-12T16:10:22.260950", "event_id": null, "xml_snippet": "<Event xmlns=\"http://schemas.microsoft.com/win/2004/08/events/event\"><System><Provider Name=\"Microsoft-Windows-Winlogon\" Guid=\"{DBE9B383-7CF3-4331-91CC-A3CB16A3B538}\" EventSourceName=\"Wlclntfy\"></Provider>\n<EventID Qualifiers=\"32768\">6000</EventID>\n<Version>0</Version>\n<Level>4</Level>\n<Task>0</Task>\n<Opcode>0</Opcode>\n<Keywords>0x0080000000000000</Keywords>\n<TimeCreated SystemTime=\"2025-09-12 16:10:22.260950\"></TimeCreated>\n<EventRecordID>57</EventRecordID>\n<Correlation ActivityID=\"\" RelatedActivityID=\"\"></Correlation>\n<Execution ProcessID=\"732\" ThreadID=\"0\"></Execution>\n<Channel>Application</Channel>\n<Computer>DESKTOP-7AQ11N8</Computer>\n<Security UserID=\"\"></Security>\n</System>\n<EventData><Data>&lt;string&gt;SessionEnv&lt;/string&gt;\n</Data>\n<Binary>2QYAAA==</Binary>\n</EventData>\n</Event"}
{"file": "files\\Windows\\System32\\winevt\\Logs\\Application.evtx", "record_num": 58, "timestamp": "2025-09-12T16:10:25.050200", "event_id": null, "xml_snippet": "<Event xmlns=\"http://schemas.microsoft.com/win/2004/08/events/event\"><System><Provider Name=\"Microsoft-Windows-User Profiles Service\" Guid=\"{89b1e9f0-5aff-44a6-9b44-0a07a7ce5845}\"></Provider>\n<EventID Qualifiers=\"\">1532</EventID>\n<Version>0</Version>\n<Level>4</Level>\n<Task>0</Task>\n<Opcode>0</Opcode>\n<Keywords>0x8000000000000000</Keywords>\n<TimeCreated SystemTime=\"2025-09-12 16:10:25.050200\"></TimeCreated>\n<EventRecordID>58</EventRecordID>\n<Correlation ActivityID=\"\" RelatedActivityID=\"\"></Correlation>\n<Execution ProcessID=\"1200\" ThreadID=\"1260\"></Execution>\n<Channel>Application</Channel>\n<Computer>DESKTOP-7AQ11N8</Computer>\n<Security UserID=\"S-1-5-18\"></Security>\n</System>\n<EventData></EventData>\n</Event>\n"}
{"file": "files\\Windows\\System32\\winevt\\Logs\\Application.evtx", "record_num": 59, "timestamp": "2025-09-12T16:11:15.737484", "event_id": null, "xml_snippet": "<Event xmlns=\"http://schemas.microsoft.com/win/2004/08/events/event\"><System><Provider Name=\"Microsoft-Windows-EventSystem\" Guid=\"{899daace-4868-4295-afcd-9eb8fb497561}\" EventSourceName=\"EventSystem\"></Provider>\n<EventID Qualifiers=\"16384\">4625</EventID>\n<Version>0</Version>\n<Level>4</Level>\n<Task>0</Task>\n<Opcode>0</Opcode>\n<Keywords>0x0080000000000000</Keywords>\n<TimeCreated SystemTime=\"2025-09-12 16:11:15.737484\"></TimeCreated>\n<EventRecordID>59</EventRecordID>\n<Correlation ActivityID=\"\" RelatedActivityID=\"\"></Correlation>\n<Execution ProcessID=\"1876\" ThreadID=\"0\"></Execution>\n<Channel>Application</Channel>\n<Computer>Rami</Computer>\n<Security UserID=\"\"></Security>\n</System>\n<EventData><Data Name=\"param1\">86400</Data>\n<Data Name=\"param2\">SuppressDuplicateDuration</Data>\n<Data Name=\"param3"}
{"file": "files\\Windows\\System32\\winevt\\Logs\\Application.evtx", "record_num": 60, "timestamp": "2025-09-12T16:11:13.958719", "event_id": null, "xml_snippet": "<Event xmlns=\"http://schemas.microsoft.com/win/2004/08/events/event\"><System><Provider Name=\"Microsoft-Windows-User Profiles Service\" Guid=\"{89b1e9f0-5aff-44a6-9b44-0a07a7ce5845}\"></Provider>\n<EventID Qualifiers=\"\">1531</EventID>\n<Version>0</Version>\n<Level>4</Level>\n<Task>0</Task>\n<Opcode>0</Opcode>\n<Keywords>0x8000000000000000</Keywords>\n<TimeCreated SystemTime=\"2025-09-12 16:11:13.958719\"></TimeCreated>\n<EventRecordID>60</EventRecordID>\n<Correlation ActivityID=\"\" RelatedActivityID=\"\"></Correlation>\n<Execution ProcessID=\"1496\" ThreadID=\"1672\"></Execution>\n<Channel>Application</Channel>\n<Computer>Rami</Computer>\n<Security UserID=\"S-1-5-18\"></Security>\n</System>\n<EventData></EventData>\n</Event>\n"}
{"file": "files\\Windows\\System32\\winevt\\Logs\\Application.evtx", "record_num": 61, "timestamp": "2025-09-12T16:11:20.865171", "event_id": null, "xml_snippet": "<Event xmlns=\"http://schemas.microsoft.com/win/2004/08/events/event\"><System><Provider Name=\"Microsoft-Windows-Winlogon\" Guid=\"{DBE9B383-7CF3-4331-91CC-A3CB16A3B538}\" EventSourceName=\"Wlclntfy\"></Provider>\n<EventID Qualifiers=\"32768\">6003</EventID>\n<Version>0</Version>\n<Level>4</Level>\n<Task>0</Task>\n<Opcode>0</Opcode>\n<Keywords>0x0080000000000000</Keywords>\n<TimeCreated SystemTime=\"2025-09-12 16:11:20.865171\"></TimeCreated>\n<EventRecordID>61</EventRecordID>\n<Correlation ActivityID=\"\" RelatedActivityID=\"\"></Correlation>\n<Execution ProcessID=\"752\" ThreadID=\"0\"></Execution>\n<Channel>Application</Channel>\n<Computer>Rami</Computer>\n<Security UserID=\"\"></Security>\n</System>\n<EventData><Data>&lt;string&gt;SessionEnv&lt;/string&gt;\n</Data>\n<Binary>2QYAAA==</Binary>\n</EventData>\n</Event>\n"}
{"file": "files\\Windows\\System32\\winevt\\Logs\\Application.evtx", "record_num": 62, "timestamp": "2025-09-12T16:11:21.952684", "event_id": null, "xml_snippet": "<Event xmlns=\"http://schemas.microsoft.com/win/2004/08/events/event\"><System><Provider Name=\"Microsoft-Windows-Winlogon\" Guid=\"{DBE9B383-7CF3-4331-91CC-A3CB16A3B538}\" EventSourceName=\"Wlclntfy\"></Provider>\n<EventID Qualifiers=\"32768\">6000</EventID>\n<Version>0</Version>\n<Level>4</Level>\n<Task>0</Task>\n<Opcode>0</Opcode>\n<Keywords>0x0080000000000000</Keywords>\n<TimeCreated SystemTime=\"2025-09-12 16:11:21.952684\"></TimeCreated>\n<EventRecordID>62</EventRecordID>\n<Correlation ActivityID=\"\" RelatedActivityID=\"\"></Correlation>\n<Execution ProcessID=\"752\" ThreadID=\"0\"></Execution>\n<Channel>Application</Channel>\n<Computer>Rami</Computer>\n<Security UserID=\"\"></Security>\n</System>\n<EventData><Data>&lt;string&gt;SessionEnv&lt;/string&gt;\n</Data>\n<Binary>2QYAAA==</Binary>\n</EventData>\n</Event>\n"}
{"file": "files\\Windows\\System32\\winevt\\Logs\\Application.evtx", "record_num": 63, "timestamp": "2025-09-12T16:11:23.148184", "event_id": null, "xml_snippet": "<Event xmlns=\"http://schemas.microsoft.com/win/2004/08/events/event\"><System><Provider Name=\"Microsoft-Windows-WMI\" Guid=\"{1edeee53-0afe-4609-b846-d8c0b2075b1f}\"></Provider>\n<EventID Qualifiers=\"\">5615</EventID>\n<Version>2</Version>\n<Level>4</Level>\n<Task>0</Task>\n<Opcode>0</Opcode>\n<Keywords>0x8000000000000000</Keywords>\n<TimeCreated SystemTime=\"2025-09-12 16:11:23.148184\"></TimeCreated>\n<EventRecordID>63</EventRecordID>\n<Correlation ActivityID=\"\" RelatedActivityID=\"\"></Correlation>\n<Execution ProcessID=\"3152\" ThreadID=\"3468\"></Execution>\n<Channel>Application</Channel>\n<Computer>Rami</Computer>\n<Security UserID=\"S-1-5-18\"></Security>\n</System>\n<EventData></EventData>\n</Event>\n"}
{"file": "files\\Windows\\System32\\winevt\\Logs\\Application.evtx", "record_num": 64, "timestamp": "2025-09-12T16:11:34.186745", "event_id": null, "xml_snippet": "<Event xmlns=\"http://schemas.microsoft.com/win/2004/08/events/event\"><System><Provider Name=\"edgeupdate\"></Provider>\n<EventID Qualifiers=\"0\">0</EventID>\n<Version>0</Version>\n<Level>4</Level>\n<Task>0</Task>\n<Opcode>0</Opcode>\n<Keywords>0x0080000000000000</Keywords>\n<TimeCreated SystemTime=\"2025-09-12 16:11:34.186745\"></TimeCreated>\n<EventRecordID>64</EventRecordID>\n<Correlation ActivityID=\"\" RelatedActivityID=\"\"></Correlation>\n<Execution ProcessID=\"4432\" ThreadID=\"0\"></Execution>\n<Channel>Application</Channel>\n<Computer>Rami</Computer>\n<Security UserID=\"\"></Security>\n</System>\n<EventData><Data>&lt;string&gt;Service stopped&lt;/string&gt;\n</Data>\n<Binary></Binary>\n</EventData>\n</Event>\n"}
{"file": "files\\Windows\\System32\\winevt\\Logs\\Application.evtx", "record_num": 65, "timestamp": "2025-09-12T16:11:46.991783", "event_id": null, "xml_snippet": "<Event xmlns=\"http://schemas.microsoft.com/win/2004/08/events/event\"><System><Provider Name=\"Windows Error Reporting\" Guid=\"{0ead09bd-2157-539a-8d6d-c87f95b64d70}\"></Provider>\n<EventID Qualifiers=\"\">1001</EventID>\n<Version>0</Version>\n<Level>4</Level>\n<Task>0</Task>\n<Opcode>0</Opcode>\n<Keywords>0x8000000000000000</Keywords>\n<TimeCreated SystemTime=\"2025-09-12 16:11:46.991783\"></TimeCreated>\n<EventRecordID>65</EventRecordID>\n<Correlation ActivityID=\"\" RelatedActivityID=\"\"></Correlation>\n<Execution ProcessID=\"5344\" ThreadID=\"5348\"></Execution>\n<Channel>Application</Channel>\n<Computer>Rami</Computer>\n<Security UserID=\"S-1-5-18\"></Security>\n</System>\n<EventData><Data Name=\"Bucket\"></Data>\n<Data Name=\"BucketType\">0</Data>\n<Data Name=\"EventName\">crashpad_log</Data>\n<Data Name=\"Response\">Not avai"}
{"file": "files\\Windows\\System32\\winevt\\Logs\\Application.evtx", "record_num": 66, "timestamp": "2025-09-12T16:11:57.963497", "event_id": null, "xml_snippet": "<Event xmlns=\"http://schemas.microsoft.com/win/2004/08/events/event\"><System><Provider Name=\"Microsoft-Windows-Search\" Guid=\"{CA4E628D-8567-4896-AB6B-835B221F373F}\" EventSourceName=\"Windows Search Service\"></Provider>\n<EventID Qualifiers=\"16384\">1003</EventID>\n<Version>0</Version>\n<Level>4</Level>\n<Task>1</Task>\n<Opcode>0</Opcode>\n<Keywords>0x0080000000000000</Keywords>\n<TimeCreated SystemTime=\"2025-09-12 16:11:57.963497\"></TimeCreated>\n<EventRecordID>66</EventRecordID>\n<Correlation ActivityID=\"\" RelatedActivityID=\"\"></Correlation>\n<Execution ProcessID=\"6504\" ThreadID=\"0\"></Execution>\n<Channel>Application</Channel>\n<Computer>Rami</Computer>\n<Security UserID=\"\"></Security>\n</System>\n<EventData><Data Name=\"ExtraInfo\">\n</Data>\n</EventData>\n</Event>\n"}
{"file": "files\\Windows\\System32\\winevt\\Logs\\Application.evtx", "record_num": 67, "timestamp": "2025-09-12T16:12:09.584278", "event_id": null, "xml_snippet": "<Event xmlns=\"http://schemas.microsoft.com/win/2004/08/events/event\"><System><Provider Name=\"Microsoft-Windows-Security-SPP\" Guid=\"{E23B33B0-C8C9-472C-A5F9-F2BDFEA0F156}\" EventSourceName=\"Software Protection Platform Service\"></Provider>\n<EventID Qualifiers=\"16384\">900</EventID>\n<Version>0</Version>\n<Level>4</Level>\n<Task>0</Task>\n<Opcode>0</Opcode>\n<Keywords>0x0080000000000000</Keywords>\n<TimeCreated SystemTime=\"2025-09-12 16:12:09.584278\"></TimeCreated>\n<EventRecordID>67</EventRecordID>\n<Correlation ActivityID=\"\" RelatedActivityID=\"\"></Correlation>\n<Execution ProcessID=\"7068\" ThreadID=\"0\"></Execution>\n<Channel>Application</Channel>\n<Computer>Rami</Computer>\n<Security UserID=\"\"></Security>\n</System>\n<EventData><Data>&lt;string&gt;TriggerStarted:6&lt;/string&gt;\n</Data>\n<Binary></Binary>\n<"}
{"file": "files\\Windows\\System32\\winevt\\Logs\\Application.evtx", "record_num": 68, "timestamp": "2025-09-12T16:12:09.783710", "event_id": null, "xml_snippet": "<Event xmlns=\"http://schemas.microsoft.com/win/2004/08/events/event\"><System><Provider Name=\"Microsoft-Windows-Security-SPP\" Guid=\"{E23B33B0-C8C9-472C-A5F9-F2BDFEA0F156}\" EventSourceName=\"Software Protection Platform Service\"></Provider>\n<EventID Qualifiers=\"49152\">16394</EventID>\n<Version>0</Version>\n<Level>4</Level>\n<Task>0</Task>\n<Opcode>0</Opcode>\n<Keywords>0x0080000000000000</Keywords>\n<TimeCreated SystemTime=\"2025-09-12 16:12:09.783710\"></TimeCreated>\n<EventRecordID>68</EventRecordID>\n<Correlation ActivityID=\"\" RelatedActivityID=\"\"></Correlation>\n<Execution ProcessID=\"7068\" ThreadID=\"0\"></Execution>\n<Channel>Application</Channel>\n<Computer>Rami</Computer>\n<Security UserID=\"\"></Security>\n</System>\n<EventData><Data></Data>\n<Binary></Binary>\n</EventData>\n</Event>\n"}
{"file": "files\\Windows\\System32\\winevt\\Logs\\Application.evtx", "record_num": 69, "timestamp": "2025-09-12T16:12:10.074570", "event_id": null, "xml_snippet": "<Event xmlns=\"http://schemas.microsoft.com/win/2004/08/events/event\"><System><Provider Name=\"Microsoft-Windows-Security-SPP\" Guid=\"{E23B33B0-C8C9-472C-A5F9-F2BDFEA0F156}\" EventSourceName=\"Software Protection Platform Service\"></Provider>\n<EventID Qualifiers=\"16384\">1066</EventID>\n<Version>0</Version>\n<Level>4</Level>\n<Task>0</Task>\n<Opcode>0</Opcode>\n<Keywords>0x0080000000000000</Keywords>\n<TimeCreated SystemTime=\"2025-09-12 16:12:10.074570\"></TimeCreated>\n<EventRecordID>69</EventRecordID>\n<Correlation ActivityID=\"\" RelatedActivityID=\"\"></Correlation>\n<Execution ProcessID=\"7068\" ThreadID=\"0\"></Execution>\n<Channel>Application</Channel>\n<Computer>Rami</Computer>\n<Security UserID=\"\"></Security>\n</System>\n<EventData><Data>&lt;string&gt;C:\\WINDOWS\\system32\\sppwinob.dll, msft:spp/windowsfunction"}
{"file": "files\\Windows\\System32\\winevt\\Logs\\Application.evtx", "record_num": 70, "timestamp": "2025-09-12T16:12:10.178068", "event_id": null, "xml_snippet": "<Event xmlns=\"http://schemas.microsoft.com/win/2004/08/events/event\"><System><Provider Name=\"Microsoft-Windows-Security-SPP\" Guid=\"{E23B33B0-C8C9-472C-A5F9-F2BDFEA0F156}\" EventSourceName=\"Software Protection Platform Service\"></Provider>\n<EventID Qualifiers=\"16384\">1003</EventID>\n<Version>0</Version>\n<Level>4</Level>\n<Task>0</Task>\n<Opcode>0</Opcode>\n<Keywords>0x0080000000000000</Keywords>\n<TimeCreated SystemTime=\"2025-09-12 16:12:10.178068\"></TimeCreated>\n<EventRecordID>70</EventRecordID>\n<Correlation ActivityID=\"\" RelatedActivityID=\"\"></Correlation>\n<Execution ProcessID=\"7068\" ThreadID=\"0\"></Execution>\n<Channel>Application</Channel>\n<Computer>Rami</Computer>\n<Security UserID=\"\"></Security>\n</System>\n<EventData><Data>&lt;string&gt;55c92734-d682-4d71-983e-d6ec3f16059f&lt;/string&gt;\n&lt;st"}
{"file": "files\\Windows\\System32\\winevt\\Logs\\Application.evtx", "record_num": 71, "timestamp": "2025-09-12T16:12:10.647617", "event_id": null, "xml_snippet": "<Event xmlns=\"http://schemas.microsoft.com/win/2004/08/events/event\"><System><Provider Name=\"Microsoft-Windows-Security-SPP\" Guid=\"{E23B33B0-C8C9-472C-A5F9-F2BDFEA0F156}\" EventSourceName=\"Software Protection Platform Service\"></Provider>\n<EventID Qualifiers=\"16384\">902</EventID>\n<Version>0</Version>\n<Level>0</Level>\n<Task>0</Task>\n<Opcode>0</Opcode>\n<Keywords>0x0080000000000000</Keywords>\n<TimeCreated SystemTime=\"2025-09-12 16:12:10.647617\"></TimeCreated>\n<EventRecordID>71</EventRecordID>\n<Correlation ActivityID=\"\" RelatedActivityID=\"\"></Correlation>\n<Execution ProcessID=\"7068\" ThreadID=\"0\"></Execution>\n<Channel>Application</Channel>\n<Computer>Rami</Computer>\n<Security UserID=\"\"></Security>\n</System>\n<EventData><Data>&lt;string&gt;10.0.26100.1742&lt;/string&gt;\n</Data>\n<Binary></Binary>\n</"}
{"file": "files\\Windows\\System32\\winevt\\Logs\\Application.evtx", "record_num": 72, "timestamp": "2025-09-12T16:12:11.777691", "event_id": null, "xml_snippet": "<Event xmlns=\"http://schemas.microsoft.com/win/2004/08/events/event\"><System><Provider Name=\"Microsoft-Windows-WMI\" Guid=\"{1edeee53-0afe-4609-b846-d8c0b2075b1f}\"></Provider>\n<EventID Qualifiers=\"\">5617</EventID>\n<Version>2</Version>\n<Level>4</Level>\n<Task>0</Task>\n<Opcode>0</Opcode>\n<Keywords>0x8000000000000000</Keywords>\n<TimeCreated SystemTime=\"2025-09-12 16:12:11.777691\"></TimeCreated>\n<EventRecordID>72</EventRecordID>\n<Correlation ActivityID=\"\" RelatedActivityID=\"\"></Correlation>\n<Execution ProcessID=\"3152\" ThreadID=\"3572\"></Execution>\n<Channel>Application</Channel>\n<Computer>Rami</Computer>\n<Security UserID=\"S-1-5-18\"></Security>\n</System>\n<EventData></EventData>\n</Event>\n"}
{"file": "files\\Windows\\System32\\winevt\\Logs\\Application.evtx", "record_num": 73, "timestamp": "2025-09-12T16:12:43.767660", "event_id": null, "xml_snippet": "<Event xmlns=\"http://schemas.microsoft.com/win/2004/08/events/event\"><System><Provider Name=\"Microsoft-Windows-Security-SPP\" Guid=\"{E23B33B0-C8C9-472C-A5F9-F2BDFEA0F156}\" EventSourceName=\"Software Protection Platform Service\"></Provider>\n<EventID Qualifiers=\"16384\">16384</EventID>\n<Version>0</Version>\n<Level>4</Level>\n<Task>0</Task>\n<Opcode>0</Opcode>\n<Keywords>0x0080000000000000</Keywords>\n<TimeCreated SystemTime=\"2025-09-12 16:12:43.767660\"></TimeCreated>\n<EventRecordID>73</EventRecordID>\n<Correlation ActivityID=\"\" RelatedActivityID=\"\"></Correlation>\n<Execution ProcessID=\"7068\" ThreadID=\"0\"></Execution>\n<Channel>Application</Channel>\n<Computer>Rami</Computer>\n<Security UserID=\"\"></Security>\n</System>\n<EventData><Data>&lt;string&gt;2025-09-12T19:01:40Z&lt;/string&gt;\n&lt;string&gt;RulesEn"}
{"file": "files\\Windows\\System32\\winevt\\Logs\\Application.evtx", "record_num": 74, "timestamp": "2025-09-12T16:12:44.099260", "event_id": null, "xml_snippet": "<Event xmlns=\"http://schemas.microsoft.com/win/2004/08/events/event\"><System><Provider Name=\"Microsoft-Windows-Security-SPP\" Guid=\"{E23B33B0-C8C9-472C-A5F9-F2BDFEA0F156}\" EventSourceName=\"Software Protection Platform Service\"></Provider>\n<EventID Qualifiers=\"16384\">903</EventID>\n<Version>0</Version>\n<Level>0</Level>\n<Task>0</Task>\n<Opcode>0</Opcode>\n<Keywords>0x0080000000000000</Keywords>\n<TimeCreated SystemTime=\"2025-09-12 16:12:44.099260\"></TimeCreated>\n<EventRecordID>74</EventRecordID>\n<Correlation ActivityID=\"\" RelatedActivityID=\"\"></Correlation>\n<Execution ProcessID=\"7068\" ThreadID=\"0\"></Execution>\n<Channel>Application</Channel>\n<Computer>Rami</Computer>\n<Security UserID=\"\"></Security>\n</System>\n<EventData><Data></Data>\n<Binary></Binary>\n</EventData>\n</Event>\n"}
{"file": "files\\Windows\\System32\\winevt\\Logs\\Application.evtx", "record_num": 75, "timestamp": "2025-09-12T16:12:46.117977", "event_id": null, "xml_snippet": "<Event xmlns=\"http://schemas.microsoft.com/win/2004/08/events/event\"><System><Provider Name=\"edgeupdate\"></Provider>\n<EventID Qualifiers=\"0\">0</EventID>\n<Version>0</Version>\n<Level>4</Level>\n<Task>0</Task>\n<Opcode>0</Opcode>\n<Keywords>0x0080000000000000</Keywords>\n<TimeCreated SystemTime=\"2025-09-12 16:12:46.117977\"></TimeCreated>\n<EventRecordID>75</EventRecordID>\n<Correlation ActivityID=\"\" RelatedActivityID=\"\"></Correlation>\n<Execution ProcessID=\"964\" ThreadID=\"0\"></Execution>\n<Channel>Application</Channel>\n<Computer>Rami</Computer>\n<Security UserID=\"\"></Security>\n</System>\n<EventData><Data>&lt;string&gt;Service stopped&lt;/string&gt;\n</Data>\n<Binary></Binary>\n</EventData>\n</Event>\n"}
{"file": "files\\Windows\\System32\\winevt\\Logs\\Application.evtx", "record_num": 76, "timestamp": "2025-09-12T16:12:49.501366", "event_id": null, "xml_snippet": "<Event xmlns=\"http://schemas.microsoft.com/win/2004/08/events/event\"><System><Provider Name=\"Microsoft-Windows-Security-SPP\" Guid=\"{E23B33B0-C8C9-472C-A5F9-F2BDFEA0F156}\" EventSourceName=\"Software Protection Platform Service\"></Provider>\n<EventID Qualifiers=\"49152\">16394</EventID>\n<Version>0</Version>\n<Level>4</Level>\n<Task>0</Task>\n<Opcode>0</Opcode>\n<Keywords>0x0080000000000000</Keywords>\n<TimeCreated SystemTime=\"2025-09-12 16:12:49.501366\"></TimeCreated>\n<EventRecordID>76</EventRecordID>\n<Correlation ActivityID=\"\" RelatedActivityID=\"\"></Correlation>\n<Execution ProcessID=\"3556\" ThreadID=\"0\"></Execution>\n<Channel>Application</Channel>\n<Computer>Rami</Computer>\n<Security UserID=\"\"></Security>\n</System>\n<EventData><Data></Data>\n<Binary></Binary>\n</EventData>\n</Event>\n"}
{"file": "files\\Windows\\System32\\winevt\\Logs\\Application.evtx", "record_num": 77, "timestamp": "2025-09-12T16:13:24.959122", "event_id": null, "xml_snippet": "<Event xmlns=\"http://schemas.microsoft.com/win/2004/08/events/event\"><System><Provider Name=\"edgeupdate\"></Provider>\n<EventID Qualifiers=\"0\">0</EventID>\n<Version>0</Version>\n<Level>4</Level>\n<Task>0</Task>\n<Opcode>0</Opcode>\n<Keywords>0x0080000000000000</Keywords>\n<TimeCreated SystemTime=\"2025-09-12 16:13:24.959122\"></TimeCreated>\n<EventRecordID>77</EventRecordID>\n<Correlation ActivityID=\"\" RelatedActivityID=\"\"></Correlation>\n<Execution ProcessID=\"6820\" ThreadID=\"0\"></Execution>\n<Channel>Application</Channel>\n<Computer>Rami</Computer>\n<Security UserID=\"\"></Security>\n</System>\n<EventData><Data>&lt;string&gt;Service stopped&lt;/string&gt;\n</Data>\n<Binary></Binary>\n</EventData>\n</Event>\n"}
{"file": "files\\Windows\\System32\\winevt\\Logs\\Application.evtx", "record_num": 78, "timestamp": "2025-09-12T16:13:33.761595", "event_id": null, "xml_snippet": "<Event xmlns=\"http://schemas.microsoft.com/win/2004/08/events/event\"><System><Provider Name=\"edgeupdate\"></Provider>\n<EventID Qualifiers=\"0\">0</EventID>\n<Version>0</Version>\n<Level>4</Level>\n<Task>0</Task>\n<Opcode>0</Opcode>\n<Keywords>0x0080000000000000</Keywords>\n<TimeCreated SystemTime=\"2025-09-12 16:13:33.761595\"></TimeCreated>\n<EventRecordID>78</EventRecordID>\n<Correlation ActivityID=\"\" RelatedActivityID=\"\"></Correlation>\n<Execution ProcessID=\"7116\" ThreadID=\"0\"></Execution>\n<Channel>Application</Channel>\n<Computer>Rami</Computer>\n<Security UserID=\"\"></Security>\n</System>\n<EventData><Data>&lt;string&gt;Service stopped&lt;/string&gt;\n</Data>\n<Binary></Binary>\n</EventData>\n</Event>\n"}
{"file": "files\\Windows\\System32\\winevt\\Logs\\Application.evtx", "record_num": 79, "timestamp": "2025-09-12T16:13:35.977900", "event_id": null, "xml_snippet": "<Event xmlns=\"http://schemas.microsoft.com/win/2004/08/events/event\"><System><Provider Name=\"SecurityCenter\"></Provider>\n<EventID Qualifiers=\"0\">1</EventID>\n<Version>0</Version>\n<Level>4</Level>\n<Task>0</Task>\n<Opcode>0</Opcode>\n<Keywords>0x0080000000000000</Keywords>\n<TimeCreated SystemTime=\"2025-09-12 16:13:35.977900\"></TimeCreated>\n<EventRecordID>79</EventRecordID>\n<Correlation ActivityID=\"\" RelatedActivityID=\"\"></Correlation>\n<Execution ProcessID=\"684\" ThreadID=\"0\"></Execution>\n<Channel>Application</Channel>\n<Computer>Rami</Computer>\n<Security UserID=\"\"></Security>\n</System>\n<EventData><Data></Data>\n<Binary></Binary>\n</EventData>\n</Event>\n"}
{"file": "files\\Windows\\System32\\winevt\\Logs\\Application.evtx", "record_num": 80, "timestamp": "2025-09-12T16:13:38.392874", "event_id": null, "xml_snippet": "<Event xmlns=\"http://schemas.microsoft.com/win/2004/08/events/event\"><System><Provider Name=\"SecurityCenter\"></Provider>\n<EventID Qualifiers=\"0\">15</EventID>\n<Version>0</Version>\n<Level>4</Level>\n<Task>0</Task>\n<Opcode>0</Opcode>\n<Keywords>0x0080000000000000</Keywords>\n<TimeCreated SystemTime=\"2025-09-12 16:13:38.392874\"></TimeCreated>\n<EventRecordID>80</EventRecordID>\n<Correlation ActivityID=\"\" RelatedActivityID=\"\"></Correlation>\n<Execution ProcessID=\"684\" ThreadID=\"0\"></Execution>\n<Channel>Application</Channel>\n<Computer>Rami</Computer>\n<Security UserID=\"\"></Security>\n</System>\n<EventData><Data>&lt;string&gt;Windows Defender&lt;/string&gt;\n&lt;string&gt;SECURITY_PRODUCT_STATE_ON&lt;/string&gt;\n</Data>\n<Binary></Binary>\n</EventData>\n</Event>\n"}
{"file": "files\\Windows\\System32\\winevt\\Logs\\Application.evtx", "record_num": 81, "timestamp": "2025-09-14T00:16:22.246647", "event_id": null, "xml_snippet": "<Event xmlns=\"http://schemas.microsoft.com/win/2004/08/events/event\"><System><Provider Name=\"Microsoft-Windows-User Profiles Service\" Guid=\"{89b1e9f0-5aff-44a6-9b44-0a07a7ce5845}\"></Provider>\n<EventID Qualifiers=\"\">1531</EventID>\n<Version>0</Version>\n<Level>4</Level>\n<Task>0</Task>\n<Opcode>0</Opcode>\n<Keywords>0x8000000000000000</Keywords>\n<TimeCreated SystemTime=\"2025-09-14 00:16:22.246647\"></TimeCreated>\n<EventRecordID>81</EventRecordID>\n<Correlation ActivityID=\"\" RelatedActivityID=\"\"></Correlation>\n<Execution ProcessID=\"1568\" ThreadID=\"1704\"></Execution>\n<Channel>Application</Channel>\n<Computer>Rami</Computer>\n<Security UserID=\"S-1-5-18\"></Security>\n</System>\n<EventData></EventData>\n</Event>\n"}
{"file": "files\\Windows\\System32\\winevt\\Logs\\Application.evtx", "record_num": 82, "timestamp": "2025-09-14T00:16:30.499062", "event_id": null, "xml_snippet": "<Event xmlns=\"http://schemas.microsoft.com/win/2004/08/events/event\"><System><Provider Name=\"Microsoft-Windows-Winlogon\" Guid=\"{DBE9B383-7CF3-4331-91CC-A3CB16A3B538}\" EventSourceName=\"Wlclntfy\"></Provider>\n<EventID Qualifiers=\"32768\">6003</EventID>\n<Version>0</Version>\n<Level>4</Level>\n<Task>0</Task>\n<Opcode>0</Opcode>\n<Keywords>0x0080000000000000</Keywords>\n<TimeCreated SystemTime=\"2025-09-14 00:16:30.499062\"></TimeCreated>\n<EventRecordID>82</EventRecordID>\n<Correlation ActivityID=\"\" RelatedActivityID=\"\"></Correlation>\n<Execution ProcessID=\"736\" ThreadID=\"0\"></Execution>\n<Channel>Application</Channel>\n<Computer>Rami</Computer>\n<Security UserID=\"\"></Security>\n</System>\n<EventData><Data>&lt;string&gt;SessionEnv&lt;/string&gt;\n</Data>\n<Binary>2QYAAA==</Binary>\n</EventData>\n</Event>\n"}
{"file": "files\\Windows\\System32\\winevt\\Logs\\Application.evtx", "record_num": 83, "timestamp": "2025-09-14T00:16:32.542231", "event_id": null, "xml_snippet": "<Event xmlns=\"http://schemas.microsoft.com/win/2004/08/events/event\"><System><Provider Name=\"Microsoft-Windows-Winlogon\" Guid=\"{DBE9B383-7CF3-4331-91CC-A3CB16A3B538}\" EventSourceName=\"Wlclntfy\"></Provider>\n<EventID Qualifiers=\"32768\">6000</EventID>\n<Version>0</Version>\n<Level>4</Level>\n<Task>0</Task>\n<Opcode>0</Opcode>\n<Keywords>0x0080000000000000</Keywords>\n<TimeCreated SystemTime=\"2025-09-14 00:16:32.542231\"></TimeCreated>\n<EventRecordID>83</EventRecordID>\n<Correlation ActivityID=\"\" RelatedActivityID=\"\"></Correlation>\n<Execution ProcessID=\"736\" ThreadID=\"0\"></Execution>\n<Channel>Application</Channel>\n<Computer>Rami</Computer>\n<Security UserID=\"\"></Security>\n</System>\n<EventData><Data>&lt;string&gt;SessionEnv&lt;/string&gt;\n</Data>\n<Binary>2QYAAA==</Binary>\n</EventData>\n</Event>\n"}
{"file": "files\\Windows\\System32\\winevt\\Logs\\Application.evtx", "record_num": 84, "timestamp": "2025-09-14T00:16:34.260666", "event_id": null, "xml_snippet": "<Event xmlns=\"http://schemas.microsoft.com/win/2004/08/events/event\"><System><Provider Name=\"Microsoft-Windows-WMI\" Guid=\"{1edeee53-0afe-4609-b846-d8c0b2075b1f}\"></Provider>\n<EventID Qualifiers=\"\">5615</EventID>\n<Version>2</Version>\n<Level>4</Level>\n<Task>0</Task>\n<Opcode>0</Opcode>\n<Keywords>0x8000000000000000</Keywords>\n<TimeCreated SystemTime=\"2025-09-14 00:16:34.260666\"></TimeCreated>\n<EventRecordID>84</EventRecordID>\n<Correlation ActivityID=\"\" RelatedActivityID=\"\"></Correlation>\n<Execution ProcessID=\"3188\" ThreadID=\"3460\"></Execution>\n<Channel>Application</Channel>\n<Computer>Rami</Computer>\n<Security UserID=\"S-1-5-18\"></Security>\n</System>\n<EventData></EventData>\n</Event>\n"}
{"file": "files\\Windows\\System32\\winevt\\Logs\\Application.evtx", "record_num": 85, "timestamp": "2025-09-14T00:16:53.829445", "event_id": null, "xml_snippet": "<Event xmlns=\"http://schemas.microsoft.com/win/2004/08/events/event\"><System><Provider Name=\"Microsoft-Windows-WMI\" Guid=\"{1edeee53-0afe-4609-b846-d8c0b2075b1f}\"></Provider>\n<EventID Qualifiers=\"\">5611</EventID>\n<Version>2</Version>\n<Level>4</Level>\n<Task>0</Task>\n<Opcode>0</Opcode>\n<Keywords>0x8000000000000000</Keywords>\n<TimeCreated SystemTime=\"2025-09-14 00:16:53.829445\"></TimeCreated>\n<EventRecordID>85</EventRecordID>\n<Correlation ActivityID=\"\" RelatedActivityID=\"\"></Correlation>\n<Execution ProcessID=\"3188\" ThreadID=\"5020\"></Execution>\n<Channel>Application</Channel>\n<Computer>Rami</Computer>\n<Security UserID=\"S-1-5-18\"></Security>\n</System>\n<EventData></EventData>\n</Event>\n"}
{"file": "files\\Windows\\System32\\winevt\\Logs\\Application.evtx", "record_num": 86, "timestamp": "2025-09-14T00:16:58.582201", "event_id": null, "xml_snippet": "<Event xmlns=\"http://schemas.microsoft.com/win/2004/08/events/event\"><System><Provider Name=\"edgeupdate\"></Provider>\n<EventID Qualifiers=\"0\">0</EventID>\n<Version>0</Version>\n<Level>4</Level>\n<Task>0</Task>\n<Opcode>0</Opcode>\n<Keywords>0x0080000000000000</Keywords>\n<TimeCreated SystemTime=\"2025-09-14 00:16:58.582201\"></TimeCreated>\n<EventRecordID>86</EventRecordID>\n<Correlation ActivityID=\"\" RelatedActivityID=\"\"></Correlation>\n<Execution ProcessID=\"1220\" ThreadID=\"0\"></Execution>\n<Channel>Application</Channel>\n<Computer>Rami</Computer>\n<Security UserID=\"\"></Security>\n</System>\n<EventData><Data>&lt;string&gt;Service stopped&lt;/string&gt;\n</Data>\n<Binary></Binary>\n</EventData>\n</Event>\n"}
{"file": "files\\Windows\\System32\\winevt\\Logs\\Application.evtx", "record_num": 87, "timestamp": "2025-09-14T00:17:04.187546", "event_id": null, "xml_snippet": "<Event xmlns=\"http://schemas.microsoft.com/win/2004/08/events/event\"><System><Provider Name=\"Microsoft-Windows-WMI\" Guid=\"{1edeee53-0afe-4609-b846-d8c0b2075b1f}\"></Provider>\n<EventID Qualifiers=\"\">5617</EventID>\n<Version>2</Version>\n<Level>4</Level>\n<Task>0</Task>\n<Opcode>0</Opcode>\n<Keywords>0x8000000000000000</Keywords>\n<TimeCreated SystemTime=\"2025-09-14 00:17:04.187546\"></TimeCreated>\n<EventRecordID>87</EventRecordID>\n<Correlation ActivityID=\"\" RelatedActivityID=\"\"></Correlation>\n<Execution ProcessID=\"3188\" ThreadID=\"5020\"></Execution>\n<Channel>Application</Channel>\n<Computer>Rami</Computer>\n<Security UserID=\"S-1-5-18\"></Security>\n</System>\n<EventData></EventData>\n</Event>\n"}
{"file": "files\\Windows\\System32\\winevt\\Logs\\Application.evtx", "record_num": 88, "timestamp": "2025-09-14T00:17:09.387005", "event_id": null, "xml_snippet": "<Event xmlns=\"http://schemas.microsoft.com/win/2004/08/events/event\"><System><Provider Name=\"Microsoft-Windows-Search\" Guid=\"{CA4E628D-8567-4896-AB6B-835B221F373F}\" EventSourceName=\"Windows Search Service\"></Provider>\n<EventID Qualifiers=\"16384\">1003</EventID>\n<Version>0</Version>\n<Level>4</Level>\n<Task>1</Task>\n<Opcode>0</Opcode>\n<Keywords>0x0080000000000000</Keywords>\n<TimeCreated SystemTime=\"2025-09-14 00:17:09.387005\"></TimeCreated>\n<EventRecordID>88</EventRecordID>\n<Correlation ActivityID=\"\" RelatedActivityID=\"\"></Correlation>\n<Execution ProcessID=\"5516\" ThreadID=\"0\"></Execution>\n<Channel>Application</Channel>\n<Computer>Rami</Computer>\n<Security UserID=\"\"></Security>\n</System>\n<EventData><Data Name=\"ExtraInfo\">\n</Data>\n</EventData>\n</Event>\n"}
{"file": "files\\Windows\\System32\\winevt\\Logs\\Application.evtx", "record_num": 89, "timestamp": "2025-09-14T00:18:00.458170", "event_id": null, "xml_snippet": "<Event xmlns=\"http://schemas.microsoft.com/win/2004/08/events/event\"><System><Provider Name=\"edgeupdate\"></Provider>\n<EventID Qualifiers=\"0\">0</EventID>\n<Version>0</Version>\n<Level>4</Level>\n<Task>0</Task>\n<Opcode>0</Opcode>\n<Keywords>0x0080000000000000</Keywords>\n<TimeCreated SystemTime=\"2025-09-14 00:18:00.458170\"></TimeCreated>\n<EventRecordID>89</EventRecordID>\n<Correlation ActivityID=\"\" RelatedActivityID=\"\"></Correlation>\n<Execution ProcessID=\"1400\" ThreadID=\"0\"></Execution>\n<Channel>Application</Channel>\n<Computer>Rami</Computer>\n<Security UserID=\"\"></Security>\n</System>\n<EventData><Data>&lt;string&gt;Service stopped&lt;/string&gt;\n</Data>\n<Binary></Binary>\n</EventData>\n</Event>\n"}
{"file": "files\\Windows\\System32\\winevt\\Logs\\Application.evtx", "record_num": 90, "timestamp": "2025-09-14T00:18:10.222483", "event_id": null, "xml_snippet": "<Event xmlns=\"http://schemas.microsoft.com/win/2004/08/events/event\"><System><Provider Name=\"edgeupdate\"></Provider>\n<EventID Qualifiers=\"0\">0</EventID>\n<Version>0</Version>\n<Level>4</Level>\n<Task>0</Task>\n<Opcode>0</Opcode>\n<Keywords>0x0080000000000000</Keywords>\n<TimeCreated SystemTime=\"2025-09-14 00:18:10.222483\"></TimeCreated>\n<EventRecordID>90</EventRecordID>\n<Correlation ActivityID=\"\" RelatedActivityID=\"\"></Correlation>\n<Execution ProcessID=\"3392\" ThreadID=\"0\"></Execution>\n<Channel>Application</Channel>\n<Computer>Rami</Computer>\n<Security UserID=\"\"></Security>\n</System>\n<EventData><Data>&lt;string&gt;Service stopped&lt;/string&gt;\n</Data>\n<Binary></Binary>\n</EventData>\n</Event>\n"}
{"file": "files\\Windows\\System32\\winevt\\Logs\\Application.evtx", "record_num": 91, "timestamp": "2025-09-14T00:18:27.551435", "event_id": null, "xml_snippet": "<Event xmlns=\"http://schemas.microsoft.com/win/2004/08/events/event\"><System><Provider Name=\"Windows Error Reporting\" Guid=\"{0ead09bd-2157-539a-8d6d-c87f95b64d70}\"></Provider>\n<EventID Qualifiers=\"\">1001</EventID>\n<Version>0</Version>\n<Level>4</Level>\n<Task>0</Task>\n<Opcode>0</Opcode>\n<Keywords>0x8000000000000000</Keywords>\n<TimeCreated SystemTime=\"2025-09-14 00:18:27.551435\"></TimeCreated>\n<EventRecordID>91</EventRecordID>\n<Correlation ActivityID=\"\" RelatedActivityID=\"\"></Correlation>\n<Execution ProcessID=\"4492\" ThreadID=\"4496\"></Execution>\n<Channel>Application</Channel>\n<Computer>Rami</Computer>\n<Security UserID=\"S-1-5-18\"></Security>\n</System>\n<EventData><Data Name=\"Bucket\"></Data>\n<Data Name=\"BucketType\">0</Data>\n<Data Name=\"EventName\">crashpad_log</Data>\n<Data Name=\"Response\">Not avai"}
{"file": "files\\Windows\\System32\\winevt\\Logs\\Application.evtx", "record_num": 92, "timestamp": "2025-09-14T00:18:39.944223", "event_id": null, "xml_snippet": "<Event xmlns=\"http://schemas.microsoft.com/win/2004/08/events/event\"><System><Provider Name=\"edgeupdate\"></Provider>\n<EventID Qualifiers=\"0\">0</EventID>\n<Version>0</Version>\n<Level>4</Level>\n<Task>0</Task>\n<Opcode>0</Opcode>\n<Keywords>0x0080000000000000</Keywords>\n<TimeCreated SystemTime=\"2025-09-14 00:18:39.944223\"></TimeCreated>\n<EventRecordID>92</EventRecordID>\n<Correlation ActivityID=\"\" RelatedActivityID=\"\"></Correlation>\n<Execution ProcessID=\"5620\" ThreadID=\"0\"></Execution>\n<Channel>Application</Channel>\n<Computer>Rami</Computer>\n<Security UserID=\"\"></Security>\n</System>\n<EventData><Data>&lt;string&gt;Service stopped&lt;/string&gt;\n</Data>\n<Binary></Binary>\n</EventData>\n</Event>\n"}
{"file": "files\\Windows\\System32\\winevt\\Logs\\Application.evtx", "record_num": 93, "timestamp": "2025-09-14T00:18:53.111963", "event_id": null, "xml_snippet": "<Event xmlns=\"http://schemas.microsoft.com/win/2004/08/events/event\"><System><Provider Name=\"Microsoft-Windows-Security-SPP\" Guid=\"{E23B33B0-C8C9-472C-A5F9-F2BDFEA0F156}\" EventSourceName=\"Software Protection Platform Service\"></Provider>\n<EventID Qualifiers=\"16384\">900</EventID>\n<Version>0</Version>\n<Level>4</Level>\n<Task>0</Task>\n<Opcode>0</Opcode>\n<Keywords>0x0080000000000000</Keywords>\n<TimeCreated SystemTime=\"2025-09-14 00:18:53.111963\"></TimeCreated>\n<EventRecordID>93</EventRecordID>\n<Correlation ActivityID=\"\" RelatedActivityID=\"\"></Correlation>\n<Execution ProcessID=\"5844\" ThreadID=\"0\"></Execution>\n<Channel>Application</Channel>\n<Computer>Rami</Computer>\n<Security UserID=\"\"></Security>\n</System>\n<EventData><Data>&lt;string&gt;&lt;explicit&gt;&lt;/string&gt;\n</Data>\n<Binary></Binary>\n<"}
{"file": "files\\Windows\\System32\\winevt\\Logs\\Application.evtx", "record_num": 94, "timestamp": "2025-09-14T00:18:53.774210", "event_id": null, "xml_snippet": "<Event xmlns=\"http://schemas.microsoft.com/win/2004/08/events/event\"><System><Provider Name=\"Microsoft-Windows-Security-SPP\" Guid=\"{E23B33B0-C8C9-472C-A5F9-F2BDFEA0F156}\" EventSourceName=\"Software Protection Platform Service\"></Provider>\n<EventID Qualifiers=\"49152\">16394</EventID>\n<Version>0</Version>\n<Level>4</Level>\n<Task>0</Task>\n<Opcode>0</Opcode>\n<Keywords>0x0080000000000000</Keywords>\n<TimeCreated SystemTime=\"2025-09-14 00:18:53.774210\"></TimeCreated>\n<EventRecordID>94</EventRecordID>\n<Correlation ActivityID=\"\" RelatedActivityID=\"\"></Correlation>\n<Execution ProcessID=\"5844\" ThreadID=\"0\"></Execution>\n<Channel>Application</Channel>\n<Computer>Rami</Computer>\n<Security UserID=\"\"></Security>\n</System>\n<EventData><Data></Data>\n<Binary></Binary>\n</EventData>\n</Event>\n"}
{"file": "files\\Windows\\System32\\winevt\\Logs\\Application.evtx", "record_num": 95, "timestamp": "2025-09-14T00:18:54.020742", "event_id": null, "xml_snippet": "<Event xmlns=\"http://schemas.microsoft.com/win/2004/08/events/event\"><System><Provider Name=\"Microsoft-Windows-Security-SPP\" Guid=\"{E23B33B0-C8C9-472C-A5F9-F2BDFEA0F156}\" EventSourceName=\"Software Protection Platform Service\"></Provider>\n<EventID Qualifiers=\"16384\">1066</EventID>\n<Version>0</Version>\n<Level>4</Level>\n<Task>0</Task>\n<Opcode>0</Opcode>\n<Keywords>0x0080000000000000</Keywords>\n<TimeCreated SystemTime=\"2025-09-14 00:18:54.020742\"></TimeCreated>\n<EventRecordID>95</EventRecordID>\n<Correlation ActivityID=\"\" RelatedActivityID=\"\"></Correlation>\n<Execution ProcessID=\"5844\" ThreadID=\"0\"></Execution>\n<Channel>Application</Channel>\n<Computer>Rami</Computer>\n<Security UserID=\"\"></Security>\n</System>\n<EventData><Data>&lt;string&gt;C:\\WINDOWS\\system32\\sppwinob.dll, msft:spp/windowsfunction"}
{"file": "files\\Windows\\System32\\winevt\\Logs\\Application.evtx", "record_num": 96, "timestamp": "2025-09-14T00:18:54.116879", "event_id": null, "xml_snippet": "<Event xmlns=\"http://schemas.microsoft.com/win/2004/08/events/event\"><System><Provider Name=\"Microsoft-Windows-Security-SPP\" Guid=\"{E23B33B0-C8C9-472C-A5F9-F2BDFEA0F156}\" EventSourceName=\"Software Protection Platform Service\"></Provider>\n<EventID Qualifiers=\"16384\">1003</EventID>\n<Version>0</Version>\n<Level>4</Level>\n<Task>0</Task>\n<Opcode>0</Opcode>\n<Keywords>0x0080000000000000</Keywords>\n<TimeCreated SystemTime=\"2025-09-14 00:18:54.116879\"></TimeCreated>\n<EventRecordID>96</EventRecordID>\n<Correlation ActivityID=\"\" RelatedActivityID=\"\"></Correlation>\n<Execution ProcessID=\"5844\" ThreadID=\"0\"></Execution>\n<Channel>Application</Channel>\n<Computer>Rami</Computer>\n<Security UserID=\"\"></Security>\n</System>\n<EventData><Data>&lt;string&gt;55c92734-d682-4d71-983e-d6ec3f16059f&lt;/string&gt;\n&lt;st"}
{"file": "files\\Windows\\System32\\winevt\\Logs\\Application.evtx", "record_num": 97, "timestamp": "2025-09-14T00:18:54.603453", "event_id": null, "xml_snippet": "<Event xmlns=\"http://schemas.microsoft.com/win/2004/08/events/event\"><System><Provider Name=\"Microsoft-Windows-Security-SPP\" Guid=\"{E23B33B0-C8C9-472C-A5F9-F2BDFEA0F156}\" EventSourceName=\"Software Protection Platform Service\"></Provider>\n<EventID Qualifiers=\"16384\">902</EventID>\n<Version>0</Version>\n<Level>0</Level>\n<Task>0</Task>\n<Opcode>0</Opcode>\n<Keywords>0x0080000000000000</Keywords>\n<TimeCreated SystemTime=\"2025-09-14 00:18:54.603453\"></TimeCreated>\n<EventRecordID>97</EventRecordID>\n<Correlation ActivityID=\"\" RelatedActivityID=\"\"></Correlation>\n<Execution ProcessID=\"5844\" ThreadID=\"0\"></Execution>\n<Channel>Application</Channel>\n<Computer>Rami</Computer>\n<Security UserID=\"\"></Security>\n</System>\n<EventData><Data>&lt;string&gt;10.0.26100.1742&lt;/string&gt;\n</Data>\n<Binary></Binary>\n</"}
{"file": "files\\Windows\\System32\\winevt\\Logs\\Application.evtx", "record_num": 98, "timestamp": "2025-09-14T00:18:55.159750", "event_id": null, "xml_snippet": "<Event xmlns=\"http://schemas.microsoft.com/win/2004/08/events/event\"><System><Provider Name=\"Microsoft-Windows-Security-SPP\" Guid=\"{E23B33B0-C8C9-472C-A5F9-F2BDFEA0F156}\" EventSourceName=\"Software Protection Platform Service\"></Provider>\n<EventID Qualifiers=\"16384\">16388</EventID>\n<Version>0</Version>\n<Level>4</Level>\n<Task>0</Task>\n<Opcode>0</Opcode>\n<Keywords>0x0080000000000000</Keywords>\n<TimeCreated SystemTime=\"2025-09-14 00:18:55.159750\"></TimeCreated>\n<EventRecordID>98</EventRecordID>\n<Correlation ActivityID=\"\" RelatedActivityID=\"\"></Correlation>\n<Execution ProcessID=\"5844\" ThreadID=\"0\"></Execution>\n<Channel>Application</Channel>\n<Computer>Rami</Computer>\n<Security UserID=\"\"></Security>\n</System>\n<EventData><Data>&lt;string&gt;2025-09-14T00:18:55Z&lt;/string&gt;\n&lt;string&gt;2025-09"}
{"file": "files\\Windows\\System32\\winevt\\Logs\\Application.evtx", "record_num": 99, "timestamp": "2025-09-14T00:18:56.541010", "event_id": null, "xml_snippet": "<Event xmlns=\"http://schemas.microsoft.com/win/2004/08/events/event\"><System><Provider Name=\"Microsoft-Windows-Security-SPP\" Guid=\"{E23B33B0-C8C9-472C-A5F9-F2BDFEA0F156}\" EventSourceName=\"Software Protection Platform Service\"></Provider>\n<EventID Qualifiers=\"16384\">8230</EventID>\n<Version>0</Version>\n<Level>4</Level>\n<Task>0</Task>\n<Opcode>0</Opcode>\n<Keywords>0x0080000000000000</Keywords>\n<TimeCreated SystemTime=\"2025-09-14 00:18:56.541010\"></TimeCreated>\n<EventRecordID>99</EventRecordID>\n<Correlation ActivityID=\"\" RelatedActivityID=\"\"></Correlation>\n<Execution ProcessID=\"5844\" ThreadID=\"0\"></Execution>\n<Channel>Application</Channel>\n<Computer>Rami</Computer>\n<Security UserID=\"\"></Security>\n</System>\n<EventData><Data>&lt;string&gt;Security-SPP-Action-StateData (REG_SZ) =AppId=55c92734-d68"}
{"file": "files\\Windows\\System32\\winevt\\Logs\\Application.evtx", "record_num": 100, "timestamp": "2025-09-14T00:19:19.666956", "event_id": null, "xml_snippet": "<Event xmlns=\"http://schemas.microsoft.com/win/2004/08/events/event\"><System><Provider Name=\"edgeupdate\"></Provider>\n<EventID Qualifiers=\"0\">0</EventID>\n<Version>0</Version>\n<Level>4</Level>\n<Task>0</Task>\n<Opcode>0</Opcode>\n<Keywords>0x0080000000000000</Keywords>\n<TimeCreated SystemTime=\"2025-09-14 00:19:19.666956\"></TimeCreated>\n<EventRecordID>100</EventRecordID>\n<Correlation ActivityID=\"\" RelatedActivityID=\"\"></Correlation>\n<Execution ProcessID=\"5712\" ThreadID=\"0\"></Execution>\n<Channel>Application</Channel>\n<Computer>Rami</Computer>\n<Security UserID=\"\"></Security>\n</System>\n<EventData><Data>&lt;string&gt;Service stopped&lt;/string&gt;\n</Data>\n<Binary></Binary>\n</EventData>\n</Event>\n"}
{"file": "files\\Windows\\System32\\winevt\\Logs\\Application.evtx", "record_num": 101, "timestamp": "2025-09-14T00:19:34.763048", "event_id": null, "xml_snippet": "<Event xmlns=\"http://schemas.microsoft.com/win/2004/08/events/event\"><System><Provider Name=\"SecurityCenter\"></Provider>\n<EventID Qualifiers=\"0\">1</EventID>\n<Version>0</Version>\n<Level>4</Level>\n<Task>0</Task>\n<Opcode>0</Opcode>\n<Keywords>0x0080000000000000</Keywords>\n<TimeCreated SystemTime=\"2025-09-14 00:19:34.763048\"></TimeCreated>\n<EventRecordID>101</EventRecordID>\n<Correlation ActivityID=\"\" RelatedActivityID=\"\"></Correlation>\n<Execution ProcessID=\"3752\" ThreadID=\"0\"></Execution>\n<Channel>Application</Channel>\n<Computer>Rami</Computer>\n<Security UserID=\"\"></Security>\n</System>\n<EventData><Data></Data>\n<Binary></Binary>\n</EventData>\n</Event>\n"}
{"file": "files\\Windows\\System32\\winevt\\Logs\\Application.evtx", "record_num": 102, "timestamp": "2025-09-14T00:19:36.929970", "event_id": null, "xml_snippet": "<Event xmlns=\"http://schemas.microsoft.com/win/2004/08/events/event\"><System><Provider Name=\"SecurityCenter\"></Provider>\n<EventID Qualifiers=\"0\">15</EventID>\n<Version>0</Version>\n<Level>4</Level>\n<Task>0</Task>\n<Opcode>0</Opcode>\n<Keywords>0x0080000000000000</Keywords>\n<TimeCreated SystemTime=\"2025-09-14 00:19:36.929970\"></TimeCreated>\n<EventRecordID>102</EventRecordID>\n<Correlation ActivityID=\"\" RelatedActivityID=\"\"></Correlation>\n<Execution ProcessID=\"3752\" ThreadID=\"0\"></Execution>\n<Channel>Application</Channel>\n<Computer>Rami</Computer>\n<Security UserID=\"\"></Security>\n</System>\n<EventData><Data>&lt;string&gt;Windows Defender&lt;/string&gt;\n&lt;string&gt;SECURITY_PRODUCT_STATE_ON&lt;/string&gt;\n</Data>\n<Binary></Binary>\n</EventData>\n</Event>\n"}
{"file": "files\\Windows\\System32\\winevt\\Logs\\Application.evtx", "record_num": 103, "timestamp": "2025-09-14T00:19:44.521812", "event_id": null, "xml_snippet": "<Event xmlns=\"http://schemas.microsoft.com/win/2004/08/events/event\"><System><Provider Name=\"Microsoft-Windows-Security-SPP\" Guid=\"{E23B33B0-C8C9-472C-A5F9-F2BDFEA0F156}\" EventSourceName=\"Software Protection Platform Service\"></Provider>\n<EventID Qualifiers=\"16384\">1003</EventID>\n<Version>0</Version>\n<Level>4</Level>\n<Task>0</Task>\n<Opcode>0</Opcode>\n<Keywords>0x0080000000000000</Keywords>\n<TimeCreated SystemTime=\"2025-09-14 00:19:44.521812\"></TimeCreated>\n<EventRecordID>103</EventRecordID>\n<Correlation ActivityID=\"\" RelatedActivityID=\"\"></Correlation>\n<Execution ProcessID=\"5844\" ThreadID=\"0\"></Execution>\n<Channel>Application</Channel>\n<Computer>Rami</Computer>\n<Security UserID=\"\"></Security>\n</System>\n<EventData><Data>&lt;string&gt;55c92734-d682-4d71-983e-d6ec3f16059f&lt;/string&gt;\n&lt;s"}
