{"file": "files\\Windows\\System32\\winevt\\Logs\\Microsoft-Windows-PowerShell.evtx", "record_num": 8, "timestamp": "2025-10-22T20:35:12.900444", "event_id": null, "xml_snippet": "<Event xmlns=\"http://schemas.microsoft.com/win/2004/08/events/event\"><System><Provider Name=\"Microsoft-Windows-PowerShell\" Guid=\"{a0c1853b-5c40-4b15-8766-3cf1c58f985a}\"></Provider>\n<EventID Qualifiers=\"\">40962</EventID>\n<Version>1</Version>\n<Level>4</Level>\n<Task>4</Task>\n<Opcode>2</Opcode>\n<Keywords>0x0000000000000000</Keywords>\n<TimeCreated SystemTime=\"2025-10-22 20:35:12.900444\"></TimeCreated>\n<EventRecordID>8</EventRecordID>\n<Correlation ActivityID=\"{9b18b88c-4390-0000-a72d-1e9b9043dc01}\" RelatedActivityID=\"\"></Correlation>\n<Execution ProcessID=\"4924\" ThreadID=\"8148\"></Execution>\n<Channel>Microsoft-Windows-PowerShell/Operational</Channel>\n<Computer>Ramadan</Computer>\n<Security UserID=\"S-1-5-18\"></Security>\n</System>\n<EventData></EventData>\n</Event>\n"}
{"file": "files\\Windows\\System32\\winevt\\Logs\\Microsoft-Windows-PowerShell.evtx", "record_num": 9, "timestamp": "2025-10-22T20:35:13.191687", "event_id": null, "xml_snippet": "<Event xmlns=\"http://schemas.microsoft.com/win/2004/08/events/event\"><System><Provider Name=\"Microsoft-Windows-PowerShell\" Guid=\"{a0c1853b-5c40-4b15-8766-3cf1c58f985a}\"></Provider>\n<EventID Qualifiers=\"\">40962</EventID>\n<Version>1</Version>\n<Level>4</Level>\n<Task>4</Task>\n<Opcode>2</Opcode>\n<Keywords>0x0000000000000000</Keywords>\n<TimeCreated SystemTime=\"2025-10-22 20:35:13.191687\"></TimeCreated>\n<EventRecordID>9</EventRecordID>\n<Correlation ActivityID=\"{9b18b88c-4390-0001-da45-1d9b9043dc01}\" RelatedActivityID=\"\"></Correlation>\n<Execution ProcessID=\"1428\" ThreadID=\"7848\"></Execution>\n<Channel>Microsoft-Windows-PowerShell/Operational</Channel>\n<Computer>Ramadan</Computer>\n<Security UserID=\"S-1-5-18\"></Security>\n</System>\n<EventData></EventData>\n</Event>\n"}
{"file": "files\\Windows\\System32\\winevt\\Logs\\Microsoft-Windows-PowerShell.evtx", "record_num": 10, "timestamp": "2025-10-22T20:35:27.150356", "event_id": null, "xml_snippet": "<Event xmlns=\"http://schemas.microsoft.com/win/2004/08/events/event\"><System><Provider Name=\"Microsoft-Windows-PowerShell\" Guid=\"{a0c1853b-5c40-4b15-8766-3cf1c58f985a}\"></Provider>\n<EventID Qualifiers=\"\">40961</EventID>\n<Version>1</Version>\n<Level>4</Level>\n<Task>4</Task>\n<Opcode>1</Opcode>\n<Keywords>0x0000000000000000</Keywords>\n<TimeCreated SystemTime=\"2025-10-22 20:35:27.150356\"></TimeCreated>\n<EventRecordID>10</EventRecordID>\n<Correlation ActivityID=\"{9b18b88c-4390-0001-7a4b-1d9b9043dc01}\" RelatedActivityID=\"\"></Correlation>\n<Execution ProcessID=\"6836\" ThreadID=\"1456\"></Execution>\n<Channel>Microsoft-Windows-PowerShell/Operational</Channel>\n<Computer>Ramadan</Computer>\n<Security UserID=\"S-1-5-18\"></Security>\n</System>\n<EventData></EventData>\n</Event>\n"}
{"file": "files\\Windows\\System32\\winevt\\Logs\\Microsoft-Windows-PowerShell.evtx", "record_num": 11, "timestamp": "2025-10-22T20:35:33.481426", "event_id": null, "xml_snippet": "<Event xmlns=\"http://schemas.microsoft.com/win/2004/08/events/event\"><System><Provider Name=\"Microsoft-Windows-PowerShell\" Guid=\"{a0c1853b-5c40-4b15-8766-3cf1c58f985a}\"></Provider>\n<EventID Qualifiers=\"\">53504</EventID>\n<Version>1</Version>\n<Level>4</Level>\n<Task>111</Task>\n<Opcode>10</Opcode>\n<Keywords>0x0000000000000000</Keywords>\n<TimeCreated SystemTime=\"2025-10-22 20:35:33.481426\"></TimeCreated>\n<EventRecordID>11</EventRecordID>\n<Correlation ActivityID=\"{9b18b88c-4390-0001-7a4b-1d9b9043dc01}\" RelatedActivityID=\"\"></Correlation>\n<Execution ProcessID=\"6836\" ThreadID=\"6852\"></Execution>\n<Channel>Microsoft-Windows-PowerShell/Operational</Channel>\n<Computer>Ramadan</Computer>\n<Security UserID=\"S-1-5-18\"></Security>\n</System>\n<EventData><Data Name=\"param1\">6836</Data>\n<Data Name=\"param2\">Def"}
{"file": "files\\Windows\\System32\\winevt\\Logs\\Microsoft-Windows-PowerShell.evtx", "record_num": 12, "timestamp": "2025-10-22T20:35:33.755356", "event_id": null, "xml_snippet": "<Event xmlns=\"http://schemas.microsoft.com/win/2004/08/events/event\"><System><Provider Name=\"Microsoft-Windows-PowerShell\" Guid=\"{a0c1853b-5c40-4b15-8766-3cf1c58f985a}\"></Provider>\n<EventID Qualifiers=\"\">40961</EventID>\n<Version>1</Version>\n<Level>4</Level>\n<Task>4</Task>\n<Opcode>1</Opcode>\n<Keywords>0x0000000000000000</Keywords>\n<TimeCreated SystemTime=\"2025-10-22 20:35:33.755356\"></TimeCreated>\n<EventRecordID>12</EventRecordID>\n<Correlation ActivityID=\"{9b18b88c-4390-0001-ea4c-1d9b9043dc01}\" RelatedActivityID=\"\"></Correlation>\n<Execution ProcessID=\"7664\" ThreadID=\"2216\"></Execution>\n<Channel>Microsoft-Windows-PowerShell/Operational</Channel>\n<Computer>Ramadan</Computer>\n<Security UserID=\"S-1-5-18\"></Security>\n</System>\n<EventData></EventData>\n</Event>\n"}
{"file": "files\\Windows\\System32\\winevt\\Logs\\Microsoft-Windows-PowerShell.evtx", "record_num": 13, "timestamp": "2025-10-22T20:35:38.410896", "event_id": null, "xml_snippet": "<Event xmlns=\"http://schemas.microsoft.com/win/2004/08/events/event\"><System><Provider Name=\"Microsoft-Windows-PowerShell\" Guid=\"{a0c1853b-5c40-4b15-8766-3cf1c58f985a}\"></Provider>\n<EventID Qualifiers=\"\">40962</EventID>\n<Version>1</Version>\n<Level>4</Level>\n<Task>4</Task>\n<Opcode>2</Opcode>\n<Keywords>0x0000000000000000</Keywords>\n<TimeCreated SystemTime=\"2025-10-22 20:35:38.410896\"></TimeCreated>\n<EventRecordID>13</EventRecordID>\n<Correlation ActivityID=\"{9b18b88c-4390-0001-7a4b-1d9b9043dc01}\" RelatedActivityID=\"\"></Correlation>\n<Execution ProcessID=\"6836\" ThreadID=\"1456\"></Execution>\n<Channel>Microsoft-Windows-PowerShell/Operational</Channel>\n<Computer>Ramadan</Computer>\n<Security UserID=\"S-1-5-18\"></Security>\n</System>\n<EventData></EventData>\n</Event>\n"}
{"file": "files\\Windows\\System32\\winevt\\Logs\\Microsoft-Windows-PowerShell.evtx", "record_num": 14, "timestamp": "2025-10-22T20:35:39.037476", "event_id": null, "xml_snippet": "<Event xmlns=\"http://schemas.microsoft.com/win/2004/08/events/event\"><System><Provider Name=\"Microsoft-Windows-PowerShell\" Guid=\"{a0c1853b-5c40-4b15-8766-3cf1c58f985a}\"></Provider>\n<EventID Qualifiers=\"\">53504</EventID>\n<Version>1</Version>\n<Level>4</Level>\n<Task>111</Task>\n<Opcode>10</Opcode>\n<Keywords>0x0000000000000000</Keywords>\n<TimeCreated SystemTime=\"2025-10-22 20:35:39.037476\"></TimeCreated>\n<EventRecordID>14</EventRecordID>\n<Correlation ActivityID=\"{9b18b88c-4390-0001-ea4c-1d9b9043dc01}\" RelatedActivityID=\"\"></Correlation>\n<Execution ProcessID=\"7664\" ThreadID=\"5452\"></Execution>\n<Channel>Microsoft-Windows-PowerShell/Operational</Channel>\n<Computer>Ramadan</Computer>\n<Security UserID=\"S-1-5-18\"></Security>\n</System>\n<EventData><Data Name=\"param1\">7664</Data>\n<Data Name=\"param2\">Def"}
{"file": "files\\Windows\\System32\\winevt\\Logs\\Microsoft-Windows-PowerShell.evtx", "record_num": 15, "timestamp": "2025-10-22T20:35:42.750696", "event_id": null, "xml_snippet": "<Event xmlns=\"http://schemas.microsoft.com/win/2004/08/events/event\"><System><Provider Name=\"Microsoft-Windows-PowerShell\" Guid=\"{a0c1853b-5c40-4b15-8766-3cf1c58f985a}\"></Provider>\n<EventID Qualifiers=\"\">40962</EventID>\n<Version>1</Version>\n<Level>4</Level>\n<Task>4</Task>\n<Opcode>2</Opcode>\n<Keywords>0x0000000000000000</Keywords>\n<TimeCreated SystemTime=\"2025-10-22 20:35:42.750696\"></TimeCreated>\n<EventRecordID>15</EventRecordID>\n<Correlation ActivityID=\"{9b18b88c-4390-0001-ea4c-1d9b9043dc01}\" RelatedActivityID=\"\"></Correlation>\n<Execution ProcessID=\"7664\" ThreadID=\"2216\"></Execution>\n<Channel>Microsoft-Windows-PowerShell/Operational</Channel>\n<Computer>Ramadan</Computer>\n<Security UserID=\"S-1-5-18\"></Security>\n</System>\n<EventData></EventData>\n</Event>\n"}
{"file": "files\\Windows\\System32\\winevt\\Logs\\Microsoft-Windows-PowerShell.evtx", "record_num": 16, "timestamp": "2025-10-23T18:51:45.502724", "event_id": null, "xml_snippet": "<Event xmlns=\"http://schemas.microsoft.com/win/2004/08/events/event\"><System><Provider Name=\"Microsoft-Windows-PowerShell\" Guid=\"{a0c1853b-5c40-4b15-8766-3cf1c58f985a}\"></Provider>\n<EventID Qualifiers=\"\">53504</EventID>\n<Version>1</Version>\n<Level>4</Level>\n<Task>111</Task>\n<Opcode>10</Opcode>\n<Keywords>0x0000000000000000</Keywords>\n<TimeCreated SystemTime=\"2025-10-23 18:51:45.502724\"></TimeCreated>\n<EventRecordID>16</EventRecordID>\n<Correlation ActivityID=\"{1c50eb5a-444a-0000-a3ac-521c4a44dc01}\" RelatedActivityID=\"\"></Correlation>\n<Execution ProcessID=\"4640\" ThreadID=\"5832\"></Execution>\n<Channel>Microsoft-Windows-PowerShell/Operational</Channel>\n<Computer>Ramadan</Computer>\n<Security UserID=\"S-1-5-21-145345821-4241028641-590995675-1001\"></Security>\n</System>\n<EventData><Data Name=\"param1\""}
{"file": "files\\Windows\\System32\\winevt\\Logs\\Microsoft-Windows-PowerShell.evtx", "record_num": 17, "timestamp": "2025-10-23T18:52:07.436552", "event_id": null, "xml_snippet": "<Event xmlns=\"http://schemas.microsoft.com/win/2004/08/events/event\"><System><Provider Name=\"Microsoft-Windows-PowerShell\" Guid=\"{a0c1853b-5c40-4b15-8766-3cf1c58f985a}\"></Provider>\n<EventID Qualifiers=\"\">4104</EventID>\n<Version>1</Version>\n<Level>3</Level>\n<Task>2</Task>\n<Opcode>15</Opcode>\n<Keywords>0x0000000000000000</Keywords>\n<TimeCreated SystemTime=\"2025-10-23 18:52:07.436552\"></TimeCreated>\n<EventRecordID>17</EventRecordID>\n<Correlation ActivityID=\"{1c50eb5a-444a-0000-7dae-521c4a44dc01}\" RelatedActivityID=\"\"></Correlation>\n<Execution ProcessID=\"4640\" ThreadID=\"6728\"></Execution>\n<Channel>Microsoft-Windows-PowerShell/Operational</Channel>\n<Computer>Ramadan</Computer>\n<Security UserID=\"S-1-5-21-145345821-4241028641-590995675-1001\"></Security>\n</System>\n<EventData><Data Name=\"MessageNum"}
{"file": "files\\Windows\\System32\\winevt\\Logs\\Microsoft-Windows-PowerShell.evtx", "record_num": 18, "timestamp": "2025-10-23T18:52:48.124325", "event_id": null, "xml_snippet": "<Event xmlns=\"http://schemas.microsoft.com/win/2004/08/events/event\"><System><Provider Name=\"Microsoft-Windows-PowerShell\" Guid=\"{a0c1853b-5c40-4b15-8766-3cf1c58f985a}\"></Provider>\n<EventID Qualifiers=\"\">40961</EventID>\n<Version>1</Version>\n<Level>4</Level>\n<Task>4</Task>\n<Opcode>1</Opcode>\n<Keywords>0x0000000000000000</Keywords>\n<TimeCreated SystemTime=\"2025-10-23 18:52:48.124325\"></TimeCreated>\n<EventRecordID>18</EventRecordID>\n<Correlation ActivityID=\"{1c50eb5a-444a-0000-a42e-531c4a44dc01}\" RelatedActivityID=\"\"></Correlation>\n<Execution ProcessID=\"4020\" ThreadID=\"2580\"></Execution>\n<Channel>Microsoft-Windows-PowerShell/Operational</Channel>\n<Computer>Ramadan</Computer>\n<Security UserID=\"S-1-5-21-145345821-4241028641-590995675-1001\"></Security>\n</System>\n<EventData></EventData>\n</Event>\n"}
{"file": "files\\Windows\\System32\\winevt\\Logs\\Microsoft-Windows-PowerShell.evtx", "record_num": 19, "timestamp": "2025-10-23T18:52:49.702061", "event_id": null, "xml_snippet": "<Event xmlns=\"http://schemas.microsoft.com/win/2004/08/events/event\"><System><Provider Name=\"Microsoft-Windows-PowerShell\" Guid=\"{a0c1853b-5c40-4b15-8766-3cf1c58f985a}\"></Provider>\n<EventID Qualifiers=\"\">53504</EventID>\n<Version>1</Version>\n<Level>4</Level>\n<Task>111</Task>\n<Opcode>10</Opcode>\n<Keywords>0x0000000000000000</Keywords>\n<TimeCreated SystemTime=\"2025-10-23 18:52:49.702061\"></TimeCreated>\n<EventRecordID>19</EventRecordID>\n<Correlation ActivityID=\"{1c50eb5a-444a-0000-a42e-531c4a44dc01}\" RelatedActivityID=\"\"></Correlation>\n<Execution ProcessID=\"4020\" ThreadID=\"4860\"></Execution>\n<Channel>Microsoft-Windows-PowerShell/Operational</Channel>\n<Computer>Ramadan</Computer>\n<Security UserID=\"S-1-5-21-145345821-4241028641-590995675-1001\"></Security>\n</System>\n<EventData><Data Name=\"param1\""}
{"file": "files\\Windows\\System32\\winevt\\Logs\\Microsoft-Windows-PowerShell.evtx", "record_num": 20, "timestamp": "2025-10-23T18:52:54.012817", "event_id": null, "xml_snippet": "<Event xmlns=\"http://schemas.microsoft.com/win/2004/08/events/event\"><System><Provider Name=\"Microsoft-Windows-PowerShell\" Guid=\"{a0c1853b-5c40-4b15-8766-3cf1c58f985a}\"></Provider>\n<EventID Qualifiers=\"\">40962</EventID>\n<Version>1</Version>\n<Level>4</Level>\n<Task>4</Task>\n<Opcode>2</Opcode>\n<Keywords>0x0000000000000000</Keywords>\n<TimeCreated SystemTime=\"2025-10-23 18:52:54.012817\"></TimeCreated>\n<EventRecordID>20</EventRecordID>\n<Correlation ActivityID=\"{1c50eb5a-444a-0000-a42e-531c4a44dc01}\" RelatedActivityID=\"\"></Correlation>\n<Execution ProcessID=\"4020\" ThreadID=\"2580\"></Execution>\n<Channel>Microsoft-Windows-PowerShell/Operational</Channel>\n<Computer>Ramadan</Computer>\n<Security UserID=\"S-1-5-21-145345821-4241028641-590995675-1001\"></Security>\n</System>\n<EventData></EventData>\n</Event>\n"}
{"file": "files\\Windows\\System32\\winevt\\Logs\\Microsoft-Windows-PowerShell.evtx", "record_num": 21, "timestamp": "2025-10-23T18:54:58.950689", "event_id": null, "xml_snippet": "<Event xmlns=\"http://schemas.microsoft.com/win/2004/08/events/event\"><System><Provider Name=\"Microsoft-Windows-PowerShell\" Guid=\"{a0c1853b-5c40-4b15-8766-3cf1c58f985a}\"></Provider>\n<EventID Qualifiers=\"\">4104</EventID>\n<Version>1</Version>\n<Level>3</Level>\n<Task>2</Task>\n<Opcode>15</Opcode>\n<Keywords>0x0000000000000000</Keywords>\n<TimeCreated SystemTime=\"2025-10-23 18:54:58.950689\"></TimeCreated>\n<EventRecordID>21</EventRecordID>\n<Correlation ActivityID=\"{1c50eb5a-444a-0001-b103-531c4a44dc01}\" RelatedActivityID=\"\"></Correlation>\n<Execution ProcessID=\"4020\" ThreadID=\"1372\"></Execution>\n<Channel>Microsoft-Windows-PowerShell/Operational</Channel>\n<Computer>Ramadan</Computer>\n<Security UserID=\"S-1-5-21-145345821-4241028641-590995675-1001\"></Security>\n</System>\n<EventData><Data Name=\"MessageNum"}
{"file": "files\\Windows\\System32\\winevt\\Logs\\Microsoft-Windows-PowerShell.evtx", "record_num": 22, "timestamp": "2025-10-23T18:54:58.950726", "event_id": null, "xml_snippet": "<Event xmlns=\"http://schemas.microsoft.com/win/2004/08/events/event\"><System><Provider Name=\"Microsoft-Windows-PowerShell\" Guid=\"{a0c1853b-5c40-4b15-8766-3cf1c58f985a}\"></Provider>\n<EventID Qualifiers=\"\">4104</EventID>\n<Version>1</Version>\n<Level>3</Level>\n<Task>2</Task>\n<Opcode>15</Opcode>\n<Keywords>0x0000000000000000</Keywords>\n<TimeCreated SystemTime=\"2025-10-23 18:54:58.950726\"></TimeCreated>\n<EventRecordID>22</EventRecordID>\n<Correlation ActivityID=\"{1c50eb5a-444a-0001-b103-531c4a44dc01}\" RelatedActivityID=\"\"></Correlation>\n<Execution ProcessID=\"4020\" ThreadID=\"1372\"></Execution>\n<Channel>Microsoft-Windows-PowerShell/Operational</Channel>\n<Computer>Ramadan</Computer>\n<Security UserID=\"S-1-5-21-145345821-4241028641-590995675-1001\"></Security>\n</System>\n<EventData><Data Name=\"MessageNum"}
{"file": "files\\Windows\\System32\\winevt\\Logs\\Microsoft-Windows-PowerShell.evtx", "record_num": 23, "timestamp": "2025-10-23T18:54:58.952469", "event_id": null, "xml_snippet": "<Event xmlns=\"http://schemas.microsoft.com/win/2004/08/events/event\"><System><Provider Name=\"Microsoft-Windows-PowerShell\" Guid=\"{a0c1853b-5c40-4b15-8766-3cf1c58f985a}\"></Provider>\n<EventID Qualifiers=\"\">4104</EventID>\n<Version>1</Version>\n<Level>3</Level>\n<Task>2</Task>\n<Opcode>15</Opcode>\n<Keywords>0x0000000000000000</Keywords>\n<TimeCreated SystemTime=\"2025-10-23 18:54:58.952469\"></TimeCreated>\n<EventRecordID>23</EventRecordID>\n<Correlation ActivityID=\"{1c50eb5a-444a-0001-b103-531c4a44dc01}\" RelatedActivityID=\"\"></Correlation>\n<Execution ProcessID=\"4020\" ThreadID=\"1372\"></Execution>\n<Channel>Microsoft-Windows-PowerShell/Operational</Channel>\n<Computer>Ramadan</Computer>\n<Security UserID=\"S-1-5-21-145345821-4241028641-590995675-1001\"></Security>\n</System>\n<EventData><Data Name=\"MessageNum"}
{"file": "files\\Windows\\System32\\winevt\\Logs\\Microsoft-Windows-PowerShell.evtx", "record_num": 24, "timestamp": "2025-10-23T18:54:58.952538", "event_id": null, "xml_snippet": "<Event xmlns=\"http://schemas.microsoft.com/win/2004/08/events/event\"><System><Provider Name=\"Microsoft-Windows-PowerShell\" Guid=\"{a0c1853b-5c40-4b15-8766-3cf1c58f985a}\"></Provider>\n<EventID Qualifiers=\"\">4104</EventID>\n<Version>1</Version>\n<Level>3</Level>\n<Task>2</Task>\n<Opcode>15</Opcode>\n<Keywords>0x0000000000000000</Keywords>\n<TimeCreated SystemTime=\"2025-10-23 18:54:58.952538\"></TimeCreated>\n<EventRecordID>24</EventRecordID>\n<Correlation ActivityID=\"{1c50eb5a-444a-0001-b103-531c4a44dc01}\" RelatedActivityID=\"\"></Correlation>\n<Execution ProcessID=\"4020\" ThreadID=\"1372\"></Execution>\n<Channel>Microsoft-Windows-PowerShell/Operational</Channel>\n<Computer>Ramadan</Computer>\n<Security UserID=\"S-1-5-21-145345821-4241028641-590995675-1001\"></Security>\n</System>\n<EventData><Data Name=\"MessageNum"}
{"file": "files\\Windows\\System32\\winevt\\Logs\\Microsoft-Windows-PowerShell.evtx", "record_num": 25, "timestamp": "2025-10-23T18:54:58.952579", "event_id": null, "xml_snippet": "<Event xmlns=\"http://schemas.microsoft.com/win/2004/08/events/event\"><System><Provider Name=\"Microsoft-Windows-PowerShell\" Guid=\"{a0c1853b-5c40-4b15-8766-3cf1c58f985a}\"></Provider>\n<EventID Qualifiers=\"\">4104</EventID>\n<Version>1</Version>\n<Level>3</Level>\n<Task>2</Task>\n<Opcode>15</Opcode>\n<Keywords>0x0000000000000000</Keywords>\n<TimeCreated SystemTime=\"2025-10-23 18:54:58.952579\"></TimeCreated>\n<EventRecordID>25</EventRecordID>\n<Correlation ActivityID=\"{1c50eb5a-444a-0001-b103-531c4a44dc01}\" RelatedActivityID=\"\"></Correlation>\n<Execution ProcessID=\"4020\" ThreadID=\"1372\"></Execution>\n<Channel>Microsoft-Windows-PowerShell/Operational</Channel>\n<Computer>Ramadan</Computer>\n<Security UserID=\"S-1-5-21-145345821-4241028641-590995675-1001\"></Security>\n</System>\n<EventData><Data Name=\"MessageNum"}
{"file": "files\\Windows\\System32\\winevt\\Logs\\Microsoft-Windows-PowerShell.evtx", "record_num": 26, "timestamp": "2025-10-23T18:54:58.952610", "event_id": null, "xml_snippet": "<Event xmlns=\"http://schemas.microsoft.com/win/2004/08/events/event\"><System><Provider Name=\"Microsoft-Windows-PowerShell\" Guid=\"{a0c1853b-5c40-4b15-8766-3cf1c58f985a}\"></Provider>\n<EventID Qualifiers=\"\">4104</EventID>\n<Version>1</Version>\n<Level>3</Level>\n<Task>2</Task>\n<Opcode>15</Opcode>\n<Keywords>0x0000000000000000</Keywords>\n<TimeCreated SystemTime=\"2025-10-23 18:54:58.952610\"></TimeCreated>\n<EventRecordID>26</EventRecordID>\n<Correlation ActivityID=\"{1c50eb5a-444a-0001-b103-531c4a44dc01}\" RelatedActivityID=\"\"></Correlation>\n<Execution ProcessID=\"4020\" ThreadID=\"1372\"></Execution>\n<Channel>Microsoft-Windows-PowerShell/Operational</Channel>\n<Computer>Ramadan</Computer>\n<Security UserID=\"S-1-5-21-145345821-4241028641-590995675-1001\"></Security>\n</System>\n<EventData><Data Name=\"MessageNum"}
{"file": "files\\Windows\\System32\\winevt\\Logs\\Microsoft-Windows-PowerShell.evtx", "record_num": 27, "timestamp": "2025-10-23T18:54:58.952738", "event_id": null, "xml_snippet": "<Event xmlns=\"http://schemas.microsoft.com/win/2004/08/events/event\"><System><Provider Name=\"Microsoft-Windows-PowerShell\" Guid=\"{a0c1853b-5c40-4b15-8766-3cf1c58f985a}\"></Provider>\n<EventID Qualifiers=\"\">4104</EventID>\n<Version>1</Version>\n<Level>3</Level>\n<Task>2</Task>\n<Opcode>15</Opcode>\n<Keywords>0x0000000000000000</Keywords>\n<TimeCreated SystemTime=\"2025-10-23 18:54:58.952738\"></TimeCreated>\n<EventRecordID>27</EventRecordID>\n<Correlation ActivityID=\"{1c50eb5a-444a-0001-b103-531c4a44dc01}\" RelatedActivityID=\"\"></Correlation>\n<Execution ProcessID=\"4020\" ThreadID=\"1372\"></Execution>\n<Channel>Microsoft-Windows-PowerShell/Operational</Channel>\n<Computer>Ramadan</Computer>\n<Security UserID=\"S-1-5-21-145345821-4241028641-590995675-1001\"></Security>\n</System>\n<EventData><Data Name=\"MessageNum"}
{"file": "files\\Windows\\System32\\winevt\\Logs\\Microsoft-Windows-PowerShell.evtx", "record_num": 28, "timestamp": "2025-10-23T18:54:58.952757", "event_id": null, "xml_snippet": "<Event xmlns=\"http://schemas.microsoft.com/win/2004/08/events/event\"><System><Provider Name=\"Microsoft-Windows-PowerShell\" Guid=\"{a0c1853b-5c40-4b15-8766-3cf1c58f985a}\"></Provider>\n<EventID Qualifiers=\"\">4104</EventID>\n<Version>1</Version>\n<Level>3</Level>\n<Task>2</Task>\n<Opcode>15</Opcode>\n<Keywords>0x0000000000000000</Keywords>\n<TimeCreated SystemTime=\"2025-10-23 18:54:58.952757\"></TimeCreated>\n<EventRecordID>28</EventRecordID>\n<Correlation ActivityID=\"{1c50eb5a-444a-0001-b103-531c4a44dc01}\" RelatedActivityID=\"\"></Correlation>\n<Execution ProcessID=\"4020\" ThreadID=\"1372\"></Execution>\n<Channel>Microsoft-Windows-PowerShell/Operational</Channel>\n<Computer>Ramadan</Computer>\n<Security UserID=\"S-1-5-21-145345821-4241028641-590995675-1001\"></Security>\n</System>\n<EventData><Data Name=\"MessageNum"}
{"file": "files\\Windows\\System32\\winevt\\Logs\\Microsoft-Windows-PowerShell.evtx", "record_num": 29, "timestamp": "2025-10-23T18:54:59.572723", "event_id": null, "xml_snippet": "<Event xmlns=\"http://schemas.microsoft.com/win/2004/08/events/event\"><System><Provider Name=\"Microsoft-Windows-PowerShell\" Guid=\"{a0c1853b-5c40-4b15-8766-3cf1c58f985a}\"></Provider>\n<EventID Qualifiers=\"\">4104</EventID>\n<Version>1</Version>\n<Level>3</Level>\n<Task>2</Task>\n<Opcode>15</Opcode>\n<Keywords>0x0000000000000000</Keywords>\n<TimeCreated SystemTime=\"2025-10-23 18:54:59.572723\"></TimeCreated>\n<EventRecordID>29</EventRecordID>\n<Correlation ActivityID=\"{1c50eb5a-444a-0001-f306-531c4a44dc01}\" RelatedActivityID=\"\"></Correlation>\n<Execution ProcessID=\"4020\" ThreadID=\"1372\"></Execution>\n<Channel>Microsoft-Windows-PowerShell/Operational</Channel>\n<Computer>Ramadan</Computer>\n<Security UserID=\"S-1-5-21-145345821-4241028641-590995675-1001\"></Security>\n</System>\n<EventData><Data Name=\"MessageNum"}
{"file": "files\\Windows\\System32\\winevt\\Logs\\Microsoft-Windows-PowerShell.evtx", "record_num": 30, "timestamp": "2025-10-23T18:54:59.572800", "event_id": null, "xml_snippet": "<Event xmlns=\"http://schemas.microsoft.com/win/2004/08/events/event\"><System><Provider Name=\"Microsoft-Windows-PowerShell\" Guid=\"{a0c1853b-5c40-4b15-8766-3cf1c58f985a}\"></Provider>\n<EventID Qualifiers=\"\">4104</EventID>\n<Version>1</Version>\n<Level>3</Level>\n<Task>2</Task>\n<Opcode>15</Opcode>\n<Keywords>0x0000000000000000</Keywords>\n<TimeCreated SystemTime=\"2025-10-23 18:54:59.572800\"></TimeCreated>\n<EventRecordID>30</EventRecordID>\n<Correlation ActivityID=\"{1c50eb5a-444a-0001-f306-531c4a44dc01}\" RelatedActivityID=\"\"></Correlation>\n<Execution ProcessID=\"4020\" ThreadID=\"1372\"></Execution>\n<Channel>Microsoft-Windows-PowerShell/Operational</Channel>\n<Computer>Ramadan</Computer>\n<Security UserID=\"S-1-5-21-145345821-4241028641-590995675-1001\"></Security>\n</System>\n<EventData><Data Name=\"MessageNum"}
{"file": "files\\Windows\\System32\\winevt\\Logs\\Microsoft-Windows-PowerShell.evtx", "record_num": 31, "timestamp": "2025-10-23T18:54:59.572868", "event_id": null, "xml_snippet": "<Event xmlns=\"http://schemas.microsoft.com/win/2004/08/events/event\"><System><Provider Name=\"Microsoft-Windows-PowerShell\" Guid=\"{a0c1853b-5c40-4b15-8766-3cf1c58f985a}\"></Provider>\n<EventID Qualifiers=\"\">4104</EventID>\n<Version>1</Version>\n<Level>3</Level>\n<Task>2</Task>\n<Opcode>15</Opcode>\n<Keywords>0x0000000000000000</Keywords>\n<TimeCreated SystemTime=\"2025-10-23 18:54:59.572868\"></TimeCreated>\n<EventRecordID>31</EventRecordID>\n<Correlation ActivityID=\"{1c50eb5a-444a-0001-f306-531c4a44dc01}\" RelatedActivityID=\"\"></Correlation>\n<Execution ProcessID=\"4020\" ThreadID=\"1372\"></Execution>\n<Channel>Microsoft-Windows-PowerShell/Operational</Channel>\n<Computer>Ramadan</Computer>\n<Security UserID=\"S-1-5-21-145345821-4241028641-590995675-1001\"></Security>\n</System>\n<EventData><Data Name=\"MessageNum"}
{"file": "files\\Windows\\System32\\winevt\\Logs\\Microsoft-Windows-PowerShell.evtx", "record_num": 32, "timestamp": "2025-10-23T18:54:59.573053", "event_id": null, "xml_snippet": "<Event xmlns=\"http://schemas.microsoft.com/win/2004/08/events/event\"><System><Provider Name=\"Microsoft-Windows-PowerShell\" Guid=\"{a0c1853b-5c40-4b15-8766-3cf1c58f985a}\"></Provider>\n<EventID Qualifiers=\"\">4104</EventID>\n<Version>1</Version>\n<Level>3</Level>\n<Task>2</Task>\n<Opcode>15</Opcode>\n<Keywords>0x0000000000000000</Keywords>\n<TimeCreated SystemTime=\"2025-10-23 18:54:59.573053\"></TimeCreated>\n<EventRecordID>32</EventRecordID>\n<Correlation ActivityID=\"{1c50eb5a-444a-0001-f306-531c4a44dc01}\" RelatedActivityID=\"\"></Correlation>\n<Execution ProcessID=\"4020\" ThreadID=\"1372\"></Execution>\n<Channel>Microsoft-Windows-PowerShell/Operational</Channel>\n<Computer>Ramadan</Computer>\n<Security UserID=\"S-1-5-21-145345821-4241028641-590995675-1001\"></Security>\n</System>\n<EventData><Data Name=\"MessageNum"}
{"file": "files\\Windows\\System32\\winevt\\Logs\\Microsoft-Windows-PowerShell.evtx", "record_num": 33, "timestamp": "2025-10-23T18:54:59.573130", "event_id": null, "xml_snippet": "<Event xmlns=\"http://schemas.microsoft.com/win/2004/08/events/event\"><System><Provider Name=\"Microsoft-Windows-PowerShell\" Guid=\"{a0c1853b-5c40-4b15-8766-3cf1c58f985a}\"></Provider>\n<EventID Qualifiers=\"\">4104</EventID>\n<Version>1</Version>\n<Level>3</Level>\n<Task>2</Task>\n<Opcode>15</Opcode>\n<Keywords>0x0000000000000000</Keywords>\n<TimeCreated SystemTime=\"2025-10-23 18:54:59.573130\"></TimeCreated>\n<EventRecordID>33</EventRecordID>\n<Correlation ActivityID=\"{1c50eb5a-444a-0001-f306-531c4a44dc01}\" RelatedActivityID=\"\"></Correlation>\n<Execution ProcessID=\"4020\" ThreadID=\"1372\"></Execution>\n<Channel>Microsoft-Windows-PowerShell/Operational</Channel>\n<Computer>Ramadan</Computer>\n<Security UserID=\"S-1-5-21-145345821-4241028641-590995675-1001\"></Security>\n</System>\n<EventData><Data Name=\"MessageNum"}
{"file": "files\\Windows\\System32\\winevt\\Logs\\Microsoft-Windows-PowerShell.evtx", "record_num": 34, "timestamp": "2025-10-23T18:54:59.573189", "event_id": null, "xml_snippet": "<Event xmlns=\"http://schemas.microsoft.com/win/2004/08/events/event\"><System><Provider Name=\"Microsoft-Windows-PowerShell\" Guid=\"{a0c1853b-5c40-4b15-8766-3cf1c58f985a}\"></Provider>\n<EventID Qualifiers=\"\">4104</EventID>\n<Version>1</Version>\n<Level>3</Level>\n<Task>2</Task>\n<Opcode>15</Opcode>\n<Keywords>0x0000000000000000</Keywords>\n<TimeCreated SystemTime=\"2025-10-23 18:54:59.573189\"></TimeCreated>\n<EventRecordID>34</EventRecordID>\n<Correlation ActivityID=\"{1c50eb5a-444a-0001-f306-531c4a44dc01}\" RelatedActivityID=\"\"></Correlation>\n<Execution ProcessID=\"4020\" ThreadID=\"1372\"></Execution>\n<Channel>Microsoft-Windows-PowerShell/Operational</Channel>\n<Computer>Ramadan</Computer>\n<Security UserID=\"S-1-5-21-145345821-4241028641-590995675-1001\"></Security>\n</System>\n<EventData><Data Name=\"MessageNum"}
{"file": "files\\Windows\\System32\\winevt\\Logs\\Microsoft-Windows-PowerShell.evtx", "record_num": 35, "timestamp": "2025-10-23T18:54:59.573250", "event_id": null, "xml_snippet": "<Event xmlns=\"http://schemas.microsoft.com/win/2004/08/events/event\"><System><Provider Name=\"Microsoft-Windows-PowerShell\" Guid=\"{a0c1853b-5c40-4b15-8766-3cf1c58f985a}\"></Provider>\n<EventID Qualifiers=\"\">4104</EventID>\n<Version>1</Version>\n<Level>3</Level>\n<Task>2</Task>\n<Opcode>15</Opcode>\n<Keywords>0x0000000000000000</Keywords>\n<TimeCreated SystemTime=\"2025-10-23 18:54:59.573250\"></TimeCreated>\n<EventRecordID>35</EventRecordID>\n<Correlation ActivityID=\"{1c50eb5a-444a-0001-f306-531c4a44dc01}\" RelatedActivityID=\"\"></Correlation>\n<Execution ProcessID=\"4020\" ThreadID=\"1372\"></Execution>\n<Channel>Microsoft-Windows-PowerShell/Operational</Channel>\n<Computer>Ramadan</Computer>\n<Security UserID=\"S-1-5-21-145345821-4241028641-590995675-1001\"></Security>\n</System>\n<EventData><Data Name=\"MessageNum"}
{"file": "files\\Windows\\System32\\winevt\\Logs\\Microsoft-Windows-PowerShell.evtx", "record_num": 36, "timestamp": "2025-10-23T18:54:59.573744", "event_id": null, "xml_snippet": "<Event xmlns=\"http://schemas.microsoft.com/win/2004/08/events/event\"><System><Provider Name=\"Microsoft-Windows-PowerShell\" Guid=\"{a0c1853b-5c40-4b15-8766-3cf1c58f985a}\"></Provider>\n<EventID Qualifiers=\"\">4104</EventID>\n<Version>1</Version>\n<Level>3</Level>\n<Task>2</Task>\n<Opcode>15</Opcode>\n<Keywords>0x0000000000000000</Keywords>\n<TimeCreated SystemTime=\"2025-10-23 18:54:59.573744\"></TimeCreated>\n<EventRecordID>36</EventRecordID>\n<Correlation ActivityID=\"{1c50eb5a-444a-0001-f306-531c4a44dc01}\" RelatedActivityID=\"\"></Correlation>\n<Execution ProcessID=\"4020\" ThreadID=\"1372\"></Execution>\n<Channel>Microsoft-Windows-PowerShell/Operational</Channel>\n<Computer>Ramadan</Computer>\n<Security UserID=\"S-1-5-21-145345821-4241028641-590995675-1001\"></Security>\n</System>\n<EventData><Data Name=\"MessageNum"}
{"file": "files\\Windows\\System32\\winevt\\Logs\\Microsoft-Windows-PowerShell.evtx", "record_num": 37, "timestamp": "2025-10-23T18:54:59.573814", "event_id": null, "xml_snippet": "<Event xmlns=\"http://schemas.microsoft.com/win/2004/08/events/event\"><System><Provider Name=\"Microsoft-Windows-PowerShell\" Guid=\"{a0c1853b-5c40-4b15-8766-3cf1c58f985a}\"></Provider>\n<EventID Qualifiers=\"\">4104</EventID>\n<Version>1</Version>\n<Level>3</Level>\n<Task>2</Task>\n<Opcode>15</Opcode>\n<Keywords>0x0000000000000000</Keywords>\n<TimeCreated SystemTime=\"2025-10-23 18:54:59.573814\"></TimeCreated>\n<EventRecordID>37</EventRecordID>\n<Correlation ActivityID=\"{1c50eb5a-444a-0001-f306-531c4a44dc01}\" RelatedActivityID=\"\"></Correlation>\n<Execution ProcessID=\"4020\" ThreadID=\"1372\"></Execution>\n<Channel>Microsoft-Windows-PowerShell/Operational</Channel>\n<Computer>Ramadan</Computer>\n<Security UserID=\"S-1-5-21-145345821-4241028641-590995675-1001\"></Security>\n</System>\n<EventData><Data Name=\"MessageNum"}
{"file": "files\\Windows\\System32\\winevt\\Logs\\Microsoft-Windows-PowerShell.evtx", "record_num": 38, "timestamp": "2025-10-23T18:54:59.574211", "event_id": null, "xml_snippet": "<Event xmlns=\"http://schemas.microsoft.com/win/2004/08/events/event\"><System><Provider Name=\"Microsoft-Windows-PowerShell\" Guid=\"{a0c1853b-5c40-4b15-8766-3cf1c58f985a}\"></Provider>\n<EventID Qualifiers=\"\">4104</EventID>\n<Version>1</Version>\n<Level>3</Level>\n<Task>2</Task>\n<Opcode>15</Opcode>\n<Keywords>0x0000000000000000</Keywords>\n<TimeCreated SystemTime=\"2025-10-23 18:54:59.574211\"></TimeCreated>\n<EventRecordID>38</EventRecordID>\n<Correlation ActivityID=\"{1c50eb5a-444a-0001-f306-531c4a44dc01}\" RelatedActivityID=\"\"></Correlation>\n<Execution ProcessID=\"4020\" ThreadID=\"1372\"></Execution>\n<Channel>Microsoft-Windows-PowerShell/Operational</Channel>\n<Computer>Ramadan</Computer>\n<Security UserID=\"S-1-5-21-145345821-4241028641-590995675-1001\"></Security>\n</System>\n<EventData><Data Name=\"MessageNum"}
{"file": "files\\Windows\\System32\\winevt\\Logs\\Microsoft-Windows-PowerShell.evtx", "record_num": 39, "timestamp": "2025-10-23T18:54:59.574268", "event_id": null, "xml_snippet": "<Event xmlns=\"http://schemas.microsoft.com/win/2004/08/events/event\"><System><Provider Name=\"Microsoft-Windows-PowerShell\" Guid=\"{a0c1853b-5c40-4b15-8766-3cf1c58f985a}\"></Provider>\n<EventID Qualifiers=\"\">4104</EventID>\n<Version>1</Version>\n<Level>3</Level>\n<Task>2</Task>\n<Opcode>15</Opcode>\n<Keywords>0x0000000000000000</Keywords>\n<TimeCreated SystemTime=\"2025-10-23 18:54:59.574268\"></TimeCreated>\n<EventRecordID>39</EventRecordID>\n<Correlation ActivityID=\"{1c50eb5a-444a-0001-f306-531c4a44dc01}\" RelatedActivityID=\"\"></Correlation>\n<Execution ProcessID=\"4020\" ThreadID=\"1372\"></Execution>\n<Channel>Microsoft-Windows-PowerShell/Operational</Channel>\n<Computer>Ramadan</Computer>\n<Security UserID=\"S-1-5-21-145345821-4241028641-590995675-1001\"></Security>\n</System>\n<EventData><Data Name=\"MessageNum"}
{"file": "files\\Windows\\System32\\winevt\\Logs\\Microsoft-Windows-PowerShell.evtx", "record_num": 40, "timestamp": "2025-10-23T18:54:59.574335", "event_id": null, "xml_snippet": "<Event xmlns=\"http://schemas.microsoft.com/win/2004/08/events/event\"><System><Provider Name=\"Microsoft-Windows-PowerShell\" Guid=\"{a0c1853b-5c40-4b15-8766-3cf1c58f985a}\"></Provider>\n<EventID Qualifiers=\"\">4104</EventID>\n<Version>1</Version>\n<Level>3</Level>\n<Task>2</Task>\n<Opcode>15</Opcode>\n<Keywords>0x0000000000000000</Keywords>\n<TimeCreated SystemTime=\"2025-10-23 18:54:59.574335\"></TimeCreated>\n<EventRecordID>40</EventRecordID>\n<Correlation ActivityID=\"{1c50eb5a-444a-0001-f306-531c4a44dc01}\" RelatedActivityID=\"\"></Correlation>\n<Execution ProcessID=\"4020\" ThreadID=\"1372\"></Execution>\n<Channel>Microsoft-Windows-PowerShell/Operational</Channel>\n<Computer>Ramadan</Computer>\n<Security UserID=\"S-1-5-21-145345821-4241028641-590995675-1001\"></Security>\n</System>\n<EventData><Data Name=\"MessageNum"}
{"file": "files\\Windows\\System32\\winevt\\Logs\\Microsoft-Windows-PowerShell.evtx", "record_num": 41, "timestamp": "2025-10-23T18:54:59.574373", "event_id": null, "xml_snippet": "<Event xmlns=\"http://schemas.microsoft.com/win/2004/08/events/event\"><System><Provider Name=\"Microsoft-Windows-PowerShell\" Guid=\"{a0c1853b-5c40-4b15-8766-3cf1c58f985a}\"></Provider>\n<EventID Qualifiers=\"\">4104</EventID>\n<Version>1</Version>\n<Level>3</Level>\n<Task>2</Task>\n<Opcode>15</Opcode>\n<Keywords>0x0000000000000000</Keywords>\n<TimeCreated SystemTime=\"2025-10-23 18:54:59.574373\"></TimeCreated>\n<EventRecordID>41</EventRecordID>\n<Correlation ActivityID=\"{1c50eb5a-444a-0001-f306-531c4a44dc01}\" RelatedActivityID=\"\"></Correlation>\n<Execution ProcessID=\"4020\" ThreadID=\"1372\"></Execution>\n<Channel>Microsoft-Windows-PowerShell/Operational</Channel>\n<Computer>Ramadan</Computer>\n<Security UserID=\"S-1-5-21-145345821-4241028641-590995675-1001\"></Security>\n</System>\n<EventData><Data Name=\"MessageNum"}
{"file": "files\\Windows\\System32\\winevt\\Logs\\Microsoft-Windows-PowerShell.evtx", "record_num": 42, "timestamp": "2025-10-23T18:54:59.574436", "event_id": null, "xml_snippet": "<Event xmlns=\"http://schemas.microsoft.com/win/2004/08/events/event\"><System><Provider Name=\"Microsoft-Windows-PowerShell\" Guid=\"{a0c1853b-5c40-4b15-8766-3cf1c58f985a}\"></Provider>\n<EventID Qualifiers=\"\">4104</EventID>\n<Version>1</Version>\n<Level>3</Level>\n<Task>2</Task>\n<Opcode>15</Opcode>\n<Keywords>0x0000000000000000</Keywords>\n<TimeCreated SystemTime=\"2025-10-23 18:54:59.574436\"></TimeCreated>\n<EventRecordID>42</EventRecordID>\n<Correlation ActivityID=\"{1c50eb5a-444a-0001-f306-531c4a44dc01}\" RelatedActivityID=\"\"></Correlation>\n<Execution ProcessID=\"4020\" ThreadID=\"1372\"></Execution>\n<Channel>Microsoft-Windows-PowerShell/Operational</Channel>\n<Computer>Ramadan</Computer>\n<Security UserID=\"S-1-5-21-145345821-4241028641-590995675-1001\"></Security>\n</System>\n<EventData><Data Name=\"MessageNum"}
{"file": "files\\Windows\\System32\\winevt\\Logs\\Microsoft-Windows-PowerShell.evtx", "record_num": 43, "timestamp": "2025-10-23T18:54:59.574450", "event_id": null, "xml_snippet": "<Event xmlns=\"http://schemas.microsoft.com/win/2004/08/events/event\"><System><Provider Name=\"Microsoft-Windows-PowerShell\" Guid=\"{a0c1853b-5c40-4b15-8766-3cf1c58f985a}\"></Provider>\n<EventID Qualifiers=\"\">4104</EventID>\n<Version>1</Version>\n<Level>3</Level>\n<Task>2</Task>\n<Opcode>15</Opcode>\n<Keywords>0x0000000000000000</Keywords>\n<TimeCreated SystemTime=\"2025-10-23 18:54:59.574450\"></TimeCreated>\n<EventRecordID>43</EventRecordID>\n<Correlation ActivityID=\"{1c50eb5a-444a-0001-f306-531c4a44dc01}\" RelatedActivityID=\"\"></Correlation>\n<Execution ProcessID=\"4020\" ThreadID=\"1372\"></Execution>\n<Channel>Microsoft-Windows-PowerShell/Operational</Channel>\n<Computer>Ramadan</Computer>\n<Security UserID=\"S-1-5-21-145345821-4241028641-590995675-1001\"></Security>\n</System>\n<EventData><Data Name=\"MessageNum"}
{"file": "files\\Windows\\System32\\winevt\\Logs\\Microsoft-Windows-PowerShell.evtx", "record_num": 44, "timestamp": "2025-10-23T18:55:00.147280", "event_id": null, "xml_snippet": "<Event xmlns=\"http://schemas.microsoft.com/win/2004/08/events/event\"><System><Provider Name=\"Microsoft-Windows-PowerShell\" Guid=\"{a0c1853b-5c40-4b15-8766-3cf1c58f985a}\"></Provider>\n<EventID Qualifiers=\"\">4104</EventID>\n<Version>1</Version>\n<Level>3</Level>\n<Task>2</Task>\n<Opcode>15</Opcode>\n<Keywords>0x0000000000000000</Keywords>\n<TimeCreated SystemTime=\"2025-10-23 18:55:00.147280\"></TimeCreated>\n<EventRecordID>44</EventRecordID>\n<Correlation ActivityID=\"{1c50eb5a-444a-0000-9182-531c4a44dc01}\" RelatedActivityID=\"\"></Correlation>\n<Execution ProcessID=\"4020\" ThreadID=\"1372\"></Execution>\n<Channel>Microsoft-Windows-PowerShell/Operational</Channel>\n<Computer>Ramadan</Computer>\n<Security UserID=\"S-1-5-21-145345821-4241028641-590995675-1001\"></Security>\n</System>\n<EventData><Data Name=\"MessageNum"}
{"file": "files\\Windows\\System32\\winevt\\Logs\\Microsoft-Windows-PowerShell.evtx", "record_num": 45, "timestamp": "2025-10-23T18:55:00.147356", "event_id": null, "xml_snippet": "<Event xmlns=\"http://schemas.microsoft.com/win/2004/08/events/event\"><System><Provider Name=\"Microsoft-Windows-PowerShell\" Guid=\"{a0c1853b-5c40-4b15-8766-3cf1c58f985a}\"></Provider>\n<EventID Qualifiers=\"\">4104</EventID>\n<Version>1</Version>\n<Level>3</Level>\n<Task>2</Task>\n<Opcode>15</Opcode>\n<Keywords>0x0000000000000000</Keywords>\n<TimeCreated SystemTime=\"2025-10-23 18:55:00.147356\"></TimeCreated>\n<EventRecordID>45</EventRecordID>\n<Correlation ActivityID=\"{1c50eb5a-444a-0000-9182-531c4a44dc01}\" RelatedActivityID=\"\"></Correlation>\n<Execution ProcessID=\"4020\" ThreadID=\"1372\"></Execution>\n<Channel>Microsoft-Windows-PowerShell/Operational</Channel>\n<Computer>Ramadan</Computer>\n<Security UserID=\"S-1-5-21-145345821-4241028641-590995675-1001\"></Security>\n</System>\n<EventData><Data Name=\"MessageNum"}
{"file": "files\\Windows\\System32\\winevt\\Logs\\Microsoft-Windows-PowerShell.evtx", "record_num": 46, "timestamp": "2025-10-23T18:55:00.147415", "event_id": null, "xml_snippet": "<Event xmlns=\"http://schemas.microsoft.com/win/2004/08/events/event\"><System><Provider Name=\"Microsoft-Windows-PowerShell\" Guid=\"{a0c1853b-5c40-4b15-8766-3cf1c58f985a}\"></Provider>\n<EventID Qualifiers=\"\">4104</EventID>\n<Version>1</Version>\n<Level>3</Level>\n<Task>2</Task>\n<Opcode>15</Opcode>\n<Keywords>0x0000000000000000</Keywords>\n<TimeCreated SystemTime=\"2025-10-23 18:55:00.147415\"></TimeCreated>\n<EventRecordID>46</EventRecordID>\n<Correlation ActivityID=\"{1c50eb5a-444a-0000-9182-531c4a44dc01}\" RelatedActivityID=\"\"></Correlation>\n<Execution ProcessID=\"4020\" ThreadID=\"1372\"></Execution>\n<Channel>Microsoft-Windows-PowerShell/Operational</Channel>\n<Computer>Ramadan</Computer>\n<Security UserID=\"S-1-5-21-145345821-4241028641-590995675-1001\"></Security>\n</System>\n<EventData><Data Name=\"MessageNum"}
{"file": "files\\Windows\\System32\\winevt\\Logs\\Microsoft-Windows-PowerShell.evtx", "record_num": 47, "timestamp": "2025-10-23T18:55:00.147470", "event_id": null, "xml_snippet": "<Event xmlns=\"http://schemas.microsoft.com/win/2004/08/events/event\"><System><Provider Name=\"Microsoft-Windows-PowerShell\" Guid=\"{a0c1853b-5c40-4b15-8766-3cf1c58f985a}\"></Provider>\n<EventID Qualifiers=\"\">4104</EventID>\n<Version>1</Version>\n<Level>3</Level>\n<Task>2</Task>\n<Opcode>15</Opcode>\n<Keywords>0x0000000000000000</Keywords>\n<TimeCreated SystemTime=\"2025-10-23 18:55:00.147470\"></TimeCreated>\n<EventRecordID>47</EventRecordID>\n<Correlation ActivityID=\"{1c50eb5a-444a-0000-9182-531c4a44dc01}\" RelatedActivityID=\"\"></Correlation>\n<Execution ProcessID=\"4020\" ThreadID=\"1372\"></Execution>\n<Channel>Microsoft-Windows-PowerShell/Operational</Channel>\n<Computer>Ramadan</Computer>\n<Security UserID=\"S-1-5-21-145345821-4241028641-590995675-1001\"></Security>\n</System>\n<EventData><Data Name=\"MessageNum"}
{"file": "files\\Windows\\System32\\winevt\\Logs\\Microsoft-Windows-PowerShell.evtx", "record_num": 48, "timestamp": "2025-10-23T18:55:00.147596", "event_id": null, "xml_snippet": "<Event xmlns=\"http://schemas.microsoft.com/win/2004/08/events/event\"><System><Provider Name=\"Microsoft-Windows-PowerShell\" Guid=\"{a0c1853b-5c40-4b15-8766-3cf1c58f985a}\"></Provider>\n<EventID Qualifiers=\"\">4104</EventID>\n<Version>1</Version>\n<Level>3</Level>\n<Task>2</Task>\n<Opcode>15</Opcode>\n<Keywords>0x0000000000000000</Keywords>\n<TimeCreated SystemTime=\"2025-10-23 18:55:00.147596\"></TimeCreated>\n<EventRecordID>48</EventRecordID>\n<Correlation ActivityID=\"{1c50eb5a-444a-0000-9182-531c4a44dc01}\" RelatedActivityID=\"\"></Correlation>\n<Execution ProcessID=\"4020\" ThreadID=\"1372\"></Execution>\n<Channel>Microsoft-Windows-PowerShell/Operational</Channel>\n<Computer>Ramadan</Computer>\n<Security UserID=\"S-1-5-21-145345821-4241028641-590995675-1001\"></Security>\n</System>\n<EventData><Data Name=\"MessageNum"}
{"file": "files\\Windows\\System32\\winevt\\Logs\\Microsoft-Windows-PowerShell.evtx", "record_num": 49, "timestamp": "2025-10-23T18:55:00.147686", "event_id": null, "xml_snippet": "<Event xmlns=\"http://schemas.microsoft.com/win/2004/08/events/event\"><System><Provider Name=\"Microsoft-Windows-PowerShell\" Guid=\"{a0c1853b-5c40-4b15-8766-3cf1c58f985a}\"></Provider>\n<EventID Qualifiers=\"\">4104</EventID>\n<Version>1</Version>\n<Level>3</Level>\n<Task>2</Task>\n<Opcode>15</Opcode>\n<Keywords>0x0000000000000000</Keywords>\n<TimeCreated SystemTime=\"2025-10-23 18:55:00.147686\"></TimeCreated>\n<EventRecordID>49</EventRecordID>\n<Correlation ActivityID=\"{1c50eb5a-444a-0000-9182-531c4a44dc01}\" RelatedActivityID=\"\"></Correlation>\n<Execution ProcessID=\"4020\" ThreadID=\"1372\"></Execution>\n<Channel>Microsoft-Windows-PowerShell/Operational</Channel>\n<Computer>Ramadan</Computer>\n<Security UserID=\"S-1-5-21-145345821-4241028641-590995675-1001\"></Security>\n</System>\n<EventData><Data Name=\"MessageNum"}
{"file": "files\\Windows\\System32\\winevt\\Logs\\Microsoft-Windows-PowerShell.evtx", "record_num": 50, "timestamp": "2025-10-23T18:55:00.147778", "event_id": null, "xml_snippet": "<Event xmlns=\"http://schemas.microsoft.com/win/2004/08/events/event\"><System><Provider Name=\"Microsoft-Windows-PowerShell\" Guid=\"{a0c1853b-5c40-4b15-8766-3cf1c58f985a}\"></Provider>\n<EventID Qualifiers=\"\">4104</EventID>\n<Version>1</Version>\n<Level>3</Level>\n<Task>2</Task>\n<Opcode>15</Opcode>\n<Keywords>0x0000000000000000</Keywords>\n<TimeCreated SystemTime=\"2025-10-23 18:55:00.147778\"></TimeCreated>\n<EventRecordID>50</EventRecordID>\n<Correlation ActivityID=\"{1c50eb5a-444a-0000-9182-531c4a44dc01}\" RelatedActivityID=\"\"></Correlation>\n<Execution ProcessID=\"4020\" ThreadID=\"1372\"></Execution>\n<Channel>Microsoft-Windows-PowerShell/Operational</Channel>\n<Computer>Ramadan</Computer>\n<Security UserID=\"S-1-5-21-145345821-4241028641-590995675-1001\"></Security>\n</System>\n<EventData><Data Name=\"MessageNum"}
{"file": "files\\Windows\\System32\\winevt\\Logs\\Microsoft-Windows-PowerShell.evtx", "record_num": 51, "timestamp": "2025-10-23T18:55:00.147861", "event_id": null, "xml_snippet": "<Event xmlns=\"http://schemas.microsoft.com/win/2004/08/events/event\"><System><Provider Name=\"Microsoft-Windows-PowerShell\" Guid=\"{a0c1853b-5c40-4b15-8766-3cf1c58f985a}\"></Provider>\n<EventID Qualifiers=\"\">4104</EventID>\n<Version>1</Version>\n<Level>3</Level>\n<Task>2</Task>\n<Opcode>15</Opcode>\n<Keywords>0x0000000000000000</Keywords>\n<TimeCreated SystemTime=\"2025-10-23 18:55:00.147861\"></TimeCreated>\n<EventRecordID>51</EventRecordID>\n<Correlation ActivityID=\"{1c50eb5a-444a-0000-9182-531c4a44dc01}\" RelatedActivityID=\"\"></Correlation>\n<Execution ProcessID=\"4020\" ThreadID=\"1372\"></Execution>\n<Channel>Microsoft-Windows-PowerShell/Operational</Channel>\n<Computer>Ramadan</Computer>\n<Security UserID=\"S-1-5-21-145345821-4241028641-590995675-1001\"></Security>\n</System>\n<EventData><Data Name=\"MessageNum"}
{"file": "files\\Windows\\System32\\winevt\\Logs\\Microsoft-Windows-PowerShell.evtx", "record_num": 52, "timestamp": "2025-10-23T18:55:00.147945", "event_id": null, "xml_snippet": "<Event xmlns=\"http://schemas.microsoft.com/win/2004/08/events/event\"><System><Provider Name=\"Microsoft-Windows-PowerShell\" Guid=\"{a0c1853b-5c40-4b15-8766-3cf1c58f985a}\"></Provider>\n<EventID Qualifiers=\"\">4104</EventID>\n<Version>1</Version>\n<Level>3</Level>\n<Task>2</Task>\n<Opcode>15</Opcode>\n<Keywords>0x0000000000000000</Keywords>\n<TimeCreated SystemTime=\"2025-10-23 18:55:00.147945\"></TimeCreated>\n<EventRecordID>52</EventRecordID>\n<Correlation ActivityID=\"{1c50eb5a-444a-0000-9182-531c4a44dc01}\" RelatedActivityID=\"\"></Correlation>\n<Execution ProcessID=\"4020\" ThreadID=\"1372\"></Execution>\n<Channel>Microsoft-Windows-PowerShell/Operational</Channel>\n<Computer>Ramadan</Computer>\n<Security UserID=\"S-1-5-21-145345821-4241028641-590995675-1001\"></Security>\n</System>\n<EventData><Data Name=\"MessageNum"}
{"file": "files\\Windows\\System32\\winevt\\Logs\\Microsoft-Windows-PowerShell.evtx", "record_num": 53, "timestamp": "2025-10-23T18:55:00.148027", "event_id": null, "xml_snippet": "<Event xmlns=\"http://schemas.microsoft.com/win/2004/08/events/event\"><System><Provider Name=\"Microsoft-Windows-PowerShell\" Guid=\"{a0c1853b-5c40-4b15-8766-3cf1c58f985a}\"></Provider>\n<EventID Qualifiers=\"\">4104</EventID>\n<Version>1</Version>\n<Level>3</Level>\n<Task>2</Task>\n<Opcode>15</Opcode>\n<Keywords>0x0000000000000000</Keywords>\n<TimeCreated SystemTime=\"2025-10-23 18:55:00.148027\"></TimeCreated>\n<EventRecordID>53</EventRecordID>\n<Correlation ActivityID=\"{1c50eb5a-444a-0000-9182-531c4a44dc01}\" RelatedActivityID=\"\"></Correlation>\n<Execution ProcessID=\"4020\" ThreadID=\"1372\"></Execution>\n<Channel>Microsoft-Windows-PowerShell/Operational</Channel>\n<Computer>Ramadan</Computer>\n<Security UserID=\"S-1-5-21-145345821-4241028641-590995675-1001\"></Security>\n</System>\n<EventData><Data Name=\"MessageNum"}
{"file": "files\\Windows\\System32\\winevt\\Logs\\Microsoft-Windows-PowerShell.evtx", "record_num": 54, "timestamp": "2025-10-23T18:55:00.148111", "event_id": null, "xml_snippet": "<Event xmlns=\"http://schemas.microsoft.com/win/2004/08/events/event\"><System><Provider Name=\"Microsoft-Windows-PowerShell\" Guid=\"{a0c1853b-5c40-4b15-8766-3cf1c58f985a}\"></Provider>\n<EventID Qualifiers=\"\">4104</EventID>\n<Version>1</Version>\n<Level>3</Level>\n<Task>2</Task>\n<Opcode>15</Opcode>\n<Keywords>0x0000000000000000</Keywords>\n<TimeCreated SystemTime=\"2025-10-23 18:55:00.148111\"></TimeCreated>\n<EventRecordID>54</EventRecordID>\n<Correlation ActivityID=\"{1c50eb5a-444a-0000-9182-531c4a44dc01}\" RelatedActivityID=\"\"></Correlation>\n<Execution ProcessID=\"4020\" ThreadID=\"1372\"></Execution>\n<Channel>Microsoft-Windows-PowerShell/Operational</Channel>\n<Computer>Ramadan</Computer>\n<Security UserID=\"S-1-5-21-145345821-4241028641-590995675-1001\"></Security>\n</System>\n<EventData><Data Name=\"MessageNum"}
{"file": "files\\Windows\\System32\\winevt\\Logs\\Microsoft-Windows-PowerShell.evtx", "record_num": 55, "timestamp": "2025-10-23T18:55:00.148201", "event_id": null, "xml_snippet": "<Event xmlns=\"http://schemas.microsoft.com/win/2004/08/events/event\"><System><Provider Name=\"Microsoft-Windows-PowerShell\" Guid=\"{a0c1853b-5c40-4b15-8766-3cf1c58f985a}\"></Provider>\n<EventID Qualifiers=\"\">4104</EventID>\n<Version>1</Version>\n<Level>3</Level>\n<Task>2</Task>\n<Opcode>15</Opcode>\n<Keywords>0x0000000000000000</Keywords>\n<TimeCreated SystemTime=\"2025-10-23 18:55:00.148201\"></TimeCreated>\n<EventRecordID>55</EventRecordID>\n<Correlation ActivityID=\"{1c50eb5a-444a-0000-9182-531c4a44dc01}\" RelatedActivityID=\"\"></Correlation>\n<Execution ProcessID=\"4020\" ThreadID=\"1372\"></Execution>\n<Channel>Microsoft-Windows-PowerShell/Operational</Channel>\n<Computer>Ramadan</Computer>\n<Security UserID=\"S-1-5-21-145345821-4241028641-590995675-1001\"></Security>\n</System>\n<EventData><Data Name=\"MessageNum"}
{"file": "files\\Windows\\System32\\winevt\\Logs\\Microsoft-Windows-PowerShell.evtx", "record_num": 56, "timestamp": "2025-10-23T18:55:00.148283", "event_id": null, "xml_snippet": "<Event xmlns=\"http://schemas.microsoft.com/win/2004/08/events/event\"><System><Provider Name=\"Microsoft-Windows-PowerShell\" Guid=\"{a0c1853b-5c40-4b15-8766-3cf1c58f985a}\"></Provider>\n<EventID Qualifiers=\"\">4104</EventID>\n<Version>1</Version>\n<Level>3</Level>\n<Task>2</Task>\n<Opcode>15</Opcode>\n<Keywords>0x0000000000000000</Keywords>\n<TimeCreated SystemTime=\"2025-10-23 18:55:00.148283\"></TimeCreated>\n<EventRecordID>56</EventRecordID>\n<Correlation ActivityID=\"{1c50eb5a-444a-0000-9182-531c4a44dc01}\" RelatedActivityID=\"\"></Correlation>\n<Execution ProcessID=\"4020\" ThreadID=\"1372\"></Execution>\n<Channel>Microsoft-Windows-PowerShell/Operational</Channel>\n<Computer>Ramadan</Computer>\n<Security UserID=\"S-1-5-21-145345821-4241028641-590995675-1001\"></Security>\n</System>\n<EventData><Data Name=\"MessageNum"}
