{"file": "files\\Windows\\System32\\winevt\\Logs\\System.evtx", "record_num": 49, "timestamp": "2025-09-12T18:52:28.985424", "event_id": null, "xml_snippet": "<Event xmlns=\"http://schemas.microsoft.com/win/2004/08/events/event\"><System><Provider Name=\"Microsoft-Windows-FilterManager\" Guid=\"{f3c5e28e-63f6-49c7-a204-e48a1bc4b09d}\"></Provider>\n<EventID Qualifiers=\"\">6</EventID>\n<Version>0</Version>\n<Level>4</Level>\n<Task>0</Task>\n<Opcode>0</Opcode>\n<Keywords>0x8000000000000000</Keywords>\n<TimeCreated SystemTime=\"2025-09-12 18:52:28.985424\"></TimeCreated>\n<EventRecordID>49</EventRecordID>\n<Correlation ActivityID=\"\" RelatedActivityID=\"\"></Correlation>\n<Execution ProcessID=\"4\" ThreadID=\"96\"></Execution>\n<Channel>System</Channel>\n<Computer>WIN-DAOI7R3U9SA</Computer>\n<Security UserID=\"S-1-5-18\"></Security>\n</System>\n<EventData><Data Name=\"FinalStatus\">0x00000000</Data>\n<Data Name=\"DeviceVersionMajor\">10</Data>\n<Data Name=\"DeviceVersionMinor\">0</Data>\n<D"}
{"file": "files\\Windows\\System32\\winevt\\Logs\\System.evtx", "record_num": 50, "timestamp": "2025-09-12T18:52:29.066042", "event_id": null, "xml_snippet": "<Event xmlns=\"http://schemas.microsoft.com/win/2004/08/events/event\"><System><Provider Name=\"Service Control Manager\" Guid=\"{555908d1-a6d7-4695-8e1e-26931d2012f4}\" EventSourceName=\"Service Control Manager\"></Provider>\n<EventID Qualifiers=\"49152\">7023</EventID>\n<Version>0</Version>\n<Level>2</Level>\n<Task>0</Task>\n<Opcode>0</Opcode>\n<Keywords>0x8080000000000000</Keywords>\n<TimeCreated SystemTime=\"2025-09-12 18:52:29.066042\"></TimeCreated>\n<EventRecordID>50</EventRecordID>\n<Correlation ActivityID=\"\" RelatedActivityID=\"\"></Correlation>\n<Execution ProcessID=\"784\" ThreadID=\"400\"></Execution>\n<Channel>System</Channel>\n<Computer>WIN-DAOI7R3U9SA</Computer>\n<Security UserID=\"\"></Security>\n</System>\n<EventData><Data Name=\"param1\">netprofm</Data>\n<Data Name=\"param2\">%%21</Data>\n<Binary>bgBlAHQAcAByAG8"}
{"file": "files\\Windows\\System32\\winevt\\Logs\\System.evtx", "record_num": 51, "timestamp": "2025-09-12T18:52:29.182917", "event_id": null, "xml_snippet": "<Event xmlns=\"http://schemas.microsoft.com/win/2004/08/events/event\"><System><Provider Name=\"Microsoft-Windows-FilterManager\" Guid=\"{f3c5e28e-63f6-49c7-a204-e48a1bc4b09d}\"></Provider>\n<EventID Qualifiers=\"\">6</EventID>\n<Version>0</Version>\n<Level>4</Level>\n<Task>0</Task>\n<Opcode>0</Opcode>\n<Keywords>0x8000000000000000</Keywords>\n<TimeCreated SystemTime=\"2025-09-12 18:52:29.182917\"></TimeCreated>\n<EventRecordID>51</EventRecordID>\n<Correlation ActivityID=\"\" RelatedActivityID=\"\"></Correlation>\n<Execution ProcessID=\"4\" ThreadID=\"132\"></Execution>\n<Channel>System</Channel>\n<Computer>WIN-DAOI7R3U9SA</Computer>\n<Security UserID=\"S-1-5-18\"></Security>\n</System>\n<EventData><Data Name=\"FinalStatus\">0x00000000</Data>\n<Data Name=\"DeviceVersionMajor\">10</Data>\n<Data Name=\"DeviceVersionMinor\">0</Data>\n<"}
{"file": "files\\Windows\\System32\\winevt\\Logs\\System.evtx", "record_num": 52, "timestamp": "2025-09-12T18:52:29.253946", "event_id": null, "xml_snippet": "<Event xmlns=\"http://schemas.microsoft.com/win/2004/08/events/event\"><System><Provider Name=\"Microsoft-Windows-FilterManager\" Guid=\"{f3c5e28e-63f6-49c7-a204-e48a1bc4b09d}\"></Provider>\n<EventID Qualifiers=\"\">6</EventID>\n<Version>0</Version>\n<Level>4</Level>\n<Task>0</Task>\n<Opcode>0</Opcode>\n<Keywords>0x8000000000000000</Keywords>\n<TimeCreated SystemTime=\"2025-09-12 18:52:29.253946\"></TimeCreated>\n<EventRecordID>52</EventRecordID>\n<Correlation ActivityID=\"\" RelatedActivityID=\"\"></Correlation>\n<Execution ProcessID=\"4\" ThreadID=\"132\"></Execution>\n<Channel>System</Channel>\n<Computer>WIN-DAOI7R3U9SA</Computer>\n<Security UserID=\"S-1-5-18\"></Security>\n</System>\n<EventData><Data Name=\"FinalStatus\">0x00000000</Data>\n<Data Name=\"DeviceVersionMajor\">10</Data>\n<Data Name=\"DeviceVersionMinor\">0</Data>\n<"}
{"file": "files\\Windows\\System32\\winevt\\Logs\\System.evtx", "record_num": 53, "timestamp": "2025-09-12T18:52:29.312195", "event_id": null, "xml_snippet": "<Event xmlns=\"http://schemas.microsoft.com/win/2004/08/events/event\"><System><Provider Name=\"Microsoft-Windows-FilterManager\" Guid=\"{f3c5e28e-63f6-49c7-a204-e48a1bc4b09d}\"></Provider>\n<EventID Qualifiers=\"\">6</EventID>\n<Version>0</Version>\n<Level>4</Level>\n<Task>0</Task>\n<Opcode>0</Opcode>\n<Keywords>0x8000000000000000</Keywords>\n<TimeCreated SystemTime=\"2025-09-12 18:52:29.312195\"></TimeCreated>\n<EventRecordID>53</EventRecordID>\n<Correlation ActivityID=\"\" RelatedActivityID=\"\"></Correlation>\n<Execution ProcessID=\"4\" ThreadID=\"96\"></Execution>\n<Channel>System</Channel>\n<Computer>WIN-DAOI7R3U9SA</Computer>\n<Security UserID=\"S-1-5-18\"></Security>\n</System>\n<EventData><Data Name=\"FinalStatus\">0x00000000</Data>\n<Data Name=\"DeviceVersionMajor\">10</Data>\n<Data Name=\"DeviceVersionMinor\">0</Data>\n<D"}
{"file": "files\\Windows\\System32\\winevt\\Logs\\System.evtx", "record_num": 54, "timestamp": "2025-09-12T18:52:29.394972", "event_id": null, "xml_snippet": "<Event xmlns=\"http://schemas.microsoft.com/win/2004/08/events/event\"><System><Provider Name=\"Microsoft-Windows-FilterManager\" Guid=\"{f3c5e28e-63f6-49c7-a204-e48a1bc4b09d}\"></Provider>\n<EventID Qualifiers=\"\">6</EventID>\n<Version>0</Version>\n<Level>4</Level>\n<Task>0</Task>\n<Opcode>0</Opcode>\n<Keywords>0x8000000000000000</Keywords>\n<TimeCreated SystemTime=\"2025-09-12 18:52:29.394972\"></TimeCreated>\n<EventRecordID>54</EventRecordID>\n<Correlation ActivityID=\"\" RelatedActivityID=\"\"></Correlation>\n<Execution ProcessID=\"4\" ThreadID=\"132\"></Execution>\n<Channel>System</Channel>\n<Computer>WIN-DAOI7R3U9SA</Computer>\n<Security UserID=\"S-1-5-18\"></Security>\n</System>\n<EventData><Data Name=\"FinalStatus\">0x00000000</Data>\n<Data Name=\"DeviceVersionMajor\">10</Data>\n<Data Name=\"DeviceVersionMinor\">0</Data>\n<"}
{"file": "files\\Windows\\System32\\winevt\\Logs\\System.evtx", "record_num": 55, "timestamp": "2025-09-12T18:52:29.394995", "event_id": null, "xml_snippet": "<Event xmlns=\"http://schemas.microsoft.com/win/2004/08/events/event\"><System><Provider Name=\"Microsoft-Windows-FilterManager\" Guid=\"{f3c5e28e-63f6-49c7-a204-e48a1bc4b09d}\"></Provider>\n<EventID Qualifiers=\"\">1</EventID>\n<Version>0</Version>\n<Level>4</Level>\n<Task>0</Task>\n<Opcode>0</Opcode>\n<Keywords>0x8000000000000000</Keywords>\n<TimeCreated SystemTime=\"2025-09-12 18:52:29.394995\"></TimeCreated>\n<EventRecordID>55</EventRecordID>\n<Correlation ActivityID=\"\" RelatedActivityID=\"\"></Correlation>\n<Execution ProcessID=\"4\" ThreadID=\"132\"></Execution>\n<Channel>System</Channel>\n<Computer>WIN-DAOI7R3U9SA</Computer>\n<Security UserID=\"S-1-5-18\"></Security>\n</System>\n<EventData><Data Name=\"FinalStatus\">0x00000000</Data>\n<Data Name=\"DeviceVersionMajor\">10</Data>\n<Data Name=\"DeviceVersionMinor\">0</Data>\n<"}
{"file": "files\\Windows\\System32\\winevt\\Logs\\System.evtx", "record_num": 56, "timestamp": "2025-09-12T18:52:29.395157", "event_id": null, "xml_snippet": "<Event xmlns=\"http://schemas.microsoft.com/win/2004/08/events/event\"><System><Provider Name=\"Microsoft-Windows-FilterManager\" Guid=\"{f3c5e28e-63f6-49c7-a204-e48a1bc4b09d}\"></Provider>\n<EventID Qualifiers=\"\">6</EventID>\n<Version>0</Version>\n<Level>4</Level>\n<Task>0</Task>\n<Opcode>0</Opcode>\n<Keywords>0x8000000000000000</Keywords>\n<TimeCreated SystemTime=\"2025-09-12 18:52:29.395157\"></TimeCreated>\n<EventRecordID>56</EventRecordID>\n<Correlation ActivityID=\"\" RelatedActivityID=\"\"></Correlation>\n<Execution ProcessID=\"4\" ThreadID=\"132\"></Execution>\n<Channel>System</Channel>\n<Computer>WIN-DAOI7R3U9SA</Computer>\n<Security UserID=\"S-1-5-18\"></Security>\n</System>\n<EventData><Data Name=\"FinalStatus\">0x00000000</Data>\n<Data Name=\"DeviceVersionMajor\">10</Data>\n<Data Name=\"DeviceVersionMinor\">0</Data>\n<"}
{"file": "files\\Windows\\System32\\winevt\\Logs\\System.evtx", "record_num": 57, "timestamp": "2025-09-12T18:52:29.433290", "event_id": null, "xml_snippet": "<Event xmlns=\"http://schemas.microsoft.com/win/2004/08/events/event\"><System><Provider Name=\"Microsoft-Windows-FilterManager\" Guid=\"{f3c5e28e-63f6-49c7-a204-e48a1bc4b09d}\"></Provider>\n<EventID Qualifiers=\"\">6</EventID>\n<Version>0</Version>\n<Level>4</Level>\n<Task>0</Task>\n<Opcode>0</Opcode>\n<Keywords>0x8000000000000000</Keywords>\n<TimeCreated SystemTime=\"2025-09-12 18:52:29.433290\"></TimeCreated>\n<EventRecordID>57</EventRecordID>\n<Correlation ActivityID=\"\" RelatedActivityID=\"\"></Correlation>\n<Execution ProcessID=\"4\" ThreadID=\"96\"></Execution>\n<Channel>System</Channel>\n<Computer>WIN-DAOI7R3U9SA</Computer>\n<Security UserID=\"S-1-5-18\"></Security>\n</System>\n<EventData><Data Name=\"FinalStatus\">0x00000000</Data>\n<Data Name=\"DeviceVersionMajor\">10</Data>\n<Data Name=\"DeviceVersionMinor\">0</Data>\n<D"}
{"file": "files\\Windows\\System32\\winevt\\Logs\\System.evtx", "record_num": 58, "timestamp": "2025-09-12T18:52:29.461441", "event_id": null, "xml_snippet": "<Event xmlns=\"http://schemas.microsoft.com/win/2004/08/events/event\"><System><Provider Name=\"Microsoft-Windows-FilterManager\" Guid=\"{f3c5e28e-63f6-49c7-a204-e48a1bc4b09d}\"></Provider>\n<EventID Qualifiers=\"\">6</EventID>\n<Version>0</Version>\n<Level>4</Level>\n<Task>0</Task>\n<Opcode>0</Opcode>\n<Keywords>0x8000000000000000</Keywords>\n<TimeCreated SystemTime=\"2025-09-12 18:52:29.461441\"></TimeCreated>\n<EventRecordID>58</EventRecordID>\n<Correlation ActivityID=\"\" RelatedActivityID=\"\"></Correlation>\n<Execution ProcessID=\"4\" ThreadID=\"96\"></Execution>\n<Channel>System</Channel>\n<Computer>WIN-DAOI7R3U9SA</Computer>\n<Security UserID=\"S-1-5-18\"></Security>\n</System>\n<EventData><Data Name=\"FinalStatus\">0x00000000</Data>\n<Data Name=\"DeviceVersionMajor\">10</Data>\n<Data Name=\"DeviceVersionMinor\">0</Data>\n<D"}
{"file": "files\\Windows\\System32\\winevt\\Logs\\System.evtx", "record_num": 59, "timestamp": "2025-09-12T18:52:29.495295", "event_id": null, "xml_snippet": "<Event xmlns=\"http://schemas.microsoft.com/win/2004/08/events/event\"><System><Provider Name=\"Microsoft-Windows-FilterManager\" Guid=\"{f3c5e28e-63f6-49c7-a204-e48a1bc4b09d}\"></Provider>\n<EventID Qualifiers=\"\">6</EventID>\n<Version>0</Version>\n<Level>4</Level>\n<Task>0</Task>\n<Opcode>0</Opcode>\n<Keywords>0x8000000000000000</Keywords>\n<TimeCreated SystemTime=\"2025-09-12 18:52:29.495295\"></TimeCreated>\n<EventRecordID>59</EventRecordID>\n<Correlation ActivityID=\"\" RelatedActivityID=\"\"></Correlation>\n<Execution ProcessID=\"4\" ThreadID=\"96\"></Execution>\n<Channel>System</Channel>\n<Computer>WIN-DAOI7R3U9SA</Computer>\n<Security UserID=\"S-1-5-18\"></Security>\n</System>\n<EventData><Data Name=\"FinalStatus\">0x00000000</Data>\n<Data Name=\"DeviceVersionMajor\">10</Data>\n<Data Name=\"DeviceVersionMinor\">0</Data>\n<D"}
{"file": "files\\Windows\\System32\\winevt\\Logs\\System.evtx", "record_num": 60, "timestamp": "2025-09-12T18:52:29.525656", "event_id": null, "xml_snippet": "<Event xmlns=\"http://schemas.microsoft.com/win/2004/08/events/event\"><System><Provider Name=\"Microsoft-Windows-FilterManager\" Guid=\"{f3c5e28e-63f6-49c7-a204-e48a1bc4b09d}\"></Provider>\n<EventID Qualifiers=\"\">6</EventID>\n<Version>0</Version>\n<Level>4</Level>\n<Task>0</Task>\n<Opcode>0</Opcode>\n<Keywords>0x8000000000000000</Keywords>\n<TimeCreated SystemTime=\"2025-09-12 18:52:29.525656\"></TimeCreated>\n<EventRecordID>60</EventRecordID>\n<Correlation ActivityID=\"\" RelatedActivityID=\"\"></Correlation>\n<Execution ProcessID=\"4\" ThreadID=\"96\"></Execution>\n<Channel>System</Channel>\n<Computer>WIN-DAOI7R3U9SA</Computer>\n<Security UserID=\"S-1-5-18\"></Security>\n</System>\n<EventData><Data Name=\"FinalStatus\">0x00000000</Data>\n<Data Name=\"DeviceVersionMajor\">10</Data>\n<Data Name=\"DeviceVersionMinor\">0</Data>\n<D"}
{"file": "files\\Windows\\System32\\winevt\\Logs\\System.evtx", "record_num": 61, "timestamp": "2025-09-12T18:52:31.935644", "event_id": null, "xml_snippet": "<Event xmlns=\"http://schemas.microsoft.com/win/2004/08/events/event\"><System><Provider Name=\"Microsoft-Windows-Dhcp-Client\" Guid=\"{15a7a4f8-0072-4eab-abad-f98a4d666aed}\"></Provider>\n<EventID Qualifiers=\"\">50036</EventID>\n<Version>0</Version>\n<Level>4</Level>\n<Task>4</Task>\n<Opcode>68</Opcode>\n<Keywords>0x2000000000000000</Keywords>\n<TimeCreated SystemTime=\"2025-09-12 18:52:31.935644\"></TimeCreated>\n<EventRecordID>61</EventRecordID>\n<Correlation ActivityID=\"\" RelatedActivityID=\"\"></Correlation>\n<Execution ProcessID=\"2552\" ThreadID=\"2624\"></Execution>\n<Channel>System</Channel>\n<Computer>WIN-DAOI7R3U9SA</Computer>\n<Security UserID=\"S-1-5-19\"></Security>\n</System>\n<EventData></EventData>\n</Event>\n"}
{"file": "files\\Windows\\System32\\winevt\\Logs\\System.evtx", "record_num": 62, "timestamp": "2025-09-12T18:52:31.935877", "event_id": null, "xml_snippet": "<Event xmlns=\"http://schemas.microsoft.com/win/2004/08/events/event\"><System><Provider Name=\"Microsoft-Windows-Dhcp-Client\" Guid=\"{15a7a4f8-0072-4eab-abad-f98a4d666aed}\"></Provider>\n<EventID Qualifiers=\"\">50103</EventID>\n<Version>0</Version>\n<Level>4</Level>\n<Task>4</Task>\n<Opcode>129</Opcode>\n<Keywords>0x2000000000000000</Keywords>\n<TimeCreated SystemTime=\"2025-09-12 18:52:31.935877\"></TimeCreated>\n<EventRecordID>62</EventRecordID>\n<Correlation ActivityID=\"\" RelatedActivityID=\"\"></Correlation>\n<Execution ProcessID=\"2552\" ThreadID=\"2624\"></Execution>\n<Channel>System</Channel>\n<Computer>WIN-DAOI7R3U9SA</Computer>\n<Security UserID=\"S-1-5-19\"></Security>\n</System>\n<EventData></EventData>\n</Event>\n"}
{"file": "files\\Windows\\System32\\winevt\\Logs\\System.evtx", "record_num": 63, "timestamp": "2025-09-12T18:52:31.936026", "event_id": null, "xml_snippet": "<Event xmlns=\"http://schemas.microsoft.com/win/2004/08/events/event\"><System><Provider Name=\"Microsoft-Windows-Dhcp-Client\" Guid=\"{15a7a4f8-0072-4eab-abad-f98a4d666aed}\"></Provider>\n<EventID Qualifiers=\"\">50036</EventID>\n<Version>0</Version>\n<Level>4</Level>\n<Task>4</Task>\n<Opcode>68</Opcode>\n<Keywords>0x2000000000000000</Keywords>\n<TimeCreated SystemTime=\"2025-09-12 18:52:31.936026\"></TimeCreated>\n<EventRecordID>63</EventRecordID>\n<Correlation ActivityID=\"\" RelatedActivityID=\"\"></Correlation>\n<Execution ProcessID=\"2552\" ThreadID=\"2624\"></Execution>\n<Channel>System</Channel>\n<Computer>WIN-DAOI7R3U9SA</Computer>\n<Security UserID=\"S-1-5-19\"></Security>\n</System>\n<EventData></EventData>\n</Event>\n"}
{"file": "files\\Windows\\System32\\winevt\\Logs\\System.evtx", "record_num": 64, "timestamp": "2025-09-12T18:52:32.203161", "event_id": null, "xml_snippet": "<Event xmlns=\"http://schemas.microsoft.com/win/2004/08/events/event\"><System><Provider Name=\"Microsoft-Windows-DHCPv6-Client\" Guid=\"{6a1f2b00-6a90-4c38-95a5-5cab3b056778}\"></Provider>\n<EventID Qualifiers=\"\">51046</EventID>\n<Version>0</Version>\n<Level>4</Level>\n<Task>4</Task>\n<Opcode>62</Opcode>\n<Keywords>0x2000000000000000</Keywords>\n<TimeCreated SystemTime=\"2025-09-12 18:52:32.203161\"></TimeCreated>\n<EventRecordID>64</EventRecordID>\n<Correlation ActivityID=\"\" RelatedActivityID=\"\"></Correlation>\n<Execution ProcessID=\"2552\" ThreadID=\"2648\"></Execution>\n<Channel>System</Channel>\n<Computer>WIN-DAOI7R3U9SA</Computer>\n<Security UserID=\"S-1-5-19\"></Security>\n</System>\n<EventData></EventData>\n</Event>\n"}
{"file": "files\\Windows\\System32\\winevt\\Logs\\System.evtx", "record_num": 65, "timestamp": "2025-09-12T18:52:33.342899", "event_id": null, "xml_snippet": "<Event xmlns=\"http://schemas.microsoft.com/win/2004/08/events/event\"><System><Provider Name=\"Microsoft-Windows-HttpService\" Guid=\"{dd5ef90a-6398-47a4-ad34-4dcecdef795f}\"></Provider>\n<EventID Qualifiers=\"\">112</EventID>\n<Version>0</Version>\n<Level>4</Level>\n<Task>3</Task>\n<Opcode>121</Opcode>\n<Keywords>0x4000000000000001</Keywords>\n<TimeCreated SystemTime=\"2025-09-12 18:52:33.342899\"></TimeCreated>\n<EventRecordID>65</EventRecordID>\n<Correlation ActivityID=\"\" RelatedActivityID=\"\"></Correlation>\n<Execution ProcessID=\"4\" ThreadID=\"132\"></Execution>\n<Channel>System</Channel>\n<Computer>WIN-DAOI7R3U9SA</Computer>\n<Security UserID=\"S-1-5-18\"></Security>\n</System>\n<EventData><Data Name=\"Url\">http://*:5357/</Data>\n<Data Name=\"ReserveStatus\">0</Data>\n<Data Name=\"ProcessId\">4</Data>\n<Data Name=\"Execut"}
{"file": "files\\Windows\\System32\\winevt\\Logs\\System.evtx", "record_num": 66, "timestamp": "2025-09-12T18:52:33.342916", "event_id": null, "xml_snippet": "<Event xmlns=\"http://schemas.microsoft.com/win/2004/08/events/event\"><System><Provider Name=\"Microsoft-Windows-HttpService\" Guid=\"{dd5ef90a-6398-47a4-ad34-4dcecdef795f}\"></Provider>\n<EventID Qualifiers=\"\">112</EventID>\n<Version>0</Version>\n<Level>4</Level>\n<Task>3</Task>\n<Opcode>121</Opcode>\n<Keywords>0x4000000000000001</Keywords>\n<TimeCreated SystemTime=\"2025-09-12 18:52:33.342916\"></TimeCreated>\n<EventRecordID>66</EventRecordID>\n<Correlation ActivityID=\"\" RelatedActivityID=\"\"></Correlation>\n<Execution ProcessID=\"4\" ThreadID=\"132\"></Execution>\n<Channel>System</Channel>\n<Computer>WIN-DAOI7R3U9SA</Computer>\n<Security UserID=\"S-1-5-18\"></Security>\n</System>\n<EventData><Data Name=\"Url\">http://+:80/Temporary_Listen_Addresses/</Data>\n<Data Name=\"ReserveStatus\">0</Data>\n<Data Name=\"ProcessId\">4<"}
{"file": "files\\Windows\\System32\\winevt\\Logs\\System.evtx", "record_num": 67, "timestamp": "2025-09-12T18:52:33.342928", "event_id": null, "xml_snippet": "<Event xmlns=\"http://schemas.microsoft.com/win/2004/08/events/event\"><System><Provider Name=\"Microsoft-Windows-HttpService\" Guid=\"{dd5ef90a-6398-47a4-ad34-4dcecdef795f}\"></Provider>\n<EventID Qualifiers=\"\">112</EventID>\n<Version>0</Version>\n<Level>4</Level>\n<Task>3</Task>\n<Opcode>121</Opcode>\n<Keywords>0x4000000000000001</Keywords>\n<TimeCreated SystemTime=\"2025-09-12 18:52:33.342928\"></TimeCreated>\n<EventRecordID>67</EventRecordID>\n<Correlation ActivityID=\"\" RelatedActivityID=\"\"></Correlation>\n<Execution ProcessID=\"4\" ThreadID=\"132\"></Execution>\n<Channel>System</Channel>\n<Computer>WIN-DAOI7R3U9SA</Computer>\n<Security UserID=\"S-1-5-18\"></Security>\n</System>\n<EventData><Data Name=\"Url\">https://*:5358/</Data>\n<Data Name=\"ReserveStatus\">0</Data>\n<Data Name=\"ProcessId\">4</Data>\n<Data Name=\"Execu"}
{"file": "files\\Windows\\System32\\winevt\\Logs\\System.evtx", "record_num": 68, "timestamp": "2025-09-12T18:52:33.342936", "event_id": null, "xml_snippet": "<Event xmlns=\"http://schemas.microsoft.com/win/2004/08/events/event\"><System><Provider Name=\"Microsoft-Windows-HttpService\" Guid=\"{dd5ef90a-6398-47a4-ad34-4dcecdef795f}\"></Provider>\n<EventID Qualifiers=\"\">112</EventID>\n<Version>0</Version>\n<Level>4</Level>\n<Task>3</Task>\n<Opcode>121</Opcode>\n<Keywords>0x4000000000000001</Keywords>\n<TimeCreated SystemTime=\"2025-09-12 18:52:33.342936\"></TimeCreated>\n<EventRecordID>68</EventRecordID>\n<Correlation ActivityID=\"\" RelatedActivityID=\"\"></Correlation>\n<Execution ProcessID=\"4\" ThreadID=\"132\"></Execution>\n<Channel>System</Channel>\n<Computer>WIN-DAOI7R3U9SA</Computer>\n<Security UserID=\"S-1-5-18\"></Security>\n</System>\n<EventData><Data Name=\"Url\">http://*:2869/</Data>\n<Data Name=\"ReserveStatus\">0</Data>\n<Data Name=\"ProcessId\">4</Data>\n<Data Name=\"Execut"}
{"file": "files\\Windows\\System32\\winevt\\Logs\\System.evtx", "record_num": 69, "timestamp": "2025-09-12T18:52:33.342949", "event_id": null, "xml_snippet": "<Event xmlns=\"http://schemas.microsoft.com/win/2004/08/events/event\"><System><Provider Name=\"Microsoft-Windows-HttpService\" Guid=\"{dd5ef90a-6398-47a4-ad34-4dcecdef795f}\"></Provider>\n<EventID Qualifiers=\"\">112</EventID>\n<Version>0</Version>\n<Level>4</Level>\n<Task>3</Task>\n<Opcode>121</Opcode>\n<Keywords>0x4000000000000001</Keywords>\n<TimeCreated SystemTime=\"2025-09-12 18:52:33.342949\"></TimeCreated>\n<EventRecordID>69</EventRecordID>\n<Correlation ActivityID=\"\" RelatedActivityID=\"\"></Correlation>\n<Execution ProcessID=\"4\" ThreadID=\"132\"></Execution>\n<Channel>System</Channel>\n<Computer>WIN-DAOI7R3U9SA</Computer>\n<Security UserID=\"S-1-5-18\"></Security>\n</System>\n<EventData><Data Name=\"Url\">https://+:5986/wsman/</Data>\n<Data Name=\"ReserveStatus\">0</Data>\n<Data Name=\"ProcessId\">4</Data>\n<Data Name="}
{"file": "files\\Windows\\System32\\winevt\\Logs\\System.evtx", "record_num": 70, "timestamp": "2025-09-12T18:52:33.342958", "event_id": null, "xml_snippet": "<Event xmlns=\"http://schemas.microsoft.com/win/2004/08/events/event\"><System><Provider Name=\"Microsoft-Windows-HttpService\" Guid=\"{dd5ef90a-6398-47a4-ad34-4dcecdef795f}\"></Provider>\n<EventID Qualifiers=\"\">112</EventID>\n<Version>0</Version>\n<Level>4</Level>\n<Task>3</Task>\n<Opcode>121</Opcode>\n<Keywords>0x4000000000000001</Keywords>\n<TimeCreated SystemTime=\"2025-09-12 18:52:33.342958\"></TimeCreated>\n<EventRecordID>70</EventRecordID>\n<Correlation ActivityID=\"\" RelatedActivityID=\"\"></Correlation>\n<Execution ProcessID=\"4\" ThreadID=\"132\"></Execution>\n<Channel>System</Channel>\n<Computer>WIN-DAOI7R3U9SA</Computer>\n<Security UserID=\"S-1-5-18\"></Security>\n</System>\n<EventData><Data Name=\"Url\">http://+:47001/wsman/</Data>\n<Data Name=\"ReserveStatus\">0</Data>\n<Data Name=\"ProcessId\">4</Data>\n<Data Name="}
{"file": "files\\Windows\\System32\\winevt\\Logs\\System.evtx", "record_num": 71, "timestamp": "2025-09-12T18:52:33.342968", "event_id": null, "xml_snippet": "<Event xmlns=\"http://schemas.microsoft.com/win/2004/08/events/event\"><System><Provider Name=\"Microsoft-Windows-HttpService\" Guid=\"{dd5ef90a-6398-47a4-ad34-4dcecdef795f}\"></Provider>\n<EventID Qualifiers=\"\">112</EventID>\n<Version>0</Version>\n<Level>4</Level>\n<Task>3</Task>\n<Opcode>121</Opcode>\n<Keywords>0x4000000000000001</Keywords>\n<TimeCreated SystemTime=\"2025-09-12 18:52:33.342968\"></TimeCreated>\n<EventRecordID>71</EventRecordID>\n<Correlation ActivityID=\"\" RelatedActivityID=\"\"></Correlation>\n<Execution ProcessID=\"4\" ThreadID=\"132\"></Execution>\n<Channel>System</Channel>\n<Computer>WIN-DAOI7R3U9SA</Computer>\n<Security UserID=\"S-1-5-18\"></Security>\n</System>\n<EventData><Data Name=\"Url\">http://+:5985/wsman/</Data>\n<Data Name=\"ReserveStatus\">0</Data>\n<Data Name=\"ProcessId\">4</Data>\n<Data Name=\""}
{"file": "files\\Windows\\System32\\winevt\\Logs\\System.evtx", "record_num": 72, "timestamp": "2025-09-12T18:52:33.342976", "event_id": null, "xml_snippet": "<Event xmlns=\"http://schemas.microsoft.com/win/2004/08/events/event\"><System><Provider Name=\"Microsoft-Windows-HttpService\" Guid=\"{dd5ef90a-6398-47a4-ad34-4dcecdef795f}\"></Provider>\n<EventID Qualifiers=\"\">112</EventID>\n<Version>0</Version>\n<Level>4</Level>\n<Task>3</Task>\n<Opcode>121</Opcode>\n<Keywords>0x4000000000000001</Keywords>\n<TimeCreated SystemTime=\"2025-09-12 18:52:33.342976\"></TimeCreated>\n<EventRecordID>72</EventRecordID>\n<Correlation ActivityID=\"\" RelatedActivityID=\"\"></Correlation>\n<Execution ProcessID=\"4\" ThreadID=\"132\"></Execution>\n<Channel>System</Channel>\n<Computer>WIN-DAOI7R3U9SA</Computer>\n<Security UserID=\"S-1-5-18\"></Security>\n</System>\n<EventData><Data Name=\"Url\">https://+:10245/WMPNSSv4/</Data>\n<Data Name=\"ReserveStatus\">0</Data>\n<Data Name=\"ProcessId\">4</Data>\n<Data N"}
{"file": "files\\Windows\\System32\\winevt\\Logs\\System.evtx", "record_num": 73, "timestamp": "2025-09-12T18:52:33.342985", "event_id": null, "xml_snippet": "<Event xmlns=\"http://schemas.microsoft.com/win/2004/08/events/event\"><System><Provider Name=\"Microsoft-Windows-HttpService\" Guid=\"{dd5ef90a-6398-47a4-ad34-4dcecdef795f}\"></Provider>\n<EventID Qualifiers=\"\">112</EventID>\n<Version>0</Version>\n<Level>4</Level>\n<Task>3</Task>\n<Opcode>121</Opcode>\n<Keywords>0x4000000000000001</Keywords>\n<TimeCreated SystemTime=\"2025-09-12 18:52:33.342985\"></TimeCreated>\n<EventRecordID>73</EventRecordID>\n<Correlation ActivityID=\"\" RelatedActivityID=\"\"></Correlation>\n<Execution ProcessID=\"4\" ThreadID=\"132\"></Execution>\n<Channel>System</Channel>\n<Computer>WIN-DAOI7R3U9SA</Computer>\n<Security UserID=\"S-1-5-18\"></Security>\n</System>\n<EventData><Data Name=\"Url\">http://+:10243/WMPNSSv4/</Data>\n<Data Name=\"ReserveStatus\">0</Data>\n<Data Name=\"ProcessId\">4</Data>\n<Data Na"}
{"file": "files\\Windows\\System32\\winevt\\Logs\\System.evtx", "record_num": 74, "timestamp": "2025-09-12T18:52:33.342995", "event_id": null, "xml_snippet": "<Event xmlns=\"http://schemas.microsoft.com/win/2004/08/events/event\"><System><Provider Name=\"Microsoft-Windows-HttpService\" Guid=\"{dd5ef90a-6398-47a4-ad34-4dcecdef795f}\"></Provider>\n<EventID Qualifiers=\"\">112</EventID>\n<Version>0</Version>\n<Level>4</Level>\n<Task>3</Task>\n<Opcode>121</Opcode>\n<Keywords>0x4000000000000001</Keywords>\n<TimeCreated SystemTime=\"2025-09-12 18:52:33.342995\"></TimeCreated>\n<EventRecordID>74</EventRecordID>\n<Correlation ActivityID=\"\" RelatedActivityID=\"\"></Correlation>\n<Execution ProcessID=\"4\" ThreadID=\"132\"></Execution>\n<Channel>System</Channel>\n<Computer>WIN-DAOI7R3U9SA</Computer>\n<Security UserID=\"S-1-5-18\"></Security>\n</System>\n<EventData><Data Name=\"Url\">https://+:3392/rdp/</Data>\n<Data Name=\"ReserveStatus\">0</Data>\n<Data Name=\"ProcessId\">4</Data>\n<Data Name=\"E"}
{"file": "files\\Windows\\System32\\winevt\\Logs\\System.evtx", "record_num": 75, "timestamp": "2025-09-12T18:52:33.343039", "event_id": null, "xml_snippet": "<Event xmlns=\"http://schemas.microsoft.com/win/2004/08/events/event\"><System><Provider Name=\"Microsoft-Windows-HttpService\" Guid=\"{dd5ef90a-6398-47a4-ad34-4dcecdef795f}\"></Provider>\n<EventID Qualifiers=\"\">112</EventID>\n<Version>0</Version>\n<Level>4</Level>\n<Task>3</Task>\n<Opcode>121</Opcode>\n<Keywords>0x4000000000000001</Keywords>\n<TimeCreated SystemTime=\"2025-09-12 18:52:33.343039\"></TimeCreated>\n<EventRecordID>75</EventRecordID>\n<Correlation ActivityID=\"\" RelatedActivityID=\"\"></Correlation>\n<Execution ProcessID=\"4\" ThreadID=\"132\"></Execution>\n<Channel>System</Channel>\n<Computer>WIN-DAOI7R3U9SA</Computer>\n<Security UserID=\"S-1-5-18\"></Security>\n</System>\n<EventData><Data Name=\"Url\">http://+:3387/rdp/</Data>\n<Data Name=\"ReserveStatus\">0</Data>\n<Data Name=\"ProcessId\">4</Data>\n<Data Name=\"Ex"}
{"file": "files\\Windows\\System32\\winevt\\Logs\\System.evtx", "record_num": 76, "timestamp": "2025-09-12T18:52:33.343060", "event_id": null, "xml_snippet": "<Event xmlns=\"http://schemas.microsoft.com/win/2004/08/events/event\"><System><Provider Name=\"Microsoft-Windows-HttpService\" Guid=\"{dd5ef90a-6398-47a4-ad34-4dcecdef795f}\"></Provider>\n<EventID Qualifiers=\"\">112</EventID>\n<Version>0</Version>\n<Level>4</Level>\n<Task>3</Task>\n<Opcode>121</Opcode>\n<Keywords>0x4000000000000001</Keywords>\n<TimeCreated SystemTime=\"2025-09-12 18:52:33.343060\"></TimeCreated>\n<EventRecordID>76</EventRecordID>\n<Correlation ActivityID=\"\" RelatedActivityID=\"\"></Correlation>\n<Execution ProcessID=\"4\" ThreadID=\"132\"></Execution>\n<Channel>System</Channel>\n<Computer>WIN-DAOI7R3U9SA</Computer>\n<Security UserID=\"S-1-5-18\"></Security>\n</System>\n<EventData><Data Name=\"Url\">https://+:443/sra_{BA195980-CD49-458b-9E23-C84EE0ADCD75}/</Data>\n<Data Name=\"ReserveStatus\">0</Data>\n<Data N"}
{"file": "files\\Windows\\System32\\winevt\\Logs\\System.evtx", "record_num": 77, "timestamp": "2025-09-12T18:52:33.343071", "event_id": null, "xml_snippet": "<Event xmlns=\"http://schemas.microsoft.com/win/2004/08/events/event\"><System><Provider Name=\"Microsoft-Windows-HttpService\" Guid=\"{dd5ef90a-6398-47a4-ad34-4dcecdef795f}\"></Provider>\n<EventID Qualifiers=\"\">112</EventID>\n<Version>0</Version>\n<Level>4</Level>\n<Task>3</Task>\n<Opcode>121</Opcode>\n<Keywords>0x4000000000000001</Keywords>\n<TimeCreated SystemTime=\"2025-09-12 18:52:33.343071\"></TimeCreated>\n<EventRecordID>77</EventRecordID>\n<Correlation ActivityID=\"\" RelatedActivityID=\"\"></Correlation>\n<Execution ProcessID=\"4\" ThreadID=\"132\"></Execution>\n<Channel>System</Channel>\n<Computer>WIN-DAOI7R3U9SA</Computer>\n<Security UserID=\"S-1-5-18\"></Security>\n</System>\n<EventData><Data Name=\"Url\">http://+:10247/apps/</Data>\n<Data Name=\"ReserveStatus\">0</Data>\n<Data Name=\"ProcessId\">4</Data>\n<Data Name=\""}
{"file": "files\\Windows\\System32\\winevt\\Logs\\System.evtx", "record_num": 78, "timestamp": "2025-09-12T18:52:33.343081", "event_id": null, "xml_snippet": "<Event xmlns=\"http://schemas.microsoft.com/win/2004/08/events/event\"><System><Provider Name=\"Microsoft-Windows-HttpService\" Guid=\"{dd5ef90a-6398-47a4-ad34-4dcecdef795f}\"></Provider>\n<EventID Qualifiers=\"\">112</EventID>\n<Version>0</Version>\n<Level>4</Level>\n<Task>3</Task>\n<Opcode>121</Opcode>\n<Keywords>0x4000000000000001</Keywords>\n<TimeCreated SystemTime=\"2025-09-12 18:52:33.343081\"></TimeCreated>\n<EventRecordID>78</EventRecordID>\n<Correlation ActivityID=\"\" RelatedActivityID=\"\"></Correlation>\n<Execution ProcessID=\"4\" ThreadID=\"132\"></Execution>\n<Channel>System</Channel>\n<Computer>WIN-DAOI7R3U9SA</Computer>\n<Security UserID=\"S-1-5-18\"></Security>\n</System>\n<EventData><Data Name=\"Url\">http://+:10246/MDEServer/</Data>\n<Data Name=\"ReserveStatus\">0</Data>\n<Data Name=\"ProcessId\">4</Data>\n<Data N"}
{"file": "files\\Windows\\System32\\winevt\\Logs\\System.evtx", "record_num": 79, "timestamp": "2025-09-12T18:52:53.164747", "event_id": null, "xml_snippet": "<Event xmlns=\"http://schemas.microsoft.com/win/2004/08/events/event\"><System><Provider Name=\"Workstation\"></Provider>\n<EventID Qualifiers=\"0\">3261</EventID>\n<Version>0</Version>\n<Level>4</Level>\n<Task>0</Task>\n<Opcode>0</Opcode>\n<Keywords>0x0080000000000000</Keywords>\n<TimeCreated SystemTime=\"2025-09-12 18:52:53.164747\"></TimeCreated>\n<EventRecordID>79</EventRecordID>\n<Correlation ActivityID=\"\" RelatedActivityID=\"\"></Correlation>\n<Execution ProcessID=\"2964\" ThreadID=\"0\"></Execution>\n<Channel>System</Channel>\n<Computer>WIN-DAOI7R3U9SA</Computer>\n<Security UserID=\"\"></Security>\n</System>\n<EventData><Data>&lt;string&gt;WORKGROUP&lt;/string&gt;\n</Data>\n<Binary></Binary>\n</EventData>\n</Event>\n"}
{"file": "files\\Windows\\System32\\winevt\\Logs\\System.evtx", "record_num": 80, "timestamp": "2025-09-12T18:52:52.832432", "event_id": null, "xml_snippet": "<Event xmlns=\"http://schemas.microsoft.com/win/2004/08/events/event\"><System><Provider Name=\"Service Control Manager\" Guid=\"{555908d1-a6d7-4695-8e1e-26931d2012f4}\" EventSourceName=\"Service Control Manager\"></Provider>\n<EventID Qualifiers=\"49152\">7026</EventID>\n<Version>0</Version>\n<Level>4</Level>\n<Task>0</Task>\n<Opcode>0</Opcode>\n<Keywords>0x8080000000000000</Keywords>\n<TimeCreated SystemTime=\"2025-09-12 18:52:52.832432\"></TimeCreated>\n<EventRecordID>80</EventRecordID>\n<Correlation ActivityID=\"\" RelatedActivityID=\"\"></Correlation>\n<Execution ProcessID=\"784\" ThreadID=\"788\"></Execution>\n<Channel>System</Channel>\n<Computer>WIN-DAOI7R3U9SA</Computer>\n<Security UserID=\"\"></Security>\n</System>\n<EventData><Data Name=\"param1\">\r\ndam\r\nuiomap</Data>\n</EventData>\n</Event>\n"}
{"file": "files\\Windows\\System32\\winevt\\Logs\\System.evtx", "record_num": 81, "timestamp": "2025-09-12T18:52:52.844059", "event_id": null, "xml_snippet": "<Event xmlns=\"http://schemas.microsoft.com/win/2004/08/events/event\"><System><Provider Name=\"TPM\" Guid=\"{1b6b0772-251b-4d42-917d-faca166bc059}\"></Provider>\n<EventID Qualifiers=\"\">18</EventID>\n<Version>0</Version>\n<Level>4</Level>\n<Task>0</Task>\n<Opcode>0</Opcode>\n<Keywords>0x8000000000000000</Keywords>\n<TimeCreated SystemTime=\"2025-09-12 18:52:52.844059\"></TimeCreated>\n<EventRecordID>81</EventRecordID>\n<Correlation ActivityID=\"\" RelatedActivityID=\"\"></Correlation>\n<Execution ProcessID=\"4\" ThreadID=\"284\"></Execution>\n<Channel>System</Channel>\n<Computer>WIN-DAOI7R3U9SA</Computer>\n<Security UserID=\"S-1-5-18\"></Security>\n</System>\n<EventData><Data Name=\"driverFile\">0x00000014</Data>\n<Data Name=\"lineNumber\">217</Data>\n<Data Name=\"Data\">0</Data>\n</EventData>\n</Event>\n"}
{"file": "files\\Windows\\System32\\winevt\\Logs\\System.evtx", "record_num": 82, "timestamp": "2025-09-12T18:52:53.595203", "event_id": null, "xml_snippet": "<Event xmlns=\"http://schemas.microsoft.com/win/2004/08/events/event\"><System><Provider Name=\"Service Control Manager\" Guid=\"{555908d1-a6d7-4695-8e1e-26931d2012f4}\" EventSourceName=\"Service Control Manager\"></Provider>\n<EventID Qualifiers=\"16384\">7045</EventID>\n<Version>0</Version>\n<Level>4</Level>\n<Task>0</Task>\n<Opcode>0</Opcode>\n<Keywords>0x8080000000000000</Keywords>\n<TimeCreated SystemTime=\"2025-09-12 18:52:53.595203\"></TimeCreated>\n<EventRecordID>82</EventRecordID>\n<Correlation ActivityID=\"\" RelatedActivityID=\"\"></Correlation>\n<Execution ProcessID=\"784\" ThreadID=\"3788\"></Execution>\n<Channel>System</Channel>\n<Computer>WIN-DAOI7R3U9SA</Computer>\n<Security UserID=\"S-1-5-18\"></Security>\n</System>\n<EventData><Data Name=\"ServiceName\">Microsoft Kernel Debug Network Miniport</Data>\n<Data Name"}
{"file": "files\\Windows\\System32\\winevt\\Logs\\System.evtx", "record_num": 83, "timestamp": "2025-09-12T18:52:54.111736", "event_id": null, "xml_snippet": "<Event xmlns=\"http://schemas.microsoft.com/win/2004/08/events/event\"><System><Provider Name=\"Service Control Manager\" Guid=\"{555908d1-a6d7-4695-8e1e-26931d2012f4}\" EventSourceName=\"Service Control Manager\"></Provider>\n<EventID Qualifiers=\"16384\">7045</EventID>\n<Version>0</Version>\n<Level>4</Level>\n<Task>0</Task>\n<Opcode>0</Opcode>\n<Keywords>0x8080000000000000</Keywords>\n<TimeCreated SystemTime=\"2025-09-12 18:52:54.111736\"></TimeCreated>\n<EventRecordID>83</EventRecordID>\n<Correlation ActivityID=\"\" RelatedActivityID=\"\"></Correlation>\n<Execution ProcessID=\"784\" ThreadID=\"872\"></Execution>\n<Channel>System</Channel>\n<Computer>WIN-DAOI7R3U9SA</Computer>\n<Security UserID=\"S-1-5-18\"></Security>\n</System>\n<EventData><Data Name=\"ServiceName\">Intel(R) PRO/1000 NDIS 6 Adapter Driver</Data>\n<Data Name="}
{"file": "files\\Windows\\System32\\winevt\\Logs\\System.evtx", "record_num": 84, "timestamp": "2025-09-12T18:53:01.923504", "event_id": null, "xml_snippet": "<Event xmlns=\"http://schemas.microsoft.com/win/2004/08/events/event\"><System><Provider Name=\"Service Control Manager\" Guid=\"{555908d1-a6d7-4695-8e1e-26931d2012f4}\" EventSourceName=\"Service Control Manager\"></Provider>\n<EventID Qualifiers=\"16384\">7040</EventID>\n<Version>0</Version>\n<Level>4</Level>\n<Task>0</Task>\n<Opcode>0</Opcode>\n<Keywords>0x8080000000000000</Keywords>\n<TimeCreated SystemTime=\"2025-09-12 18:53:01.923504\"></TimeCreated>\n<EventRecordID>84</EventRecordID>\n<Correlation ActivityID=\"\" RelatedActivityID=\"\"></Correlation>\n<Execution ProcessID=\"784\" ThreadID=\"872\"></Execution>\n<Channel>System</Channel>\n<Computer>WIN-DAOI7R3U9SA</Computer>\n<Security UserID=\"S-1-5-18\"></Security>\n</System>\n<EventData><Data Name=\"param1\">Background Intelligent Transfer Service</Data>\n<Data Name=\"para"}
{"file": "files\\Windows\\System32\\winevt\\Logs\\System.evtx", "record_num": 85, "timestamp": "2025-09-12T18:53:02.631872", "event_id": null, "xml_snippet": "<Event xmlns=\"http://schemas.microsoft.com/win/2004/08/events/event\"><System><Provider Name=\"Microsoft-Windows-Kernel-General\" Guid=\"{a68ca8b7-004f-d7b6-a698-07e2de0f1f5d}\"></Provider>\n<EventID Qualifiers=\"\">16</EventID>\n<Version>0</Version>\n<Level>4</Level>\n<Task>0</Task>\n<Opcode>0</Opcode>\n<Keywords>0x8000000000000000</Keywords>\n<TimeCreated SystemTime=\"2025-09-12 18:53:02.631872\"></TimeCreated>\n<EventRecordID>85</EventRecordID>\n<Correlation ActivityID=\"\" RelatedActivityID=\"\"></Correlation>\n<Execution ProcessID=\"3056\" ThreadID=\"3564\"></Execution>\n<Channel>System</Channel>\n<Computer>WIN-DAOI7R3U9SA</Computer>\n<Security UserID=\"S-1-5-18\"></Security>\n</System>\n<EventData><Data Name=\"HiveNameLength\">162</Data>\n<Data Name=\"HiveName\">\\??\\C:\\ProgramData\\Microsoft\\Windows\\AppRepository\\Packages\\"}
{"file": "files\\Windows\\System32\\winevt\\Logs\\System.evtx", "record_num": 86, "timestamp": "2025-09-12T18:53:03.408684", "event_id": null, "xml_snippet": "<Event xmlns=\"http://schemas.microsoft.com/win/2004/08/events/event\"><System><Provider Name=\"Microsoft-Windows-Kernel-General\" Guid=\"{a68ca8b7-004f-d7b6-a698-07e2de0f1f5d}\"></Provider>\n<EventID Qualifiers=\"\">16</EventID>\n<Version>0</Version>\n<Level>4</Level>\n<Task>0</Task>\n<Opcode>0</Opcode>\n<Keywords>0x8000000000000000</Keywords>\n<TimeCreated SystemTime=\"2025-09-12 18:53:03.408684\"></TimeCreated>\n<EventRecordID>86</EventRecordID>\n<Correlation ActivityID=\"\" RelatedActivityID=\"\"></Correlation>\n<Execution ProcessID=\"3056\" ThreadID=\"3564\"></Execution>\n<Channel>System</Channel>\n<Computer>WIN-DAOI7R3U9SA</Computer>\n<Security UserID=\"S-1-5-18\"></Security>\n</System>\n<EventData><Data Name=\"HiveNameLength\">159</Data>\n<Data Name=\"HiveName\">\\??\\C:\\ProgramData\\Microsoft\\Windows\\AppRepository\\Packages\\"}
{"file": "files\\Windows\\System32\\winevt\\Logs\\System.evtx", "record_num": 87, "timestamp": "2025-09-12T18:53:04.295031", "event_id": null, "xml_snippet": "<Event xmlns=\"http://schemas.microsoft.com/win/2004/08/events/event\"><System><Provider Name=\"Microsoft-Windows-Kernel-General\" Guid=\"{a68ca8b7-004f-d7b6-a698-07e2de0f1f5d}\"></Provider>\n<EventID Qualifiers=\"\">16</EventID>\n<Version>0</Version>\n<Level>4</Level>\n<Task>0</Task>\n<Opcode>0</Opcode>\n<Keywords>0x8000000000000000</Keywords>\n<TimeCreated SystemTime=\"2025-09-12 18:53:04.295031\"></TimeCreated>\n<EventRecordID>87</EventRecordID>\n<Correlation ActivityID=\"\" RelatedActivityID=\"\"></Correlation>\n<Execution ProcessID=\"3056\" ThreadID=\"3564\"></Execution>\n<Channel>System</Channel>\n<Computer>WIN-DAOI7R3U9SA</Computer>\n<Security UserID=\"S-1-5-18\"></Security>\n</System>\n<EventData><Data Name=\"HiveNameLength\">162</Data>\n<Data Name=\"HiveName\">\\??\\C:\\ProgramData\\Microsoft\\Windows\\AppRepository\\Packages\\"}
{"file": "files\\Windows\\System32\\winevt\\Logs\\System.evtx", "record_num": 88, "timestamp": "2025-09-12T18:53:05.276859", "event_id": null, "xml_snippet": "<Event xmlns=\"http://schemas.microsoft.com/win/2004/08/events/event\"><System><Provider Name=\"Microsoft-Windows-Kernel-General\" Guid=\"{a68ca8b7-004f-d7b6-a698-07e2de0f1f5d}\"></Provider>\n<EventID Qualifiers=\"\">16</EventID>\n<Version>0</Version>\n<Level>4</Level>\n<Task>0</Task>\n<Opcode>0</Opcode>\n<Keywords>0x8000000000000000</Keywords>\n<TimeCreated SystemTime=\"2025-09-12 18:53:05.276859\"></TimeCreated>\n<EventRecordID>88</EventRecordID>\n<Correlation ActivityID=\"\" RelatedActivityID=\"\"></Correlation>\n<Execution ProcessID=\"3056\" ThreadID=\"3564\"></Execution>\n<Channel>System</Channel>\n<Computer>WIN-DAOI7R3U9SA</Computer>\n<Security UserID=\"S-1-5-18\"></Security>\n</System>\n<EventData><Data Name=\"HiveNameLength\">159</Data>\n<Data Name=\"HiveName\">\\??\\C:\\ProgramData\\Microsoft\\Windows\\AppRepository\\Packages\\"}
{"file": "files\\Windows\\System32\\winevt\\Logs\\System.evtx", "record_num": 89, "timestamp": "2025-09-12T18:53:06.456503", "event_id": null, "xml_snippet": "<Event xmlns=\"http://schemas.microsoft.com/win/2004/08/events/event\"><System><Provider Name=\"Microsoft-Windows-Kernel-General\" Guid=\"{a68ca8b7-004f-d7b6-a698-07e2de0f1f5d}\"></Provider>\n<EventID Qualifiers=\"\">16</EventID>\n<Version>0</Version>\n<Level>4</Level>\n<Task>0</Task>\n<Opcode>0</Opcode>\n<Keywords>0x8000000000000000</Keywords>\n<TimeCreated SystemTime=\"2025-09-12 18:53:06.456503\"></TimeCreated>\n<EventRecordID>89</EventRecordID>\n<Correlation ActivityID=\"\" RelatedActivityID=\"\"></Correlation>\n<Execution ProcessID=\"3056\" ThreadID=\"3564\"></Execution>\n<Channel>System</Channel>\n<Computer>WIN-DAOI7R3U9SA</Computer>\n<Security UserID=\"S-1-5-18\"></Security>\n</System>\n<EventData><Data Name=\"HiveNameLength\">154</Data>\n<Data Name=\"HiveName\">\\??\\C:\\ProgramData\\Microsoft\\Windows\\AppRepository\\Packages\\"}
{"file": "files\\Windows\\System32\\winevt\\Logs\\System.evtx", "record_num": 90, "timestamp": "2025-09-12T18:53:06.792204", "event_id": null, "xml_snippet": "<Event xmlns=\"http://schemas.microsoft.com/win/2004/08/events/event\"><System><Provider Name=\"Microsoft-Windows-TPM-WMI\" Guid=\"{7d5387b0-cbe0-11da-a94d-0800200c9a66}\"></Provider>\n<EventID Qualifiers=\"\">519</EventID>\n<Version>0</Version>\n<Level>4</Level>\n<Task>0</Task>\n<Opcode>0</Opcode>\n<Keywords>0x8000000000000000</Keywords>\n<TimeCreated SystemTime=\"2025-09-12 18:53:06.792204\"></TimeCreated>\n<EventRecordID>90</EventRecordID>\n<Correlation ActivityID=\"\" RelatedActivityID=\"\"></Correlation>\n<Execution ProcessID=\"3848\" ThreadID=\"3920\"></Execution>\n<Channel>System</Channel>\n<Computer>WIN-DAOI7R3U9SA</Computer>\n<Security UserID=\"S-1-5-18\"></Security>\n</System>\n<EventData><Data Name=\"ClearReason\">SRK Pub not present or empty.</Data>\n</EventData>\n</Event>\n"}
{"file": "files\\Windows\\System32\\winevt\\Logs\\System.evtx", "record_num": 91, "timestamp": "2025-09-12T18:53:07.888023", "event_id": null, "xml_snippet": "<Event xmlns=\"http://schemas.microsoft.com/win/2004/08/events/event\"><System><Provider Name=\"Microsoft-Windows-Kernel-General\" Guid=\"{a68ca8b7-004f-d7b6-a698-07e2de0f1f5d}\"></Provider>\n<EventID Qualifiers=\"\">16</EventID>\n<Version>0</Version>\n<Level>4</Level>\n<Task>0</Task>\n<Opcode>0</Opcode>\n<Keywords>0x8000000000000000</Keywords>\n<TimeCreated SystemTime=\"2025-09-12 18:53:07.888023\"></TimeCreated>\n<EventRecordID>91</EventRecordID>\n<Correlation ActivityID=\"\" RelatedActivityID=\"\"></Correlation>\n<Execution ProcessID=\"3056\" ThreadID=\"3564\"></Execution>\n<Channel>System</Channel>\n<Computer>WIN-DAOI7R3U9SA</Computer>\n<Security UserID=\"S-1-5-18\"></Security>\n</System>\n<EventData><Data Name=\"HiveNameLength\">141</Data>\n<Data Name=\"HiveName\">\\??\\C:\\ProgramData\\Microsoft\\Windows\\AppRepository\\Packages\\"}
{"file": "files\\Windows\\System32\\winevt\\Logs\\System.evtx", "record_num": 92, "timestamp": "2025-09-12T18:53:09.168200", "event_id": null, "xml_snippet": "<Event xmlns=\"http://schemas.microsoft.com/win/2004/08/events/event\"><System><Provider Name=\"Microsoft-Windows-Kernel-General\" Guid=\"{a68ca8b7-004f-d7b6-a698-07e2de0f1f5d}\"></Provider>\n<EventID Qualifiers=\"\">16</EventID>\n<Version>0</Version>\n<Level>4</Level>\n<Task>0</Task>\n<Opcode>0</Opcode>\n<Keywords>0x8000000000000000</Keywords>\n<TimeCreated SystemTime=\"2025-09-12 18:53:09.168200\"></TimeCreated>\n<EventRecordID>92</EventRecordID>\n<Correlation ActivityID=\"\" RelatedActivityID=\"\"></Correlation>\n<Execution ProcessID=\"3056\" ThreadID=\"3564\"></Execution>\n<Channel>System</Channel>\n<Computer>WIN-DAOI7R3U9SA</Computer>\n<Security UserID=\"S-1-5-18\"></Security>\n</System>\n<EventData><Data Name=\"HiveNameLength\">142</Data>\n<Data Name=\"HiveName\">\\??\\C:\\ProgramData\\Microsoft\\Windows\\AppRepository\\Packages\\"}
{"file": "files\\Windows\\System32\\winevt\\Logs\\System.evtx", "record_num": 93, "timestamp": "2025-09-12T18:53:09.943457", "event_id": null, "xml_snippet": "<Event xmlns=\"http://schemas.microsoft.com/win/2004/08/events/event\"><System><Provider Name=\"Microsoft-Windows-Kernel-General\" Guid=\"{a68ca8b7-004f-d7b6-a698-07e2de0f1f5d}\"></Provider>\n<EventID Qualifiers=\"\">16</EventID>\n<Version>0</Version>\n<Level>4</Level>\n<Task>0</Task>\n<Opcode>0</Opcode>\n<Keywords>0x8000000000000000</Keywords>\n<TimeCreated SystemTime=\"2025-09-12 18:53:09.943457\"></TimeCreated>\n<EventRecordID>93</EventRecordID>\n<Correlation ActivityID=\"\" RelatedActivityID=\"\"></Correlation>\n<Execution ProcessID=\"3056\" ThreadID=\"3564\"></Execution>\n<Channel>System</Channel>\n<Computer>WIN-DAOI7R3U9SA</Computer>\n<Security UserID=\"S-1-5-18\"></Security>\n</System>\n<EventData><Data Name=\"HiveNameLength\">142</Data>\n<Data Name=\"HiveName\">\\??\\C:\\ProgramData\\Microsoft\\Windows\\AppRepository\\Packages\\"}
{"file": "files\\Windows\\System32\\winevt\\Logs\\System.evtx", "record_num": 94, "timestamp": "2025-09-12T18:53:10.613672", "event_id": null, "xml_snippet": "<Event xmlns=\"http://schemas.microsoft.com/win/2004/08/events/event\"><System><Provider Name=\"Microsoft-Windows-Kernel-General\" Guid=\"{a68ca8b7-004f-d7b6-a698-07e2de0f1f5d}\"></Provider>\n<EventID Qualifiers=\"\">16</EventID>\n<Version>0</Version>\n<Level>4</Level>\n<Task>0</Task>\n<Opcode>0</Opcode>\n<Keywords>0x8000000000000000</Keywords>\n<TimeCreated SystemTime=\"2025-09-12 18:53:10.613672\"></TimeCreated>\n<EventRecordID>94</EventRecordID>\n<Correlation ActivityID=\"\" RelatedActivityID=\"\"></Correlation>\n<Execution ProcessID=\"3056\" ThreadID=\"3564\"></Execution>\n<Channel>System</Channel>\n<Computer>WIN-DAOI7R3U9SA</Computer>\n<Security UserID=\"S-1-5-18\"></Security>\n</System>\n<EventData><Data Name=\"HiveNameLength\">143</Data>\n<Data Name=\"HiveName\">\\??\\C:\\ProgramData\\Microsoft\\Windows\\AppRepository\\Packages\\"}
{"file": "files\\Windows\\System32\\winevt\\Logs\\System.evtx", "record_num": 95, "timestamp": "2025-09-12T18:53:11.327925", "event_id": null, "xml_snippet": "<Event xmlns=\"http://schemas.microsoft.com/win/2004/08/events/event\"><System><Provider Name=\"Microsoft-Windows-Kernel-General\" Guid=\"{a68ca8b7-004f-d7b6-a698-07e2de0f1f5d}\"></Provider>\n<EventID Qualifiers=\"\">16</EventID>\n<Version>0</Version>\n<Level>4</Level>\n<Task>0</Task>\n<Opcode>0</Opcode>\n<Keywords>0x8000000000000000</Keywords>\n<TimeCreated SystemTime=\"2025-09-12 18:53:11.327925\"></TimeCreated>\n<EventRecordID>95</EventRecordID>\n<Correlation ActivityID=\"\" RelatedActivityID=\"\"></Correlation>\n<Execution ProcessID=\"3056\" ThreadID=\"3564\"></Execution>\n<Channel>System</Channel>\n<Computer>WIN-DAOI7R3U9SA</Computer>\n<Security UserID=\"S-1-5-18\"></Security>\n</System>\n<EventData><Data Name=\"HiveNameLength\">134</Data>\n<Data Name=\"HiveName\">\\??\\C:\\ProgramData\\Microsoft\\Windows\\AppRepository\\Packages\\"}
{"file": "files\\Windows\\System32\\winevt\\Logs\\System.evtx", "record_num": 96, "timestamp": "2025-09-12T18:53:11.891937", "event_id": null, "xml_snippet": "<Event xmlns=\"http://schemas.microsoft.com/win/2004/08/events/event\"><System><Provider Name=\"Microsoft-Windows-Kernel-General\" Guid=\"{a68ca8b7-004f-d7b6-a698-07e2de0f1f5d}\"></Provider>\n<EventID Qualifiers=\"\">16</EventID>\n<Version>0</Version>\n<Level>4</Level>\n<Task>0</Task>\n<Opcode>0</Opcode>\n<Keywords>0x8000000000000000</Keywords>\n<TimeCreated SystemTime=\"2025-09-12 18:53:11.891937\"></TimeCreated>\n<EventRecordID>96</EventRecordID>\n<Correlation ActivityID=\"\" RelatedActivityID=\"\"></Correlation>\n<Execution ProcessID=\"3056\" ThreadID=\"3564\"></Execution>\n<Channel>System</Channel>\n<Computer>WIN-DAOI7R3U9SA</Computer>\n<Security UserID=\"S-1-5-18\"></Security>\n</System>\n<EventData><Data Name=\"HiveNameLength\">136</Data>\n<Data Name=\"HiveName\">\\??\\C:\\ProgramData\\Microsoft\\Windows\\AppRepository\\Packages\\"}
{"file": "files\\Windows\\System32\\winevt\\Logs\\System.evtx", "record_num": 97, "timestamp": "2025-09-12T18:53:13.597012", "event_id": null, "xml_snippet": "<Event xmlns=\"http://schemas.microsoft.com/win/2004/08/events/event\"><System><Provider Name=\"Microsoft-Windows-Kernel-General\" Guid=\"{a68ca8b7-004f-d7b6-a698-07e2de0f1f5d}\"></Provider>\n<EventID Qualifiers=\"\">16</EventID>\n<Version>0</Version>\n<Level>4</Level>\n<Task>0</Task>\n<Opcode>0</Opcode>\n<Keywords>0x8000000000000000</Keywords>\n<TimeCreated SystemTime=\"2025-09-12 18:53:13.597012\"></TimeCreated>\n<EventRecordID>97</EventRecordID>\n<Correlation ActivityID=\"\" RelatedActivityID=\"\"></Correlation>\n<Execution ProcessID=\"3056\" ThreadID=\"3564\"></Execution>\n<Channel>System</Channel>\n<Computer>WIN-DAOI7R3U9SA</Computer>\n<Security UserID=\"S-1-5-18\"></Security>\n</System>\n<EventData><Data Name=\"HiveNameLength\">135</Data>\n<Data Name=\"HiveName\">\\??\\C:\\ProgramData\\Microsoft\\Windows\\AppRepository\\Packages\\"}
{"file": "files\\Windows\\System32\\winevt\\Logs\\System.evtx", "record_num": 98, "timestamp": "2025-09-12T18:53:14.476128", "event_id": null, "xml_snippet": "<Event xmlns=\"http://schemas.microsoft.com/win/2004/08/events/event\"><System><Provider Name=\"Microsoft-Windows-TPM-WMI\" Guid=\"{7d5387b0-cbe0-11da-a94d-0800200c9a66}\"></Provider>\n<EventID Qualifiers=\"\">1027</EventID>\n<Version>0</Version>\n<Level>4</Level>\n<Task>0</Task>\n<Opcode>0</Opcode>\n<Keywords>0x8000000000000000</Keywords>\n<TimeCreated SystemTime=\"2025-09-12 18:53:14.476128\"></TimeCreated>\n<EventRecordID>98</EventRecordID>\n<Correlation ActivityID=\"\" RelatedActivityID=\"\"></Correlation>\n<Execution ProcessID=\"3848\" ThreadID=\"3920\"></Execution>\n<Channel>System</Channel>\n<Computer>WIN-DAOI7R3U9SA</Computer>\n<Security UserID=\"S-1-5-18\"></Security>\n</System>\n<EventData></EventData>\n</Event>\n"}
