{"file": "files\\Windows\\System32\\winevt\\Logs\\Microsoft-Windows-PowerShell.evtx", "record_num": 154, "timestamp": "2025-10-23T19:29:05.307709", "event_id": null, "xml_snippet": "<Event xmlns=\"http://schemas.microsoft.com/win/2004/08/events/event\"><System><Provider Name=\"Microsoft-Windows-PowerShell\" Guid=\"{a0c1853b-5c40-4b15-8766-3cf1c58f985a}\"></Provider>\n<EventID Qualifiers=\"\">4104</EventID>\n<Version>1</Version>\n<Level>3</Level>\n<Task>2</Task>\n<Opcode>15</Opcode>\n<Keywords>0x0000000000000000</Keywords>\n<TimeCreated SystemTime=\"2025-10-23 19:29:05.307709\"></TimeCreated>\n<EventRecordID>154</EventRecordID>\n<Correlation ActivityID=\"{935af687-4451-0000-f671-5c935144dc01}\" RelatedActivityID=\"\"></Correlation>\n<Execution ProcessID=\"6224\" ThreadID=\"6868\"></Execution>\n<Channel>Microsoft-Windows-PowerShell/Operational</Channel>\n<Computer>Ramadan</Computer>\n<Security UserID=\"S-1-5-21-145345821-4241028641-590995675-1001\"></Security>\n</System>\n<EventData><Data Name=\"MessageNu"}
{"file": "files\\Windows\\System32\\winevt\\Logs\\Microsoft-Windows-PowerShell.evtx", "record_num": 155, "timestamp": "2025-10-23T19:29:05.307747", "event_id": null, "xml_snippet": "<Event xmlns=\"http://schemas.microsoft.com/win/2004/08/events/event\"><System><Provider Name=\"Microsoft-Windows-PowerShell\" Guid=\"{a0c1853b-5c40-4b15-8766-3cf1c58f985a}\"></Provider>\n<EventID Qualifiers=\"\">4104</EventID>\n<Version>1</Version>\n<Level>3</Level>\n<Task>2</Task>\n<Opcode>15</Opcode>\n<Keywords>0x0000000000000000</Keywords>\n<TimeCreated SystemTime=\"2025-10-23 19:29:05.307747\"></TimeCreated>\n<EventRecordID>155</EventRecordID>\n<Correlation ActivityID=\"{935af687-4451-0000-f671-5c935144dc01}\" RelatedActivityID=\"\"></Correlation>\n<Execution ProcessID=\"6224\" ThreadID=\"6868\"></Execution>\n<Channel>Microsoft-Windows-PowerShell/Operational</Channel>\n<Computer>Ramadan</Computer>\n<Security UserID=\"S-1-5-21-145345821-4241028641-590995675-1001\"></Security>\n</System>\n<EventData><Data Name=\"MessageNu"}
{"file": "files\\Windows\\System32\\winevt\\Logs\\Microsoft-Windows-PowerShell.evtx", "record_num": 156, "timestamp": "2025-10-23T19:29:05.307768", "event_id": null, "xml_snippet": "<Event xmlns=\"http://schemas.microsoft.com/win/2004/08/events/event\"><System><Provider Name=\"Microsoft-Windows-PowerShell\" Guid=\"{a0c1853b-5c40-4b15-8766-3cf1c58f985a}\"></Provider>\n<EventID Qualifiers=\"\">4104</EventID>\n<Version>1</Version>\n<Level>3</Level>\n<Task>2</Task>\n<Opcode>15</Opcode>\n<Keywords>0x0000000000000000</Keywords>\n<TimeCreated SystemTime=\"2025-10-23 19:29:05.307768\"></TimeCreated>\n<EventRecordID>156</EventRecordID>\n<Correlation ActivityID=\"{935af687-4451-0000-f671-5c935144dc01}\" RelatedActivityID=\"\"></Correlation>\n<Execution ProcessID=\"6224\" ThreadID=\"6868\"></Execution>\n<Channel>Microsoft-Windows-PowerShell/Operational</Channel>\n<Computer>Ramadan</Computer>\n<Security UserID=\"S-1-5-21-145345821-4241028641-590995675-1001\"></Security>\n</System>\n<EventData><Data Name=\"MessageNu"}
{"file": "files\\Windows\\System32\\winevt\\Logs\\Microsoft-Windows-PowerShell.evtx", "record_num": 157, "timestamp": "2025-10-23T19:29:05.307791", "event_id": null, "xml_snippet": "<Event xmlns=\"http://schemas.microsoft.com/win/2004/08/events/event\"><System><Provider Name=\"Microsoft-Windows-PowerShell\" Guid=\"{a0c1853b-5c40-4b15-8766-3cf1c58f985a}\"></Provider>\n<EventID Qualifiers=\"\">4104</EventID>\n<Version>1</Version>\n<Level>3</Level>\n<Task>2</Task>\n<Opcode>15</Opcode>\n<Keywords>0x0000000000000000</Keywords>\n<TimeCreated SystemTime=\"2025-10-23 19:29:05.307791\"></TimeCreated>\n<EventRecordID>157</EventRecordID>\n<Correlation ActivityID=\"{935af687-4451-0000-f671-5c935144dc01}\" RelatedActivityID=\"\"></Correlation>\n<Execution ProcessID=\"6224\" ThreadID=\"6868\"></Execution>\n<Channel>Microsoft-Windows-PowerShell/Operational</Channel>\n<Computer>Ramadan</Computer>\n<Security UserID=\"S-1-5-21-145345821-4241028641-590995675-1001\"></Security>\n</System>\n<EventData><Data Name=\"MessageNu"}
{"file": "files\\Windows\\System32\\winevt\\Logs\\Microsoft-Windows-PowerShell.evtx", "record_num": 158, "timestamp": "2025-10-23T19:29:05.307814", "event_id": null, "xml_snippet": "<Event xmlns=\"http://schemas.microsoft.com/win/2004/08/events/event\"><System><Provider Name=\"Microsoft-Windows-PowerShell\" Guid=\"{a0c1853b-5c40-4b15-8766-3cf1c58f985a}\"></Provider>\n<EventID Qualifiers=\"\">4104</EventID>\n<Version>1</Version>\n<Level>3</Level>\n<Task>2</Task>\n<Opcode>15</Opcode>\n<Keywords>0x0000000000000000</Keywords>\n<TimeCreated SystemTime=\"2025-10-23 19:29:05.307814\"></TimeCreated>\n<EventRecordID>158</EventRecordID>\n<Correlation ActivityID=\"{935af687-4451-0000-f671-5c935144dc01}\" RelatedActivityID=\"\"></Correlation>\n<Execution ProcessID=\"6224\" ThreadID=\"6868\"></Execution>\n<Channel>Microsoft-Windows-PowerShell/Operational</Channel>\n<Computer>Ramadan</Computer>\n<Security UserID=\"S-1-5-21-145345821-4241028641-590995675-1001\"></Security>\n</System>\n<EventData><Data Name=\"MessageNu"}
{"file": "files\\Windows\\System32\\winevt\\Logs\\Microsoft-Windows-PowerShell.evtx", "record_num": 159, "timestamp": "2025-10-23T19:29:05.307837", "event_id": null, "xml_snippet": "<Event xmlns=\"http://schemas.microsoft.com/win/2004/08/events/event\"><System><Provider Name=\"Microsoft-Windows-PowerShell\" Guid=\"{a0c1853b-5c40-4b15-8766-3cf1c58f985a}\"></Provider>\n<EventID Qualifiers=\"\">4104</EventID>\n<Version>1</Version>\n<Level>3</Level>\n<Task>2</Task>\n<Opcode>15</Opcode>\n<Keywords>0x0000000000000000</Keywords>\n<TimeCreated SystemTime=\"2025-10-23 19:29:05.307837\"></TimeCreated>\n<EventRecordID>159</EventRecordID>\n<Correlation ActivityID=\"{935af687-4451-0000-f671-5c935144dc01}\" RelatedActivityID=\"\"></Correlation>\n<Execution ProcessID=\"6224\" ThreadID=\"6868\"></Execution>\n<Channel>Microsoft-Windows-PowerShell/Operational</Channel>\n<Computer>Ramadan</Computer>\n<Security UserID=\"S-1-5-21-145345821-4241028641-590995675-1001\"></Security>\n</System>\n<EventData><Data Name=\"MessageNu"}
{"file": "files\\Windows\\System32\\winevt\\Logs\\Microsoft-Windows-PowerShell.evtx", "record_num": 160, "timestamp": "2025-10-23T19:29:05.307859", "event_id": null, "xml_snippet": "<Event xmlns=\"http://schemas.microsoft.com/win/2004/08/events/event\"><System><Provider Name=\"Microsoft-Windows-PowerShell\" Guid=\"{a0c1853b-5c40-4b15-8766-3cf1c58f985a}\"></Provider>\n<EventID Qualifiers=\"\">4104</EventID>\n<Version>1</Version>\n<Level>3</Level>\n<Task>2</Task>\n<Opcode>15</Opcode>\n<Keywords>0x0000000000000000</Keywords>\n<TimeCreated SystemTime=\"2025-10-23 19:29:05.307859\"></TimeCreated>\n<EventRecordID>160</EventRecordID>\n<Correlation ActivityID=\"{935af687-4451-0000-f671-5c935144dc01}\" RelatedActivityID=\"\"></Correlation>\n<Execution ProcessID=\"6224\" ThreadID=\"6868\"></Execution>\n<Channel>Microsoft-Windows-PowerShell/Operational</Channel>\n<Computer>Ramadan</Computer>\n<Security UserID=\"S-1-5-21-145345821-4241028641-590995675-1001\"></Security>\n</System>\n<EventData><Data Name=\"MessageNu"}
{"file": "files\\Windows\\System32\\winevt\\Logs\\Microsoft-Windows-PowerShell.evtx", "record_num": 161, "timestamp": "2025-10-23T19:29:05.307878", "event_id": null, "xml_snippet": "<Event xmlns=\"http://schemas.microsoft.com/win/2004/08/events/event\"><System><Provider Name=\"Microsoft-Windows-PowerShell\" Guid=\"{a0c1853b-5c40-4b15-8766-3cf1c58f985a}\"></Provider>\n<EventID Qualifiers=\"\">4104</EventID>\n<Version>1</Version>\n<Level>3</Level>\n<Task>2</Task>\n<Opcode>15</Opcode>\n<Keywords>0x0000000000000000</Keywords>\n<TimeCreated SystemTime=\"2025-10-23 19:29:05.307878\"></TimeCreated>\n<EventRecordID>161</EventRecordID>\n<Correlation ActivityID=\"{935af687-4451-0000-f671-5c935144dc01}\" RelatedActivityID=\"\"></Correlation>\n<Execution ProcessID=\"6224\" ThreadID=\"6868\"></Execution>\n<Channel>Microsoft-Windows-PowerShell/Operational</Channel>\n<Computer>Ramadan</Computer>\n<Security UserID=\"S-1-5-21-145345821-4241028641-590995675-1001\"></Security>\n</System>\n<EventData><Data Name=\"MessageNu"}
{"file": "files\\Windows\\System32\\winevt\\Logs\\Microsoft-Windows-PowerShell.evtx", "record_num": 162, "timestamp": "2025-10-23T19:29:05.307901", "event_id": null, "xml_snippet": "<Event xmlns=\"http://schemas.microsoft.com/win/2004/08/events/event\"><System><Provider Name=\"Microsoft-Windows-PowerShell\" Guid=\"{a0c1853b-5c40-4b15-8766-3cf1c58f985a}\"></Provider>\n<EventID Qualifiers=\"\">4104</EventID>\n<Version>1</Version>\n<Level>3</Level>\n<Task>2</Task>\n<Opcode>15</Opcode>\n<Keywords>0x0000000000000000</Keywords>\n<TimeCreated SystemTime=\"2025-10-23 19:29:05.307901\"></TimeCreated>\n<EventRecordID>162</EventRecordID>\n<Correlation ActivityID=\"{935af687-4451-0000-f671-5c935144dc01}\" RelatedActivityID=\"\"></Correlation>\n<Execution ProcessID=\"6224\" ThreadID=\"6868\"></Execution>\n<Channel>Microsoft-Windows-PowerShell/Operational</Channel>\n<Computer>Ramadan</Computer>\n<Security UserID=\"S-1-5-21-145345821-4241028641-590995675-1001\"></Security>\n</System>\n<EventData><Data Name=\"MessageNu"}
{"file": "files\\Windows\\System32\\winevt\\Logs\\Microsoft-Windows-PowerShell.evtx", "record_num": 163, "timestamp": "2025-10-23T19:29:05.307924", "event_id": null, "xml_snippet": "<Event xmlns=\"http://schemas.microsoft.com/win/2004/08/events/event\"><System><Provider Name=\"Microsoft-Windows-PowerShell\" Guid=\"{a0c1853b-5c40-4b15-8766-3cf1c58f985a}\"></Provider>\n<EventID Qualifiers=\"\">4104</EventID>\n<Version>1</Version>\n<Level>3</Level>\n<Task>2</Task>\n<Opcode>15</Opcode>\n<Keywords>0x0000000000000000</Keywords>\n<TimeCreated SystemTime=\"2025-10-23 19:29:05.307924\"></TimeCreated>\n<EventRecordID>163</EventRecordID>\n<Correlation ActivityID=\"{935af687-4451-0000-f671-5c935144dc01}\" RelatedActivityID=\"\"></Correlation>\n<Execution ProcessID=\"6224\" ThreadID=\"6868\"></Execution>\n<Channel>Microsoft-Windows-PowerShell/Operational</Channel>\n<Computer>Ramadan</Computer>\n<Security UserID=\"S-1-5-21-145345821-4241028641-590995675-1001\"></Security>\n</System>\n<EventData><Data Name=\"MessageNu"}
{"file": "files\\Windows\\System32\\winevt\\Logs\\Microsoft-Windows-PowerShell.evtx", "record_num": 164, "timestamp": "2025-10-23T19:29:05.307962", "event_id": null, "xml_snippet": "<Event xmlns=\"http://schemas.microsoft.com/win/2004/08/events/event\"><System><Provider Name=\"Microsoft-Windows-PowerShell\" Guid=\"{a0c1853b-5c40-4b15-8766-3cf1c58f985a}\"></Provider>\n<EventID Qualifiers=\"\">4104</EventID>\n<Version>1</Version>\n<Level>3</Level>\n<Task>2</Task>\n<Opcode>15</Opcode>\n<Keywords>0x0000000000000000</Keywords>\n<TimeCreated SystemTime=\"2025-10-23 19:29:05.307962\"></TimeCreated>\n<EventRecordID>164</EventRecordID>\n<Correlation ActivityID=\"{935af687-4451-0000-f671-5c935144dc01}\" RelatedActivityID=\"\"></Correlation>\n<Execution ProcessID=\"6224\" ThreadID=\"6868\"></Execution>\n<Channel>Microsoft-Windows-PowerShell/Operational</Channel>\n<Computer>Ramadan</Computer>\n<Security UserID=\"S-1-5-21-145345821-4241028641-590995675-1001\"></Security>\n</System>\n<EventData><Data Name=\"MessageNu"}
{"file": "files\\Windows\\System32\\winevt\\Logs\\Microsoft-Windows-PowerShell.evtx", "record_num": 165, "timestamp": "2025-10-23T19:29:05.307983", "event_id": null, "xml_snippet": "<Event xmlns=\"http://schemas.microsoft.com/win/2004/08/events/event\"><System><Provider Name=\"Microsoft-Windows-PowerShell\" Guid=\"{a0c1853b-5c40-4b15-8766-3cf1c58f985a}\"></Provider>\n<EventID Qualifiers=\"\">4104</EventID>\n<Version>1</Version>\n<Level>3</Level>\n<Task>2</Task>\n<Opcode>15</Opcode>\n<Keywords>0x0000000000000000</Keywords>\n<TimeCreated SystemTime=\"2025-10-23 19:29:05.307983\"></TimeCreated>\n<EventRecordID>165</EventRecordID>\n<Correlation ActivityID=\"{935af687-4451-0000-f671-5c935144dc01}\" RelatedActivityID=\"\"></Correlation>\n<Execution ProcessID=\"6224\" ThreadID=\"6868\"></Execution>\n<Channel>Microsoft-Windows-PowerShell/Operational</Channel>\n<Computer>Ramadan</Computer>\n<Security UserID=\"S-1-5-21-145345821-4241028641-590995675-1001\"></Security>\n</System>\n<EventData><Data Name=\"MessageNu"}
{"file": "files\\Windows\\System32\\winevt\\Logs\\Microsoft-Windows-PowerShell.evtx", "record_num": 166, "timestamp": "2025-10-23T19:29:05.308077", "event_id": null, "xml_snippet": "<Event xmlns=\"http://schemas.microsoft.com/win/2004/08/events/event\"><System><Provider Name=\"Microsoft-Windows-PowerShell\" Guid=\"{a0c1853b-5c40-4b15-8766-3cf1c58f985a}\"></Provider>\n<EventID Qualifiers=\"\">4104</EventID>\n<Version>1</Version>\n<Level>3</Level>\n<Task>2</Task>\n<Opcode>15</Opcode>\n<Keywords>0x0000000000000000</Keywords>\n<TimeCreated SystemTime=\"2025-10-23 19:29:05.308077\"></TimeCreated>\n<EventRecordID>166</EventRecordID>\n<Correlation ActivityID=\"{935af687-4451-0000-f671-5c935144dc01}\" RelatedActivityID=\"\"></Correlation>\n<Execution ProcessID=\"6224\" ThreadID=\"6868\"></Execution>\n<Channel>Microsoft-Windows-PowerShell/Operational</Channel>\n<Computer>Ramadan</Computer>\n<Security UserID=\"S-1-5-21-145345821-4241028641-590995675-1001\"></Security>\n</System>\n<EventData><Data Name=\"MessageNu"}
{"file": "files\\Windows\\System32\\winevt\\Logs\\Microsoft-Windows-PowerShell.evtx", "record_num": 167, "timestamp": "2025-10-23T19:29:05.308100", "event_id": null, "xml_snippet": "<Event xmlns=\"http://schemas.microsoft.com/win/2004/08/events/event\"><System><Provider Name=\"Microsoft-Windows-PowerShell\" Guid=\"{a0c1853b-5c40-4b15-8766-3cf1c58f985a}\"></Provider>\n<EventID Qualifiers=\"\">4104</EventID>\n<Version>1</Version>\n<Level>3</Level>\n<Task>2</Task>\n<Opcode>15</Opcode>\n<Keywords>0x0000000000000000</Keywords>\n<TimeCreated SystemTime=\"2025-10-23 19:29:05.308100\"></TimeCreated>\n<EventRecordID>167</EventRecordID>\n<Correlation ActivityID=\"{935af687-4451-0000-f671-5c935144dc01}\" RelatedActivityID=\"\"></Correlation>\n<Execution ProcessID=\"6224\" ThreadID=\"6868\"></Execution>\n<Channel>Microsoft-Windows-PowerShell/Operational</Channel>\n<Computer>Ramadan</Computer>\n<Security UserID=\"S-1-5-21-145345821-4241028641-590995675-1001\"></Security>\n</System>\n<EventData><Data Name=\"MessageNu"}
{"file": "files\\Windows\\System32\\winevt\\Logs\\Microsoft-Windows-PowerShell.evtx", "record_num": 168, "timestamp": "2025-10-23T19:29:05.308123", "event_id": null, "xml_snippet": "<Event xmlns=\"http://schemas.microsoft.com/win/2004/08/events/event\"><System><Provider Name=\"Microsoft-Windows-PowerShell\" Guid=\"{a0c1853b-5c40-4b15-8766-3cf1c58f985a}\"></Provider>\n<EventID Qualifiers=\"\">4104</EventID>\n<Version>1</Version>\n<Level>3</Level>\n<Task>2</Task>\n<Opcode>15</Opcode>\n<Keywords>0x0000000000000000</Keywords>\n<TimeCreated SystemTime=\"2025-10-23 19:29:05.308123\"></TimeCreated>\n<EventRecordID>168</EventRecordID>\n<Correlation ActivityID=\"{935af687-4451-0000-f671-5c935144dc01}\" RelatedActivityID=\"\"></Correlation>\n<Execution ProcessID=\"6224\" ThreadID=\"6868\"></Execution>\n<Channel>Microsoft-Windows-PowerShell/Operational</Channel>\n<Computer>Ramadan</Computer>\n<Security UserID=\"S-1-5-21-145345821-4241028641-590995675-1001\"></Security>\n</System>\n<EventData><Data Name=\"MessageNu"}
{"file": "files\\Windows\\System32\\winevt\\Logs\\Microsoft-Windows-PowerShell.evtx", "record_num": 169, "timestamp": "2025-10-23T19:29:05.308146", "event_id": null, "xml_snippet": "<Event xmlns=\"http://schemas.microsoft.com/win/2004/08/events/event\"><System><Provider Name=\"Microsoft-Windows-PowerShell\" Guid=\"{a0c1853b-5c40-4b15-8766-3cf1c58f985a}\"></Provider>\n<EventID Qualifiers=\"\">4104</EventID>\n<Version>1</Version>\n<Level>3</Level>\n<Task>2</Task>\n<Opcode>15</Opcode>\n<Keywords>0x0000000000000000</Keywords>\n<TimeCreated SystemTime=\"2025-10-23 19:29:05.308146\"></TimeCreated>\n<EventRecordID>169</EventRecordID>\n<Correlation ActivityID=\"{935af687-4451-0000-f671-5c935144dc01}\" RelatedActivityID=\"\"></Correlation>\n<Execution ProcessID=\"6224\" ThreadID=\"6868\"></Execution>\n<Channel>Microsoft-Windows-PowerShell/Operational</Channel>\n<Computer>Ramadan</Computer>\n<Security UserID=\"S-1-5-21-145345821-4241028641-590995675-1001\"></Security>\n</System>\n<EventData><Data Name=\"MessageNu"}
{"file": "files\\Windows\\System32\\winevt\\Logs\\Microsoft-Windows-PowerShell.evtx", "record_num": 170, "timestamp": "2025-10-23T19:29:05.308168", "event_id": null, "xml_snippet": "<Event xmlns=\"http://schemas.microsoft.com/win/2004/08/events/event\"><System><Provider Name=\"Microsoft-Windows-PowerShell\" Guid=\"{a0c1853b-5c40-4b15-8766-3cf1c58f985a}\"></Provider>\n<EventID Qualifiers=\"\">4104</EventID>\n<Version>1</Version>\n<Level>3</Level>\n<Task>2</Task>\n<Opcode>15</Opcode>\n<Keywords>0x0000000000000000</Keywords>\n<TimeCreated SystemTime=\"2025-10-23 19:29:05.308168\"></TimeCreated>\n<EventRecordID>170</EventRecordID>\n<Correlation ActivityID=\"{935af687-4451-0000-f671-5c935144dc01}\" RelatedActivityID=\"\"></Correlation>\n<Execution ProcessID=\"6224\" ThreadID=\"6868\"></Execution>\n<Channel>Microsoft-Windows-PowerShell/Operational</Channel>\n<Computer>Ramadan</Computer>\n<Security UserID=\"S-1-5-21-145345821-4241028641-590995675-1001\"></Security>\n</System>\n<EventData><Data Name=\"MessageNu"}
{"file": "files\\Windows\\System32\\winevt\\Logs\\Microsoft-Windows-PowerShell.evtx", "record_num": 171, "timestamp": "2025-10-23T19:29:05.308193", "event_id": null, "xml_snippet": "<Event xmlns=\"http://schemas.microsoft.com/win/2004/08/events/event\"><System><Provider Name=\"Microsoft-Windows-PowerShell\" Guid=\"{a0c1853b-5c40-4b15-8766-3cf1c58f985a}\"></Provider>\n<EventID Qualifiers=\"\">4104</EventID>\n<Version>1</Version>\n<Level>3</Level>\n<Task>2</Task>\n<Opcode>15</Opcode>\n<Keywords>0x0000000000000000</Keywords>\n<TimeCreated SystemTime=\"2025-10-23 19:29:05.308193\"></TimeCreated>\n<EventRecordID>171</EventRecordID>\n<Correlation ActivityID=\"{935af687-4451-0000-f671-5c935144dc01}\" RelatedActivityID=\"\"></Correlation>\n<Execution ProcessID=\"6224\" ThreadID=\"6868\"></Execution>\n<Channel>Microsoft-Windows-PowerShell/Operational</Channel>\n<Computer>Ramadan</Computer>\n<Security UserID=\"S-1-5-21-145345821-4241028641-590995675-1001\"></Security>\n</System>\n<EventData><Data Name=\"MessageNu"}
{"file": "files\\Windows\\System32\\winevt\\Logs\\Microsoft-Windows-PowerShell.evtx", "record_num": 172, "timestamp": "2025-10-23T19:29:05.308216", "event_id": null, "xml_snippet": "<Event xmlns=\"http://schemas.microsoft.com/win/2004/08/events/event\"><System><Provider Name=\"Microsoft-Windows-PowerShell\" Guid=\"{a0c1853b-5c40-4b15-8766-3cf1c58f985a}\"></Provider>\n<EventID Qualifiers=\"\">4104</EventID>\n<Version>1</Version>\n<Level>3</Level>\n<Task>2</Task>\n<Opcode>15</Opcode>\n<Keywords>0x0000000000000000</Keywords>\n<TimeCreated SystemTime=\"2025-10-23 19:29:05.308216\"></TimeCreated>\n<EventRecordID>172</EventRecordID>\n<Correlation ActivityID=\"{935af687-4451-0000-f671-5c935144dc01}\" RelatedActivityID=\"\"></Correlation>\n<Execution ProcessID=\"6224\" ThreadID=\"6868\"></Execution>\n<Channel>Microsoft-Windows-PowerShell/Operational</Channel>\n<Computer>Ramadan</Computer>\n<Security UserID=\"S-1-5-21-145345821-4241028641-590995675-1001\"></Security>\n</System>\n<EventData><Data Name=\"MessageNu"}
{"file": "files\\Windows\\System32\\winevt\\Logs\\Microsoft-Windows-PowerShell.evtx", "record_num": 173, "timestamp": "2025-10-23T19:29:05.308239", "event_id": null, "xml_snippet": "<Event xmlns=\"http://schemas.microsoft.com/win/2004/08/events/event\"><System><Provider Name=\"Microsoft-Windows-PowerShell\" Guid=\"{a0c1853b-5c40-4b15-8766-3cf1c58f985a}\"></Provider>\n<EventID Qualifiers=\"\">4104</EventID>\n<Version>1</Version>\n<Level>3</Level>\n<Task>2</Task>\n<Opcode>15</Opcode>\n<Keywords>0x0000000000000000</Keywords>\n<TimeCreated SystemTime=\"2025-10-23 19:29:05.308239\"></TimeCreated>\n<EventRecordID>173</EventRecordID>\n<Correlation ActivityID=\"{935af687-4451-0000-f671-5c935144dc01}\" RelatedActivityID=\"\"></Correlation>\n<Execution ProcessID=\"6224\" ThreadID=\"6868\"></Execution>\n<Channel>Microsoft-Windows-PowerShell/Operational</Channel>\n<Computer>Ramadan</Computer>\n<Security UserID=\"S-1-5-21-145345821-4241028641-590995675-1001\"></Security>\n</System>\n<EventData><Data Name=\"MessageNu"}
{"file": "files\\Windows\\System32\\winevt\\Logs\\Microsoft-Windows-PowerShell.evtx", "record_num": 174, "timestamp": "2025-10-23T19:29:05.308262", "event_id": null, "xml_snippet": "<Event xmlns=\"http://schemas.microsoft.com/win/2004/08/events/event\"><System><Provider Name=\"Microsoft-Windows-PowerShell\" Guid=\"{a0c1853b-5c40-4b15-8766-3cf1c58f985a}\"></Provider>\n<EventID Qualifiers=\"\">4104</EventID>\n<Version>1</Version>\n<Level>3</Level>\n<Task>2</Task>\n<Opcode>15</Opcode>\n<Keywords>0x0000000000000000</Keywords>\n<TimeCreated SystemTime=\"2025-10-23 19:29:05.308262\"></TimeCreated>\n<EventRecordID>174</EventRecordID>\n<Correlation ActivityID=\"{935af687-4451-0000-f671-5c935144dc01}\" RelatedActivityID=\"\"></Correlation>\n<Execution ProcessID=\"6224\" ThreadID=\"6868\"></Execution>\n<Channel>Microsoft-Windows-PowerShell/Operational</Channel>\n<Computer>Ramadan</Computer>\n<Security UserID=\"S-1-5-21-145345821-4241028641-590995675-1001\"></Security>\n</System>\n<EventData><Data Name=\"MessageNu"}
{"file": "files\\Windows\\System32\\winevt\\Logs\\Microsoft-Windows-PowerShell.evtx", "record_num": 175, "timestamp": "2025-10-23T19:29:05.308285", "event_id": null, "xml_snippet": "<Event xmlns=\"http://schemas.microsoft.com/win/2004/08/events/event\"><System><Provider Name=\"Microsoft-Windows-PowerShell\" Guid=\"{a0c1853b-5c40-4b15-8766-3cf1c58f985a}\"></Provider>\n<EventID Qualifiers=\"\">4104</EventID>\n<Version>1</Version>\n<Level>3</Level>\n<Task>2</Task>\n<Opcode>15</Opcode>\n<Keywords>0x0000000000000000</Keywords>\n<TimeCreated SystemTime=\"2025-10-23 19:29:05.308285\"></TimeCreated>\n<EventRecordID>175</EventRecordID>\n<Correlation ActivityID=\"{935af687-4451-0000-f671-5c935144dc01}\" RelatedActivityID=\"\"></Correlation>\n<Execution ProcessID=\"6224\" ThreadID=\"6868\"></Execution>\n<Channel>Microsoft-Windows-PowerShell/Operational</Channel>\n<Computer>Ramadan</Computer>\n<Security UserID=\"S-1-5-21-145345821-4241028641-590995675-1001\"></Security>\n</System>\n<EventData><Data Name=\"MessageNu"}
{"file": "files\\Windows\\System32\\winevt\\Logs\\Microsoft-Windows-PowerShell.evtx", "record_num": 176, "timestamp": "2025-10-23T19:29:05.308306", "event_id": null, "xml_snippet": "<Event xmlns=\"http://schemas.microsoft.com/win/2004/08/events/event\"><System><Provider Name=\"Microsoft-Windows-PowerShell\" Guid=\"{a0c1853b-5c40-4b15-8766-3cf1c58f985a}\"></Provider>\n<EventID Qualifiers=\"\">4104</EventID>\n<Version>1</Version>\n<Level>3</Level>\n<Task>2</Task>\n<Opcode>15</Opcode>\n<Keywords>0x0000000000000000</Keywords>\n<TimeCreated SystemTime=\"2025-10-23 19:29:05.308306\"></TimeCreated>\n<EventRecordID>176</EventRecordID>\n<Correlation ActivityID=\"{935af687-4451-0000-f671-5c935144dc01}\" RelatedActivityID=\"\"></Correlation>\n<Execution ProcessID=\"6224\" ThreadID=\"6868\"></Execution>\n<Channel>Microsoft-Windows-PowerShell/Operational</Channel>\n<Computer>Ramadan</Computer>\n<Security UserID=\"S-1-5-21-145345821-4241028641-590995675-1001\"></Security>\n</System>\n<EventData><Data Name=\"MessageNu"}
{"file": "files\\Windows\\System32\\winevt\\Logs\\Microsoft-Windows-PowerShell.evtx", "record_num": 177, "timestamp": "2025-10-23T19:29:05.308329", "event_id": null, "xml_snippet": "<Event xmlns=\"http://schemas.microsoft.com/win/2004/08/events/event\"><System><Provider Name=\"Microsoft-Windows-PowerShell\" Guid=\"{a0c1853b-5c40-4b15-8766-3cf1c58f985a}\"></Provider>\n<EventID Qualifiers=\"\">4104</EventID>\n<Version>1</Version>\n<Level>3</Level>\n<Task>2</Task>\n<Opcode>15</Opcode>\n<Keywords>0x0000000000000000</Keywords>\n<TimeCreated SystemTime=\"2025-10-23 19:29:05.308329\"></TimeCreated>\n<EventRecordID>177</EventRecordID>\n<Correlation ActivityID=\"{935af687-4451-0000-f671-5c935144dc01}\" RelatedActivityID=\"\"></Correlation>\n<Execution ProcessID=\"6224\" ThreadID=\"6868\"></Execution>\n<Channel>Microsoft-Windows-PowerShell/Operational</Channel>\n<Computer>Ramadan</Computer>\n<Security UserID=\"S-1-5-21-145345821-4241028641-590995675-1001\"></Security>\n</System>\n<EventData><Data Name=\"MessageNu"}
{"file": "files\\Windows\\System32\\winevt\\Logs\\Microsoft-Windows-PowerShell.evtx", "record_num": 178, "timestamp": "2025-10-23T19:29:05.308338", "event_id": null, "xml_snippet": "<Event xmlns=\"http://schemas.microsoft.com/win/2004/08/events/event\"><System><Provider Name=\"Microsoft-Windows-PowerShell\" Guid=\"{a0c1853b-5c40-4b15-8766-3cf1c58f985a}\"></Provider>\n<EventID Qualifiers=\"\">4104</EventID>\n<Version>1</Version>\n<Level>3</Level>\n<Task>2</Task>\n<Opcode>15</Opcode>\n<Keywords>0x0000000000000000</Keywords>\n<TimeCreated SystemTime=\"2025-10-23 19:29:05.308338\"></TimeCreated>\n<EventRecordID>178</EventRecordID>\n<Correlation ActivityID=\"{935af687-4451-0000-f671-5c935144dc01}\" RelatedActivityID=\"\"></Correlation>\n<Execution ProcessID=\"6224\" ThreadID=\"6868\"></Execution>\n<Channel>Microsoft-Windows-PowerShell/Operational</Channel>\n<Computer>Ramadan</Computer>\n<Security UserID=\"S-1-5-21-145345821-4241028641-590995675-1001\"></Security>\n</System>\n<EventData><Data Name=\"MessageNu"}
{"file": "files\\Windows\\System32\\winevt\\Logs\\Microsoft-Windows-PowerShell.evtx", "record_num": 179, "timestamp": "2025-10-23T19:29:05.509399", "event_id": null, "xml_snippet": "<Event xmlns=\"http://schemas.microsoft.com/win/2004/08/events/event\"><System><Provider Name=\"Microsoft-Windows-PowerShell\" Guid=\"{a0c1853b-5c40-4b15-8766-3cf1c58f985a}\"></Provider>\n<EventID Qualifiers=\"\">4104</EventID>\n<Version>1</Version>\n<Level>3</Level>\n<Task>2</Task>\n<Opcode>15</Opcode>\n<Keywords>0x0000000000000000</Keywords>\n<TimeCreated SystemTime=\"2025-10-23 19:29:05.509399\"></TimeCreated>\n<EventRecordID>179</EventRecordID>\n<Correlation ActivityID=\"{935af687-4451-0000-0a72-5c935144dc01}\" RelatedActivityID=\"\"></Correlation>\n<Execution ProcessID=\"6224\" ThreadID=\"6868\"></Execution>\n<Channel>Microsoft-Windows-PowerShell/Operational</Channel>\n<Computer>Ramadan</Computer>\n<Security UserID=\"S-1-5-21-145345821-4241028641-590995675-1001\"></Security>\n</System>\n<EventData><Data Name=\"MessageNu"}
{"file": "files\\Windows\\System32\\winevt\\Logs\\Microsoft-Windows-PowerShell.evtx", "record_num": 180, "timestamp": "2025-10-23T19:29:05.509447", "event_id": null, "xml_snippet": "<Event xmlns=\"http://schemas.microsoft.com/win/2004/08/events/event\"><System><Provider Name=\"Microsoft-Windows-PowerShell\" Guid=\"{a0c1853b-5c40-4b15-8766-3cf1c58f985a}\"></Provider>\n<EventID Qualifiers=\"\">4104</EventID>\n<Version>1</Version>\n<Level>3</Level>\n<Task>2</Task>\n<Opcode>15</Opcode>\n<Keywords>0x0000000000000000</Keywords>\n<TimeCreated SystemTime=\"2025-10-23 19:29:05.509447\"></TimeCreated>\n<EventRecordID>180</EventRecordID>\n<Correlation ActivityID=\"{935af687-4451-0000-0a72-5c935144dc01}\" RelatedActivityID=\"\"></Correlation>\n<Execution ProcessID=\"6224\" ThreadID=\"6868\"></Execution>\n<Channel>Microsoft-Windows-PowerShell/Operational</Channel>\n<Computer>Ramadan</Computer>\n<Security UserID=\"S-1-5-21-145345821-4241028641-590995675-1001\"></Security>\n</System>\n<EventData><Data Name=\"MessageNu"}
{"file": "files\\Windows\\System32\\winevt\\Logs\\Microsoft-Windows-PowerShell.evtx", "record_num": 181, "timestamp": "2025-10-23T19:29:05.509474", "event_id": null, "xml_snippet": "<Event xmlns=\"http://schemas.microsoft.com/win/2004/08/events/event\"><System><Provider Name=\"Microsoft-Windows-PowerShell\" Guid=\"{a0c1853b-5c40-4b15-8766-3cf1c58f985a}\"></Provider>\n<EventID Qualifiers=\"\">4104</EventID>\n<Version>1</Version>\n<Level>3</Level>\n<Task>2</Task>\n<Opcode>15</Opcode>\n<Keywords>0x0000000000000000</Keywords>\n<TimeCreated SystemTime=\"2025-10-23 19:29:05.509474\"></TimeCreated>\n<EventRecordID>181</EventRecordID>\n<Correlation ActivityID=\"{935af687-4451-0000-0a72-5c935144dc01}\" RelatedActivityID=\"\"></Correlation>\n<Execution ProcessID=\"6224\" ThreadID=\"6868\"></Execution>\n<Channel>Microsoft-Windows-PowerShell/Operational</Channel>\n<Computer>Ramadan</Computer>\n<Security UserID=\"S-1-5-21-145345821-4241028641-590995675-1001\"></Security>\n</System>\n<EventData><Data Name=\"MessageNu"}
{"file": "files\\Windows\\System32\\winevt\\Logs\\Microsoft-Windows-PowerShell.evtx", "record_num": 182, "timestamp": "2025-10-23T19:29:05.509501", "event_id": null, "xml_snippet": "<Event xmlns=\"http://schemas.microsoft.com/win/2004/08/events/event\"><System><Provider Name=\"Microsoft-Windows-PowerShell\" Guid=\"{a0c1853b-5c40-4b15-8766-3cf1c58f985a}\"></Provider>\n<EventID Qualifiers=\"\">4104</EventID>\n<Version>1</Version>\n<Level>3</Level>\n<Task>2</Task>\n<Opcode>15</Opcode>\n<Keywords>0x0000000000000000</Keywords>\n<TimeCreated SystemTime=\"2025-10-23 19:29:05.509501\"></TimeCreated>\n<EventRecordID>182</EventRecordID>\n<Correlation ActivityID=\"{935af687-4451-0000-0a72-5c935144dc01}\" RelatedActivityID=\"\"></Correlation>\n<Execution ProcessID=\"6224\" ThreadID=\"6868\"></Execution>\n<Channel>Microsoft-Windows-PowerShell/Operational</Channel>\n<Computer>Ramadan</Computer>\n<Security UserID=\"S-1-5-21-145345821-4241028641-590995675-1001\"></Security>\n</System>\n<EventData><Data Name=\"MessageNu"}
{"file": "files\\Windows\\System32\\winevt\\Logs\\Microsoft-Windows-PowerShell.evtx", "record_num": 183, "timestamp": "2025-10-23T19:29:05.509523", "event_id": null, "xml_snippet": "<Event xmlns=\"http://schemas.microsoft.com/win/2004/08/events/event\"><System><Provider Name=\"Microsoft-Windows-PowerShell\" Guid=\"{a0c1853b-5c40-4b15-8766-3cf1c58f985a}\"></Provider>\n<EventID Qualifiers=\"\">4104</EventID>\n<Version>1</Version>\n<Level>3</Level>\n<Task>2</Task>\n<Opcode>15</Opcode>\n<Keywords>0x0000000000000000</Keywords>\n<TimeCreated SystemTime=\"2025-10-23 19:29:05.509523\"></TimeCreated>\n<EventRecordID>183</EventRecordID>\n<Correlation ActivityID=\"{935af687-4451-0000-0a72-5c935144dc01}\" RelatedActivityID=\"\"></Correlation>\n<Execution ProcessID=\"6224\" ThreadID=\"6868\"></Execution>\n<Channel>Microsoft-Windows-PowerShell/Operational</Channel>\n<Computer>Ramadan</Computer>\n<Security UserID=\"S-1-5-21-145345821-4241028641-590995675-1001\"></Security>\n</System>\n<EventData><Data Name=\"MessageNu"}
{"file": "files\\Windows\\System32\\winevt\\Logs\\Microsoft-Windows-PowerShell.evtx", "record_num": 184, "timestamp": "2025-10-23T19:29:05.509548", "event_id": null, "xml_snippet": "<Event xmlns=\"http://schemas.microsoft.com/win/2004/08/events/event\"><System><Provider Name=\"Microsoft-Windows-PowerShell\" Guid=\"{a0c1853b-5c40-4b15-8766-3cf1c58f985a}\"></Provider>\n<EventID Qualifiers=\"\">4104</EventID>\n<Version>1</Version>\n<Level>3</Level>\n<Task>2</Task>\n<Opcode>15</Opcode>\n<Keywords>0x0000000000000000</Keywords>\n<TimeCreated SystemTime=\"2025-10-23 19:29:05.509548\"></TimeCreated>\n<EventRecordID>184</EventRecordID>\n<Correlation ActivityID=\"{935af687-4451-0000-0a72-5c935144dc01}\" RelatedActivityID=\"\"></Correlation>\n<Execution ProcessID=\"6224\" ThreadID=\"6868\"></Execution>\n<Channel>Microsoft-Windows-PowerShell/Operational</Channel>\n<Computer>Ramadan</Computer>\n<Security UserID=\"S-1-5-21-145345821-4241028641-590995675-1001\"></Security>\n</System>\n<EventData><Data Name=\"MessageNu"}
{"file": "files\\Windows\\System32\\winevt\\Logs\\Microsoft-Windows-PowerShell.evtx", "record_num": 185, "timestamp": "2025-10-23T19:29:05.509573", "event_id": null, "xml_snippet": "<Event xmlns=\"http://schemas.microsoft.com/win/2004/08/events/event\"><System><Provider Name=\"Microsoft-Windows-PowerShell\" Guid=\"{a0c1853b-5c40-4b15-8766-3cf1c58f985a}\"></Provider>\n<EventID Qualifiers=\"\">4104</EventID>\n<Version>1</Version>\n<Level>3</Level>\n<Task>2</Task>\n<Opcode>15</Opcode>\n<Keywords>0x0000000000000000</Keywords>\n<TimeCreated SystemTime=\"2025-10-23 19:29:05.509573\"></TimeCreated>\n<EventRecordID>185</EventRecordID>\n<Correlation ActivityID=\"{935af687-4451-0000-0a72-5c935144dc01}\" RelatedActivityID=\"\"></Correlation>\n<Execution ProcessID=\"6224\" ThreadID=\"6868\"></Execution>\n<Channel>Microsoft-Windows-PowerShell/Operational</Channel>\n<Computer>Ramadan</Computer>\n<Security UserID=\"S-1-5-21-145345821-4241028641-590995675-1001\"></Security>\n</System>\n<EventData><Data Name=\"MessageNu"}
{"file": "files\\Windows\\System32\\winevt\\Logs\\Microsoft-Windows-PowerShell.evtx", "record_num": 186, "timestamp": "2025-10-23T19:29:05.509598", "event_id": null, "xml_snippet": "<Event xmlns=\"http://schemas.microsoft.com/win/2004/08/events/event\"><System><Provider Name=\"Microsoft-Windows-PowerShell\" Guid=\"{a0c1853b-5c40-4b15-8766-3cf1c58f985a}\"></Provider>\n<EventID Qualifiers=\"\">4104</EventID>\n<Version>1</Version>\n<Level>3</Level>\n<Task>2</Task>\n<Opcode>15</Opcode>\n<Keywords>0x0000000000000000</Keywords>\n<TimeCreated SystemTime=\"2025-10-23 19:29:05.509598\"></TimeCreated>\n<EventRecordID>186</EventRecordID>\n<Correlation ActivityID=\"{935af687-4451-0000-0a72-5c935144dc01}\" RelatedActivityID=\"\"></Correlation>\n<Execution ProcessID=\"6224\" ThreadID=\"6868\"></Execution>\n<Channel>Microsoft-Windows-PowerShell/Operational</Channel>\n<Computer>Ramadan</Computer>\n<Security UserID=\"S-1-5-21-145345821-4241028641-590995675-1001\"></Security>\n</System>\n<EventData><Data Name=\"MessageNu"}
{"file": "files\\Windows\\System32\\winevt\\Logs\\Microsoft-Windows-PowerShell.evtx", "record_num": 187, "timestamp": "2025-10-23T19:29:05.509623", "event_id": null, "xml_snippet": "<Event xmlns=\"http://schemas.microsoft.com/win/2004/08/events/event\"><System><Provider Name=\"Microsoft-Windows-PowerShell\" Guid=\"{a0c1853b-5c40-4b15-8766-3cf1c58f985a}\"></Provider>\n<EventID Qualifiers=\"\">4104</EventID>\n<Version>1</Version>\n<Level>3</Level>\n<Task>2</Task>\n<Opcode>15</Opcode>\n<Keywords>0x0000000000000000</Keywords>\n<TimeCreated SystemTime=\"2025-10-23 19:29:05.509623\"></TimeCreated>\n<EventRecordID>187</EventRecordID>\n<Correlation ActivityID=\"{935af687-4451-0000-0a72-5c935144dc01}\" RelatedActivityID=\"\"></Correlation>\n<Execution ProcessID=\"6224\" ThreadID=\"6868\"></Execution>\n<Channel>Microsoft-Windows-PowerShell/Operational</Channel>\n<Computer>Ramadan</Computer>\n<Security UserID=\"S-1-5-21-145345821-4241028641-590995675-1001\"></Security>\n</System>\n<EventData><Data Name=\"MessageNu"}
{"file": "files\\Windows\\System32\\winevt\\Logs\\Microsoft-Windows-PowerShell.evtx", "record_num": 188, "timestamp": "2025-10-23T19:29:05.509645", "event_id": null, "xml_snippet": "<Event xmlns=\"http://schemas.microsoft.com/win/2004/08/events/event\"><System><Provider Name=\"Microsoft-Windows-PowerShell\" Guid=\"{a0c1853b-5c40-4b15-8766-3cf1c58f985a}\"></Provider>\n<EventID Qualifiers=\"\">4104</EventID>\n<Version>1</Version>\n<Level>3</Level>\n<Task>2</Task>\n<Opcode>15</Opcode>\n<Keywords>0x0000000000000000</Keywords>\n<TimeCreated SystemTime=\"2025-10-23 19:29:05.509645\"></TimeCreated>\n<EventRecordID>188</EventRecordID>\n<Correlation ActivityID=\"{935af687-4451-0000-0a72-5c935144dc01}\" RelatedActivityID=\"\"></Correlation>\n<Execution ProcessID=\"6224\" ThreadID=\"6868\"></Execution>\n<Channel>Microsoft-Windows-PowerShell/Operational</Channel>\n<Computer>Ramadan</Computer>\n<Security UserID=\"S-1-5-21-145345821-4241028641-590995675-1001\"></Security>\n</System>\n<EventData><Data Name=\"MessageNu"}
{"file": "files\\Windows\\System32\\winevt\\Logs\\Microsoft-Windows-PowerShell.evtx", "record_num": 189, "timestamp": "2025-10-23T19:29:05.509665", "event_id": null, "xml_snippet": "<Event xmlns=\"http://schemas.microsoft.com/win/2004/08/events/event\"><System><Provider Name=\"Microsoft-Windows-PowerShell\" Guid=\"{a0c1853b-5c40-4b15-8766-3cf1c58f985a}\"></Provider>\n<EventID Qualifiers=\"\">4104</EventID>\n<Version>1</Version>\n<Level>3</Level>\n<Task>2</Task>\n<Opcode>15</Opcode>\n<Keywords>0x0000000000000000</Keywords>\n<TimeCreated SystemTime=\"2025-10-23 19:29:05.509665\"></TimeCreated>\n<EventRecordID>189</EventRecordID>\n<Correlation ActivityID=\"{935af687-4451-0000-0a72-5c935144dc01}\" RelatedActivityID=\"\"></Correlation>\n<Execution ProcessID=\"6224\" ThreadID=\"6868\"></Execution>\n<Channel>Microsoft-Windows-PowerShell/Operational</Channel>\n<Computer>Ramadan</Computer>\n<Security UserID=\"S-1-5-21-145345821-4241028641-590995675-1001\"></Security>\n</System>\n<EventData><Data Name=\"MessageNu"}
{"file": "files\\Windows\\System32\\winevt\\Logs\\Microsoft-Windows-PowerShell.evtx", "record_num": 190, "timestamp": "2025-10-23T19:29:05.618704", "event_id": null, "xml_snippet": "<Event xmlns=\"http://schemas.microsoft.com/win/2004/08/events/event\"><System><Provider Name=\"Microsoft-Windows-PowerShell\" Guid=\"{a0c1853b-5c40-4b15-8766-3cf1c58f985a}\"></Provider>\n<EventID Qualifiers=\"\">4104</EventID>\n<Version>1</Version>\n<Level>3</Level>\n<Task>2</Task>\n<Opcode>15</Opcode>\n<Keywords>0x0000000000000000</Keywords>\n<TimeCreated SystemTime=\"2025-10-23 19:29:05.618704\"></TimeCreated>\n<EventRecordID>190</EventRecordID>\n<Correlation ActivityID=\"{935af687-4451-0001-2c3a-5c935144dc01}\" RelatedActivityID=\"\"></Correlation>\n<Execution ProcessID=\"6224\" ThreadID=\"6868\"></Execution>\n<Channel>Microsoft-Windows-PowerShell/Operational</Channel>\n<Computer>Ramadan</Computer>\n<Security UserID=\"S-1-5-21-145345821-4241028641-590995675-1001\"></Security>\n</System>\n<EventData><Data Name=\"MessageNu"}
{"file": "files\\Windows\\System32\\winevt\\Logs\\Microsoft-Windows-PowerShell.evtx", "record_num": 191, "timestamp": "2025-10-23T19:29:05.708633", "event_id": null, "xml_snippet": "<Event xmlns=\"http://schemas.microsoft.com/win/2004/08/events/event\"><System><Provider Name=\"Microsoft-Windows-PowerShell\" Guid=\"{a0c1853b-5c40-4b15-8766-3cf1c58f985a}\"></Provider>\n<EventID Qualifiers=\"\">4104</EventID>\n<Version>1</Version>\n<Level>3</Level>\n<Task>2</Task>\n<Opcode>15</Opcode>\n<Keywords>0x0000000000000000</Keywords>\n<TimeCreated SystemTime=\"2025-10-23 19:29:05.708633\"></TimeCreated>\n<EventRecordID>191</EventRecordID>\n<Correlation ActivityID=\"{935af687-4451-0001-473a-5c935144dc01}\" RelatedActivityID=\"\"></Correlation>\n<Execution ProcessID=\"6224\" ThreadID=\"6868\"></Execution>\n<Channel>Microsoft-Windows-PowerShell/Operational</Channel>\n<Computer>Ramadan</Computer>\n<Security UserID=\"S-1-5-21-145345821-4241028641-590995675-1001\"></Security>\n</System>\n<EventData><Data Name=\"MessageNu"}
{"file": "files\\Windows\\System32\\winevt\\Logs\\Microsoft-Windows-PowerShell.evtx", "record_num": 192, "timestamp": "2025-10-23T19:29:05.789629", "event_id": null, "xml_snippet": "<Event xmlns=\"http://schemas.microsoft.com/win/2004/08/events/event\"><System><Provider Name=\"Microsoft-Windows-PowerShell\" Guid=\"{a0c1853b-5c40-4b15-8766-3cf1c58f985a}\"></Provider>\n<EventID Qualifiers=\"\">4104</EventID>\n<Version>1</Version>\n<Level>3</Level>\n<Task>2</Task>\n<Opcode>15</Opcode>\n<Keywords>0x0000000000000000</Keywords>\n<TimeCreated SystemTime=\"2025-10-23 19:29:05.789629\"></TimeCreated>\n<EventRecordID>192</EventRecordID>\n<Correlation ActivityID=\"{935af687-4451-0000-2672-5c935144dc01}\" RelatedActivityID=\"\"></Correlation>\n<Execution ProcessID=\"6224\" ThreadID=\"6868\"></Execution>\n<Channel>Microsoft-Windows-PowerShell/Operational</Channel>\n<Computer>Ramadan</Computer>\n<Security UserID=\"S-1-5-21-145345821-4241028641-590995675-1001\"></Security>\n</System>\n<EventData><Data Name=\"MessageNu"}
{"file": "files\\Windows\\System32\\winevt\\Logs\\Microsoft-Windows-PowerShell.evtx", "record_num": 193, "timestamp": "2025-10-23T19:29:05.932213", "event_id": null, "xml_snippet": "<Event xmlns=\"http://schemas.microsoft.com/win/2004/08/events/event\"><System><Provider Name=\"Microsoft-Windows-PowerShell\" Guid=\"{a0c1853b-5c40-4b15-8766-3cf1c58f985a}\"></Provider>\n<EventID Qualifiers=\"\">4104</EventID>\n<Version>1</Version>\n<Level>3</Level>\n<Task>2</Task>\n<Opcode>15</Opcode>\n<Keywords>0x0000000000000000</Keywords>\n<TimeCreated SystemTime=\"2025-10-23 19:29:05.932213\"></TimeCreated>\n<EventRecordID>193</EventRecordID>\n<Correlation ActivityID=\"{935af687-4451-0000-2b72-5c935144dc01}\" RelatedActivityID=\"\"></Correlation>\n<Execution ProcessID=\"6224\" ThreadID=\"6868\"></Execution>\n<Channel>Microsoft-Windows-PowerShell/Operational</Channel>\n<Computer>Ramadan</Computer>\n<Security UserID=\"S-1-5-21-145345821-4241028641-590995675-1001\"></Security>\n</System>\n<EventData><Data Name=\"MessageNu"}
{"file": "files\\Windows\\System32\\winevt\\Logs\\Microsoft-Windows-PowerShell.evtx", "record_num": 194, "timestamp": "2025-10-23T19:29:06.038109", "event_id": null, "xml_snippet": "<Event xmlns=\"http://schemas.microsoft.com/win/2004/08/events/event\"><System><Provider Name=\"Microsoft-Windows-PowerShell\" Guid=\"{a0c1853b-5c40-4b15-8766-3cf1c58f985a}\"></Provider>\n<EventID Qualifiers=\"\">4104</EventID>\n<Version>1</Version>\n<Level>3</Level>\n<Task>2</Task>\n<Opcode>15</Opcode>\n<Keywords>0x0000000000000000</Keywords>\n<TimeCreated SystemTime=\"2025-10-23 19:29:06.038109\"></TimeCreated>\n<EventRecordID>194</EventRecordID>\n<Correlation ActivityID=\"{935af687-4451-0001-5b3a-5c935144dc01}\" RelatedActivityID=\"\"></Correlation>\n<Execution ProcessID=\"6224\" ThreadID=\"6868\"></Execution>\n<Channel>Microsoft-Windows-PowerShell/Operational</Channel>\n<Computer>Ramadan</Computer>\n<Security UserID=\"S-1-5-21-145345821-4241028641-590995675-1001\"></Security>\n</System>\n<EventData><Data Name=\"MessageNu"}
{"file": "files\\Windows\\System32\\winevt\\Logs\\Microsoft-Windows-PowerShell.evtx", "record_num": 195, "timestamp": "2025-10-23T19:29:06.038507", "event_id": null, "xml_snippet": "<Event xmlns=\"http://schemas.microsoft.com/win/2004/08/events/event\"><System><Provider Name=\"Microsoft-Windows-PowerShell\" Guid=\"{a0c1853b-5c40-4b15-8766-3cf1c58f985a}\"></Provider>\n<EventID Qualifiers=\"\">4104</EventID>\n<Version>1</Version>\n<Level>3</Level>\n<Task>2</Task>\n<Opcode>15</Opcode>\n<Keywords>0x0000000000000000</Keywords>\n<TimeCreated SystemTime=\"2025-10-23 19:29:06.038507\"></TimeCreated>\n<EventRecordID>195</EventRecordID>\n<Correlation ActivityID=\"{935af687-4451-0001-5b3a-5c935144dc01}\" RelatedActivityID=\"\"></Correlation>\n<Execution ProcessID=\"6224\" ThreadID=\"6868\"></Execution>\n<Channel>Microsoft-Windows-PowerShell/Operational</Channel>\n<Computer>Ramadan</Computer>\n<Security UserID=\"S-1-5-21-145345821-4241028641-590995675-1001\"></Security>\n</System>\n<EventData><Data Name=\"MessageNu"}
{"file": "files\\Windows\\System32\\winevt\\Logs\\Microsoft-Windows-PowerShell.evtx", "record_num": 196, "timestamp": "2025-10-23T19:29:06.128960", "event_id": null, "xml_snippet": "<Event xmlns=\"http://schemas.microsoft.com/win/2004/08/events/event\"><System><Provider Name=\"Microsoft-Windows-PowerShell\" Guid=\"{a0c1853b-5c40-4b15-8766-3cf1c58f985a}\"></Provider>\n<EventID Qualifiers=\"\">4104</EventID>\n<Version>1</Version>\n<Level>3</Level>\n<Task>2</Task>\n<Opcode>15</Opcode>\n<Keywords>0x0000000000000000</Keywords>\n<TimeCreated SystemTime=\"2025-10-23 19:29:06.128960\"></TimeCreated>\n<EventRecordID>196</EventRecordID>\n<Correlation ActivityID=\"{935af687-4451-0000-3772-5c935144dc01}\" RelatedActivityID=\"\"></Correlation>\n<Execution ProcessID=\"6224\" ThreadID=\"6868\"></Execution>\n<Channel>Microsoft-Windows-PowerShell/Operational</Channel>\n<Computer>Ramadan</Computer>\n<Security UserID=\"S-1-5-21-145345821-4241028641-590995675-1001\"></Security>\n</System>\n<EventData><Data Name=\"MessageNu"}
{"file": "files\\Windows\\System32\\winevt\\Logs\\Microsoft-Windows-PowerShell.evtx", "record_num": 197, "timestamp": "2025-10-23T19:29:06.223116", "event_id": null, "xml_snippet": "<Event xmlns=\"http://schemas.microsoft.com/win/2004/08/events/event\"><System><Provider Name=\"Microsoft-Windows-PowerShell\" Guid=\"{a0c1853b-5c40-4b15-8766-3cf1c58f985a}\"></Provider>\n<EventID Qualifiers=\"\">4104</EventID>\n<Version>1</Version>\n<Level>3</Level>\n<Task>2</Task>\n<Opcode>15</Opcode>\n<Keywords>0x0000000000000000</Keywords>\n<TimeCreated SystemTime=\"2025-10-23 19:29:06.223116\"></TimeCreated>\n<EventRecordID>197</EventRecordID>\n<Correlation ActivityID=\"{935af687-4451-0000-3e72-5c935144dc01}\" RelatedActivityID=\"\"></Correlation>\n<Execution ProcessID=\"6224\" ThreadID=\"6868\"></Execution>\n<Channel>Microsoft-Windows-PowerShell/Operational</Channel>\n<Computer>Ramadan</Computer>\n<Security UserID=\"S-1-5-21-145345821-4241028641-590995675-1001\"></Security>\n</System>\n<EventData><Data Name=\"MessageNu"}
{"file": "files\\Windows\\System32\\winevt\\Logs\\Microsoft-Windows-PowerShell.evtx", "record_num": 198, "timestamp": "2025-10-23T19:29:06.369703", "event_id": null, "xml_snippet": "<Event xmlns=\"http://schemas.microsoft.com/win/2004/08/events/event\"><System><Provider Name=\"Microsoft-Windows-PowerShell\" Guid=\"{a0c1853b-5c40-4b15-8766-3cf1c58f985a}\"></Provider>\n<EventID Qualifiers=\"\">4104</EventID>\n<Version>1</Version>\n<Level>3</Level>\n<Task>2</Task>\n<Opcode>15</Opcode>\n<Keywords>0x0000000000000000</Keywords>\n<TimeCreated SystemTime=\"2025-10-23 19:29:06.369703\"></TimeCreated>\n<EventRecordID>198</EventRecordID>\n<Correlation ActivityID=\"{935af687-4451-0001-6a3a-5c935144dc01}\" RelatedActivityID=\"\"></Correlation>\n<Execution ProcessID=\"6224\" ThreadID=\"6868\"></Execution>\n<Channel>Microsoft-Windows-PowerShell/Operational</Channel>\n<Computer>Ramadan</Computer>\n<Security UserID=\"S-1-5-21-145345821-4241028641-590995675-1001\"></Security>\n</System>\n<EventData><Data Name=\"MessageNu"}
{"file": "files\\Windows\\System32\\winevt\\Logs\\Microsoft-Windows-PowerShell.evtx", "record_num": 199, "timestamp": "2025-10-23T19:29:06.370028", "event_id": null, "xml_snippet": "<Event xmlns=\"http://schemas.microsoft.com/win/2004/08/events/event\"><System><Provider Name=\"Microsoft-Windows-PowerShell\" Guid=\"{a0c1853b-5c40-4b15-8766-3cf1c58f985a}\"></Provider>\n<EventID Qualifiers=\"\">4104</EventID>\n<Version>1</Version>\n<Level>3</Level>\n<Task>2</Task>\n<Opcode>15</Opcode>\n<Keywords>0x0000000000000000</Keywords>\n<TimeCreated SystemTime=\"2025-10-23 19:29:06.370028\"></TimeCreated>\n<EventRecordID>199</EventRecordID>\n<Correlation ActivityID=\"{935af687-4451-0001-6a3a-5c935144dc01}\" RelatedActivityID=\"\"></Correlation>\n<Execution ProcessID=\"6224\" ThreadID=\"6868\"></Execution>\n<Channel>Microsoft-Windows-PowerShell/Operational</Channel>\n<Computer>Ramadan</Computer>\n<Security UserID=\"S-1-5-21-145345821-4241028641-590995675-1001\"></Security>\n</System>\n<EventData><Data Name=\"MessageNu"}
{"file": "files\\Windows\\System32\\winevt\\Logs\\Microsoft-Windows-PowerShell.evtx", "record_num": 200, "timestamp": "2025-10-23T19:29:06.370066", "event_id": null, "xml_snippet": "<Event xmlns=\"http://schemas.microsoft.com/win/2004/08/events/event\"><System><Provider Name=\"Microsoft-Windows-PowerShell\" Guid=\"{a0c1853b-5c40-4b15-8766-3cf1c58f985a}\"></Provider>\n<EventID Qualifiers=\"\">4104</EventID>\n<Version>1</Version>\n<Level>3</Level>\n<Task>2</Task>\n<Opcode>15</Opcode>\n<Keywords>0x0000000000000000</Keywords>\n<TimeCreated SystemTime=\"2025-10-23 19:29:06.370066\"></TimeCreated>\n<EventRecordID>200</EventRecordID>\n<Correlation ActivityID=\"{935af687-4451-0001-6a3a-5c935144dc01}\" RelatedActivityID=\"\"></Correlation>\n<Execution ProcessID=\"6224\" ThreadID=\"6868\"></Execution>\n<Channel>Microsoft-Windows-PowerShell/Operational</Channel>\n<Computer>Ramadan</Computer>\n<Security UserID=\"S-1-5-21-145345821-4241028641-590995675-1001\"></Security>\n</System>\n<EventData><Data Name=\"MessageNu"}
{"file": "files\\Windows\\System32\\winevt\\Logs\\Security.evtx", "record_num": 1, "timestamp": "2025-09-14T02:23:55.271717", "event_id": null, "xml_snippet": "<Event xmlns=\"http://schemas.microsoft.com/win/2004/08/events/event\"><System><Provider Name=\"Microsoft-Windows-Security-Auditing\" Guid=\"{54849625-5478-4994-a5ba-3e3b0328c30d}\"></Provider>\n<EventID Qualifiers=\"\">4907</EventID>\n<Version>0</Version>\n<Level>0</Level>\n<Task>13568</Task>\n<Opcode>0</Opcode>\n<Keywords>0x8020000000000000</Keywords>\n<TimeCreated SystemTime=\"2025-09-14 02:23:55.271717\"></TimeCreated>\n<EventRecordID>4075</EventRecordID>\n<Correlation ActivityID=\"\" RelatedActivityID=\"\"></Correlation>\n<Execution ProcessID=\"4\" ThreadID=\"1944\"></Execution>\n<Channel>Security</Channel>\n<Computer>Ramadan</Computer>\n<Security UserID=\"\"></Security>\n</System>\n<EventData><Data Name=\"SubjectUserSid\">S-1-5-18</Data>\n<Data Name=\"SubjectUserName\">RAMADAN$</Data>\n<Data Name=\"SubjectDomainName\">WORKGRO"}
{"file": "files\\Windows\\System32\\winevt\\Logs\\Security.evtx", "record_num": 2, "timestamp": "2025-09-14T02:23:55.274576", "event_id": null, "xml_snippet": "<Event xmlns=\"http://schemas.microsoft.com/win/2004/08/events/event\"><System><Provider Name=\"Microsoft-Windows-Security-Auditing\" Guid=\"{54849625-5478-4994-a5ba-3e3b0328c30d}\"></Provider>\n<EventID Qualifiers=\"\">4907</EventID>\n<Version>0</Version>\n<Level>0</Level>\n<Task>13568</Task>\n<Opcode>0</Opcode>\n<Keywords>0x8020000000000000</Keywords>\n<TimeCreated SystemTime=\"2025-09-14 02:23:55.274576\"></TimeCreated>\n<EventRecordID>4076</EventRecordID>\n<Correlation ActivityID=\"\" RelatedActivityID=\"\"></Correlation>\n<Execution ProcessID=\"4\" ThreadID=\"1944\"></Execution>\n<Channel>Security</Channel>\n<Computer>Ramadan</Computer>\n<Security UserID=\"\"></Security>\n</System>\n<EventData><Data Name=\"SubjectUserSid\">S-1-5-18</Data>\n<Data Name=\"SubjectUserName\">RAMADAN$</Data>\n<Data Name=\"SubjectDomainName\">WORKGRO"}
