{"file": "files\\Windows\\System32\\winevt\\Logs\\Application.evtx", "record_num": 155, "timestamp": "2025-09-14T00:29:28.667984", "event_id": null, "xml_snippet": "<Event xmlns=\"http://schemas.microsoft.com/win/2004/08/events/event\"><System><Provider Name=\"Microsoft-Windows-Security-SPP\" Guid=\"{E23B33B0-C8C9-472C-A5F9-F2BDFEA0F156}\" EventSourceName=\"Software Protection Platform Service\"></Provider>\n<EventID Qualifiers=\"49152\">16394</EventID>\n<Version>0</Version>\n<Level>4</Level>\n<Task>0</Task>\n<Opcode>0</Opcode>\n<Keywords>0x0080000000000000</Keywords>\n<TimeCreated SystemTime=\"2025-09-14 00:29:28.667984\"></TimeCreated>\n<EventRecordID>155</EventRecordID>\n<Correlation ActivityID=\"\" RelatedActivityID=\"\"></Correlation>\n<Execution ProcessID=\"2536\" ThreadID=\"0\"></Execution>\n<Channel>Application</Channel>\n<Computer>Rami</Computer>\n<Security UserID=\"\"></Security>\n</System>\n<EventData><Data></Data>\n<Binary></Binary>\n</EventData>\n</Event>\n"}
{"file": "files\\Windows\\System32\\winevt\\Logs\\Application.evtx", "record_num": 156, "timestamp": "2025-09-14T00:30:17.772701", "event_id": null, "xml_snippet": "<Event xmlns=\"http://schemas.microsoft.com/win/2004/08/events/event\"><System><Provider Name=\"edgeupdate\"></Provider>\n<EventID Qualifiers=\"0\">0</EventID>\n<Version>0</Version>\n<Level>4</Level>\n<Task>0</Task>\n<Opcode>0</Opcode>\n<Keywords>0x0080000000000000</Keywords>\n<TimeCreated SystemTime=\"2025-09-14 00:30:17.772701\"></TimeCreated>\n<EventRecordID>156</EventRecordID>\n<Correlation ActivityID=\"\" RelatedActivityID=\"\"></Correlation>\n<Execution ProcessID=\"2244\" ThreadID=\"0\"></Execution>\n<Channel>Application</Channel>\n<Computer>Rami</Computer>\n<Security UserID=\"\"></Security>\n</System>\n<EventData><Data>&lt;string&gt;Service stopped&lt;/string&gt;\n</Data>\n<Binary></Binary>\n</EventData>\n</Event>\n"}
{"file": "files\\Windows\\System32\\winevt\\Logs\\Application.evtx", "record_num": 157, "timestamp": "2025-09-14T00:30:20.567867", "event_id": null, "xml_snippet": "<Event xmlns=\"http://schemas.microsoft.com/win/2004/08/events/event\"><System><Provider Name=\"edgeupdate\"></Provider>\n<EventID Qualifiers=\"0\">0</EventID>\n<Version>0</Version>\n<Level>4</Level>\n<Task>0</Task>\n<Opcode>0</Opcode>\n<Keywords>0x0080000000000000</Keywords>\n<TimeCreated SystemTime=\"2025-09-14 00:30:20.567867\"></TimeCreated>\n<EventRecordID>157</EventRecordID>\n<Correlation ActivityID=\"\" RelatedActivityID=\"\"></Correlation>\n<Execution ProcessID=\"1608\" ThreadID=\"0\"></Execution>\n<Channel>Application</Channel>\n<Computer>Rami</Computer>\n<Security UserID=\"\"></Security>\n</System>\n<EventData><Data>&lt;string&gt;Service stopped&lt;/string&gt;\n</Data>\n<Binary></Binary>\n</EventData>\n</Event>\n"}
{"file": "files\\Windows\\System32\\winevt\\Logs\\Application.evtx", "record_num": 158, "timestamp": "2025-09-14T00:30:23.585371", "event_id": null, "xml_snippet": "<Event xmlns=\"http://schemas.microsoft.com/win/2004/08/events/event\"><System><Provider Name=\"SecurityCenter\"></Provider>\n<EventID Qualifiers=\"0\">1</EventID>\n<Version>0</Version>\n<Level>4</Level>\n<Task>0</Task>\n<Opcode>0</Opcode>\n<Keywords>0x0080000000000000</Keywords>\n<TimeCreated SystemTime=\"2025-09-14 00:30:23.585371\"></TimeCreated>\n<EventRecordID>158</EventRecordID>\n<Correlation ActivityID=\"\" RelatedActivityID=\"\"></Correlation>\n<Execution ProcessID=\"1796\" ThreadID=\"0\"></Execution>\n<Channel>Application</Channel>\n<Computer>Rami</Computer>\n<Security UserID=\"\"></Security>\n</System>\n<EventData><Data></Data>\n<Binary></Binary>\n</EventData>\n</Event>\n"}
{"file": "files\\Windows\\System32\\winevt\\Logs\\Application.evtx", "record_num": 159, "timestamp": "2025-09-14T00:30:25.829514", "event_id": null, "xml_snippet": "<Event xmlns=\"http://schemas.microsoft.com/win/2004/08/events/event\"><System><Provider Name=\"SecurityCenter\"></Provider>\n<EventID Qualifiers=\"0\">15</EventID>\n<Version>0</Version>\n<Level>4</Level>\n<Task>0</Task>\n<Opcode>0</Opcode>\n<Keywords>0x0080000000000000</Keywords>\n<TimeCreated SystemTime=\"2025-09-14 00:30:25.829514\"></TimeCreated>\n<EventRecordID>159</EventRecordID>\n<Correlation ActivityID=\"\" RelatedActivityID=\"\"></Correlation>\n<Execution ProcessID=\"1796\" ThreadID=\"0\"></Execution>\n<Channel>Application</Channel>\n<Computer>Rami</Computer>\n<Security UserID=\"\"></Security>\n</System>\n<EventData><Data>&lt;string&gt;Windows Defender&lt;/string&gt;\n&lt;string&gt;SECURITY_PRODUCT_STATE_ON&lt;/string&gt;\n</Data>\n<Binary></Binary>\n</EventData>\n</Event>\n"}
{"file": "files\\Windows\\System32\\winevt\\Logs\\Application.evtx", "record_num": 160, "timestamp": "2025-09-14T00:31:05.085791", "event_id": null, "xml_snippet": "<Event xmlns=\"http://schemas.microsoft.com/win/2004/08/events/event\"><System><Provider Name=\"Windows Error Reporting\" Guid=\"{0ead09bd-2157-539a-8d6d-c87f95b64d70}\"></Provider>\n<EventID Qualifiers=\"\">1001</EventID>\n<Version>0</Version>\n<Level>4</Level>\n<Task>0</Task>\n<Opcode>0</Opcode>\n<Keywords>0x8000000000000000</Keywords>\n<TimeCreated SystemTime=\"2025-09-14 00:31:05.085791\"></TimeCreated>\n<EventRecordID>160</EventRecordID>\n<Correlation ActivityID=\"\" RelatedActivityID=\"\"></Correlation>\n<Execution ProcessID=\"3740\" ThreadID=\"2444\"></Execution>\n<Channel>Application</Channel>\n<Computer>Rami</Computer>\n<Security UserID=\"S-1-5-18\"></Security>\n</System>\n<EventData><Data Name=\"Bucket\"></Data>\n<Data Name=\"BucketType\">0</Data>\n<Data Name=\"EventName\">crashpad_log</Data>\n<Data Name=\"Response\">Not ava"}
{"file": "files\\Windows\\System32\\winevt\\Logs\\Application.evtx", "record_num": 161, "timestamp": "2025-09-14T00:31:16.898132", "event_id": null, "xml_snippet": "<Event xmlns=\"http://schemas.microsoft.com/win/2004/08/events/event\"><System><Provider Name=\"edgeupdate\"></Provider>\n<EventID Qualifiers=\"0\">0</EventID>\n<Version>0</Version>\n<Level>4</Level>\n<Task>0</Task>\n<Opcode>0</Opcode>\n<Keywords>0x0080000000000000</Keywords>\n<TimeCreated SystemTime=\"2025-09-14 00:31:16.898132\"></TimeCreated>\n<EventRecordID>161</EventRecordID>\n<Correlation ActivityID=\"\" RelatedActivityID=\"\"></Correlation>\n<Execution ProcessID=\"4484\" ThreadID=\"0\"></Execution>\n<Channel>Application</Channel>\n<Computer>Rami</Computer>\n<Security UserID=\"\"></Security>\n</System>\n<EventData><Data>&lt;string&gt;Service stopped&lt;/string&gt;\n</Data>\n<Binary></Binary>\n</EventData>\n</Event>\n"}
{"file": "files\\Windows\\System32\\winevt\\Logs\\Application.evtx", "record_num": 162, "timestamp": "2025-09-14T00:31:22.957006", "event_id": null, "xml_snippet": "<Event xmlns=\"http://schemas.microsoft.com/win/2004/08/events/event\"><System><Provider Name=\"Microsoft-Windows-Security-SPP\" Guid=\"{E23B33B0-C8C9-472C-A5F9-F2BDFEA0F156}\" EventSourceName=\"Software Protection Platform Service\"></Provider>\n<EventID Qualifiers=\"16384\">16384</EventID>\n<Version>0</Version>\n<Level>4</Level>\n<Task>0</Task>\n<Opcode>0</Opcode>\n<Keywords>0x0080000000000000</Keywords>\n<TimeCreated SystemTime=\"2025-09-14 00:31:22.957006\"></TimeCreated>\n<EventRecordID>162</EventRecordID>\n<Correlation ActivityID=\"\" RelatedActivityID=\"\"></Correlation>\n<Execution ProcessID=\"2536\" ThreadID=\"0\"></Execution>\n<Channel>Application</Channel>\n<Computer>Rami</Computer>\n<Security UserID=\"\"></Security>\n</System>\n<EventData><Data>&lt;string&gt;2025-09-15T00:18:22Z&lt;/string&gt;\n&lt;string&gt;RulesE"}
{"file": "files\\Windows\\System32\\winevt\\Logs\\Application.evtx", "record_num": 163, "timestamp": "2025-09-14T00:32:17.488140", "event_id": null, "xml_snippet": "<Event xmlns=\"http://schemas.microsoft.com/win/2004/08/events/event\"><System><Provider Name=\"edgeupdate\"></Provider>\n<EventID Qualifiers=\"0\">0</EventID>\n<Version>0</Version>\n<Level>4</Level>\n<Task>0</Task>\n<Opcode>0</Opcode>\n<Keywords>0x0080000000000000</Keywords>\n<TimeCreated SystemTime=\"2025-09-14 00:32:17.488140\"></TimeCreated>\n<EventRecordID>163</EventRecordID>\n<Correlation ActivityID=\"\" RelatedActivityID=\"\"></Correlation>\n<Execution ProcessID=\"5784\" ThreadID=\"0\"></Execution>\n<Channel>Application</Channel>\n<Computer>Rami</Computer>\n<Security UserID=\"\"></Security>\n</System>\n<EventData><Data>&lt;string&gt;Service stopped&lt;/string&gt;\n</Data>\n<Binary></Binary>\n</EventData>\n</Event>\n"}
{"file": "files\\Windows\\System32\\winevt\\Logs\\Application.evtx", "record_num": 164, "timestamp": "2025-09-14T00:33:16.682291", "event_id": null, "xml_snippet": "<Event xmlns=\"http://schemas.microsoft.com/win/2004/08/events/event\"><System><Provider Name=\"edgeupdate\"></Provider>\n<EventID Qualifiers=\"0\">0</EventID>\n<Version>0</Version>\n<Level>4</Level>\n<Task>0</Task>\n<Opcode>0</Opcode>\n<Keywords>0x0080000000000000</Keywords>\n<TimeCreated SystemTime=\"2025-09-14 00:33:16.682291\"></TimeCreated>\n<EventRecordID>164</EventRecordID>\n<Correlation ActivityID=\"\" RelatedActivityID=\"\"></Correlation>\n<Execution ProcessID=\"4452\" ThreadID=\"0\"></Execution>\n<Channel>Application</Channel>\n<Computer>Rami</Computer>\n<Security UserID=\"\"></Security>\n</System>\n<EventData><Data>&lt;string&gt;Service stopped&lt;/string&gt;\n</Data>\n<Binary></Binary>\n</EventData>\n</Event>\n"}
{"file": "files\\Windows\\System32\\winevt\\Logs\\Application.evtx", "record_num": 165, "timestamp": "2025-09-14T00:34:18.670496", "event_id": null, "xml_snippet": "<Event xmlns=\"http://schemas.microsoft.com/win/2004/08/events/event\"><System><Provider Name=\"edgeupdate\"></Provider>\n<EventID Qualifiers=\"0\">0</EventID>\n<Version>0</Version>\n<Level>4</Level>\n<Task>0</Task>\n<Opcode>0</Opcode>\n<Keywords>0x0080000000000000</Keywords>\n<TimeCreated SystemTime=\"2025-09-14 00:34:18.670496\"></TimeCreated>\n<EventRecordID>165</EventRecordID>\n<Correlation ActivityID=\"\" RelatedActivityID=\"\"></Correlation>\n<Execution ProcessID=\"5356\" ThreadID=\"0\"></Execution>\n<Channel>Application</Channel>\n<Computer>Rami</Computer>\n<Security UserID=\"\"></Security>\n</System>\n<EventData><Data>&lt;string&gt;Service stopped&lt;/string&gt;\n</Data>\n<Binary></Binary>\n</EventData>\n</Event>\n"}
{"file": "files\\Windows\\System32\\winevt\\Logs\\Application.evtx", "record_num": 166, "timestamp": "2025-09-14T00:35:18.660564", "event_id": null, "xml_snippet": "<Event xmlns=\"http://schemas.microsoft.com/win/2004/08/events/event\"><System><Provider Name=\"edgeupdate\"></Provider>\n<EventID Qualifiers=\"0\">0</EventID>\n<Version>0</Version>\n<Level>4</Level>\n<Task>0</Task>\n<Opcode>0</Opcode>\n<Keywords>0x0080000000000000</Keywords>\n<TimeCreated SystemTime=\"2025-09-14 00:35:18.660564\"></TimeCreated>\n<EventRecordID>166</EventRecordID>\n<Correlation ActivityID=\"\" RelatedActivityID=\"\"></Correlation>\n<Execution ProcessID=\"1288\" ThreadID=\"0\"></Execution>\n<Channel>Application</Channel>\n<Computer>Rami</Computer>\n<Security UserID=\"\"></Security>\n</System>\n<EventData><Data>&lt;string&gt;Service stopped&lt;/string&gt;\n</Data>\n<Binary></Binary>\n</EventData>\n</Event>\n"}
{"file": "files\\Windows\\System32\\winevt\\Logs\\Application.evtx", "record_num": 167, "timestamp": "2025-09-14T00:36:17.399948", "event_id": null, "xml_snippet": "<Event xmlns=\"http://schemas.microsoft.com/win/2004/08/events/event\"><System><Provider Name=\"edgeupdate\"></Provider>\n<EventID Qualifiers=\"0\">0</EventID>\n<Version>0</Version>\n<Level>4</Level>\n<Task>0</Task>\n<Opcode>0</Opcode>\n<Keywords>0x0080000000000000</Keywords>\n<TimeCreated SystemTime=\"2025-09-14 00:36:17.399948\"></TimeCreated>\n<EventRecordID>167</EventRecordID>\n<Correlation ActivityID=\"\" RelatedActivityID=\"\"></Correlation>\n<Execution ProcessID=\"748\" ThreadID=\"0\"></Execution>\n<Channel>Application</Channel>\n<Computer>Rami</Computer>\n<Security UserID=\"\"></Security>\n</System>\n<EventData><Data>&lt;string&gt;Service stopped&lt;/string&gt;\n</Data>\n<Binary></Binary>\n</EventData>\n</Event>\n"}
{"file": "files\\Windows\\System32\\winevt\\Logs\\Application.evtx", "record_num": 168, "timestamp": "2025-09-14T00:37:18.246710", "event_id": null, "xml_snippet": "<Event xmlns=\"http://schemas.microsoft.com/win/2004/08/events/event\"><System><Provider Name=\"edgeupdate\"></Provider>\n<EventID Qualifiers=\"0\">0</EventID>\n<Version>0</Version>\n<Level>4</Level>\n<Task>0</Task>\n<Opcode>0</Opcode>\n<Keywords>0x0080000000000000</Keywords>\n<TimeCreated SystemTime=\"2025-09-14 00:37:18.246710\"></TimeCreated>\n<EventRecordID>168</EventRecordID>\n<Correlation ActivityID=\"\" RelatedActivityID=\"\"></Correlation>\n<Execution ProcessID=\"2672\" ThreadID=\"0\"></Execution>\n<Channel>Application</Channel>\n<Computer>Rami</Computer>\n<Security UserID=\"\"></Security>\n</System>\n<EventData><Data>&lt;string&gt;Service stopped&lt;/string&gt;\n</Data>\n<Binary></Binary>\n</EventData>\n</Event>\n"}
{"file": "files\\Windows\\System32\\winevt\\Logs\\Application.evtx", "record_num": 169, "timestamp": "2025-09-14T00:38:17.422215", "event_id": null, "xml_snippet": "<Event xmlns=\"http://schemas.microsoft.com/win/2004/08/events/event\"><System><Provider Name=\"edgeupdate\"></Provider>\n<EventID Qualifiers=\"0\">0</EventID>\n<Version>0</Version>\n<Level>4</Level>\n<Task>0</Task>\n<Opcode>0</Opcode>\n<Keywords>0x0080000000000000</Keywords>\n<TimeCreated SystemTime=\"2025-09-14 00:38:17.422215\"></TimeCreated>\n<EventRecordID>169</EventRecordID>\n<Correlation ActivityID=\"\" RelatedActivityID=\"\"></Correlation>\n<Execution ProcessID=\"4756\" ThreadID=\"0\"></Execution>\n<Channel>Application</Channel>\n<Computer>Rami</Computer>\n<Security UserID=\"\"></Security>\n</System>\n<EventData><Data>&lt;string&gt;Service stopped&lt;/string&gt;\n</Data>\n<Binary></Binary>\n</EventData>\n</Event>\n"}
{"file": "files\\Windows\\System32\\winevt\\Logs\\Application.evtx", "record_num": 170, "timestamp": "2025-09-14T00:39:18.233370", "event_id": null, "xml_snippet": "<Event xmlns=\"http://schemas.microsoft.com/win/2004/08/events/event\"><System><Provider Name=\"edgeupdate\"></Provider>\n<EventID Qualifiers=\"0\">0</EventID>\n<Version>0</Version>\n<Level>4</Level>\n<Task>0</Task>\n<Opcode>0</Opcode>\n<Keywords>0x0080000000000000</Keywords>\n<TimeCreated SystemTime=\"2025-09-14 00:39:18.233370\"></TimeCreated>\n<EventRecordID>170</EventRecordID>\n<Correlation ActivityID=\"\" RelatedActivityID=\"\"></Correlation>\n<Execution ProcessID=\"3304\" ThreadID=\"0\"></Execution>\n<Channel>Application</Channel>\n<Computer>Rami</Computer>\n<Security UserID=\"\"></Security>\n</System>\n<EventData><Data>&lt;string&gt;Service stopped&lt;/string&gt;\n</Data>\n<Binary></Binary>\n</EventData>\n</Event>\n"}
{"file": "files\\Windows\\System32\\winevt\\Logs\\Application.evtx", "record_num": 171, "timestamp": "2025-09-14T00:40:17.308022", "event_id": null, "xml_snippet": "<Event xmlns=\"http://schemas.microsoft.com/win/2004/08/events/event\"><System><Provider Name=\"edgeupdate\"></Provider>\n<EventID Qualifiers=\"0\">0</EventID>\n<Version>0</Version>\n<Level>4</Level>\n<Task>0</Task>\n<Opcode>0</Opcode>\n<Keywords>0x0080000000000000</Keywords>\n<TimeCreated SystemTime=\"2025-09-14 00:40:17.308022\"></TimeCreated>\n<EventRecordID>171</EventRecordID>\n<Correlation ActivityID=\"\" RelatedActivityID=\"\"></Correlation>\n<Execution ProcessID=\"4620\" ThreadID=\"0\"></Execution>\n<Channel>Application</Channel>\n<Computer>Rami</Computer>\n<Security UserID=\"\"></Security>\n</System>\n<EventData><Data>&lt;string&gt;Service stopped&lt;/string&gt;\n</Data>\n<Binary></Binary>\n</EventData>\n</Event>\n"}
{"file": "files\\Windows\\System32\\winevt\\Logs\\Application.evtx", "record_num": 172, "timestamp": "2025-09-14T00:41:17.650715", "event_id": null, "xml_snippet": "<Event xmlns=\"http://schemas.microsoft.com/win/2004/08/events/event\"><System><Provider Name=\"edgeupdate\"></Provider>\n<EventID Qualifiers=\"0\">0</EventID>\n<Version>0</Version>\n<Level>4</Level>\n<Task>0</Task>\n<Opcode>0</Opcode>\n<Keywords>0x0080000000000000</Keywords>\n<TimeCreated SystemTime=\"2025-09-14 00:41:17.650715\"></TimeCreated>\n<EventRecordID>172</EventRecordID>\n<Correlation ActivityID=\"\" RelatedActivityID=\"\"></Correlation>\n<Execution ProcessID=\"1384\" ThreadID=\"0\"></Execution>\n<Channel>Application</Channel>\n<Computer>Rami</Computer>\n<Security UserID=\"\"></Security>\n</System>\n<EventData><Data>&lt;string&gt;Service stopped&lt;/string&gt;\n</Data>\n<Binary></Binary>\n</EventData>\n</Event>\n"}
{"file": "files\\Windows\\System32\\winevt\\Logs\\Application.evtx", "record_num": 173, "timestamp": "2025-09-14T00:42:18.411657", "event_id": null, "xml_snippet": "<Event xmlns=\"http://schemas.microsoft.com/win/2004/08/events/event\"><System><Provider Name=\"edgeupdate\"></Provider>\n<EventID Qualifiers=\"0\">0</EventID>\n<Version>0</Version>\n<Level>4</Level>\n<Task>0</Task>\n<Opcode>0</Opcode>\n<Keywords>0x0080000000000000</Keywords>\n<TimeCreated SystemTime=\"2025-09-14 00:42:18.411657\"></TimeCreated>\n<EventRecordID>173</EventRecordID>\n<Correlation ActivityID=\"\" RelatedActivityID=\"\"></Correlation>\n<Execution ProcessID=\"3240\" ThreadID=\"0\"></Execution>\n<Channel>Application</Channel>\n<Computer>Rami</Computer>\n<Security UserID=\"\"></Security>\n</System>\n<EventData><Data>&lt;string&gt;Service stopped&lt;/string&gt;\n</Data>\n<Binary></Binary>\n</EventData>\n</Event>\n"}
{"file": "files\\Windows\\System32\\winevt\\Logs\\Application.evtx", "record_num": 174, "timestamp": "2025-09-14T00:43:19.876083", "event_id": null, "xml_snippet": "<Event xmlns=\"http://schemas.microsoft.com/win/2004/08/events/event\"><System><Provider Name=\"edgeupdate\"></Provider>\n<EventID Qualifiers=\"0\">0</EventID>\n<Version>0</Version>\n<Level>4</Level>\n<Task>0</Task>\n<Opcode>0</Opcode>\n<Keywords>0x0080000000000000</Keywords>\n<TimeCreated SystemTime=\"2025-09-14 00:43:19.876083\"></TimeCreated>\n<EventRecordID>174</EventRecordID>\n<Correlation ActivityID=\"\" RelatedActivityID=\"\"></Correlation>\n<Execution ProcessID=\"1968\" ThreadID=\"0\"></Execution>\n<Channel>Application</Channel>\n<Computer>Rami</Computer>\n<Security UserID=\"\"></Security>\n</System>\n<EventData><Data>&lt;string&gt;Service stopped&lt;/string&gt;\n</Data>\n<Binary></Binary>\n</EventData>\n</Event>\n"}
{"file": "files\\Windows\\System32\\winevt\\Logs\\Application.evtx", "record_num": 175, "timestamp": "2025-09-14T00:44:18.519955", "event_id": null, "xml_snippet": "<Event xmlns=\"http://schemas.microsoft.com/win/2004/08/events/event\"><System><Provider Name=\"edgeupdate\"></Provider>\n<EventID Qualifiers=\"0\">0</EventID>\n<Version>0</Version>\n<Level>4</Level>\n<Task>0</Task>\n<Opcode>0</Opcode>\n<Keywords>0x0080000000000000</Keywords>\n<TimeCreated SystemTime=\"2025-09-14 00:44:18.519955\"></TimeCreated>\n<EventRecordID>175</EventRecordID>\n<Correlation ActivityID=\"\" RelatedActivityID=\"\"></Correlation>\n<Execution ProcessID=\"5268\" ThreadID=\"0\"></Execution>\n<Channel>Application</Channel>\n<Computer>Rami</Computer>\n<Security UserID=\"\"></Security>\n</System>\n<EventData><Data>&lt;string&gt;Service stopped&lt;/string&gt;\n</Data>\n<Binary></Binary>\n</EventData>\n</Event>\n"}
{"file": "files\\Windows\\System32\\winevt\\Logs\\Application.evtx", "record_num": 176, "timestamp": "2025-09-14T00:45:17.471508", "event_id": null, "xml_snippet": "<Event xmlns=\"http://schemas.microsoft.com/win/2004/08/events/event\"><System><Provider Name=\"edgeupdate\"></Provider>\n<EventID Qualifiers=\"0\">0</EventID>\n<Version>0</Version>\n<Level>4</Level>\n<Task>0</Task>\n<Opcode>0</Opcode>\n<Keywords>0x0080000000000000</Keywords>\n<TimeCreated SystemTime=\"2025-09-14 00:45:17.471508\"></TimeCreated>\n<EventRecordID>176</EventRecordID>\n<Correlation ActivityID=\"\" RelatedActivityID=\"\"></Correlation>\n<Execution ProcessID=\"5588\" ThreadID=\"0\"></Execution>\n<Channel>Application</Channel>\n<Computer>Rami</Computer>\n<Security UserID=\"\"></Security>\n</System>\n<EventData><Data>&lt;string&gt;Service stopped&lt;/string&gt;\n</Data>\n<Binary></Binary>\n</EventData>\n</Event>\n"}
{"file": "files\\Windows\\System32\\winevt\\Logs\\Application.evtx", "record_num": 177, "timestamp": "2025-09-14T00:46:17.655954", "event_id": null, "xml_snippet": "<Event xmlns=\"http://schemas.microsoft.com/win/2004/08/events/event\"><System><Provider Name=\"edgeupdate\"></Provider>\n<EventID Qualifiers=\"0\">0</EventID>\n<Version>0</Version>\n<Level>4</Level>\n<Task>0</Task>\n<Opcode>0</Opcode>\n<Keywords>0x0080000000000000</Keywords>\n<TimeCreated SystemTime=\"2025-09-14 00:46:17.655954\"></TimeCreated>\n<EventRecordID>177</EventRecordID>\n<Correlation ActivityID=\"\" RelatedActivityID=\"\"></Correlation>\n<Execution ProcessID=\"1272\" ThreadID=\"0\"></Execution>\n<Channel>Application</Channel>\n<Computer>Rami</Computer>\n<Security UserID=\"\"></Security>\n</System>\n<EventData><Data>&lt;string&gt;Service stopped&lt;/string&gt;\n</Data>\n<Binary></Binary>\n</EventData>\n</Event>\n"}
{"file": "files\\Windows\\System32\\winevt\\Logs\\Application.evtx", "record_num": 178, "timestamp": "2025-09-14T00:47:18.827114", "event_id": null, "xml_snippet": "<Event xmlns=\"http://schemas.microsoft.com/win/2004/08/events/event\"><System><Provider Name=\"edgeupdate\"></Provider>\n<EventID Qualifiers=\"0\">0</EventID>\n<Version>0</Version>\n<Level>4</Level>\n<Task>0</Task>\n<Opcode>0</Opcode>\n<Keywords>0x0080000000000000</Keywords>\n<TimeCreated SystemTime=\"2025-09-14 00:47:18.827114\"></TimeCreated>\n<EventRecordID>178</EventRecordID>\n<Correlation ActivityID=\"\" RelatedActivityID=\"\"></Correlation>\n<Execution ProcessID=\"4912\" ThreadID=\"0\"></Execution>\n<Channel>Application</Channel>\n<Computer>Rami</Computer>\n<Security UserID=\"\"></Security>\n</System>\n<EventData><Data>&lt;string&gt;Service stopped&lt;/string&gt;\n</Data>\n<Binary></Binary>\n</EventData>\n</Event>\n"}
{"file": "files\\Windows\\System32\\winevt\\Logs\\Application.evtx", "record_num": 179, "timestamp": "2025-09-14T00:48:18.051937", "event_id": null, "xml_snippet": "<Event xmlns=\"http://schemas.microsoft.com/win/2004/08/events/event\"><System><Provider Name=\"edgeupdate\"></Provider>\n<EventID Qualifiers=\"0\">0</EventID>\n<Version>0</Version>\n<Level>4</Level>\n<Task>0</Task>\n<Opcode>0</Opcode>\n<Keywords>0x0080000000000000</Keywords>\n<TimeCreated SystemTime=\"2025-09-14 00:48:18.051937\"></TimeCreated>\n<EventRecordID>179</EventRecordID>\n<Correlation ActivityID=\"\" RelatedActivityID=\"\"></Correlation>\n<Execution ProcessID=\"5112\" ThreadID=\"0\"></Execution>\n<Channel>Application</Channel>\n<Computer>Rami</Computer>\n<Security UserID=\"\"></Security>\n</System>\n<EventData><Data>&lt;string&gt;Service stopped&lt;/string&gt;\n</Data>\n<Binary></Binary>\n</EventData>\n</Event>\n"}
{"file": "files\\Windows\\System32\\winevt\\Logs\\Application.evtx", "record_num": 180, "timestamp": "2025-09-14T00:49:18.030827", "event_id": null, "xml_snippet": "<Event xmlns=\"http://schemas.microsoft.com/win/2004/08/events/event\"><System><Provider Name=\"edgeupdate\"></Provider>\n<EventID Qualifiers=\"0\">0</EventID>\n<Version>0</Version>\n<Level>4</Level>\n<Task>0</Task>\n<Opcode>0</Opcode>\n<Keywords>0x0080000000000000</Keywords>\n<TimeCreated SystemTime=\"2025-09-14 00:49:18.030827\"></TimeCreated>\n<EventRecordID>180</EventRecordID>\n<Correlation ActivityID=\"\" RelatedActivityID=\"\"></Correlation>\n<Execution ProcessID=\"1316\" ThreadID=\"0\"></Execution>\n<Channel>Application</Channel>\n<Computer>Rami</Computer>\n<Security UserID=\"\"></Security>\n</System>\n<EventData><Data>&lt;string&gt;Service stopped&lt;/string&gt;\n</Data>\n<Binary></Binary>\n</EventData>\n</Event>\n"}
{"file": "files\\Windows\\System32\\winevt\\Logs\\Application.evtx", "record_num": 181, "timestamp": "2025-09-14T00:50:18.172096", "event_id": null, "xml_snippet": "<Event xmlns=\"http://schemas.microsoft.com/win/2004/08/events/event\"><System><Provider Name=\"edgeupdate\"></Provider>\n<EventID Qualifiers=\"0\">0</EventID>\n<Version>0</Version>\n<Level>4</Level>\n<Task>0</Task>\n<Opcode>0</Opcode>\n<Keywords>0x0080000000000000</Keywords>\n<TimeCreated SystemTime=\"2025-09-14 00:50:18.172096\"></TimeCreated>\n<EventRecordID>181</EventRecordID>\n<Correlation ActivityID=\"\" RelatedActivityID=\"\"></Correlation>\n<Execution ProcessID=\"2892\" ThreadID=\"0\"></Execution>\n<Channel>Application</Channel>\n<Computer>Rami</Computer>\n<Security UserID=\"\"></Security>\n</System>\n<EventData><Data>&lt;string&gt;Service stopped&lt;/string&gt;\n</Data>\n<Binary></Binary>\n</EventData>\n</Event>\n"}
{"file": "files\\Windows\\System32\\winevt\\Logs\\Application.evtx", "record_num": 182, "timestamp": "2025-09-14T00:51:18.288420", "event_id": null, "xml_snippet": "<Event xmlns=\"http://schemas.microsoft.com/win/2004/08/events/event\"><System><Provider Name=\"edgeupdate\"></Provider>\n<EventID Qualifiers=\"0\">0</EventID>\n<Version>0</Version>\n<Level>4</Level>\n<Task>0</Task>\n<Opcode>0</Opcode>\n<Keywords>0x0080000000000000</Keywords>\n<TimeCreated SystemTime=\"2025-09-14 00:51:18.288420\"></TimeCreated>\n<EventRecordID>182</EventRecordID>\n<Correlation ActivityID=\"\" RelatedActivityID=\"\"></Correlation>\n<Execution ProcessID=\"3372\" ThreadID=\"0\"></Execution>\n<Channel>Application</Channel>\n<Computer>Rami</Computer>\n<Security UserID=\"\"></Security>\n</System>\n<EventData><Data>&lt;string&gt;Service stopped&lt;/string&gt;\n</Data>\n<Binary></Binary>\n</EventData>\n</Event>\n"}
{"file": "files\\Windows\\System32\\winevt\\Logs\\Application.evtx", "record_num": 183, "timestamp": "2025-09-14T00:52:18.546167", "event_id": null, "xml_snippet": "<Event xmlns=\"http://schemas.microsoft.com/win/2004/08/events/event\"><System><Provider Name=\"edgeupdate\"></Provider>\n<EventID Qualifiers=\"0\">0</EventID>\n<Version>0</Version>\n<Level>4</Level>\n<Task>0</Task>\n<Opcode>0</Opcode>\n<Keywords>0x0080000000000000</Keywords>\n<TimeCreated SystemTime=\"2025-09-14 00:52:18.546167\"></TimeCreated>\n<EventRecordID>183</EventRecordID>\n<Correlation ActivityID=\"\" RelatedActivityID=\"\"></Correlation>\n<Execution ProcessID=\"4656\" ThreadID=\"0\"></Execution>\n<Channel>Application</Channel>\n<Computer>Rami</Computer>\n<Security UserID=\"\"></Security>\n</System>\n<EventData><Data>&lt;string&gt;Service stopped&lt;/string&gt;\n</Data>\n<Binary></Binary>\n</EventData>\n</Event>\n"}
{"file": "files\\Windows\\System32\\winevt\\Logs\\Application.evtx", "record_num": 184, "timestamp": "2025-09-14T00:53:18.689785", "event_id": null, "xml_snippet": "<Event xmlns=\"http://schemas.microsoft.com/win/2004/08/events/event\"><System><Provider Name=\"edgeupdate\"></Provider>\n<EventID Qualifiers=\"0\">0</EventID>\n<Version>0</Version>\n<Level>4</Level>\n<Task>0</Task>\n<Opcode>0</Opcode>\n<Keywords>0x0080000000000000</Keywords>\n<TimeCreated SystemTime=\"2025-09-14 00:53:18.689785\"></TimeCreated>\n<EventRecordID>184</EventRecordID>\n<Correlation ActivityID=\"\" RelatedActivityID=\"\"></Correlation>\n<Execution ProcessID=\"5104\" ThreadID=\"0\"></Execution>\n<Channel>Application</Channel>\n<Computer>Rami</Computer>\n<Security UserID=\"\"></Security>\n</System>\n<EventData><Data>&lt;string&gt;Service stopped&lt;/string&gt;\n</Data>\n<Binary></Binary>\n</EventData>\n</Event>\n"}
{"file": "files\\Windows\\System32\\winevt\\Logs\\Application.evtx", "record_num": 185, "timestamp": "2025-09-14T00:54:18.942059", "event_id": null, "xml_snippet": "<Event xmlns=\"http://schemas.microsoft.com/win/2004/08/events/event\"><System><Provider Name=\"edgeupdate\"></Provider>\n<EventID Qualifiers=\"0\">0</EventID>\n<Version>0</Version>\n<Level>4</Level>\n<Task>0</Task>\n<Opcode>0</Opcode>\n<Keywords>0x0080000000000000</Keywords>\n<TimeCreated SystemTime=\"2025-09-14 00:54:18.942059\"></TimeCreated>\n<EventRecordID>185</EventRecordID>\n<Correlation ActivityID=\"\" RelatedActivityID=\"\"></Correlation>\n<Execution ProcessID=\"4648\" ThreadID=\"0\"></Execution>\n<Channel>Application</Channel>\n<Computer>Rami</Computer>\n<Security UserID=\"\"></Security>\n</System>\n<EventData><Data>&lt;string&gt;Service stopped&lt;/string&gt;\n</Data>\n<Binary></Binary>\n</EventData>\n</Event>\n"}
{"file": "files\\Windows\\System32\\winevt\\Logs\\Application.evtx", "record_num": 186, "timestamp": "2025-09-14T00:55:18.582808", "event_id": null, "xml_snippet": "<Event xmlns=\"http://schemas.microsoft.com/win/2004/08/events/event\"><System><Provider Name=\"edgeupdate\"></Provider>\n<EventID Qualifiers=\"0\">0</EventID>\n<Version>0</Version>\n<Level>4</Level>\n<Task>0</Task>\n<Opcode>0</Opcode>\n<Keywords>0x0080000000000000</Keywords>\n<TimeCreated SystemTime=\"2025-09-14 00:55:18.582808\"></TimeCreated>\n<EventRecordID>186</EventRecordID>\n<Correlation ActivityID=\"\" RelatedActivityID=\"\"></Correlation>\n<Execution ProcessID=\"4476\" ThreadID=\"0\"></Execution>\n<Channel>Application</Channel>\n<Computer>Rami</Computer>\n<Security UserID=\"\"></Security>\n</System>\n<EventData><Data>&lt;string&gt;Service stopped&lt;/string&gt;\n</Data>\n<Binary></Binary>\n</EventData>\n</Event>\n"}
{"file": "files\\Windows\\System32\\winevt\\Logs\\Application.evtx", "record_num": 187, "timestamp": "2025-09-14T00:56:18.517635", "event_id": null, "xml_snippet": "<Event xmlns=\"http://schemas.microsoft.com/win/2004/08/events/event\"><System><Provider Name=\"edgeupdate\"></Provider>\n<EventID Qualifiers=\"0\">0</EventID>\n<Version>0</Version>\n<Level>4</Level>\n<Task>0</Task>\n<Opcode>0</Opcode>\n<Keywords>0x0080000000000000</Keywords>\n<TimeCreated SystemTime=\"2025-09-14 00:56:18.517635\"></TimeCreated>\n<EventRecordID>187</EventRecordID>\n<Correlation ActivityID=\"\" RelatedActivityID=\"\"></Correlation>\n<Execution ProcessID=\"2772\" ThreadID=\"0\"></Execution>\n<Channel>Application</Channel>\n<Computer>Rami</Computer>\n<Security UserID=\"\"></Security>\n</System>\n<EventData><Data>&lt;string&gt;Service stopped&lt;/string&gt;\n</Data>\n<Binary></Binary>\n</EventData>\n</Event>\n"}
{"file": "files\\Windows\\System32\\winevt\\Logs\\Application.evtx", "record_num": 188, "timestamp": "2025-09-14T00:57:22.594856", "event_id": null, "xml_snippet": "<Event xmlns=\"http://schemas.microsoft.com/win/2004/08/events/event\"><System><Provider Name=\"edgeupdate\"></Provider>\n<EventID Qualifiers=\"0\">0</EventID>\n<Version>0</Version>\n<Level>4</Level>\n<Task>0</Task>\n<Opcode>0</Opcode>\n<Keywords>0x0080000000000000</Keywords>\n<TimeCreated SystemTime=\"2025-09-14 00:57:22.594856\"></TimeCreated>\n<EventRecordID>188</EventRecordID>\n<Correlation ActivityID=\"\" RelatedActivityID=\"\"></Correlation>\n<Execution ProcessID=\"2844\" ThreadID=\"0\"></Execution>\n<Channel>Application</Channel>\n<Computer>Rami</Computer>\n<Security UserID=\"\"></Security>\n</System>\n<EventData><Data>&lt;string&gt;Service stopped&lt;/string&gt;\n</Data>\n<Binary></Binary>\n</EventData>\n</Event>\n"}
{"file": "files\\Windows\\System32\\winevt\\Logs\\Application.evtx", "record_num": 189, "timestamp": "2025-09-14T00:58:19.732149", "event_id": null, "xml_snippet": "<Event xmlns=\"http://schemas.microsoft.com/win/2004/08/events/event\"><System><Provider Name=\"edgeupdate\"></Provider>\n<EventID Qualifiers=\"0\">0</EventID>\n<Version>0</Version>\n<Level>4</Level>\n<Task>0</Task>\n<Opcode>0</Opcode>\n<Keywords>0x0080000000000000</Keywords>\n<TimeCreated SystemTime=\"2025-09-14 00:58:19.732149\"></TimeCreated>\n<EventRecordID>189</EventRecordID>\n<Correlation ActivityID=\"\" RelatedActivityID=\"\"></Correlation>\n<Execution ProcessID=\"4856\" ThreadID=\"0\"></Execution>\n<Channel>Application</Channel>\n<Computer>Rami</Computer>\n<Security UserID=\"\"></Security>\n</System>\n<EventData><Data>&lt;string&gt;Service stopped&lt;/string&gt;\n</Data>\n<Binary></Binary>\n</EventData>\n</Event>\n"}
{"file": "files\\Windows\\System32\\winevt\\Logs\\Application.evtx", "record_num": 190, "timestamp": "2025-09-14T00:58:21.913446", "event_id": null, "xml_snippet": "<Event xmlns=\"http://schemas.microsoft.com/win/2004/08/events/event\"><System><Provider Name=\"Windows Error Reporting\" Guid=\"{0ead09bd-2157-539a-8d6d-c87f95b64d70}\"></Provider>\n<EventID Qualifiers=\"\">1001</EventID>\n<Version>0</Version>\n<Level>4</Level>\n<Task>0</Task>\n<Opcode>0</Opcode>\n<Keywords>0x8000000000000000</Keywords>\n<TimeCreated SystemTime=\"2025-09-14 00:58:21.913446\"></TimeCreated>\n<EventRecordID>190</EventRecordID>\n<Correlation ActivityID=\"\" RelatedActivityID=\"\"></Correlation>\n<Execution ProcessID=\"5628\" ThreadID=\"4840\"></Execution>\n<Channel>Application</Channel>\n<Computer>Rami</Computer>\n<Security UserID=\"S-1-5-18\"></Security>\n</System>\n<EventData><Data Name=\"Bucket\"></Data>\n<Data Name=\"BucketType\">0</Data>\n<Data Name=\"EventName\">WindowsWcpOtherFailure3</Data>\n<Data Name=\"Respon"}
{"file": "files\\Windows\\System32\\winevt\\Logs\\Application.evtx", "record_num": 191, "timestamp": "2025-09-14T00:58:22.000183", "event_id": null, "xml_snippet": "<Event xmlns=\"http://schemas.microsoft.com/win/2004/08/events/event\"><System><Provider Name=\"Windows Error Reporting\" Guid=\"{0ead09bd-2157-539a-8d6d-c87f95b64d70}\"></Provider>\n<EventID Qualifiers=\"\">1001</EventID>\n<Version>0</Version>\n<Level>4</Level>\n<Task>0</Task>\n<Opcode>0</Opcode>\n<Keywords>0x8000000000000000</Keywords>\n<TimeCreated SystemTime=\"2025-09-14 00:58:22.000183\"></TimeCreated>\n<EventRecordID>191</EventRecordID>\n<Correlation ActivityID=\"\" RelatedActivityID=\"\"></Correlation>\n<Execution ProcessID=\"3252\" ThreadID=\"5332\"></Execution>\n<Channel>Application</Channel>\n<Computer>Rami</Computer>\n<Security UserID=\"S-1-5-18\"></Security>\n</System>\n<EventData><Data Name=\"Bucket\"></Data>\n<Data Name=\"BucketType\">0</Data>\n<Data Name=\"EventName\">WindowsWcpOtherFailure3</Data>\n<Data Name=\"Respon"}
{"file": "files\\Windows\\System32\\winevt\\Logs\\Application.evtx", "record_num": 192, "timestamp": "2025-09-14T00:58:22.564671", "event_id": null, "xml_snippet": "<Event xmlns=\"http://schemas.microsoft.com/win/2004/08/events/event\"><System><Provider Name=\"Windows Error Reporting\" Guid=\"{0ead09bd-2157-539a-8d6d-c87f95b64d70}\"></Provider>\n<EventID Qualifiers=\"\">1001</EventID>\n<Version>0</Version>\n<Level>4</Level>\n<Task>0</Task>\n<Opcode>0</Opcode>\n<Keywords>0x8000000000000000</Keywords>\n<TimeCreated SystemTime=\"2025-09-14 00:58:22.564671\"></TimeCreated>\n<EventRecordID>192</EventRecordID>\n<Correlation ActivityID=\"\" RelatedActivityID=\"\"></Correlation>\n<Execution ProcessID=\"2744\" ThreadID=\"2404\"></Execution>\n<Channel>Application</Channel>\n<Computer>Rami</Computer>\n<Security UserID=\"S-1-5-18\"></Security>\n</System>\n<EventData><Data Name=\"Bucket\"></Data>\n<Data Name=\"BucketType\">0</Data>\n<Data Name=\"EventName\">crashpad_log</Data>\n<Data Name=\"Response\">Not ava"}
{"file": "files\\Windows\\System32\\winevt\\Logs\\Application.evtx", "record_num": 193, "timestamp": "2025-09-14T00:58:22.819130", "event_id": null, "xml_snippet": "<Event xmlns=\"http://schemas.microsoft.com/win/2004/08/events/event\"><System><Provider Name=\"Windows Error Reporting\" Guid=\"{0ead09bd-2157-539a-8d6d-c87f95b64d70}\"></Provider>\n<EventID Qualifiers=\"\">1001</EventID>\n<Version>0</Version>\n<Level>4</Level>\n<Task>0</Task>\n<Opcode>0</Opcode>\n<Keywords>0x8000000000000000</Keywords>\n<TimeCreated SystemTime=\"2025-09-14 00:58:22.819130\"></TimeCreated>\n<EventRecordID>193</EventRecordID>\n<Correlation ActivityID=\"\" RelatedActivityID=\"\"></Correlation>\n<Execution ProcessID=\"2744\" ThreadID=\"2404\"></Execution>\n<Channel>Application</Channel>\n<Computer>Rami</Computer>\n<Security UserID=\"S-1-5-18\"></Security>\n</System>\n<EventData><Data Name=\"Bucket\"></Data>\n<Data Name=\"BucketType\">0</Data>\n<Data Name=\"EventName\">WindowsWcpOtherFailure3</Data>\n<Data Name=\"Respon"}
{"file": "files\\Windows\\System32\\winevt\\Logs\\Application.evtx", "record_num": 194, "timestamp": "2025-09-14T01:04:21.754301", "event_id": null, "xml_snippet": "<Event xmlns=\"http://schemas.microsoft.com/win/2004/08/events/event\"><System><Provider Name=\"Microsoft-Windows-Security-SPP\" Guid=\"{E23B33B0-C8C9-472C-A5F9-F2BDFEA0F156}\" EventSourceName=\"Software Protection Platform Service\"></Provider>\n<EventID Qualifiers=\"49152\">16394</EventID>\n<Version>0</Version>\n<Level>4</Level>\n<Task>0</Task>\n<Opcode>0</Opcode>\n<Keywords>0x0080000000000000</Keywords>\n<TimeCreated SystemTime=\"2025-09-14 01:04:21.754301\"></TimeCreated>\n<EventRecordID>194</EventRecordID>\n<Correlation ActivityID=\"\" RelatedActivityID=\"\"></Correlation>\n<Execution ProcessID=\"1844\" ThreadID=\"0\"></Execution>\n<Channel>Application</Channel>\n<Computer>Rami</Computer>\n<Security UserID=\"\"></Security>\n</System>\n<EventData><Data></Data>\n<Binary></Binary>\n</EventData>\n</Event>\n"}
{"file": "files\\Windows\\System32\\winevt\\Logs\\Application.evtx", "record_num": 195, "timestamp": "2025-09-14T01:04:57.221498", "event_id": null, "xml_snippet": "<Event xmlns=\"http://schemas.microsoft.com/win/2004/08/events/event\"><System><Provider Name=\"Microsoft-Windows-Security-SPP\" Guid=\"{E23B33B0-C8C9-472C-A5F9-F2BDFEA0F156}\" EventSourceName=\"Software Protection Platform Service\"></Provider>\n<EventID Qualifiers=\"16384\">16384</EventID>\n<Version>0</Version>\n<Level>4</Level>\n<Task>0</Task>\n<Opcode>0</Opcode>\n<Keywords>0x0080000000000000</Keywords>\n<TimeCreated SystemTime=\"2025-09-14 01:04:57.221498\"></TimeCreated>\n<EventRecordID>195</EventRecordID>\n<Correlation ActivityID=\"\" RelatedActivityID=\"\"></Correlation>\n<Execution ProcessID=\"1844\" ThreadID=\"0\"></Execution>\n<Channel>Application</Channel>\n<Computer>Rami</Computer>\n<Security UserID=\"\"></Security>\n</System>\n<EventData><Data>&lt;string&gt;2025-09-15T00:17:56Z&lt;/string&gt;\n&lt;string&gt;RulesE"}
{"file": "files\\Windows\\System32\\winevt\\Logs\\Application.evtx", "record_num": 196, "timestamp": "2025-09-14T01:15:31.190063", "event_id": null, "xml_snippet": "<Event xmlns=\"http://schemas.microsoft.com/win/2004/08/events/event\"><System><Provider Name=\"Microsoft-Windows-Winlogon\" Guid=\"{DBE9B383-7CF3-4331-91CC-A3CB16A3B538}\" EventSourceName=\"Wlclntfy\"></Provider>\n<EventID Qualifiers=\"32768\">6000</EventID>\n<Version>0</Version>\n<Level>4</Level>\n<Task>0</Task>\n<Opcode>0</Opcode>\n<Keywords>0x0080000000000000</Keywords>\n<TimeCreated SystemTime=\"2025-09-14 01:15:31.190063\"></TimeCreated>\n<EventRecordID>196</EventRecordID>\n<Correlation ActivityID=\"\" RelatedActivityID=\"\"></Correlation>\n<Execution ProcessID=\"736\" ThreadID=\"0\"></Execution>\n<Channel>Application</Channel>\n<Computer>Rami</Computer>\n<Security UserID=\"\"></Security>\n</System>\n<EventData><Data>&lt;string&gt;WSearch&lt;/string&gt;\n</Data>\n<Binary>2QYAAA==</Binary>\n</EventData>\n</Event>\n"}
{"file": "files\\Windows\\System32\\winevt\\Logs\\Application.evtx", "record_num": 197, "timestamp": "2025-09-14T01:15:32.617949", "event_id": null, "xml_snippet": "<Event xmlns=\"http://schemas.microsoft.com/win/2004/08/events/event\"><System><Provider Name=\"Microsoft-Windows-Winlogon\" Guid=\"{DBE9B383-7CF3-4331-91CC-A3CB16A3B538}\" EventSourceName=\"Wlclntfy\"></Provider>\n<EventID Qualifiers=\"32768\">6000</EventID>\n<Version>0</Version>\n<Level>4</Level>\n<Task>0</Task>\n<Opcode>0</Opcode>\n<Keywords>0x0080000000000000</Keywords>\n<TimeCreated SystemTime=\"2025-09-14 01:15:32.617949\"></TimeCreated>\n<EventRecordID>197</EventRecordID>\n<Correlation ActivityID=\"\" RelatedActivityID=\"\"></Correlation>\n<Execution ProcessID=\"736\" ThreadID=\"0\"></Execution>\n<Channel>Application</Channel>\n<Computer>Rami</Computer>\n<Security UserID=\"\"></Security>\n</System>\n<EventData><Data>&lt;string&gt;SessionEnv&lt;/string&gt;\n</Data>\n<Binary>2QYAAA==</Binary>\n</EventData>\n</Event>\n"}
{"file": "files\\Windows\\System32\\winevt\\Logs\\Application.evtx", "record_num": 198, "timestamp": "2025-09-14T01:17:08.278900", "event_id": null, "xml_snippet": "<Event xmlns=\"http://schemas.microsoft.com/win/2004/08/events/event\"><System><Provider Name=\"Microsoft-Windows-User Profiles Service\" Guid=\"{89b1e9f0-5aff-44a6-9b44-0a07a7ce5845}\"></Provider>\n<EventID Qualifiers=\"\">1532</EventID>\n<Version>0</Version>\n<Level>4</Level>\n<Task>0</Task>\n<Opcode>0</Opcode>\n<Keywords>0x8000000000000000</Keywords>\n<TimeCreated SystemTime=\"2025-09-14 01:17:08.278900\"></TimeCreated>\n<EventRecordID>198</EventRecordID>\n<Correlation ActivityID=\"\" RelatedActivityID=\"\"></Correlation>\n<Execution ProcessID=\"1548\" ThreadID=\"1676\"></Execution>\n<Channel>Application</Channel>\n<Computer>Rami</Computer>\n<Security UserID=\"S-1-5-18\"></Security>\n</System>\n<EventData></EventData>\n</Event>\n"}
{"file": "files\\Windows\\System32\\winevt\\Logs\\Application.evtx", "record_num": 199, "timestamp": "2025-09-14T01:18:27.592461", "event_id": null, "xml_snippet": "<Event xmlns=\"http://schemas.microsoft.com/win/2004/08/events/event\"><System><Provider Name=\"Microsoft-Windows-EventSystem\" Guid=\"{899daace-4868-4295-afcd-9eb8fb497561}\" EventSourceName=\"EventSystem\"></Provider>\n<EventID Qualifiers=\"16384\">4625</EventID>\n<Version>0</Version>\n<Level>4</Level>\n<Task>0</Task>\n<Opcode>0</Opcode>\n<Keywords>0x0080000000000000</Keywords>\n<TimeCreated SystemTime=\"2025-09-14 01:18:27.592461\"></TimeCreated>\n<EventRecordID>199</EventRecordID>\n<Correlation ActivityID=\"\" RelatedActivityID=\"\"></Correlation>\n<Execution ProcessID=\"1984\" ThreadID=\"0\"></Execution>\n<Channel>Application</Channel>\n<Computer>Rami</Computer>\n<Security UserID=\"\"></Security>\n</System>\n<EventData><Data Name=\"param1\">86400</Data>\n<Data Name=\"param2\">SuppressDuplicateDuration</Data>\n<Data Name=\"param"}
{"file": "files\\Windows\\System32\\winevt\\Logs\\Application.evtx", "record_num": 200, "timestamp": "2025-09-14T01:18:25.487165", "event_id": null, "xml_snippet": "<Event xmlns=\"http://schemas.microsoft.com/win/2004/08/events/event\"><System><Provider Name=\"Microsoft-Windows-User Profiles Service\" Guid=\"{89b1e9f0-5aff-44a6-9b44-0a07a7ce5845}\"></Provider>\n<EventID Qualifiers=\"\">1531</EventID>\n<Version>0</Version>\n<Level>4</Level>\n<Task>0</Task>\n<Opcode>0</Opcode>\n<Keywords>0x8000000000000000</Keywords>\n<TimeCreated SystemTime=\"2025-09-14 01:18:25.487165\"></TimeCreated>\n<EventRecordID>200</EventRecordID>\n<Correlation ActivityID=\"\" RelatedActivityID=\"\"></Correlation>\n<Execution ProcessID=\"1556\" ThreadID=\"1692\"></Execution>\n<Channel>Application</Channel>\n<Computer>Rami</Computer>\n<Security UserID=\"S-1-5-18\"></Security>\n</System>\n<EventData></EventData>\n</Event>\n"}
{"file": "files\\Windows\\System32\\winevt\\Logs\\Microsoft-Windows-PowerShell.evtx", "record_num": 1, "timestamp": "2025-10-22T20:20:00.557125", "event_id": null, "xml_snippet": "<Event xmlns=\"http://schemas.microsoft.com/win/2004/08/events/event\"><System><Provider Name=\"Microsoft-Windows-PowerShell\" Guid=\"{a0c1853b-5c40-4b15-8766-3cf1c58f985a}\"></Provider>\n<EventID Qualifiers=\"\">40961</EventID>\n<Version>1</Version>\n<Level>4</Level>\n<Task>4</Task>\n<Opcode>1</Opcode>\n<Keywords>0x0000000000000000</Keywords>\n<TimeCreated SystemTime=\"2025-10-22 20:20:00.557125\"></TimeCreated>\n<EventRecordID>1</EventRecordID>\n<Correlation ActivityID=\"{9b18b88c-4390-0001-4d6c-1a9b9043dc01}\" RelatedActivityID=\"\"></Correlation>\n<Execution ProcessID=\"7388\" ThreadID=\"7316\"></Execution>\n<Channel>Microsoft-Windows-PowerShell/Operational</Channel>\n<Computer>Ramadan</Computer>\n<Security UserID=\"S-1-5-21-145345821-4241028641-590995675-1001\"></Security>\n</System>\n<EventData></EventData>\n</Event>\n"}
{"file": "files\\Windows\\System32\\winevt\\Logs\\Microsoft-Windows-PowerShell.evtx", "record_num": 2, "timestamp": "2025-10-22T20:20:17.459450", "event_id": null, "xml_snippet": "<Event xmlns=\"http://schemas.microsoft.com/win/2004/08/events/event\"><System><Provider Name=\"Microsoft-Windows-PowerShell\" Guid=\"{a0c1853b-5c40-4b15-8766-3cf1c58f985a}\"></Provider>\n<EventID Qualifiers=\"\">53504</EventID>\n<Version>1</Version>\n<Level>4</Level>\n<Task>111</Task>\n<Opcode>10</Opcode>\n<Keywords>0x0000000000000000</Keywords>\n<TimeCreated SystemTime=\"2025-10-22 20:20:17.459450\"></TimeCreated>\n<EventRecordID>2</EventRecordID>\n<Correlation ActivityID=\"{9b18b88c-4390-0001-4d6c-1a9b9043dc01}\" RelatedActivityID=\"\"></Correlation>\n<Execution ProcessID=\"7388\" ThreadID=\"4172\"></Execution>\n<Channel>Microsoft-Windows-PowerShell/Operational</Channel>\n<Computer>Ramadan</Computer>\n<Security UserID=\"S-1-5-21-145345821-4241028641-590995675-1001\"></Security>\n</System>\n<EventData><Data Name=\"param1\">"}
{"file": "files\\Windows\\System32\\winevt\\Logs\\Microsoft-Windows-PowerShell.evtx", "record_num": 3, "timestamp": "2025-10-22T20:20:34.483082", "event_id": null, "xml_snippet": "<Event xmlns=\"http://schemas.microsoft.com/win/2004/08/events/event\"><System><Provider Name=\"Microsoft-Windows-PowerShell\" Guid=\"{a0c1853b-5c40-4b15-8766-3cf1c58f985a}\"></Provider>\n<EventID Qualifiers=\"\">40962</EventID>\n<Version>1</Version>\n<Level>4</Level>\n<Task>4</Task>\n<Opcode>2</Opcode>\n<Keywords>0x0000000000000000</Keywords>\n<TimeCreated SystemTime=\"2025-10-22 20:20:34.483082\"></TimeCreated>\n<EventRecordID>3</EventRecordID>\n<Correlation ActivityID=\"{9b18b88c-4390-0001-4d6c-1a9b9043dc01}\" RelatedActivityID=\"\"></Correlation>\n<Execution ProcessID=\"7388\" ThreadID=\"7316\"></Execution>\n<Channel>Microsoft-Windows-PowerShell/Operational</Channel>\n<Computer>Ramadan</Computer>\n<Security UserID=\"S-1-5-21-145345821-4241028641-590995675-1001\"></Security>\n</System>\n<EventData></EventData>\n</Event>\n"}
{"file": "files\\Windows\\System32\\winevt\\Logs\\Microsoft-Windows-PowerShell.evtx", "record_num": 4, "timestamp": "2025-10-22T20:35:02.451509", "event_id": null, "xml_snippet": "<Event xmlns=\"http://schemas.microsoft.com/win/2004/08/events/event\"><System><Provider Name=\"Microsoft-Windows-PowerShell\" Guid=\"{a0c1853b-5c40-4b15-8766-3cf1c58f985a}\"></Provider>\n<EventID Qualifiers=\"\">40961</EventID>\n<Version>1</Version>\n<Level>4</Level>\n<Task>4</Task>\n<Opcode>1</Opcode>\n<Keywords>0x0000000000000000</Keywords>\n<TimeCreated SystemTime=\"2025-10-22 20:35:02.451509\"></TimeCreated>\n<EventRecordID>4</EventRecordID>\n<Correlation ActivityID=\"{9b18b88c-4390-0000-a72d-1e9b9043dc01}\" RelatedActivityID=\"\"></Correlation>\n<Execution ProcessID=\"4924\" ThreadID=\"8148\"></Execution>\n<Channel>Microsoft-Windows-PowerShell/Operational</Channel>\n<Computer>Ramadan</Computer>\n<Security UserID=\"S-1-5-18\"></Security>\n</System>\n<EventData></EventData>\n</Event>\n"}
{"file": "files\\Windows\\System32\\winevt\\Logs\\Microsoft-Windows-PowerShell.evtx", "record_num": 5, "timestamp": "2025-10-22T20:35:05.129728", "event_id": null, "xml_snippet": "<Event xmlns=\"http://schemas.microsoft.com/win/2004/08/events/event\"><System><Provider Name=\"Microsoft-Windows-PowerShell\" Guid=\"{a0c1853b-5c40-4b15-8766-3cf1c58f985a}\"></Provider>\n<EventID Qualifiers=\"\">40961</EventID>\n<Version>1</Version>\n<Level>4</Level>\n<Task>4</Task>\n<Opcode>1</Opcode>\n<Keywords>0x0000000000000000</Keywords>\n<TimeCreated SystemTime=\"2025-10-22 20:35:05.129728\"></TimeCreated>\n<EventRecordID>5</EventRecordID>\n<Correlation ActivityID=\"{9b18b88c-4390-0001-da45-1d9b9043dc01}\" RelatedActivityID=\"\"></Correlation>\n<Execution ProcessID=\"1428\" ThreadID=\"7848\"></Execution>\n<Channel>Microsoft-Windows-PowerShell/Operational</Channel>\n<Computer>Ramadan</Computer>\n<Security UserID=\"S-1-5-18\"></Security>\n</System>\n<EventData></EventData>\n</Event>\n"}
{"file": "files\\Windows\\System32\\winevt\\Logs\\Microsoft-Windows-PowerShell.evtx", "record_num": 6, "timestamp": "2025-10-22T20:35:09.098322", "event_id": null, "xml_snippet": "<Event xmlns=\"http://schemas.microsoft.com/win/2004/08/events/event\"><System><Provider Name=\"Microsoft-Windows-PowerShell\" Guid=\"{a0c1853b-5c40-4b15-8766-3cf1c58f985a}\"></Provider>\n<EventID Qualifiers=\"\">53504</EventID>\n<Version>1</Version>\n<Level>4</Level>\n<Task>111</Task>\n<Opcode>10</Opcode>\n<Keywords>0x0000000000000000</Keywords>\n<TimeCreated SystemTime=\"2025-10-22 20:35:09.098322\"></TimeCreated>\n<EventRecordID>6</EventRecordID>\n<Correlation ActivityID=\"{9b18b88c-4390-0000-a72d-1e9b9043dc01}\" RelatedActivityID=\"\"></Correlation>\n<Execution ProcessID=\"4924\" ThreadID=\"1504\"></Execution>\n<Channel>Microsoft-Windows-PowerShell/Operational</Channel>\n<Computer>Ramadan</Computer>\n<Security UserID=\"S-1-5-18\"></Security>\n</System>\n<EventData><Data Name=\"param1\">4924</Data>\n<Data Name=\"param2\">Defa"}
{"file": "files\\Windows\\System32\\winevt\\Logs\\Microsoft-Windows-PowerShell.evtx", "record_num": 7, "timestamp": "2025-10-22T20:35:09.550518", "event_id": null, "xml_snippet": "<Event xmlns=\"http://schemas.microsoft.com/win/2004/08/events/event\"><System><Provider Name=\"Microsoft-Windows-PowerShell\" Guid=\"{a0c1853b-5c40-4b15-8766-3cf1c58f985a}\"></Provider>\n<EventID Qualifiers=\"\">53504</EventID>\n<Version>1</Version>\n<Level>4</Level>\n<Task>111</Task>\n<Opcode>10</Opcode>\n<Keywords>0x0000000000000000</Keywords>\n<TimeCreated SystemTime=\"2025-10-22 20:35:09.550518\"></TimeCreated>\n<EventRecordID>7</EventRecordID>\n<Correlation ActivityID=\"{9b18b88c-4390-0001-da45-1d9b9043dc01}\" RelatedActivityID=\"\"></Correlation>\n<Execution ProcessID=\"1428\" ThreadID=\"6704\"></Execution>\n<Channel>Microsoft-Windows-PowerShell/Operational</Channel>\n<Computer>Ramadan</Computer>\n<Security UserID=\"S-1-5-18\"></Security>\n</System>\n<EventData><Data Name=\"param1\">1428</Data>\n<Data Name=\"param2\">Defa"}
