{"file": "files\\Windows\\System32\\winevt\\Logs\\System.evtx", "record_num": 198, "timestamp": "2025-09-12T18:59:15.853216", "event_id": null, "xml_snippet": "<Event xmlns=\"http://schemas.microsoft.com/win/2004/08/events/event\"><System><Provider Name=\"Microsoft-Windows-Kernel-General\" Guid=\"{a68ca8b7-004f-d7b6-a698-07e2de0f1f5d}\"></Provider>\n<EventID Qualifiers=\"\">12</EventID>\n<Version>0</Version>\n<Level>4</Level>\n<Task>1</Task>\n<Opcode>0</Opcode>\n<Keywords>0x8000000000000080</Keywords>\n<TimeCreated SystemTime=\"2025-09-12 18:59:15.853216\"></TimeCreated>\n<EventRecordID>198</EventRecordID>\n<Correlation ActivityID=\"\" RelatedActivityID=\"\"></Correlation>\n<Execution ProcessID=\"4\" ThreadID=\"8\"></Execution>\n<Channel>System</Channel>\n<Computer>DESKTOP-7AQ11N8</Computer>\n<Security UserID=\"S-1-5-18\"></Security>\n</System>\n<EventData><Data Name=\"MajorVersion\">10</Data>\n<Data Name=\"MinorVersion\">0</Data>\n<Data Name=\"BuildVersion\">26100</Data>\n<Data Name=\"QfeV"}
{"file": "files\\Windows\\System32\\winevt\\Logs\\System.evtx", "record_num": 199, "timestamp": "2025-09-12T18:59:15.853216", "event_id": null, "xml_snippet": "<Event xmlns=\"http://schemas.microsoft.com/win/2004/08/events/event\"><System><Provider Name=\"Microsoft-Windows-Kernel-General\" Guid=\"{a68ca8b7-004f-d7b6-a698-07e2de0f1f5d}\"></Provider>\n<EventID Qualifiers=\"\">25</EventID>\n<Version>0</Version>\n<Level>4</Level>\n<Task>12</Task>\n<Opcode>0</Opcode>\n<Keywords>0x8000000000000010</Keywords>\n<TimeCreated SystemTime=\"2025-09-12 18:59:15.853216\"></TimeCreated>\n<EventRecordID>199</EventRecordID>\n<Correlation ActivityID=\"\" RelatedActivityID=\"\"></Correlation>\n<Execution ProcessID=\"4\" ThreadID=\"8\"></Execution>\n<Channel>System</Channel>\n<Computer>DESKTOP-7AQ11N8</Computer>\n<Security UserID=\"S-1-5-18\"></Security>\n</System>\n<EventData><Data Name=\"SystemTime\">2025-09-12 18:59:15.500000</Data>\n<Data Name=\"LoaderTime\">2025-09-12 18:59:13</Data>\n<Data Name=\"Inte"}
{"file": "files\\Windows\\System32\\winevt\\Logs\\System.evtx", "record_num": 200, "timestamp": "2025-09-12T18:59:15.853613", "event_id": null, "xml_snippet": "<Event xmlns=\"http://schemas.microsoft.com/win/2004/08/events/event\"><System><Provider Name=\"Microsoft-Windows-Kernel-Boot\" Guid=\"{15ca44ff-4d7a-4baa-bba5-0998955e531e}\"></Provider>\n<EventID Qualifiers=\"\">153</EventID>\n<Version>0</Version>\n<Level>4</Level>\n<Task>62</Task>\n<Opcode>0</Opcode>\n<Keywords>0x8000000000000000</Keywords>\n<TimeCreated SystemTime=\"2025-09-12 18:59:15.853613\"></TimeCreated>\n<EventRecordID>200</EventRecordID>\n<Correlation ActivityID=\"\" RelatedActivityID=\"\"></Correlation>\n<Execution ProcessID=\"4\" ThreadID=\"8\"></Execution>\n<Channel>System</Channel>\n<Computer>DESKTOP-7AQ11N8</Computer>\n<Security UserID=\"S-1-5-18\"></Security>\n</System>\n<EventData><Data Name=\"Status\">0</Data>\n<Data Name=\"EnableDisableReason\">0</Data>\n<Data Name=\"VsmPolicy\">0</Data>\n</EventData>\n</Event>\n"}
